{"node_id": 2, "type": "CONN", "payload": "Connected with the Kafka server", "timestamp": 1553804547.8285754}
{"node_id": 3, "type": "CONN", "payload": "Connected with the Kafka server", "timestamp": 1553804550.879114}
{"node_id": 4, "type": "CONN", "payload": "Connected with the Kafka server", "timestamp": 1553804553.9787934}
{"node_id": -1, "type": "CONN", "payload": "Connected with the Kafka server", "timestamp": 1553804556.689701}
{"node_id": 2, "type": "CONN", "payload": "Waiting for node 1 to connect", "timestamp": 1553804579.2408264}
{"node_id": 1, "type": "CONN", "payload": "Received message from node id 2: connected", "timestamp": 1553804579.2458081}
{"node_id": 2, "type": "CONN", "payload": "Connected with node 1", "timestamp": 1553804579.258028}
{"node_id": 2, "type": "CONN", "payload": "Got parent update count: 0", "timestamp": 1553804579.2628603}
{"node_id": 4, "type": "CONN", "payload": "Waiting for node 1 to connect", "timestamp": 1553804579.2755587}
{"node_id": 3, "type": "CONN", "payload": "Waiting for node 1 to connect", "timestamp": 1553804579.280802}
{"node_id": 1, "type": "CONN", "payload": "Received message from node id 4: connected", "timestamp": 1553804579.2817638}
{"node_id": 1, "type": "CONN", "payload": "Received message from node id 3: connected", "timestamp": 1553804579.2852733}
{"node_id": 4, "type": "CONN", "payload": "Connected with node 1", "timestamp": 1553804579.2853324}
{"node_id": 3, "type": "CONN", "payload": "Connected with node 1", "timestamp": 1553804579.2883658}
{"node_id": 4, "type": "CONN", "payload": "Got parent update count: 0", "timestamp": 1553804579.301167}
{"node_id": 3, "type": "CONN", "payload": "Got parent update count: 0", "timestamp": 1553804579.3020785}
{"node_id": -1, "type": "PROC", "payload": {"Window ID": 0, "Memory Usage": 0.11423804064819491}, "timestamp": 1553804579.5127113}
{"node_id": 4, "type": "PROC", "payload": {"Window ID": 0, "Memory Usage": 0.11126277542455212}, "timestamp": 1553804579.5941386}
{"node_id": 4, "type": "CONN", "payload": "Sending message to node -1, msg: 1", "timestamp": 1553804579.6008558}
{"node_id": 4, "type": "CONN", "payload": "Waiting for node -1 to connect", "timestamp": 1553804579.6089792}
{"node_id": 3, "type": "PROC", "payload": {"Window ID": 0, "Memory Usage": 0.11213713908211247}, "timestamp": 1553804579.705888}
{"node_id": 3, "type": "CONN", "payload": "Sending message to node -1, msg: 1", "timestamp": 1553804579.7171469}
{"node_id": 4, "type": "CONN", "payload": "Connected with node -1", "timestamp": 1553804579.79316}
{"node_id": 3, "type": "CONN", "payload": "Waiting for node -1 to connect", "timestamp": 1553804579.797326}
{"node_id": 2, "type": "PROC", "payload": {"Window ID": 0, "Memory Usage": 0.1114813663389422}, "timestamp": 1553804579.8036761}
{"node_id": 2, "type": "CONN", "payload": "Sending message to node -1, msg: 1", "timestamp": 1553804579.811963}
{"node_id": 2, "type": "CONN", "payload": "Waiting for node -1 to connect", "timestamp": 1553804579.8991652}
{"node_id": -1, "type": "STAT", "payload": {"Window ID": 0, "Runtime": 28.40234244900057, "Process time": 6.029850177, "Accuracy": {"4.csv": 0.0, "1.csv": 0.0, "3.csv": 0.0, "5.csv": 39.91031390134529, "8.csv": 0.0, "0.csv": 57.04081632653061, "6.csv": 0.0, "2.csv": 0.0, "9.csv": 0.0, "7.csv": 0.0}, "Datapoints": 1}, "timestamp": 1553804585.1882787}
{"node_id": 3, "type": "CONN", "payload": "Connected with node -1", "timestamp": 1553804593.095184}
{"node_id": 2, "type": "CONN", "payload": "Connected with node -1", "timestamp": 1553804593.1926224}
{"node_id": 4, "type": "STAT", "payload": {"Window ID": 0, "Runtime": 44.311381425002764, "Process time": 5.909861432, "Accuracy": {"4.csv": 0.0, "1.csv": 0.0, "3.csv": 0.0, "5.csv": 4.932735426008969, "8.csv": 0.0, "0.csv": 0.0, "6.csv": 0.0, "2.csv": 0.0, "9.csv": 92.17046580773042, "7.csv": 0.0}, "Datapoints": 1}, "timestamp": 1553804598.2955613}
{"node_id": 3, "type": "STAT", "payload": {"Window ID": 0, "Runtime": 59.125108194995846, "Process time": 6.657344261, "Accuracy": {"4.csv": 0.0, "1.csv": 0.0, "3.csv": 0.0, "5.csv": 35.53811659192825, "8.csv": 0.0, "0.csv": 0.0, "6.csv": 0.0, "2.csv": 0.0, "9.csv": 0.0, "7.csv": 73.44357976653697}, "Datapoints": 1}, "timestamp": 1553804610.0113785}
{"node_id": 4, "type": "CONN", "payload": "Got parent update count: 0", "timestamp": 1553804618.4504163}
{"node_id": 2, "type": "STAT", "payload": {"Window ID": 0, "Runtime": 73.78248875999998, "Process time": 6.583101542, "Accuracy": {"4.csv": 0.0, "1.csv": 0.0, "3.csv": 0.0, "5.csv": 39.91031390134529, "8.csv": 0.0, "0.csv": 57.04081632653061, "6.csv": 0.0, "2.csv": 0.0, "9.csv": 0.0, "7.csv": 0.0}, "Datapoints": 1}, "timestamp": 1553804621.6167502}
{"node_id": 3, "type": "CONN", "payload": "Got parent update count: 0", "timestamp": 1553804630.3176446}
{"node_id": -1, "type": "PROC", "payload": {"Window ID": 1, "Memory Usage": 0.18592371662845372}, "timestamp": 1553804630.4919078}
{"node_id": 4, "type": "PROC", "payload": {"Window ID": 1, "Memory Usage": 0.15756761745618467}, "timestamp": 1553804632.3942952}
{"node_id": 4, "type": "CONN", "payload": "Sending message to node -1, msg: 469", "timestamp": 1553804632.3972042}
{"node_id": -1, "type": "STAT", "payload": {"Window ID": 1, "Runtime": 50.91481400799967, "Process time": 31.899798818999997, "Accuracy": {"4.csv": 14.867617107942973, "1.csv": 96.74008810572687, "3.csv": 55.54455445544555, "5.csv": 70.17937219730942, "8.csv": 46.61190965092403, "0.csv": 83.87755102040816, "6.csv": 82.98538622129436, "2.csv": 77.51937984496125, "9.csv": 65.31219028741329, "7.csv": 63.13229571984436}, "Datapoints": 1040}, "timestamp": 1553804636.1065102}
{"node_id": 2, "type": "CONN", "payload": "Got parent update count: 0", "timestamp": 1553804641.90745}
{"node_id": 3, "type": "PROC", "payload": {"Window ID": 1, "Memory Usage": 0.15827196595810827}, "timestamp": 1553804649.6943111}
{"node_id": 3, "type": "CONN", "payload": "Sending message to node -1, msg: 610", "timestamp": 1553804649.69765}
{"node_id": 4, "type": "STAT", "payload": {"Window ID": 1, "Runtime": 54.209162358994945, "Process time": 20.619368609, "Accuracy": {"4.csv": 0.0, "1.csv": 0.0, "3.csv": 0.0, "5.csv": 67.71300448430493, "8.csv": 86.55030800821355, "0.csv": 0.0, "6.csv": 0.0, "2.csv": 88.46899224806202, "9.csv": 0.0, "7.csv": 51.75097276264592}, "Datapoints": 468}, "timestamp": 1553804652.5899384}
{"node_id": 3, "type": "STAT", "payload": {"Window ID": 1, "Runtime": 51.39312427499681, "Process time": 25.700258076, "Accuracy": {"4.csv": 97.04684317718942, "1.csv": 96.56387665198238, "3.csv": 30.495049504950494, "5.csv": 0.0, "8.csv": 28.234086242299796, "0.csv": 0.0, "6.csv": 0.0, "2.csv": 0.0, "9.csv": 0.0, "7.csv": 90.85603112840467}, "Datapoints": 609}, "timestamp": 1553804661.4071512}
{"node_id": 3, "type": "PUSH", "payload": {"Network Cost": 129040}, "timestamp": 1553804661.508578}
{"node_id": 1, "type": "CONN", "payload": "Got gradients from child 3", "timestamp": 1553804662.708694}
{"node_id": 1, "type": "MERG", "payload": "Merged gradients at node 1", "timestamp": 1553804662.7132618}
{"node_id": 1, "type": "CONN", "payload": "Sending message to node -1, msg: 610", "timestamp": 1553804662.7156026}
{"node_id": 1, "type": "CONN", "payload": "Waiting for node -1 to connect", "timestamp": 1553804662.7182083}
{"node_id": 1, "type": "CONN", "payload": "Connected with node -1", "timestamp": 1553804662.725312}
{"node_id": 2, "type": "PROC", "payload": {"Window ID": 1, "Memory Usage": 0.17993675436210313}, "timestamp": 1553804668.590052}
{"node_id": 2, "type": "CONN", "payload": "Sending message to node -1, msg: 997", "timestamp": 1553804668.59345}
{"node_id": 4, "type": "CONN", "payload": "Got parent update count: 1", "timestamp": 1553804672.9798985}
{"node_id": 1, "type": "CONN", "payload": "Got pull request from child 4", "timestamp": 1553804672.984189}
{"node_id": 4, "type": "PULL", "payload": {"Network Cost": 129040}, "timestamp": 1553804673.889303}
{"node_id": 1, "type": "STAT", "payload": {"Merge ID": 0, "Child ID": 3, "Skip Test data": 610, "Post Merge Accuracy": {"4.csv": 8.146639511201629, "1.csv": 82.37885462555066, "3.csv": 0.0, "5.csv": 89.79820627802691, "8.csv": 0.0, "0.csv": 0.0, "6.csv": 3.1315240083507305, "2.csv": 0.0, "9.csv": 0.0, "7.csv": 4.863813229571985}}, "timestamp": 1553804675.309436}
{"node_id": 2, "type": "STAT", "payload": {"Window ID": 1, "Runtime": 58.58449159799784, "Process time": 33.600536179, "Accuracy": {"4.csv": 0.0, "1.csv": 84.84581497797356, "3.csv": 86.13861386138613, "5.csv": 5.493273542600897, "8.csv": 0.20533880903490762, "0.csv": 96.12244897959184, "6.csv": 95.19832985386222, "2.csv": 26.25968992248062, "9.csv": 93.45887016848364, "7.csv": 0.48638132295719844}, "Datapoints": 996}, "timestamp": 1553804680.2044306}
{"node_id": 2, "type": "PUSH", "payload": {"Network Cost": 129040}, "timestamp": 1553804680.2992249}
{"node_id": 1, "type": "CONN", "payload": "Got gradients from child 2", "timestamp": 1553804681.4973834}
{"node_id": 1, "type": "MERG", "payload": "Merged gradients at node 1", "timestamp": 1553804681.50149}
{"node_id": 1, "type": "CONN", "payload": "Sending message to node -1, msg: 997", "timestamp": 1553804681.5038192}
{"node_id": 3, "type": "CONN", "payload": "Got parent update count: 2", "timestamp": 1553804683.0117471}
{"node_id": 1, "type": "CONN", "payload": "Got pull request from child 3", "timestamp": 1553804683.0150867}
{"node_id": 3, "type": "PULL", "payload": {"Network Cost": 129040}, "timestamp": 1553804683.245882}
{"node_id": 1, "type": "STAT", "payload": {"Merge ID": 1, "Child ID": 2, "Skip Test data": 997, "Post Merge Accuracy": {"4.csv": 36.65987780040733, "1.csv": 97.88546255506608, "3.csv": 80.6930693069307, "5.csv": 44.955156950672645, "8.csv": 0.0, "0.csv": 57.55102040816327, "6.csv": 37.265135699373694, "2.csv": 0.1937984496124031, "9.csv": 3.3696729435084243, "7.csv": 21.108949416342412}}, "timestamp": 1553804692.9964797}
{"node_id": 4, "type": "PROC", "payload": {"Window ID": 2, "Memory Usage": 0.16843644347724712}, "timestamp": 1553804694.2065475}
{"node_id": 4, "type": "CONN", "payload": "Sending message to node -1, msg: 1120", "timestamp": 1553804694.2891812}
{"node_id": 2, "type": "CONN", "payload": "Got parent update count: 2", "timestamp": 1553804701.8826964}
{"node_id": 1, "type": "CONN", "payload": "Got pull request from child 2", "timestamp": 1553804701.8862963}
{"node_id": 2, "type": "PULL", "payload": {"Network Cost": 129040}, "timestamp": 1553804702.0940323}
{"node_id": 3, "type": "PROC", "payload": {"Window ID": 2, "Memory Usage": 0.17263824660941204}, "timestamp": 1553804702.1914473}
{"node_id": 3, "type": "CONN", "payload": "Sending message to node -1, msg: 1240", "timestamp": 1553804702.194793}
{"node_id": 4, "type": "STAT", "payload": {"Window ID": 2, "Runtime": 53.10999203899701, "Process time": 25.867255543999995, "Accuracy": {"4.csv": 29.124236252545828, "1.csv": 86.6079295154185, "3.csv": 0.0, "5.csv": 91.70403587443946, "8.csv": 83.9835728952772, "0.csv": 0.0, "6.csv": 5.11482254697286, "2.csv": 83.23643410852713, "9.csv": 7.036669970267592, "7.csv": 84.72762645914396}, "Datapoints": 651}, "timestamp": 1553804705.7052572}
{"node_id": -1, "type": "PROC", "payload": {"Window ID": 2, "Memory Usage": 0.2628677184937629}, "timestamp": 1553804706.1925888}
{"node_id": -1, "type": "STAT", "payload": {"Window ID": 2, "Runtime": 75.67866828899423, "Process time": 56.870783838, "Accuracy": {"4.csv": 86.0488798370672, "1.csv": 97.70925110132158, "3.csv": 76.63366336633663, "5.csv": 68.94618834080718, "8.csv": 76.38603696098562, "0.csv": 92.9591836734694, "6.csv": 87.89144050104383, "2.csv": 80.71705426356588, "9.csv": 78.98909811694747, "7.csv": 88.13229571984435}, "Datapoints": 2030}, "timestamp": 1553804711.7881503}
{"node_id": 3, "type": "STAT", "payload": {"Window ID": 2, "Runtime": 51.276290797999536, "Process time": 24.934771745, "Accuracy": {"4.csv": 93.9918533604888, "1.csv": 98.76651982378854, "3.csv": 60.99009900990099, "5.csv": 20.515695067264573, "8.csv": 24.33264887063655, "0.csv": 86.22448979591837, "6.csv": 75.46972860125261, "2.csv": 10.077519379844961, "9.csv": 0.19821605550049554, "7.csv": 91.34241245136187}, "Datapoints": 630}, "timestamp": 1553804713.9907193}
{"node_id": 2, "type": "PROC", "payload": {"Window ID": 2, "Memory Usage": 0.19534741382660398}, "timestamp": 1553804725.9910824}
{"node_id": 2, "type": "CONN", "payload": "Sending message to node -1, msg: 1953", "timestamp": 1553804725.998887}
{"node_id": 2, "type": "STAT", "payload": {"Window ID": 2, "Runtime": 55.99721973900159, "Process time": 29.632634362000005, "Accuracy": {"4.csv": 53.462321792260695, "1.csv": 94.44933920704845, "3.csv": 93.16831683168317, "5.csv": 7.73542600896861, "8.csv": 0.0, "0.csv": 96.83673469387755, "6.csv": 93.0062630480167, "2.csv": 47.577519379844965, "9.csv": 85.72844400396433, "7.csv": 69.16342412451361}, "Datapoints": 956}, "timestamp": 1553804737.4997509}
{"node_id": 4, "type": "PROC", "payload": {"Window ID": 3, "Memory Usage": 0.17300256480006218}, "timestamp": 1553804741.0049827}
{"node_id": 4, "type": "CONN", "payload": "Sending message to node -1, msg: 1754", "timestamp": 1553804741.0077443}
{"node_id": 3, "type": "PROC", "payload": {"Window ID": 3, "Memory Usage": 0.17392550421637587}, "timestamp": 1553804747.104796}
{"node_id": 3, "type": "CONN", "payload": "Sending message to node -1, msg: 1852", "timestamp": 1553804747.107699}
{"node_id": 4, "type": "STAT", "payload": {"Window ID": 3, "Runtime": 45.59089232200495, "Process time": 21.251173613999995, "Accuracy": {"4.csv": 32.68839103869654, "1.csv": 84.40528634361235, "3.csv": 0.09900990099009901, "5.csv": 89.12556053811659, "8.csv": 91.9917864476386, "0.csv": 42.95918367346939, "6.csv": 47.7035490605428, "2.csv": 88.46899224806202, "9.csv": 67.69078295341923, "7.csv": 63.91050583657587}, "Datapoints": 634}, "timestamp": 1553804751.2987792}
{"node_id": 3, "type": "STAT", "payload": {"Window ID": 3, "Runtime": 44.299069120999775, "Process time": 19.308024786999994, "Accuracy": {"4.csv": 92.76985743380855, "1.csv": 98.59030837004406, "3.csv": 62.17821782178218, "5.csv": 0.5605381165919282, "8.csv": 75.25667351129364, "0.csv": 88.87755102040816, "6.csv": 70.35490605427975, "2.csv": 43.798449612403104, "9.csv": 12.884043607532211, "7.csv": 91.82879377431907}, "Datapoints": 612}, "timestamp": 1553804758.2932138}
{"node_id": 2, "type": "PROC", "payload": {"Window ID": 3, "Memory Usage": 0.1939144289433801}, "timestamp": 1553804778.1885064}
{"node_id": 2, "type": "CONN", "payload": "Sending message to node -1, msg: 2845", "timestamp": 1553804778.1918488}
{"node_id": 4, "type": "PROC", "payload": {"Window ID": 4, "Memory Usage": 0.17257752691097034}, "timestamp": 1553804782.5963254}
{"node_id": 4, "type": "CONN", "payload": "Sending message to node -1, msg: 2301", "timestamp": 1553804782.6052842}
{"node_id": 2, "type": "STAT", "payload": {"Window ID": 3, "Runtime": 52.30762396299542, "Process time": 26.804952846000006, "Accuracy": {"4.csv": 56.72097759674134, "1.csv": 87.04845814977973, "3.csv": 92.57425742574257, "5.csv": 48.87892376681614, "8.csv": 0.0, "0.csv": 94.89795918367348, "6.csv": 88.93528183716074, "2.csv": 40.89147286821706, "9.csv": 93.85530227948465, "7.csv": 53.30739299610895}, "Datapoints": 892}, "timestamp": 1553804789.8118505}
{"node_id": 3, "type": "PROC", "payload": {"Window ID": 4, "Memory Usage": 0.1736826254226091}, "timestamp": 1553804795.4946928}
{"node_id": 3, "type": "CONN", "payload": "Sending message to node -1, msg: 2383", "timestamp": 1553804795.4979215}
{"node_id": 4, "type": "STAT", "payload": {"Window ID": 4, "Runtime": 45.11624866999773, "Process time": 17.55633007200001, "Accuracy": {"4.csv": 36.96537678207739, "1.csv": 82.11453744493392, "3.csv": 5.445544554455446, "5.csv": 89.79820627802691, "8.csv": 87.26899383983573, "0.csv": 67.9591836734694, "6.csv": 64.71816283924844, "2.csv": 86.9186046511628, "9.csv": 52.52725470763132, "7.csv": 84.63035019455253}, "Datapoints": 547}, "timestamp": 1553804796.5055525}
{"node_id": 3, "type": "STAT", "payload": {"Window ID": 4, "Runtime": 48.10059137200005, "Process time": 22.76206759099999, "Accuracy": {"4.csv": 91.14052953156822, "1.csv": 97.62114537444934, "3.csv": 79.50495049504951, "5.csv": 15.695067264573993, "8.csv": 58.110882956878854, "0.csv": 78.6734693877551, "6.csv": 81.73277661795407, "2.csv": 47.383720930232556, "9.csv": 43.70664023785927, "7.csv": 94.55252918287937}, "Datapoints": 531}, "timestamp": 1553804806.488334}
{"node_id": -1, "type": "PROC", "payload": {"Window ID": 3, "Memory Usage": 0.2880663933470641}, "timestamp": 1553804808.0906556}
{"node_id": -1, "type": "STAT", "payload": {"Window ID": 3, "Runtime": 101.91233205399476, "Process time": 83.04277158600001, "Accuracy": {"4.csv": 88.39103869653768, "1.csv": 94.44933920704845, "3.csv": 74.35643564356435, "5.csv": 81.27802690582959, "8.csv": 86.13963039014374, "0.csv": 86.93877551020408, "6.csv": 85.07306889352819, "2.csv": 88.0813953488372, "9.csv": 82.45787908820614, "7.csv": 85.99221789883269}, "Datapoints": 3019}, "timestamp": 1553804813.7881727}
{"node_id": 4, "type": "PROC", "payload": {"Window ID": 5, "Memory Usage": 0.17095023899273307}, "timestamp": 1553804826.2970712}
{"node_id": 4, "type": "CONN", "payload": "Sending message to node -1, msg: 2841", "timestamp": 1553804826.3011081}
{"node_id": 2, "type": "PROC", "payload": {"Window ID": 4, "Memory Usage": 0.18871682275677146}, "timestamp": 1553804827.7986395}
{"node_id": 2, "type": "CONN", "payload": "Sending message to node -1, msg: 3681", "timestamp": 1553804827.888465}
{"node_id": 4, "type": "STAT", "payload": {"Window ID": 5, "Runtime": 42.08927348299767, "Process time": 15.949592545000002, "Accuracy": {"4.csv": 67.5152749490835, "1.csv": 79.03083700440529, "3.csv": 11.584158415841586, "5.csv": 85.76233183856502, "8.csv": 94.6611909650924, "0.csv": 48.46938775510204, "6.csv": 38.30897703549061, "2.csv": 87.40310077519379, "9.csv": 71.25867195242814, "7.csv": 78.89105058365759}, "Datapoints": 540}, "timestamp": 1553804838.597632}
{"node_id": 3, "type": "PROC", "payload": {"Window ID": 5, "Memory Usage": 0.1776901255197606}, "timestamp": 1553804842.5974684}
{"node_id": 3, "type": "CONN", "payload": "Sending message to node -1, msg: 2959", "timestamp": 1553804842.690007}
{"node_id": 2, "type": "STAT", "payload": {"Window ID": 4, "Runtime": 55.189441076996445, "Process time": 24.493683366000013, "Accuracy": {"4.csv": 78.20773930753563, "1.csv": 91.27753303964758, "3.csv": 90.2970297029703, "5.csv": 56.72645739910314, "8.csv": 11.293634496919918, "0.csv": 98.46938775510205, "6.csv": 90.70981210855949, "2.csv": 62.98449612403101, "9.csv": 89.39544103072349, "7.csv": 70.23346303501945}, "Datapoints": 836}, "timestamp": 1553804845.0049014}
{"node_id": 3, "type": "STAT", "payload": {"Window ID": 5, "Runtime": 48.71835115099384, "Process time": 23.187336364000004, "Accuracy": {"4.csv": 91.64969450101833, "1.csv": 97.09251101321586, "3.csv": 55.44554455445545, "5.csv": 49.88789237668161, "8.csv": 66.73511293634496, "0.csv": 84.89795918367346, "6.csv": 88.51774530271399, "2.csv": 45.63953488372093, "9.csv": 57.8790882061447, "7.csv": 92.12062256809338}, "Datapoints": 576}, "timestamp": 1553804855.2101219}
{"node_id": 4, "type": "PROC", "payload": {"Window ID": 6, "Memory Usage": 0.17085308747522637}, "timestamp": 1553804871.1000364}
{"node_id": 4, "type": "CONN", "payload": "Sending message to node -1, msg: 3344", "timestamp": 1553804871.106046}
{"node_id": 2, "type": "PROC", "payload": {"Window ID": 5, "Memory Usage": 0.1900769440018653}, "timestamp": 1553804882.400372}
{"node_id": 2, "type": "CONN", "payload": "Sending message to node -1, msg: 4561", "timestamp": 1553804882.406911}
{"node_id": 4, "type": "STAT", "payload": {"Window ID": 6, "Runtime": 44.69844888499938, "Process time": 18.549441854999998, "Accuracy": {"4.csv": 64.56211812627292, "1.csv": 75.06607929515418, "3.csv": 24.356435643564357, "5.csv": 87.33183856502242, "8.csv": 95.99589322381931, "0.csv": 67.55102040816327, "6.csv": 69.6242171189979, "2.csv": 89.05038759689923, "9.csv": 74.92566897918731, "7.csv": 68.77431906614785}, "Datapoints": 503}, "timestamp": 1553804883.3005178}
{"node_id": 4, "type": "PUSH", "payload": {"Network Cost": 129040}, "timestamp": 1553804883.3144686}
{"node_id": 1, "type": "CONN", "payload": "Got gradients from child 4", "timestamp": 1553804884.568976}
{"node_id": 1, "type": "MERG", "payload": "Merged gradients at node 1", "timestamp": 1553804884.5734951}
{"node_id": 1, "type": "CONN", "payload": "Sending message to node -1, msg: 3344", "timestamp": 1553804884.5760045}
{"node_id": 3, "type": "PROC", "payload": {"Window ID": 6, "Memory Usage": 0.17781156491664402}, "timestamp": 1553804887.6943457}
{"node_id": 3, "type": "CONN", "payload": "Sending message to node -1, msg: 3542", "timestamp": 1553804887.6992478}
{"node_id": 2, "type": "STAT", "payload": {"Window ID": 5, "Runtime": 48.796487935003825, "Process time": 23.450639468999995, "Accuracy": {"4.csv": 75.45824847250509, "1.csv": 75.06607929515418, "3.csv": 90.6930693069307, "5.csv": 53.58744394618834, "8.csv": 53.38809034907598, "0.csv": 96.53061224489797, "6.csv": 94.88517745302714, "2.csv": 44.47674418604651, "9.csv": 94.25173439048564, "7.csv": 74.0272373540856}, "Datapoints": 880}, "timestamp": 1553804893.888492}
{"node_id": 1, "type": "STAT", "payload": {"Merge ID": 2, "Child ID": 4, "Skip Test data": 3344, "Post Merge Accuracy": {"4.csv": 55.397148676171085, "1.csv": 93.568281938326, "3.csv": 83.06930693069306, "5.csv": 54.37219730941704, "8.csv": 54.92813141683778, "0.csv": 2.2448979591836733, "6.csv": 71.08559498956159, "2.csv": 70.05813953488372, "9.csv": 5.7482656095143705, "7.csv": 37.840466926070036}}, "timestamp": 1553804900.6919549}
{"node_id": 4, "type": "CONN", "payload": "Got parent update count: 3", "timestamp": 1553804904.887733}
{"node_id": 1, "type": "CONN", "payload": "Got pull request from child 4", "timestamp": 1553804904.891893}
{"node_id": 4, "type": "PULL", "payload": {"Network Cost": 129040}, "timestamp": 1553804905.1091}
{"node_id": 3, "type": "STAT", "payload": {"Window ID": 6, "Runtime": 50.99559203199897, "Process time": 18.825641327, "Accuracy": {"4.csv": 93.58452138492872, "1.csv": 96.47577092511013, "3.csv": 80.3960396039604, "5.csv": 57.399103139013455, "8.csv": 63.244353182751546, "0.csv": 85.81632653061224, "6.csv": 85.38622129436325, "2.csv": 62.8875968992248, "9.csv": 47.07631318136769, "7.csv": 89.2023346303502}, "Datapoints": 583}, "timestamp": 1553804906.2092552}
{"node_id": 4, "type": "PROC", "payload": {"Window ID": 7, "Memory Usage": 0.1709016632339797}, "timestamp": 1553804916.2980647}
{"node_id": 4, "type": "CONN", "payload": "Sending message to node -1, msg: 3895", "timestamp": 1553804916.3044915}
{"node_id": 4, "type": "STAT", "payload": {"Window ID": 7, "Runtime": 42.96334793799906, "Process time": 16.850175038999993, "Accuracy": {"4.csv": 57.0264765784114, "1.csv": 90.83700440528635, "3.csv": 39.9009900990099, "5.csv": 86.32286995515696, "8.csv": 88.91170431211499, "0.csv": 72.95918367346938, "6.csv": 77.24425887265136, "2.csv": 87.98449612403101, "9.csv": 68.18632309217047, "7.csv": 54.08560311284047}, "Datapoints": 551}, "timestamp": 1553804927.5379126}
{"node_id": -1, "type": "PROC", "payload": {"Window ID": 4, "Memory Usage": 0.29552277231570356}, "timestamp": 1553804928.8011124}
{"node_id": 2, "type": "PROC", "payload": {"Window ID": 6, "Memory Usage": 0.18613016360315549}, "timestamp": 1553804930.5886617}
{"node_id": 2, "type": "CONN", "payload": "Sending message to node -1, msg: 5341", "timestamp": 1553804930.5921288}
{"node_id": -1, "type": "STAT", "payload": {"Window ID": 4, "Runtime": 120.7107699410044, "Process time": 101.88982712800001, "Accuracy": {"4.csv": 88.4928716904277, "1.csv": 97.18061674008811, "3.csv": 75.54455445544555, "5.csv": 75.11210762331838, "8.csv": 87.67967145790554, "0.csv": 97.24489795918367, "6.csv": 93.31941544885177, "2.csv": 77.13178294573643, "9.csv": 89.29633300297324, "7.csv": 85.01945525291829}, "Datapoints": 4064}, "timestamp": 1553804934.502395}
{"node_id": 2, "type": "STAT", "payload": {"Window ID": 6, "Runtime": 48.51269126400439, "Process time": 23.46999755600001, "Accuracy": {"4.csv": 67.82077393075356, "1.csv": 91.71806167400881, "3.csv": 89.10891089108911, "5.csv": 64.23766816143498, "8.csv": 52.6694045174538, "0.csv": 95.91836734693877, "6.csv": 94.57202505219206, "2.csv": 71.99612403100775, "9.csv": 93.85530227948465, "7.csv": 71.59533073929961}, "Datapoints": 780}, "timestamp": 1553804942.4038994}
{"node_id": 3, "type": "PROC", "payload": {"Window ID": 7, "Memory Usage": 0.17879522403139939}, "timestamp": 1553804943.1918187}
{"node_id": 3, "type": "CONN", "payload": "Sending message to node -1, msg: 4153", "timestamp": 1553804943.1961343}
{"node_id": 3, "type": "STAT", "payload": {"Window ID": 7, "Runtime": 49.79215564899641, "Process time": 23.55207599100001, "Accuracy": {"4.csv": 88.18737270875764, "1.csv": 97.62114537444934, "3.csv": 78.01980198019803, "5.csv": 56.16591928251121, "8.csv": 54.92813141683778, "0.csv": 85.71428571428571, "6.csv": 87.05636743215031, "2.csv": 66.95736434108527, "9.csv": 61.74430128840436, "7.csv": 94.16342412451361}, "Datapoints": 611}, "timestamp": 1553804956.0059428}
{"node_id": 4, "type": "PROC", "payload": {"Window ID": 8, "Memory Usage": 0.17187317840904676}, "timestamp": 1553804961.698975}
{"node_id": 4, "type": "CONN", "payload": "Sending message to node -1, msg: 4408", "timestamp": 1553804961.7931697}
{"node_id": 4, "type": "STAT", "payload": {"Window ID": 8, "Runtime": 45.35810290999507, "Process time": 19.788995239000002, "Accuracy": {"4.csv": 61.099796334012225, "1.csv": 83.43612334801762, "3.csv": 61.78217821782178, "5.csv": 80.26905829596413, "8.csv": 91.78644763860369, "0.csv": 79.38775510204081, "6.csv": 74.84342379958247, "2.csv": 88.75968992248062, "9.csv": 70.16848364717542, "7.csv": 68.96887159533074}, "Datapoints": 513}, "timestamp": 1553804972.898745}
{"node_id": 2, "type": "PROC", "payload": {"Window ID": 7, "Memory Usage": 0.185753701472817}, "timestamp": 1553804978.0958898}
{"node_id": 2, "type": "CONN", "payload": "Sending message to node -1, msg: 6116", "timestamp": 1553804978.1022253}
{"node_id": 3, "type": "PROC", "payload": {"Window ID": 8, "Memory Usage": 0.1785766331170093}, "timestamp": 1553804988.9912183}
{"node_id": 3, "type": "CONN", "payload": "Sending message to node -1, msg: 4750", "timestamp": 1553804988.9941788}
{"node_id": 2, "type": "STAT", "payload": {"Window ID": 7, "Runtime": 47.092067262005, "Process time": 21.975961404000003, "Accuracy": {"4.csv": 67.31160896130346, "1.csv": 91.54185022026432, "3.csv": 91.38613861386139, "5.csv": 62.89237668161435, "8.csv": 64.8870636550308, "0.csv": 95.71428571428572, "6.csv": 91.02296450939458, "2.csv": 75.5813953488372, "9.csv": 93.45887016848364, "7.csv": 76.16731517509727}, "Datapoints": 775}, "timestamp": 1553804989.4993174}
{"node_id": 3, "type": "STAT", "payload": {"Window ID": 8, "Runtime": 44.41575186699629, "Process time": 19.155997859999985, "Accuracy": {"4.csv": 84.41955193482688, "1.csv": 97.3568281938326, "3.csv": 65.14851485148515, "5.csv": 71.52466367713004, "8.csv": 78.85010266940452, "0.csv": 78.6734693877551, "6.csv": 84.65553235908142, "2.csv": 55.71705426356589, "9.csv": 69.37561942517344, "7.csv": 94.16342412451361}, "Datapoints": 597}, "timestamp": 1553805000.5047233}
{"node_id": 4, "type": "PROC", "payload": {"Window ID": 9, "Memory Usage": 0.17116882990712315}, "timestamp": 1553805003.5937939}
{"node_id": 4, "type": "CONN", "payload": "Sending message to node -1, msg: 4951", "timestamp": 1553805003.5969682}
{"node_id": 4, "type": "STAT", "payload": {"Window ID": 9, "Runtime": 42.10134437299712, "Process time": 16.387366783000004, "Accuracy": {"4.csv": 65.88594704684317, "1.csv": 84.75770925110132, "3.csv": 60.396039603960396, "5.csv": 92.82511210762333, "8.csv": 88.7063655030801, "0.csv": 72.44897959183673, "6.csv": 69.8329853862213, "2.csv": 90.89147286821705, "9.csv": 62.239841427155596, "7.csv": 70.52529182879378}, "Datapoints": 543}, "timestamp": 1553805015.0881498}
{"node_id": 2, "type": "PROC", "payload": {"Window ID": 8, "Memory Usage": 0.18485504993588}, "timestamp": 1553805027.699642}
{"node_id": 2, "type": "CONN", "payload": "Sending message to node -1, msg: 6867", "timestamp": 1553805027.7908144}
{"node_id": 3, "type": "PROC", "payload": {"Window ID": 9, "Memory Usage": 0.1735490420860374}, "timestamp": 1553805033.6934664}
{"node_id": 3, "type": "CONN", "payload": "Sending message to node -1, msg: 5281", "timestamp": 1553805033.70299}
{"node_id": 2, "type": "STAT", "payload": {"Window ID": 8, "Runtime": 49.8981683489983, "Process time": 24.388533776999992, "Accuracy": {"4.csv": 67.92260692464357, "1.csv": 90.7488986784141, "3.csv": 89.70297029702971, "5.csv": 61.54708520179371, "8.csv": 54.72279260780287, "0.csv": 97.6530612244898, "6.csv": 94.1544885177453, "2.csv": 72.77131782945736, "9.csv": 92.17046580773042, "7.csv": 81.03112840466926}, "Datapoints": 751}, "timestamp": 1553805039.4005733}
{"node_id": 3, "type": "STAT", "payload": {"Window ID": 9, "Runtime": 44.9124578100018, "Process time": 19.088180424, "Accuracy": {"4.csv": 93.38085539714868, "1.csv": 96.38766519823788, "3.csv": 74.75247524752476, "5.csv": 65.47085201793722, "8.csv": 57.80287474332649, "0.csv": 86.73469387755102, "6.csv": 91.23173277661796, "2.csv": 63.759689922480625, "9.csv": 70.36669970267592, "7.csv": 91.9260700389105}, "Datapoints": 531}, "timestamp": 1553805045.5882335}
{"node_id": 4, "type": "PROC", "payload": {"Window ID": 10, "Memory Usage": 0.17170316325341}, "timestamp": 1553805047.8919253}
{"node_id": 4, "type": "CONN", "payload": "Sending message to node -1, msg: 5455", "timestamp": 1553805047.8962383}
{"node_id": 4, "type": "STAT", "payload": {"Window ID": 10, "Runtime": 44.91104865899979, "Process time": 19.556915691, "Accuracy": {"4.csv": 60.896130346232184, "1.csv": 89.16299559471366, "3.csv": 48.51485148514851, "5.csv": 87.10762331838565, "8.csv": 89.73305954825463, "0.csv": 70.3061224489796, "6.csv": 83.40292275574113, "2.csv": 85.65891472868216, "9.csv": 69.57383548067394, "7.csv": 53.01556420233463}, "Datapoints": 504}, "timestamp": 1553805060.0023968}
{"node_id": -1, "type": "PROC", "payload": {"Window ID": 5, "Memory Usage": 0.3166167955543466}, "timestamp": 1553805066.990418}
{"node_id": -1, "type": "STAT", "payload": {"Window ID": 5, "Runtime": 138.9094106489938, "Process time": 119.98377918800003, "Accuracy": {"4.csv": 89.30753564154786, "1.csv": 95.33039647577093, "3.csv": 89.70297029702971, "5.csv": 75.11210762331838, "8.csv": 84.59958932238193, "0.csv": 97.6530612244898, "6.csv": 90.39665970772442, "2.csv": 87.6937984496124, "9.csv": 86.02576808721506, "7.csv": 87.84046692607004}, "Datapoints": 4816}, "timestamp": 1553805073.4145653}
{"node_id": 3, "type": "PROC", "payload": {"Window ID": 10, "Memory Usage": 0.17220106478063188}, "timestamp": 1553805077.7935743}
{"node_id": 3, "type": "CONN", "payload": "Sending message to node -1, msg: 5820", "timestamp": 1553805077.7968004}
{"node_id": 2, "type": "PROC", "payload": {"Window ID": 9, "Memory Usage": 0.18679808028601408}, "timestamp": 1553805079.3940797}
{"node_id": 2, "type": "CONN", "payload": "Sending message to node -1, msg: 7664", "timestamp": 1553805079.4924593}
{"node_id": 3, "type": "STAT", "payload": {"Window ID": 10, "Runtime": 44.20145329499792, "Process time": 19.00928732600002, "Accuracy": {"4.csv": 94.29735234215886, "1.csv": 96.91629955947137, "3.csv": 61.68316831683168, "5.csv": 60.87443946188341, "8.csv": 67.04312114989733, "0.csv": 87.65306122448979, "6.csv": 87.05636743215031, "2.csv": 80.13565891472868, "9.csv": 48.761149653121905, "7.csv": 90.75875486381322}, "Datapoints": 539}, "timestamp": 1553805089.7928696}
{"node_id": 2, "type": "STAT", "payload": {"Window ID": 9, "Runtime": 56.118361832996015, "Process time": 26.53525640699999, "Accuracy": {"4.csv": 84.0122199592668, "1.csv": 85.2863436123348, "3.csv": 94.45544554455445, "5.csv": 64.46188340807176, "8.csv": 50.308008213552355, "0.csv": 94.38775510204081, "6.csv": 95.61586638830897, "2.csv": 68.6046511627907, "9.csv": 79.8810703666997, "7.csv": 82.97665369649806}, "Datapoints": 797}, "timestamp": 1553805095.6074655}
{"node_id": 4, "type": "PROC", "payload": {"Window ID": 11, "Memory Usage": 0.17339117087008898}, "timestamp": 1553805099.1906657}
{"node_id": 4, "type": "CONN", "payload": "Sending message to node -1, msg: 5992", "timestamp": 1553805099.1941974}
{"node_id": 4, "type": "STAT", "payload": {"Window ID": 11, "Runtime": 50.485283207002794, "Process time": 25.291028579, "Accuracy": {"4.csv": 80.95723014256619, "1.csv": 93.12775330396475, "3.csv": 44.35643564356436, "5.csv": 89.46188340807176, "8.csv": 87.57700205338809, "0.csv": 63.6734693877551, "6.csv": 78.39248434237996, "2.csv": 91.76356589147287, "9.csv": 61.24876114965312, "7.csv": 73.73540856031128}, "Datapoints": 537}, "timestamp": 1553805110.4903107}
{"node_id": 3, "type": "PROC", "payload": {"Window ID": 11, "Memory Usage": 0.17232250417751524}, "timestamp": 1553805121.590397}
{"node_id": 3, "type": "CONN", "payload": "Sending message to node -1, msg: 6349", "timestamp": 1553805121.5960224}
{"node_id": 2, "type": "PROC", "payload": {"Window ID": 10, "Memory Usage": 0.19016195157968366}, "timestamp": 1553805131.0130103}
{"node_id": 2, "type": "CONN", "payload": "Sending message to node -1, msg: 8559", "timestamp": 1553805131.0908437}
{"node_id": 3, "type": "STAT", "payload": {"Window ID": 11, "Runtime": 43.60619792900252, "Process time": 18.153840989999992, "Accuracy": {"4.csv": 92.56619144602851, "1.csv": 95.94713656387665, "3.csv": 78.71287128712872, "5.csv": 60.98654708520179, "8.csv": 81.82751540041068, "0.csv": 88.9795918367347, "6.csv": 85.59498956158664, "2.csv": 70.15503875968993, "9.csv": 65.80773042616453, "7.csv": 92.02334630350194}, "Datapoints": 529}, "timestamp": 1553805133.402684}
{"node_id": 2, "type": "STAT", "payload": {"Window ID": 10, "Runtime": 47.5992079610005, "Process time": 22.342226124000035, "Accuracy": {"4.csv": 67.41344195519349, "1.csv": 89.69162995594714, "3.csv": 80.89108910891089, "5.csv": 74.10313901345292, "8.csv": 68.8911704312115, "0.csv": 97.0408163265306, "6.csv": 93.0062630480167, "2.csv": 72.18992248062015, "9.csv": 92.66600594648166, "7.csv": 74.12451361867704}, "Datapoints": 895}, "timestamp": 1553805143.2098725}
{"node_id": 4, "type": "PROC", "payload": {"Window ID": 12, "Memory Usage": 0.17643929973186182}, "timestamp": 1553805145.700174}
{"node_id": 4, "type": "CONN", "payload": "Sending message to node -1, msg: 6596", "timestamp": 1553805145.7884083}
{"node_id": 4, "type": "STAT", "payload": {"Window ID": 12, "Runtime": 47.20211013300286, "Process time": 21.805286681000013, "Accuracy": {"4.csv": 65.17311608961303, "1.csv": 89.95594713656388, "3.csv": 44.35643564356436, "5.csv": 92.60089686098655, "8.csv": 94.55852156057495, "0.csv": 63.06122448979592, "6.csv": 68.99791231732777, "2.csv": 86.82170542635659, "9.csv": 73.14172447968286, "7.csv": 81.90661478599222}, "Datapoints": 604}, "timestamp": 1553805157.696153}
{"node_id": 4, "type": "PUSH", "payload": {"Network Cost": 129040}, "timestamp": 1553805157.7114856}
{"node_id": 1, "type": "CONN", "payload": "Got gradients from child 4", "timestamp": 1553805158.9233322}
{"node_id": 1, "type": "MERG", "payload": "Merged gradients at node 1", "timestamp": 1553805158.9288428}
{"node_id": 1, "type": "CONN", "payload": "Sending message to node -1, msg: 6596", "timestamp": 1553805158.9316692}
{"node_id": 3, "type": "PROC", "payload": {"Window ID": 12, "Memory Usage": 0.1722374965996969}, "timestamp": 1553805167.4011614}
{"node_id": 3, "type": "CONN", "payload": "Sending message to node -1, msg: 6871", "timestamp": 1553805167.4065456}
{"node_id": 1, "type": "STAT", "payload": {"Merge ID": 3, "Child ID": 4, "Skip Test data": 6596, "Post Merge Accuracy": {"4.csv": 67.5152749490835, "1.csv": 94.80176211453745, "3.csv": 56.03960396039604, "5.csv": 89.12556053811659, "8.csv": 85.93429158110884, "0.csv": 13.46938775510204, "6.csv": 75.88726513569938, "2.csv": 83.91472868217055, "9.csv": 49.85133795837463, "7.csv": 68.57976653696498}}, "timestamp": 1553805170.2959669}
{"node_id": 3, "type": "STAT", "payload": {"Window ID": 12, "Runtime": 44.698076884997135, "Process time": 19.84824335899998, "Accuracy": {"4.csv": 92.15885947046843, "1.csv": 97.62114537444934, "3.csv": 68.21782178217822, "5.csv": 77.69058295964125, "8.csv": 66.52977412731006, "0.csv": 86.42857142857143, "6.csv": 84.44676409185804, "2.csv": 69.47674418604652, "9.csv": 72.94350842418235, "7.csv": 92.70428015564202}, "Datapoints": 522}, "timestamp": 1553805178.103812}
{"node_id": 4, "type": "CONN", "payload": "Got parent update count: 4", "timestamp": 1553805179.28584}
{"node_id": 1, "type": "CONN", "payload": "Got pull request from child 4", "timestamp": 1553805179.2890723}
{"node_id": 4, "type": "PULL", "payload": {"Network Cost": 129040}, "timestamp": 1553805179.5190377}
{"node_id": 2, "type": "PROC", "payload": {"Window ID": 11, "Memory Usage": 0.18491576963432169}, "timestamp": 1553805180.5951111}
{"node_id": 2, "type": "CONN", "payload": "Sending message to node -1, msg: 9318", "timestamp": 1553805180.5981114}
{"node_id": 2, "type": "STAT", "payload": {"Window ID": 11, "Runtime": 48.79022113600513, "Process time": 23.77995602200002, "Accuracy": {"4.csv": 69.85743380855396, "1.csv": 91.8942731277533, "3.csv": 89.8019801980198, "5.csv": 76.34529147982063, "8.csv": 70.53388090349077, "0.csv": 97.24489795918367, "6.csv": 94.57202505219206, "2.csv": 70.73643410852713, "9.csv": 89.49454905847374, "7.csv": 81.42023346303502}, "Datapoints": 759}, "timestamp": 1553805192.0030537}
{"node_id": 4, "type": "PROC", "payload": {"Window ID": 13, "Memory Usage": 0.1730511405588155}, "timestamp": 1553805196.0985525}
{"node_id": 4, "type": "CONN", "payload": "Sending message to node -1, msg: 7177", "timestamp": 1553805196.1915586}
{"node_id": 4, "type": "STAT", "payload": {"Window ID": 13, "Runtime": 48.46531607199722, "Process time": 22.23220798599999, "Accuracy": {"4.csv": 67.92260692464357, "1.csv": 77.26872246696036, "3.csv": 54.55445544554456, "5.csv": 83.6322869955157, "8.csv": 91.06776180698152, "0.csv": 74.89795918367346, "6.csv": 76.93110647181628, "2.csv": 85.65891472868216, "9.csv": 73.73637264618435, "7.csv": 71.88715953307393}, "Datapoints": 581}, "timestamp": 1553805207.393534}
{"node_id": 3, "type": "PROC", "payload": {"Window ID": 13, "Memory Usage": 0.17613570123965339}, "timestamp": 1553805209.2982993}
{"node_id": 3, "type": "CONN", "payload": "Sending message to node -1, msg: 7405", "timestamp": 1553805209.3014653}
{"node_id": 3, "type": "STAT", "payload": {"Window ID": 13, "Runtime": 42.300973072997294, "Process time": 17.355122120999965, "Accuracy": {"4.csv": 96.5376782077393, "1.csv": 98.06167400881057, "3.csv": 76.63366336633663, "5.csv": 57.62331838565022, "8.csv": 40.55441478439425, "0.csv": 92.75510204081633, "6.csv": 84.02922755741128, "2.csv": 77.13178294573643, "9.csv": 50.04955401387512, "7.csv": 93.57976653696498}, "Datapoints": 534}, "timestamp": 1553805220.408368}
{"node_id": 2, "type": "PROC", "payload": {"Window ID": 12, "Memory Usage": 0.18619088330159717}, "timestamp": 1553805227.291322}
{"node_id": 2, "type": "CONN", "payload": "Sending message to node -1, msg: 10096", "timestamp": 1553805227.2945752}
{"node_id": -1, "type": "PROC", "payload": {"Window ID": 6, "Memory Usage": 0.34940543271285895}, "timestamp": 1553805231.3017788}
{"node_id": -1, "type": "STAT", "payload": {"Window ID": 6, "Runtime": 162.9857232860013, "Process time": 143.99830750499996, "Accuracy": {"4.csv": 90.63136456211812, "1.csv": 88.19383259911893, "3.csv": 87.52475247524752, "5.csv": 76.12107623318386, "8.csv": 91.88911704312115, "0.csv": 94.48979591836735, "6.csv": 86.63883089770354, "2.csv": 86.7248062015504, "9.csv": 83.54806739345887, "7.csv": 91.73151750972762}, "Datapoints": 5537}, "timestamp": 1553805236.4880865}
{"node_id": 2, "type": "STAT", "payload": {"Window ID": 12, "Runtime": 45.997348702003364, "Process time": 21.13525355400003, "Accuracy": {"4.csv": 73.31975560081466, "1.csv": 89.2511013215859, "3.csv": 94.15841584158416, "5.csv": 59.97757847533632, "8.csv": 79.46611909650923, "0.csv": 96.3265306122449, "6.csv": 89.56158663883089, "2.csv": 61.531007751937985, "9.csv": 91.67492566897918, "7.csv": 73.63813229571986}, "Datapoints": 778}, "timestamp": 1553805238.088468}
{"node_id": 4, "type": "PROC", "payload": {"Window ID": 14, "Memory Usage": 0.17251680721252866}, "timestamp": 1553805245.2918909}
{"node_id": 4, "type": "CONN", "payload": "Sending message to node -1, msg: 7756", "timestamp": 1553805245.297018}
{"node_id": 3, "type": "PROC", "payload": {"Window ID": 14, "Memory Usage": 0.17234679205689193}, "timestamp": 1553805254.9907274}
{"node_id": 3, "type": "CONN", "payload": "Sending message to node -1, msg: 7912", "timestamp": 1553805254.9983742}
{"node_id": 4, "type": "STAT", "payload": {"Window ID": 14, "Runtime": 49.49948594200396, "Process time": 24.15880450200001, "Accuracy": {"4.csv": 73.82892057026477, "1.csv": 71.80616740088107, "3.csv": 65.64356435643565, "5.csv": 86.54708520179372, "8.csv": 93.42915811088297, "0.csv": 72.44897959183673, "6.csv": 69.6242171189979, "2.csv": 87.6937984496124, "9.csv": 75.42120911793855, "7.csv": 74.61089494163424}, "Datapoints": 579}, "timestamp": 1553805256.8960197}
{"node_id": 3, "type": "STAT", "payload": {"Window ID": 14, "Runtime": 46.77878521400271, "Process time": 21.07731499099998, "Accuracy": {"4.csv": 95.9266802443992, "1.csv": 97.44493392070484, "3.csv": 76.83168316831683, "5.csv": 63.45291479820629, "8.csv": 71.7659137577002, "0.csv": 87.24489795918367, "6.csv": 75.67849686847599, "2.csv": 80.81395348837209, "9.csv": 54.70763131813678, "7.csv": 92.80155642023347}, "Datapoints": 507}, "timestamp": 1553805267.1896863}
{"node_id": 2, "type": "PROC", "payload": {"Window ID": 13, "Memory Usage": 0.1841871332530214}, "timestamp": 1553805270.6017005}
{"node_id": 2, "type": "CONN", "payload": "Sending message to node -1, msg: 10832", "timestamp": 1553805270.605263}
{"node_id": 2, "type": "STAT", "payload": {"Window ID": 13, "Runtime": 43.702427816002455, "Process time": 18.316852257999983, "Accuracy": {"4.csv": 73.62525458248473, "1.csv": 92.95154185022027, "3.csv": 90.6930693069307, "5.csv": 57.7354260089686, "8.csv": 76.8993839835729, "0.csv": 98.06122448979592, "6.csv": 92.06680584551148, "2.csv": 79.94186046511628, "9.csv": 93.06243805748265, "7.csv": 79.96108949416343}, "Datapoints": 736}, "timestamp": 1553805281.7937596}
{"node_id": 4, "type": "PROC", "payload": {"Window ID": 15, "Memory Usage": 0.172492519333152}, "timestamp": 1553805289.3953764}
{"node_id": 4, "type": "CONN", "payload": "Sending message to node -1, msg: 8347", "timestamp": 1553805289.4010117}
{"node_id": 4, "type": "STAT", "payload": {"Window ID": 15, "Runtime": 44.00325401699956, "Process time": 19.001297575000024, "Accuracy": {"4.csv": 70.16293279022403, "1.csv": 91.18942731277532, "3.csv": 59.009900990099005, "5.csv": 82.51121076233184, "8.csv": 92.29979466119097, "0.csv": 85.91836734693878, "6.csv": 77.13987473903967, "2.csv": 88.46899224806202, "9.csv": 76.70961347869178, "7.csv": 78.79377431906615}, "Datapoints": 591}, "timestamp": 1553805300.9029136}
{"node_id": 3, "type": "PROC", "payload": {"Window ID": 15, "Memory Usage": 0.1766943224653169}, "timestamp": 1553805302.596539}
{"node_id": 3, "type": "CONN", "payload": "Sending message to node -1, msg: 8470", "timestamp": 1553805302.6010985}
{"node_id": 3, "type": "STAT", "payload": {"Window ID": 15, "Runtime": 48.50726742199913, "Process time": 22.568898304000015, "Accuracy": {"4.csv": 91.54786150712832, "1.csv": 98.23788546255507, "3.csv": 80.0990099009901, "5.csv": 76.12107623318386, "8.csv": 69.81519507186859, "0.csv": 93.06122448979592, "6.csv": 83.7160751565762, "2.csv": 72.86821705426357, "9.csv": 77.50247770069376, "7.csv": 86.38132295719845}, "Datapoints": 558}, "timestamp": 1553805315.7000062}
{"node_id": 2, "type": "PROC", "payload": {"Window ID": 14, "Memory Usage": 0.1825841332141608}, "timestamp": 1553805316.5915184}
{"node_id": 2, "type": "CONN", "payload": "Sending message to node -1, msg: 11528", "timestamp": 1553805316.5972807}
{"node_id": 2, "type": "STAT", "payload": {"Window ID": 14, "Runtime": 46.400329846001114, "Process time": 21.422153743000024, "Accuracy": {"4.csv": 78.71690427698574, "1.csv": 88.45814977973568, "3.csv": 90.5940594059406, "5.csv": 57.399103139013455, "8.csv": 63.44969199178645, "0.csv": 96.53061224489797, "6.csv": 96.97286012526096, "2.csv": 62.5, "9.csv": 91.67492566897918, "7.csv": 82.29571984435798}, "Datapoints": 696}, "timestamp": 1553805328.1976519}
{"node_id": 4, "type": "PROC", "payload": {"Window ID": 16, "Memory Usage": 0.1727839738856721}, "timestamp": 1553805333.299697}
{"node_id": 4, "type": "CONN", "payload": "Sending message to node -1, msg: 8875", "timestamp": 1553805333.3041294}
{"node_id": 4, "type": "STAT", "payload": {"Window ID": 16, "Runtime": 44.191459600006056, "Process time": 18.829254585, "Accuracy": {"4.csv": 68.5336048879837, "1.csv": 82.29074889867842, "3.csv": 64.65346534653466, "5.csv": 89.23766816143498, "8.csv": 90.86242299794661, "0.csv": 66.22448979591836, "6.csv": 72.96450939457203, "2.csv": 91.27906976744185, "9.csv": 68.8800792864222, "7.csv": 82.97665369649806}, "Datapoints": 528}, "timestamp": 1553805345.0972412}
{"node_id": 3, "type": "PROC", "payload": {"Window ID": 16, "Memory Usage": 0.17760511794194225}, "timestamp": 1553805350.2029314}
{"node_id": 3, "type": "CONN", "payload": "Sending message to node -1, msg: 9052", "timestamp": 1553805350.2923918}
{"node_id": 3, "type": "STAT", "payload": {"Window ID": 16, "Runtime": 45.80045059599797, "Process time": 20.205400800000007, "Accuracy": {"4.csv": 91.44602851323829, "1.csv": 98.06167400881057, "3.csv": 73.96039603960396, "5.csv": 64.91031390134529, "8.csv": 61.601642710472284, "0.csv": 85.10204081632654, "6.csv": 89.35281837160751, "2.csv": 82.75193798449612, "9.csv": 54.60852329038652, "7.csv": 92.50972762645915}, "Datapoints": 582}, "timestamp": 1553805361.5033064}
{"node_id": 2, "type": "PROC", "payload": {"Window ID": 15, "Memory Usage": 0.18421142113239808}, "timestamp": 1553805363.2898457}
{"node_id": 2, "type": "CONN", "payload": "Sending message to node -1, msg: 12268", "timestamp": 1553805363.2940423}
{"node_id": 2, "type": "STAT", "payload": {"Window ID": 15, "Runtime": 45.89960438400158, "Process time": 21.291013445000033, "Accuracy": {"4.csv": 72.50509164969449, "1.csv": 93.48017621145375, "3.csv": 92.27722772277228, "5.csv": 68.94618834080718, "8.csv": 70.02053388090349, "0.csv": 97.44897959183673, "6.csv": 95.72025052192068, "2.csv": 68.4108527131783, "9.csv": 91.2784935579782, "7.csv": 80.93385214007782}, "Datapoints": 740}, "timestamp": 1553805374.1002269}
{"node_id": 4, "type": "PROC", "payload": {"Window ID": 17, "Memory Usage": 0.17146028445964326}, "timestamp": 1553805380.6931841}
{"node_id": 4, "type": "CONN", "payload": "Sending message to node -1, msg: 9403", "timestamp": 1553805380.6977243}
{"node_id": 4, "type": "STAT", "payload": {"Window ID": 17, "Runtime": 47.206886746003875, "Process time": 22.312009319000026, "Accuracy": {"4.csv": 34.521384928716905, "1.csv": 87.40088105726872, "3.csv": 54.95049504950495, "5.csv": 90.5829596412556, "8.csv": 91.47843942505133, "0.csv": 77.3469387755102, "6.csv": 81.83716075156576, "2.csv": 88.56589147286822, "9.csv": 85.82755203171457, "7.csv": 71.49805447470817}, "Datapoints": 528}, "timestamp": 1553805392.3881967}
{"node_id": 3, "type": "PROC", "payload": {"Window ID": 17, "Memory Usage": 0.1733061632922706}, "timestamp": 1553805400.7022588}
{"node_id": 3, "type": "CONN", "payload": "Sending message to node -1, msg: 9599", "timestamp": 1553805400.7069228}
{"node_id": 3, "type": "STAT", "payload": {"Window ID": 17, "Runtime": 51.11836020700139, "Process time": 25.936723647999997, "Accuracy": {"4.csv": 91.75152749490834, "1.csv": 98.85462555066078, "3.csv": 77.42574257425743, "5.csv": 69.73094170403587, "8.csv": 76.18069815195072, "0.csv": 86.63265306122449, "6.csv": 80.79331941544885, "2.csv": 69.67054263565892, "9.csv": 59.46481665014866, "7.csv": 94.64980544747081}, "Datapoints": 547}, "timestamp": 1553805412.6245887}
{"node_id": 2, "type": "PROC", "payload": {"Window ID": 16, "Memory Usage": 0.1843085726499048}, "timestamp": 1553805415.494172}
{"node_id": 2, "type": "CONN", "payload": "Sending message to node -1, msg: 13003", "timestamp": 1553805415.5025785}
{"node_id": -1, "type": "PROC", "payload": {"Window ID": 7, "Memory Usage": 0.3875131154548634}, "timestamp": 1553805416.5074568}
{"node_id": -1, "type": "STAT", "payload": {"Window ID": 7, "Runtime": 185.79774439799803, "Process time": 167.28421730399998, "Accuracy": {"4.csv": 85.23421588594705, "1.csv": 97.09251101321586, "3.csv": 92.27722772277228, "5.csv": 90.35874439461884, "8.csv": 79.97946611909651, "0.csv": 96.0204081632653, "6.csv": 89.4572025052192, "2.csv": 83.43023255813954, "9.csv": 90.58473736372646, "7.csv": 89.88326848249028}, "Datapoints": 6504}, "timestamp": 1553805422.2904165}
{"node_id": 2, "type": "STAT", "payload": {"Window ID": 16, "Runtime": 52.90795669599902, "Process time": 27.73924166400002, "Accuracy": {"4.csv": 76.27291242362524, "1.csv": 95.8590308370044, "3.csv": 90.4950495049505, "5.csv": 77.80269058295964, "8.csv": 77.00205338809035, "0.csv": 97.75510204081633, "6.csv": 93.42379958246346, "2.csv": 68.31395348837209, "9.csv": 92.66600594648166, "7.csv": 78.11284046692607}, "Datapoints": 735}, "timestamp": 1553805427.0980265}
{"node_id": 4, "type": "PROC", "payload": {"Window ID": 18, "Memory Usage": 0.1747391481754945}, "timestamp": 1553805430.4890847}
{"node_id": 4, "type": "CONN", "payload": "Sending message to node -1, msg: 9969", "timestamp": 1553805430.493077}
{"node_id": 4, "type": "STAT", "payload": {"Window ID": 18, "Runtime": 50.30414408499928, "Process time": 24.237343578000036, "Accuracy": {"4.csv": 81.56822810590631, "1.csv": 86.69603524229075, "3.csv": 56.43564356435643, "5.csv": 91.25560538116592, "8.csv": 90.96509240246407, "0.csv": 76.0204081632653, "6.csv": 70.35490605427975, "2.csv": 91.86046511627907, "9.csv": 73.14172447968286, "7.csv": 71.78988326848248}, "Datapoints": 566}, "timestamp": 1553805442.6955686}
{"node_id": 3, "type": "PROC", "payload": {"Window ID": 18, "Memory Usage": 0.17905024676485448}, "timestamp": 1553805448.8990965}
{"node_id": 3, "type": "CONN", "payload": "Sending message to node -1, msg: 10210", "timestamp": 1553805448.9037943}
{"node_id": 3, "type": "STAT", "payload": {"Window ID": 18, "Runtime": 48.57296729000518, "Process time": 23.02158369199998, "Accuracy": {"4.csv": 96.94501018329939, "1.csv": 97.26872246696036, "3.csv": 72.17821782178217, "5.csv": 64.12556053811659, "8.csv": 43.83983572895277, "0.csv": 92.65306122448979, "6.csv": 74.4258872651357, "2.csv": 86.82170542635659, "9.csv": 51.04063429137761, "7.csv": 92.70428015564202}, "Datapoints": 611}, "timestamp": 1553805461.2007275}
{"node_id": 2, "type": "PROC", "payload": {"Window ID": 17, "Memory Usage": 0.1881582015311079}, "timestamp": 1553805466.9956355}
{"node_id": 2, "type": "CONN", "payload": "Sending message to node -1, msg: 13847", "timestamp": 1553805467.0026722}
{"node_id": 4, "type": "PROC", "payload": {"Window ID": 19, "Memory Usage": 0.17229821629813857}, "timestamp": 1553805474.5957487}
{"node_id": 4, "type": "CONN", "payload": "Sending message to node -1, msg: 10570", "timestamp": 1553805474.6004262}
{"node_id": 2, "type": "STAT", "payload": {"Window ID": 17, "Runtime": 51.400561803995515, "Process time": 26.153929439999956, "Accuracy": {"4.csv": 74.13441955193483, "1.csv": 94.8898678414097, "3.csv": 91.2871287128713, "5.csv": 76.00896860986546, "8.csv": 78.54209445585215, "0.csv": 98.57142857142858, "6.csv": 93.84133611691024, "2.csv": 77.61627906976744, "9.csv": 89.39544103072349, "7.csv": 75.0}, "Datapoints": 844}, "timestamp": 1553805478.5020354}
{"node_id": 4, "type": "STAT", "payload": {"Window ID": 19, "Runtime": 44.50690517100156, "Process time": 18.909480696000003, "Accuracy": {"4.csv": 70.77393075356414, "1.csv": 81.76211453744493, "3.csv": 65.74257425742574, "5.csv": 89.91031390134529, "8.csv": 94.14784394250513, "0.csv": 66.83673469387756, "6.csv": 79.33194154488518, "2.csv": 88.37209302325581, "9.csv": 77.7998017839445, "7.csv": 77.23735408560312}, "Datapoints": 601}, "timestamp": 1553805487.2056162}
{"node_id": 4, "type": "PUSH", "payload": {"Network Cost": 129040}, "timestamp": 1553805487.2472465}
{"node_id": 1, "type": "CONN", "payload": "Got gradients from child 4", "timestamp": 1553805488.4624615}
{"node_id": 1, "type": "MERG", "payload": "Merged gradients at node 1", "timestamp": 1553805488.4671218}
{"node_id": 1, "type": "CONN", "payload": "Sending message to node -1, msg: 10570", "timestamp": 1553805488.469683}
{"node_id": 3, "type": "PROC", "payload": {"Window ID": 19, "Memory Usage": 0.17799372401196908}, "timestamp": 1553805494.3967245}
{"node_id": 3, "type": "CONN", "payload": "Sending message to node -1, msg: 10792", "timestamp": 1553805494.4009857}
{"node_id": 1, "type": "STAT", "payload": {"Merge ID": 4, "Child ID": 4, "Skip Test data": 10570, "Post Merge Accuracy": {"4.csv": 67.5152749490835, "1.csv": 90.48458149779735, "3.csv": 59.5049504950495, "5.csv": 91.3677130044843, "8.csv": 92.1971252566735, "0.csv": 38.57142857142858, "6.csv": 80.3757828810021, "2.csv": 87.01550387596899, "9.csv": 73.6372646184341, "7.csv": 73.0544747081712}}, "timestamp": 1553805501.0060537}
{"node_id": 3, "type": "STAT", "payload": {"Window ID": 19, "Runtime": 45.29071100799774, "Process time": 19.183485372000007, "Accuracy": {"4.csv": 93.68635437881873, "1.csv": 98.76651982378854, "3.csv": 75.24752475247524, "5.csv": 68.72197309417041, "8.csv": 76.79671457905543, "0.csv": 82.85714285714286, "6.csv": 80.79331941544885, "2.csv": 77.03488372093024, "9.csv": 67.49256689791872, "7.csv": 92.99610894941634}, "Datapoints": 582}, "timestamp": 1553805506.4954648}
{"node_id": 4, "type": "CONN", "payload": "Got parent update count: 5", "timestamp": 1553805508.814725}
{"node_id": 1, "type": "CONN", "payload": "Got pull request from child 4", "timestamp": 1553805508.8179111}
{"node_id": 4, "type": "PULL", "payload": {"Network Cost": 129040}, "timestamp": 1553805509.0523572}
{"node_id": 2, "type": "PROC", "payload": {"Window ID": 18, "Memory Usage": 0.18717454241635254}, "timestamp": 1553805517.6037347}
{"node_id": 2, "type": "CONN", "payload": "Sending message to node -1, msg: 14667", "timestamp": 1553805517.6071768}
{"node_id": 4, "type": "PROC", "payload": {"Window ID": 20, "Memory Usage": 0.1729782769206855}, "timestamp": 1553805524.4900208}
{"node_id": 4, "type": "CONN", "payload": "Sending message to node -1, msg: 11119", "timestamp": 1553805524.4932845}
{"node_id": 2, "type": "STAT", "payload": {"Window ID": 18, "Runtime": 50.699713496003824, "Process time": 25.170000450000032, "Accuracy": {"4.csv": 78.10590631364562, "1.csv": 91.8942731277533, "3.csv": 94.55445544554455, "5.csv": 57.17488789237668, "8.csv": 77.00205338809035, "0.csv": 96.12244897959184, "6.csv": 90.50104384133611, "2.csv": 74.2248062015504, "9.csv": 92.9633300297324, "7.csv": 73.83268482490273}, "Datapoints": 820}, "timestamp": 1553805529.2044756}
{"node_id": 4, "type": "STAT", "payload": {"Window ID": 20, "Runtime": 47.332629486998485, "Process time": 20.93876458699998, "Accuracy": {"4.csv": 60.59063136456212, "1.csv": 88.45814977973568, "3.csv": 65.34653465346535, "5.csv": 91.70403587443946, "8.csv": 90.55441478439425, "0.csv": 68.57142857142857, "6.csv": 73.17327766179541, "2.csv": 89.82558139534885, "9.csv": 79.8810703666997, "7.csv": 74.70817120622569}, "Datapoints": 549}, "timestamp": 1553805535.8015356}
{"node_id": 3, "type": "PROC", "payload": {"Window ID": 20, "Memory Usage": 0.17334259511133562}, "timestamp": 1553805540.8969414}
{"node_id": 3, "type": "CONN", "payload": "Sending message to node -1, msg: 11333", "timestamp": 1553805540.988765}
{"node_id": 3, "type": "STAT", "payload": {"Window ID": 20, "Runtime": 46.00207148100162, "Process time": 20.862152925000032, "Accuracy": {"4.csv": 86.25254582484725, "1.csv": 97.3568281938326, "3.csv": 84.25742574257426, "5.csv": 69.28251121076234, "8.csv": 79.97946611909651, "0.csv": 90.81632653061224, "6.csv": 75.88726513569938, "2.csv": 78.68217054263566, "9.csv": 70.16848364717542, "7.csv": 95.13618677042801}, "Datapoints": 541}, "timestamp": 1553805552.5007892}
{"node_id": 4, "type": "PROC", "payload": {"Window ID": 21, "Memory Usage": 0.1720189056853068}, "timestamp": 1553805570.0009272}
{"node_id": 4, "type": "CONN", "payload": "Sending message to node -1, msg: 11683", "timestamp": 1553805570.0053546}
{"node_id": 2, "type": "PROC", "payload": {"Window ID": 19, "Memory Usage": 0.18672521664788405}, "timestamp": 1553805570.1914918}
{"node_id": 2, "type": "CONN", "payload": "Sending message to node -1, msg: 15475", "timestamp": 1553805570.1949873}
{"node_id": 4, "type": "STAT", "payload": {"Window ID": 21, "Runtime": 45.794856309999886, "Process time": 19.751807076999967, "Accuracy": {"4.csv": 71.4867617107943, "1.csv": 89.77973568281938, "3.csv": 64.45544554455445, "5.csv": 87.21973094170403, "8.csv": 89.93839835728953, "0.csv": 76.32653061224491, "6.csv": 76.93110647181628, "2.csv": 90.31007751937985, "9.csv": 78.1962338949455, "7.csv": 74.41634241245137}, "Datapoints": 564}, "timestamp": 1553805581.5993636}
{"node_id": 2, "type": "STAT", "payload": {"Window ID": 19, "Runtime": 58.28683915800502, "Process time": 27.13741894499998, "Accuracy": {"4.csv": 75.45824847250509, "1.csv": 94.09691629955947, "3.csv": 88.21782178217822, "5.csv": 72.30941704035875, "8.csv": 77.20739219712526, "0.csv": 96.3265306122449, "6.csv": 95.09394572025052, "2.csv": 80.23255813953489, "9.csv": 91.57581764122894, "7.csv": 81.42023346303502}, "Datapoints": 808}, "timestamp": 1553805587.4942005}
{"node_id": 3, "type": "PROC", "payload": {"Window ID": 21, "Memory Usage": 0.172528951152217}, "timestamp": 1553805589.3966596}
{"node_id": 3, "type": "CONN", "payload": "Sending message to node -1, msg: 11884", "timestamp": 1553805589.4012601}
{"node_id": 3, "type": "STAT", "payload": {"Window ID": 21, "Runtime": 48.28537502499967, "Process time": 23.054505387000006, "Accuracy": {"4.csv": 95.41751527494908, "1.csv": 98.14977973568281, "3.csv": 79.3069306930693, "5.csv": 72.42152466367713, "8.csv": 68.58316221765914, "0.csv": 88.87755102040816, "6.csv": 83.7160751565762, "2.csv": 80.13565891472868, "9.csv": 74.13280475718534, "7.csv": 94.3579766536965}, "Datapoints": 551}, "timestamp": 1553805600.7891574}
{"node_id": 4, "type": "PROC", "payload": {"Window ID": 22, "Memory Usage": 0.1722374965996969}, "timestamp": 1553805612.293656}
{"node_id": 4, "type": "CONN", "payload": "Sending message to node -1, msg: 12232", "timestamp": 1553805612.2999415}
{"node_id": 4, "type": "STAT", "payload": {"Window ID": 22, "Runtime": 42.09261080499709, "Process time": 16.677412817999993, "Accuracy": {"4.csv": 80.65173116089613, "1.csv": 90.7488986784141, "3.csv": 48.81188118811881, "5.csv": 92.2645739910314, "8.csv": 89.21971252566735, "0.csv": 73.77551020408163, "6.csv": 68.78914405010438, "2.csv": 89.63178294573643, "9.csv": 71.55599603567889, "7.csv": 76.07003891050583}, "Datapoints": 549}, "timestamp": 1553805623.697872}
{"node_id": 2, "type": "PROC", "payload": {"Window ID": 20, "Memory Usage": 0.19367155014961335}, "timestamp": 1553805628.4004607}
{"node_id": 2, "type": "CONN", "payload": "Sending message to node -1, msg: 16404", "timestamp": 1553805628.40967}
{"node_id": -1, "type": "PROC", "payload": {"Window ID": 8, "Memory Usage": 0.42898466949053743}, "timestamp": 1553805629.5039997}
{"node_id": -1, "type": "STAT", "payload": {"Window ID": 8, "Runtime": 213.1042269419995, "Process time": 194.46831390900002, "Accuracy": {"4.csv": 90.12219959266803, "1.csv": 95.33039647577093, "3.csv": 85.44554455445544, "5.csv": 89.12556053811659, "8.csv": 83.67556468172485, "0.csv": 95.91836734693877, "6.csv": 90.08350730688936, "2.csv": 85.07751937984496, "9.csv": 89.69276511397423, "7.csv": 89.49416342412452}, "Datapoints": 7410}, "timestamp": 1553805635.397629}
{"node_id": 2, "type": "STAT", "payload": {"Window ID": 20, "Runtime": 52.70202336300281, "Process time": 27.44194809000004, "Accuracy": {"4.csv": 79.0224032586558, "1.csv": 90.7488986784141, "3.csv": 92.97029702970298, "5.csv": 58.18385650224215, "8.csv": 77.61806981519507, "0.csv": 96.63265306122449, "6.csv": 96.97286012526096, "2.csv": 65.40697674418605, "9.csv": 91.17938553022795, "7.csv": 82.58754863813229}, "Datapoints": 929}, "timestamp": 1553805640.1996312}
{"node_id": 3, "type": "PROC", "payload": {"Window ID": 22, "Memory Usage": 0.17755654218318892}, "timestamp": 1553805641.7936013}
{"node_id": 3, "type": "CONN", "payload": "Sending message to node -1, msg: 12461", "timestamp": 1553805641.8904407}
{"node_id": 3, "type": "STAT", "payload": {"Window ID": 22, "Runtime": 52.19681978599692, "Process time": 27.11937872699997, "Accuracy": {"4.csv": 94.5010183299389, "1.csv": 98.50220264317181, "3.csv": 78.61386138613862, "5.csv": 75.11210762331838, "8.csv": 64.68172484599589, "0.csv": 84.89795918367346, "6.csv": 87.16075156576201, "2.csv": 74.2248062015504, "9.csv": 66.99702675916748, "7.csv": 93.77431906614785}, "Datapoints": 577}, "timestamp": 1553805652.9895272}
{"node_id": 4, "type": "PROC", "payload": {"Window ID": 23, "Memory Usage": 0.17206748144406014}, "timestamp": 1553805657.4908488}
{"node_id": 4, "type": "CONN", "payload": "Sending message to node -1, msg: 12736", "timestamp": 1553805657.5928035}
{"node_id": 4, "type": "STAT", "payload": {"Window ID": 23, "Runtime": 44.99536945699947, "Process time": 19.60448977599998, "Accuracy": {"4.csv": 59.164969450101836, "1.csv": 93.03964757709251, "3.csv": 60.99009900990099, "5.csv": 88.56502242152466, "8.csv": 89.42505133470226, "0.csv": 77.3469387755102, "6.csv": 85.69937369519833, "2.csv": 89.72868217054264, "9.csv": 85.53022794846382, "7.csv": 67.70428015564202}, "Datapoints": 504}, "timestamp": 1553805668.6966739}
{"node_id": 2, "type": "PROC", "payload": {"Window ID": 21, "Memory Usage": 0.18808533789297788}, "timestamp": 1553805675.102952}
{"node_id": 2, "type": "CONN", "payload": "Sending message to node -1, msg: 17245", "timestamp": 1553805675.1924558}
{"node_id": 2, "type": "STAT", "payload": {"Window ID": 21, "Runtime": 46.80408432600234, "Process time": 21.03273729199998, "Accuracy": {"4.csv": 72.70875763747455, "1.csv": 93.30396475770925, "3.csv": 95.74257425742574, "5.csv": 67.82511210762333, "8.csv": 54.106776180698155, "0.csv": 98.26530612244898, "6.csv": 96.24217118997912, "2.csv": 69.37984496124031, "9.csv": 92.17046580773042, "7.csv": 84.24124513618678}, "Datapoints": 841}, "timestamp": 1553805687.006987}
{"node_id": 3, "type": "PROC", "payload": {"Window ID": 23, "Memory Usage": 0.17969387556833638}, "timestamp": 1553805687.5936165}
{"node_id": 3, "type": "CONN", "payload": "Sending message to node -1, msg: 13087", "timestamp": 1553805687.5974388}
{"node_id": 3, "type": "STAT", "payload": {"Window ID": 23, "Runtime": 46.19814877200406, "Process time": 20.535141203000023, "Accuracy": {"4.csv": 95.21384928716904, "1.csv": 98.6784140969163, "3.csv": 71.98019801980197, "5.csv": 68.49775784753363, "8.csv": 77.61806981519507, "0.csv": 78.06122448979592, "6.csv": 83.08977035490605, "2.csv": 77.42248062015504, "9.csv": 69.87115956392468, "7.csv": 92.31517509727627}, "Datapoints": 626}, "timestamp": 1553805699.1910706}
{"node_id": 4, "type": "PROC", "payload": {"Window ID": 24, "Memory Usage": 0.17114454202774648}, "timestamp": 1553805701.8935401}
{"node_id": 4, "type": "CONN", "payload": "Sending message to node -1, msg: 13273", "timestamp": 1553805701.8968945}
{"node_id": 4, "type": "STAT", "payload": {"Window ID": 24, "Runtime": 44.70892731399363, "Process time": 19.840390414000012, "Accuracy": {"4.csv": 67.82077393075356, "1.csv": 91.27753303964758, "3.csv": 61.584158415841586, "5.csv": 88.67713004484304, "8.csv": 92.71047227926078, "0.csv": 77.9591836734694, "6.csv": 71.71189979123173, "2.csv": 92.44186046511628, "9.csv": 72.54707631318136, "7.csv": 55.252918287937746}, "Datapoints": 537}, "timestamp": 1553805713.408503}
{"node_id": 2, "type": "PROC", "payload": {"Window ID": 22, "Memory Usage": 0.1847943302374383}, "timestamp": 1553805726.2039936}
{"node_id": 2, "type": "CONN", "payload": "Sending message to node -1, msg: 17992", "timestamp": 1553805726.2098699}
{"node_id": 3, "type": "PROC", "payload": {"Window ID": 24, "Memory Usage": 0.17427767846733766}, "timestamp": 1553805731.0912552}
{"node_id": 3, "type": "CONN", "payload": "Sending message to node -1, msg: 13639", "timestamp": 1553805731.0944827}
{"node_id": 2, "type": "STAT", "payload": {"Window ID": 22, "Runtime": 50.99408215400035, "Process time": 25.901695976000042, "Accuracy": {"4.csv": 78.92057026476579, "1.csv": 92.68722466960352, "3.csv": 90.5940594059406, "5.csv": 71.97309417040358, "8.csv": 69.91786447638604, "0.csv": 98.77551020408163, "6.csv": 96.5553235908142, "2.csv": 75.3875968992248, "9.csv": 88.60257680872151, "7.csv": 83.26848249027238}, "Datapoints": 747}, "timestamp": 1553805738.004211}
{"node_id": 3, "type": "STAT", "payload": {"Window ID": 24, "Runtime": 45.394423028003075, "Process time": 18.65113533500005, "Accuracy": {"4.csv": 90.12219959266803, "1.csv": 98.6784140969163, "3.csv": 71.08910891089108, "5.csv": 68.16143497757847, "8.csv": 81.3141683778234, "0.csv": 92.75510204081633, "6.csv": 87.99582463465553, "2.csv": 77.03488372093024, "9.csv": 68.58275520317146, "7.csv": 92.31517509727627}, "Datapoints": 552}, "timestamp": 1553805744.589563}
{"node_id": 4, "type": "PROC", "payload": {"Window ID": 25, "Memory Usage": 0.17178817083122838}, "timestamp": 1553805747.5896797}
{"node_id": 4, "type": "CONN", "payload": "Sending message to node -1, msg: 13810", "timestamp": 1553805747.5936093}
{"node_id": 4, "type": "STAT", "payload": {"Window ID": 25, "Runtime": 45.124613881002006, "Process time": 20.095660350999992, "Accuracy": {"4.csv": 90.83503054989816, "1.csv": 74.18502202643171, "3.csv": 49.20792079207921, "5.csv": 92.2645739910314, "8.csv": 90.34907597535934, "0.csv": 81.93877551020408, "6.csv": 86.32567849686848, "2.csv": 86.43410852713178, "9.csv": 32.507433102081265, "7.csv": 65.46692607003891}, "Datapoints": 537}, "timestamp": 1553805758.5361087}
{"node_id": 2, "type": "PROC", "payload": {"Window ID": 23, "Memory Usage": 0.1869680954416508}, "timestamp": 1553805775.9930604}
{"node_id": 2, "type": "CONN", "payload": "Sending message to node -1, msg: 18807", "timestamp": 1553805776.0011806}
{"node_id": 3, "type": "PROC", "payload": {"Window ID": 25, "Memory Usage": 0.17280826176504877}, "timestamp": 1553805780.4104064}
{"node_id": 3, "type": "CONN", "payload": "Sending message to node -1, msg: 14182", "timestamp": 1553805780.415058}
{"node_id": 2, "type": "STAT", "payload": {"Window ID": 23, "Runtime": 50.40107030099898, "Process time": 24.543111507999924, "Accuracy": {"4.csv": 82.9938900203666, "1.csv": 91.36563876651982, "3.csv": 91.98019801980199, "5.csv": 65.5829596412556, "8.csv": 53.49075975359343, "0.csv": 96.53061224489797, "6.csv": 95.61586638830897, "2.csv": 76.35658914728683, "9.csv": 93.55797819623389, "7.csv": 81.42023346303502}, "Datapoints": 815}, "timestamp": 1553805788.4114017}
{"node_id": 4, "type": "PROC", "payload": {"Window ID": 26, "Memory Usage": 0.1718610344693584}, "timestamp": 1553805793.8963404}
{"node_id": 4, "type": "CONN", "payload": "Sending message to node -1, msg: 14350", "timestamp": 1553805793.9885993}
{"node_id": 3, "type": "STAT", "payload": {"Window ID": 25, "Runtime": 49.71108140699653, "Process time": 22.289971741000045, "Accuracy": {"4.csv": 97.25050916496944, "1.csv": 97.70925110132158, "3.csv": 71.28712871287128, "5.csv": 61.65919282511211, "8.csv": 74.94866529774127, "0.csv": 92.65306122448979, "6.csv": 80.68893528183716, "2.csv": 75.5813953488372, "9.csv": 68.38453914767096, "7.csv": 94.16342412451361}, "Datapoints": 543}, "timestamp": 1553805794.303868}
{"node_id": 4, "type": "STAT", "payload": {"Window ID": 26, "Runtime": 46.86159347099601, "Process time": 21.263322549999998, "Accuracy": {"4.csv": 80.44806517311609, "1.csv": 84.84581497797356, "3.csv": 54.75247524752476, "5.csv": 92.2645739910314, "8.csv": 91.37577002053389, "0.csv": 85.51020408163265, "6.csv": 71.29436325678496, "2.csv": 90.50387596899225, "9.csv": 81.16947472745292, "7.csv": 73.44357976653697}, "Datapoints": 540}, "timestamp": 1553805805.4006329}
{"node_id": 2, "type": "PROC", "payload": {"Window ID": 24, "Memory Usage": 0.18672521664788405}, "timestamp": 1553805827.3898468}
{"node_id": 2, "type": "CONN", "payload": "Sending message to node -1, msg: 19611", "timestamp": 1553805827.3948224}
{"node_id": 3, "type": "PROC", "payload": {"Window ID": 26, "Memory Usage": 0.17818802704698247}, "timestamp": 1553805832.102793}
{"node_id": 3, "type": "CONN", "payload": "Sending message to node -1, msg: 14777", "timestamp": 1553805832.1916702}
{"node_id": 2, "type": "STAT", "payload": {"Window ID": 24, "Runtime": 51.287481423001736, "Process time": 25.448150194999926, "Accuracy": {"4.csv": 76.4765784114053, "1.csv": 91.98237885462555, "3.csv": 95.74257425742574, "5.csv": 55.15695067264574, "8.csv": 55.441478439425055, "0.csv": 98.46938775510205, "6.csv": 92.90187891440502, "2.csv": 81.0077519379845, "9.csv": 89.09811694747275, "7.csv": 85.50583657587548}, "Datapoints": 804}, "timestamp": 1553805839.7015052}
{"node_id": 4, "type": "PROC", "payload": {"Window ID": 27, "Memory Usage": 0.17193389810748844}, "timestamp": 1553805841.1910813}
{"node_id": 4, "type": "CONN", "payload": "Sending message to node -1, msg: 14909", "timestamp": 1553805841.194121}
{"node_id": 3, "type": "STAT", "payload": {"Window ID": 26, "Runtime": 51.19688140300423, "Process time": 23.925177293000047, "Accuracy": {"4.csv": 95.11201629327903, "1.csv": 98.41409691629957, "3.csv": 67.62376237623762, "5.csv": 71.0762331838565, "8.csv": 77.82340862422998, "0.csv": 87.95918367346938, "6.csv": 88.83089770354906, "2.csv": 75.96899224806202, "9.csv": 75.22299306243806, "7.csv": 88.715953307393}, "Datapoints": 595}, "timestamp": 1553805845.503934}
{"node_id": 4, "type": "STAT", "payload": {"Window ID": 27, "Runtime": 48.18806722599402, "Process time": 22.405109914000036, "Accuracy": {"4.csv": 79.63340122199592, "1.csv": 90.22026431718062, "3.csv": 63.663366336633665, "5.csv": 91.92825112107623, "8.csv": 93.01848049281314, "0.csv": 82.34693877551021, "6.csv": 74.53027139874739, "2.csv": 90.01937984496125, "9.csv": 79.48463825569871, "7.csv": 78.30739299610894}, "Datapoints": 559}, "timestamp": 1553805853.5916321}
{"node_id": -1, "type": "PROC", "payload": {"Window ID": 9, "Memory Usage": 0.4738686705786344}, "timestamp": 1553805865.9901433}
{"node_id": -1, "type": "STAT", "payload": {"Window ID": 9, "Runtime": 236.10035533900373, "Process time": 217.7365608309999, "Accuracy": {"4.csv": 85.74338085539715, "1.csv": 97.44493392070484, "3.csv": 91.0891089108911, "5.csv": 84.75336322869956, "8.csv": 85.62628336755647, "0.csv": 96.12244897959184, "6.csv": 91.9624217118998, "2.csv": 87.01550387596899, "9.csv": 90.08919722497522, "7.csv": 89.39688715953308}, "Datapoints": 8496}, "timestamp": 1553805871.5012538}
{"node_id": 3, "type": "PROC", "payload": {"Window ID": 27, "Memory Usage": 0.1737190572416741}, "timestamp": 1553805878.3992193}
{"node_id": 3, "type": "CONN", "payload": "Sending message to node -1, msg: 15391", "timestamp": 1553805878.4043996}
{"node_id": 2, "type": "PROC", "payload": {"Window ID": 25, "Memory Usage": 0.1872231181751059}, "timestamp": 1553805879.3934197}
{"node_id": 2, "type": "CONN", "payload": "Sending message to node -1, msg: 20429", "timestamp": 1553805879.3964305}
{"node_id": 4, "type": "PROC", "payload": {"Window ID": 28, "Memory Usage": 0.17217677690125519}, "timestamp": 1553805886.0928965}
{"node_id": 4, "type": "CONN", "payload": "Sending message to node -1, msg: 15487", "timestamp": 1553805886.1906676}
{"node_id": 3, "type": "STAT", "payload": {"Window ID": 27, "Runtime": 44.41080781100027, "Process time": 19.146955555999966, "Accuracy": {"4.csv": 93.58452138492872, "1.csv": 98.41409691629957, "3.csv": 76.83168316831683, "5.csv": 64.34977578475336, "8.csv": 70.94455852156058, "0.csv": 92.3469387755102, "6.csv": 78.49686847599166, "2.csv": 79.55426356589147, "9.csv": 76.41228939544104, "7.csv": 92.31517509727627}, "Datapoints": 614}, "timestamp": 1553805890.0061145}
{"node_id": 2, "type": "STAT", "payload": {"Window ID": 25, "Runtime": 56.018978683998284, "Process time": 26.472832396999934, "Accuracy": {"4.csv": 78.71690427698574, "1.csv": 90.7488986784141, "3.csv": 94.45544554455445, "5.csv": 66.14349775784754, "8.csv": 69.40451745379876, "0.csv": 96.0204081632653, "6.csv": 95.30271398747391, "2.csv": 75.1937984496124, "9.csv": 92.86422200198216, "7.csv": 63.13229571984436}, "Datapoints": 818}, "timestamp": 1553805895.8071978}
{"node_id": 4, "type": "STAT", "payload": {"Window ID": 28, "Runtime": 47.99433312199835, "Process time": 18.513802124999984, "Accuracy": {"4.csv": 82.17922606924644, "1.csv": 95.94713656387665, "3.csv": 60.29702970297029, "5.csv": 92.152466367713, "8.csv": 93.42915811088297, "0.csv": 80.91836734693878, "6.csv": 76.20041753653445, "2.csv": 90.11627906976744, "9.csv": 78.49355797819624, "7.csv": 80.6420233463035}, "Datapoints": 578}, "timestamp": 1553805901.590122}
{"node_id": 4, "type": "PUSH", "payload": {"Network Cost": 129040}, "timestamp": 1553805901.6168}
{"node_id": 1, "type": "CONN", "payload": "Got gradients from child 4", "timestamp": 1553805902.9052098}
{"node_id": 1, "type": "MERG", "payload": "Merged gradients at node 1", "timestamp": 1553805902.9117827}
{"node_id": 1, "type": "CONN", "payload": "Sending message to node -1, msg: 15487", "timestamp": 1553805902.9155812}
{"node_id": 1, "type": "STAT", "payload": {"Merge ID": 5, "Child ID": 4, "Skip Test data": 15487, "Post Merge Accuracy": {"4.csv": 77.08757637474541, "1.csv": 93.65638766519824, "3.csv": 64.95049504950495, "5.csv": 91.81614349775785, "8.csv": 94.35318275154005, "0.csv": 58.673469387755105, "6.csv": 82.5678496868476, "2.csv": 88.75968992248062, "9.csv": 76.51139742319127, "7.csv": 78.21011673151752}}, "timestamp": 1553805914.1899931}
{"node_id": 4, "type": "CONN", "payload": "Got parent update count: 6", "timestamp": 1553805923.087553}
{"node_id": 1, "type": "CONN", "payload": "Got pull request from child 4", "timestamp": 1553805923.0919425}
{"node_id": 4, "type": "PULL", "payload": {"Network Cost": 129040}, "timestamp": 1553805923.2891665}
{"node_id": 3, "type": "PROC", "payload": {"Window ID": 28, "Memory Usage": 0.1739983678545059}, "timestamp": 1553805924.1423962}
{"node_id": 3, "type": "CONN", "payload": "Sending message to node -1, msg: 15922", "timestamp": 1553805924.1450956}
{"node_id": 3, "type": "STAT", "payload": {"Window ID": 28, "Runtime": 45.81025619999855, "Process time": 20.47749146900003, "Accuracy": {"4.csv": 96.13034623217924, "1.csv": 98.14977973568281, "3.csv": 71.98019801980197, "5.csv": 71.41255605381166, "8.csv": 72.07392197125256, "0.csv": 86.93877551020408, "6.csv": 86.63883089770354, "2.csv": 82.07364341085271, "9.csv": 61.94251734390485, "7.csv": 92.80155642023347}, "Datapoints": 531}, "timestamp": 1553805935.8883185}
{"node_id": 2, "type": "PROC", "payload": {"Window ID": 26, "Memory Usage": 0.1900162243034236}, "timestamp": 1553805939.3037798}
{"node_id": 2, "type": "CONN", "payload": "Sending message to node -1, msg: 21323", "timestamp": 1553805939.390535}
{"node_id": 4, "type": "PROC", "payload": {"Window ID": 29, "Memory Usage": 0.17257752691097034}, "timestamp": 1553805939.6936197}
{"node_id": 4, "type": "CONN", "payload": "Sending message to node -1, msg: 16075", "timestamp": 1553805939.6984837}
{"node_id": 2, "type": "STAT", "payload": {"Window ID": 26, "Runtime": 55.20567062900227, "Process time": 30.185638899000082, "Accuracy": {"4.csv": 71.07942973523421, "1.csv": 86.34361233480176, "3.csv": 94.95049504950495, "5.csv": 69.61883408071749, "8.csv": 68.27515400410678, "0.csv": 97.44897959183673, "6.csv": 92.06680584551148, "2.csv": 74.32170542635659, "9.csv": 93.45887016848364, "7.csv": 73.24902723735408}, "Datapoints": 894}, "timestamp": 1553805951.096236}
{"node_id": 4, "type": "STAT", "payload": {"Window ID": 29, "Runtime": 53.897737571001926, "Process time": 21.802902039999935, "Accuracy": {"4.csv": 82.58655804480651, "1.csv": 90.39647577092511, "3.csv": 66.43564356435644, "5.csv": 90.69506726457399, "8.csv": 91.37577002053389, "0.csv": 82.14285714285714, "6.csv": 77.8705636743215, "2.csv": 90.98837209302324, "9.csv": 78.59266600594648, "7.csv": 77.82101167315176}, "Datapoints": 588}, "timestamp": 1553805956.8103}
{"node_id": 3, "type": "PROC", "payload": {"Window ID": 29, "Memory Usage": 0.17239536781564527}, "timestamp": 1553805966.1910973}
{"node_id": 3, "type": "CONN", "payload": "Sending message to node -1, msg: 16471", "timestamp": 1553805966.1947758}
{"node_id": 3, "type": "STAT", "payload": {"Window ID": 29, "Runtime": 41.71384706800018, "Process time": 17.007731213999932, "Accuracy": {"4.csv": 95.82484725050917, "1.csv": 97.70925110132158, "3.csv": 80.4950495049505, "5.csv": 65.35874439461884, "8.csv": 74.64065708418892, "0.csv": 90.71428571428571, "6.csv": 87.47390396659708, "2.csv": 76.74418604651163, "9.csv": 74.92566897918731, "7.csv": 94.94163424124513}, "Datapoints": 549}, "timestamp": 1553805977.6053867}
{"node_id": 4, "type": "PROC", "payload": {"Window ID": 30, "Memory Usage": 0.17762940582131895}, "timestamp": 1553805992.3008578}
{"node_id": 4, "type": "CONN", "payload": "Sending message to node -1, msg: 16720", "timestamp": 1553805992.389705}
{"node_id": 2, "type": "PROC", "payload": {"Window ID": 27, "Memory Usage": 0.1916070804025959}, "timestamp": 1553805992.7997403}
{"node_id": 2, "type": "CONN", "payload": "Sending message to node -1, msg: 22204", "timestamp": 1553805992.8069482}
{"node_id": 4, "type": "STAT", "payload": {"Window ID": 30, "Runtime": 47.57904468200286, "Process time": 21.860189613999978, "Accuracy": {"4.csv": 70.57026476578412, "1.csv": 83.61233480176212, "3.csv": 60.79207920792079, "5.csv": 94.39461883408072, "8.csv": 94.14784394250513, "0.csv": 77.04081632653062, "6.csv": 77.45302713987473, "2.csv": 90.98837209302324, "9.csv": 57.4826560951437, "7.csv": 67.41245136186771}, "Datapoints": 645}, "timestamp": 1553806004.391996}
{"node_id": 4, "type": "PUSH", "payload": {"Network Cost": 129040}, "timestamp": 1553806004.4115345}
{"node_id": 1, "type": "CONN", "payload": "Got gradients from child 4", "timestamp": 1553806005.6489677}
{"node_id": 1, "type": "MERG", "payload": "Merged gradients at node 1", "timestamp": 1553806005.6537287}
{"node_id": 1, "type": "CONN", "payload": "Sending message to node -1, msg: 16720", "timestamp": 1553806005.6561644}
{"node_id": 2, "type": "STAT", "payload": {"Window ID": 27, "Runtime": 59.40561204799451, "Process time": 28.375325049000026, "Accuracy": {"4.csv": 82.28105906313645, "1.csv": 91.36563876651982, "3.csv": 93.26732673267327, "5.csv": 68.04932735426009, "8.csv": 79.87679671457906, "0.csv": 92.9591836734694, "6.csv": 96.97286012526096, "2.csv": 80.81395348837209, "9.csv": 92.36868186323092, "7.csv": 82.87937743190662}, "Datapoints": 881}, "timestamp": 1553806010.5046997}
{"node_id": 3, "type": "PROC", "payload": {"Window ID": 30, "Memory Usage": 0.17284469358411378}, "timestamp": 1553806011.796171}
{"node_id": 3, "type": "CONN", "payload": "Sending message to node -1, msg: 16970", "timestamp": 1553806011.8000283}
{"node_id": 1, "type": "STAT", "payload": {"Merge ID": 6, "Child ID": 4, "Skip Test data": 16720, "Post Merge Accuracy": {"4.csv": 77.18940936863544, "1.csv": 91.27753303964758, "3.csv": 64.25742574257426, "5.csv": 94.05829596412556, "8.csv": 94.45585215605749, "0.csv": 71.63265306122449, "6.csv": 82.98538622129436, "2.csv": 90.40697674418605, "9.csv": 73.14172447968286, "7.csv": 75.68093385214007}}, "timestamp": 1553806016.6109667}
{"node_id": 3, "type": "STAT", "payload": {"Window ID": 30, "Runtime": 45.89327076599875, "Process time": 20.01029957600008, "Accuracy": {"4.csv": 96.23217922606925, "1.csv": 98.6784140969163, "3.csv": 74.85148514851485, "5.csv": 73.31838565022422, "8.csv": 69.71252566735113, "0.csv": 87.34693877551021, "6.csv": 89.87473903966597, "2.csv": 74.12790697674419, "9.csv": 56.78889990089198, "7.csv": 90.27237354085604}, "Datapoints": 499}, "timestamp": 1553806023.501701}
{"node_id": 4, "type": "CONN", "payload": "Got parent update count: 7", "timestamp": 1553806025.8804035}
{"node_id": 1, "type": "CONN", "payload": "Got pull request from child 4", "timestamp": 1553806025.8837225}
{"node_id": 4, "type": "PULL", "payload": {"Network Cost": 129040}, "timestamp": 1553806026.0924401}
{"node_id": 4, "type": "PROC", "payload": {"Window ID": 31, "Memory Usage": 0.17392550421637587}, "timestamp": 1553806038.9007561}
{"node_id": 4, "type": "CONN", "payload": "Sending message to node -1, msg: 17305", "timestamp": 1553806038.905647}
{"node_id": 4, "type": "STAT", "payload": {"Window ID": 31, "Runtime": 44.63642039499973, "Process time": 18.647716712000033, "Accuracy": {"4.csv": 82.38289205702648, "1.csv": 91.98237885462555, "3.csv": 53.16831683168317, "5.csv": 90.80717488789237, "8.csv": 90.14373716632443, "0.csv": 73.06122448979592, "6.csv": 77.8705636743215, "2.csv": 94.57364341085271, "9.csv": 69.77205153617443, "7.csv": 71.40077821011673}, "Datapoints": 585}, "timestamp": 1553806050.290702}
{"node_id": 2, "type": "PROC", "payload": {"Window ID": 28, "Memory Usage": 0.19453376986748533}, "timestamp": 1553806052.7010605}
{"node_id": 2, "type": "CONN", "payload": "Sending message to node -1, msg: 23152", "timestamp": 1553806052.7064624}
{"node_id": 3, "type": "PROC", "payload": {"Window ID": 31, "Memory Usage": 0.1716910193137217}, "timestamp": 1553806058.8011348}
{"node_id": 3, "type": "CONN", "payload": "Sending message to node -1, msg: 17519", "timestamp": 1553806058.8056595}
{"node_id": 2, "type": "STAT", "payload": {"Window ID": 28, "Runtime": 54.00230288600142, "Process time": 28.70845604200008, "Accuracy": {"4.csv": 72.50509164969449, "1.csv": 93.65638766519824, "3.csv": 90.3960396039604, "5.csv": 65.80717488789237, "8.csv": 79.87679671457906, "0.csv": 97.55102040816327, "6.csv": 91.44050104384134, "2.csv": 83.91472868217055, "9.csv": 92.9633300297324, "7.csv": 79.08560311284046}, "Datapoints": 948}, "timestamp": 1553806064.5100298}
{"node_id": 3, "type": "STAT", "payload": {"Window ID": 31, "Runtime": 46.09810081499745, "Process time": 21.286172339000018, "Accuracy": {"4.csv": 95.72301425661914, "1.csv": 99.11894273127754, "3.csv": 71.48514851485149, "5.csv": 67.37668161434978, "8.csv": 77.72073921971253, "0.csv": 91.42857142857143, "6.csv": 83.92484342379957, "2.csv": 76.25968992248062, "9.csv": 67.78989098116948, "7.csv": 92.41245136186771}, "Datapoints": 549}, "timestamp": 1553806069.6027484}