{"node_id": 2, "type": "CONN", "payload": "Connected with the Kafka server", "timestamp": 1553857154.284514}
{"node_id": 3, "type": "CONN", "payload": "Connected with the Kafka server", "timestamp": 1553857156.8021445}
{"node_id": 4, "type": "CONN", "payload": "Connected with the Kafka server", "timestamp": 1553857159.258591}
{"node_id": -1, "type": "CONN", "payload": "Connected with the Kafka server", "timestamp": 1553857161.8768227}
{"node_id": 4, "type": "CONN", "payload": "Waiting for node 1 to connect", "timestamp": 1553857196.3018634}
{"node_id": 3, "type": "CONN", "payload": "Waiting for node 1 to connect", "timestamp": 1553857196.305731}
{"node_id": 2, "type": "CONN", "payload": "Waiting for node 1 to connect", "timestamp": 1553857196.3077712}
{"node_id": 1, "type": "CONN", "payload": "Received message from node id 4: connected", "timestamp": 1553857196.30702}
{"node_id": 1, "type": "CONN", "payload": "Received message from node id 3: connected", "timestamp": 1553857196.3159177}
{"node_id": 4, "type": "CONN", "payload": "Connected with node 1", "timestamp": 1553857196.3158715}
{"node_id": 1, "type": "CONN", "payload": "Received message from node id 2: connected", "timestamp": 1553857196.3184788}
{"node_id": 3, "type": "CONN", "payload": "Connected with node 1", "timestamp": 1553857196.3191805}
{"node_id": 2, "type": "CONN", "payload": "Connected with node 1", "timestamp": 1553857196.3213441}
{"node_id": 4, "type": "CONN", "payload": "Got parent update count: 0", "timestamp": 1553857196.3219712}
{"node_id": 3, "type": "CONN", "payload": "Got parent update count: 0", "timestamp": 1553857196.3235712}
{"node_id": 2, "type": "CONN", "payload": "Got parent update count: 0", "timestamp": 1553857196.3248453}
{"node_id": -1, "type": "PROC", "payload": {"Window ID": 0, "Memory Usage": 0.112695760307776}, "timestamp": 1553857196.624444}
{"node_id": 2, "type": "PROC", "payload": {"Window ID": 0, "Memory Usage": 0.11171210119302064}, "timestamp": 1553857196.7147794}
{"node_id": 4, "type": "PROC", "payload": {"Window ID": 0, "Memory Usage": 0.11268361636808767}, "timestamp": 1553857196.7293317}
{"node_id": 2, "type": "CONN", "payload": "Sending message to node -1, msg: 1", "timestamp": 1553857196.7317374}
{"node_id": 4, "type": "CONN", "payload": "Sending message to node -1, msg: 1", "timestamp": 1553857196.7373836}
{"node_id": 2, "type": "CONN", "payload": "Waiting for node -1 to connect", "timestamp": 1553857196.7404902}
{"node_id": 4, "type": "CONN", "payload": "Waiting for node -1 to connect", "timestamp": 1553857196.7440753}
{"node_id": 3, "type": "PROC", "payload": {"Window ID": 0, "Memory Usage": 0.11216142696148913}, "timestamp": 1553857196.7932403}
{"node_id": 3, "type": "CONN", "payload": "Sending message to node -1, msg: 1", "timestamp": 1553857196.8050327}
{"node_id": 3, "type": "CONN", "payload": "Waiting for node -1 to connect", "timestamp": 1553857196.8142352}
{"node_id": -1, "type": "CONN", "payload": "Received message from node id 4: connected", "timestamp": 1553857196.8256006}
{"node_id": -1, "type": "CONN", "payload": "Received message from node id 2: connected", "timestamp": 1553857197.1762996}
{"node_id": 4, "type": "CONN", "payload": "Connected with node -1", "timestamp": 1553857197.1763468}
{"node_id": 2, "type": "CONN", "payload": "Connected with node -1", "timestamp": 1553857197.180272}
{"node_id": -1, "type": "CONN", "payload": "Received message from node id 3: connected", "timestamp": 1553857197.1802363}
{"node_id": 3, "type": "CONN", "payload": "Connected with node -1", "timestamp": 1553857197.184594}
{"node_id": -1, "type": "STAT", "payload": {"Window ID": 0, "Runtime": 46.030687534002936, "Process time": 11.451745687999999, "Accuracy": {"4.csv": 0.0, "1.csv": 0.0, "3.csv": 0.0, "5.csv": 0.0, "8.csv": 0.0, "0.csv": 0.0, "6.csv": 0.0, "2.csv": 99.70930232558139, "9.csv": 0.0, "7.csv": 0.0}, "Datapoints": 1}, "timestamp": 1553857207.9127882}
{"node_id": -1, "type": "CLST", "payload": {"node_id": 4, "Accuracy": {"4.csv": 0.0, "1.csv": 0.0, "3.csv": 0.0, "5.csv": 0.0, "8.csv": 0.0, "0.csv": 0.0, "6.csv": 0.0, "2.csv": 99.70930232558139, "9.csv": 0.0, "7.csv": 0.0}}, "timestamp": 1553857208.3077755}
{"node_id": -1, "type": "CONN", "payload": "Received message from node id 4: 1", "timestamp": 1553857208.332108}
{"node_id": 4, "type": "STAT", "payload": {"Window ID": 0, "Runtime": 54.85866937600076, "Process time": 6.365032968, "Accuracy": {"4.csv": 0.0, "1.csv": 0.0, "3.csv": 0.0, "5.csv": 0.0, "8.csv": 0.0, "0.csv": 0.0, "6.csv": 0.0, "2.csv": 99.70930232558139, "9.csv": 0.0, "7.csv": 0.0}, "Datapoints": 1}, "timestamp": 1553857214.1220472}
{"node_id": -1, "type": "CLST", "payload": {"node_id": 2, "Accuracy": {"4.csv": 0.0, "1.csv": 0.0, "3.csv": 0.0, "5.csv": 0.0, "8.csv": 0.0, "0.csv": 0.0, "6.csv": 0.0, "2.csv": 99.70930232558139, "9.csv": 0.0, "7.csv": 0.0}}, "timestamp": 1553857214.1915185}
{"node_id": -1, "type": "CONN", "payload": "Received message from node id 2: 1", "timestamp": 1553857214.1958616}
{"node_id": 2, "type": "STAT", "payload": {"Window ID": 0, "Runtime": 65.5210461539973, "Process time": 6.090876234, "Accuracy": {"4.csv": 0.0, "1.csv": 0.0, "3.csv": 0.0, "5.csv": 39.91031390134529, "8.csv": 0.0, "0.csv": 57.04081632653061, "6.csv": 0.0, "2.csv": 0.0, "9.csv": 0.0, "7.csv": 0.0}, "Datapoints": 1}, "timestamp": 1553857219.811828}
{"node_id": -1, "type": "CLST", "payload": {"node_id": 3, "Accuracy": {"4.csv": 0.0, "1.csv": 0.0, "3.csv": 0.0, "5.csv": 0.0, "8.csv": 0.0, "0.csv": 0.0, "6.csv": 0.0, "2.csv": 99.70930232558139, "9.csv": 0.0, "7.csv": 0.0}}, "timestamp": 1553857220.0022335}
{"node_id": -1, "type": "CONN", "payload": "Received message from node id 3: 1", "timestamp": 1553857220.0063856}
{"node_id": 3, "type": "STAT", "payload": {"Window ID": 0, "Runtime": 68.48160574199574, "Process time": 5.916524067, "Accuracy": {"4.csv": 84.72505091649694, "1.csv": 0.0, "3.csv": 0.0, "5.csv": 13.11659192825112, "8.csv": 0.0, "0.csv": 0.0, "6.csv": 0.0, "2.csv": 0.0, "9.csv": 0.0, "7.csv": 0.0}, "Datapoints": 1}, "timestamp": 1553857225.2970488}
{"node_id": 4, "type": "CONN", "payload": "Got parent update count: 0", "timestamp": 1553857234.2907622}
{"node_id": 2, "type": "CONN", "payload": "Got parent update count: 0", "timestamp": 1553857240.095532}
{"node_id": 3, "type": "CONN", "payload": "Got parent update count: 0", "timestamp": 1553857245.6809812}
{"node_id": 4, "type": "PROC", "payload": {"Window ID": 1, "Memory Usage": 0.1590856099172269}, "timestamp": 1553857249.113443}
{"node_id": 4, "type": "CONN", "payload": "Sending message to node -1, msg: 454", "timestamp": 1553857249.1219237}
{"node_id": 3, "type": "PROC", "payload": {"Window ID": 1, "Memory Usage": 0.15833268565654995}, "timestamp": 1553857264.498416}
{"node_id": 3, "type": "CONN", "payload": "Sending message to node -1, msg: 589", "timestamp": 1553857264.5074565}
{"node_id": 2, "type": "PROC", "payload": {"Window ID": 1, "Memory Usage": 0.16042144328294408}, "timestamp": 1553857267.2153497}
{"node_id": 2, "type": "CONN", "payload": "Sending message to node -1, msg: 697", "timestamp": 1553857267.2176704}
{"node_id": -1, "type": "CLST", "payload": {"node_id": 4, "Accuracy": {"4.csv": 25.15274949083503, "1.csv": 93.215859030837, "3.csv": 60.0990099009901, "5.csv": 17.152466367713004, "8.csv": 47.63860369609856, "0.csv": 80.3061224489796, "6.csv": 90.08350730688936, "2.csv": 71.99612403100775, "9.csv": 67.88899900891973, "7.csv": 80.35019455252919}}, "timestamp": 1553857276.9050574}
{"node_id": -1, "type": "CONN", "payload": "Received message from node id 4: 454", "timestamp": 1553857276.9332662}
{"node_id": 4, "type": "STAT", "payload": {"Window ID": 1, "Runtime": 68.27831363299629, "Process time": 20.728868411, "Accuracy": {"4.csv": 0.0, "1.csv": 0.0, "3.csv": 0.7920792079207921, "5.csv": 81.50224215246637, "8.csv": 79.67145790554414, "0.csv": 0.0, "6.csv": 5.6367432150313155, "2.csv": 91.66666666666666, "9.csv": 0.0, "7.csv": 10.019455252918288}, "Datapoints": 453}, "timestamp": 1553857282.4054554}
{"node_id": 4, "type": "CONN", "payload": "Got parent update count: 0", "timestamp": 1553857302.6706173}
{"node_id": -1, "type": "CLST", "payload": {"node_id": 3, "Accuracy": {"4.csv": 13.238289205702646, "1.csv": 90.13215859030838, "3.csv": 74.85148514851485, "5.csv": 69.95515695067265, "8.csv": 43.3264887063655, "0.csv": 83.46938775510205, "6.csv": 82.15031315240083, "2.csv": 82.07364341085271, "9.csv": 60.158572844400396, "7.csv": 75.29182879377431}}, "timestamp": 1553857310.3096204}
{"node_id": -1, "type": "CONN", "payload": "Received message from node id 3: 589", "timestamp": 1553857310.3166313}
{"node_id": -1, "type": "PROC", "payload": {"Window ID": 1, "Memory Usage": 0.25494986981696655}, "timestamp": 1553857313.196318}
{"node_id": 3, "type": "STAT", "payload": {"Window ID": 1, "Runtime": 91.39067659399007, "Process time": 25.602570340999996, "Accuracy": {"4.csv": 95.01018329938901, "1.csv": 97.88546255506608, "3.csv": 37.722772277227726, "5.csv": 0.0, "8.csv": 30.082135523613964, "0.csv": 84.79591836734693, "6.csv": 0.20876826722338201, "2.csv": 0.3875968992248062, "9.csv": 0.0, "7.csv": 91.05058365758755}, "Datapoints": 588}, "timestamp": 1553857316.6954484}
{"node_id": 3, "type": "PUSH", "payload": {"Network Cost": 129040}, "timestamp": 1553857316.7270775}
{"node_id": 1, "type": "CONN", "payload": "Got gradients from child 3", "timestamp": 1553857318.0070891}
{"node_id": 1, "type": "MERG", "payload": "Merged gradients at node 1", "timestamp": 1553857318.01205}
{"node_id": 1, "type": "CONN", "payload": "Sending message to node -1, msg: 589", "timestamp": 1553857318.014476}
{"node_id": 1, "type": "CONN", "payload": "Waiting for node -1 to connect", "timestamp": 1553857318.0169878}
{"node_id": -1, "type": "CLST", "payload": {"node_id": 2, "Accuracy": {"4.csv": 78.30957230142566, "1.csv": 94.00881057268722, "3.csv": 66.43564356435644, "5.csv": 64.01345291479821, "8.csv": 30.69815195071869, "0.csv": 89.79591836734694, "6.csv": 84.96868475991648, "2.csv": 89.05038759689923, "9.csv": 50.64420218037661, "7.csv": 66.14785992217898}}, "timestamp": 1553857323.0020654}
{"node_id": -1, "type": "CONN", "payload": "Received message from node id 2: 697", "timestamp": 1553857323.0909026}
{"node_id": -1, "type": "CONN", "payload": "Received message from node id 1: connected", "timestamp": 1553857323.0948765}
{"node_id": 1, "type": "CONN", "payload": "Connected with node -1", "timestamp": 1553857323.1033618}
{"node_id": -1, "type": "STAT", "payload": {"Window ID": 1, "Runtime": 117.33202192500175, "Process time": 108.923492584, "Accuracy": {"4.csv": 78.30957230142566, "1.csv": 94.00881057268722, "3.csv": 66.43564356435644, "5.csv": 64.01345291479821, "8.csv": 30.69815195071869, "0.csv": 89.79591836734694, "6.csv": 84.96868475991648, "2.csv": 89.05038759689923, "9.csv": 50.64420218037661, "7.csv": 66.14785992217898}, "Datapoints": 1270}, "timestamp": 1553857325.4104323}
{"node_id": 2, "type": "STAT", "payload": {"Window ID": 1, "Runtime": 109.73104413200053, "Process time": 34.331481436, "Accuracy": {"4.csv": 0.0, "1.csv": 70.13215859030836, "3.csv": 83.06930693069306, "5.csv": 11.210762331838566, "8.csv": 0.0, "0.csv": 96.53061224489797, "6.csv": 94.36325678496868, "2.csv": 0.0, "9.csv": 89.49454905847374, "7.csv": 0.0}, "Datapoints": 696}, "timestamp": 1553857329.621063}
{"node_id": 2, "type": "PUSH", "payload": {"Network Cost": 129040}, "timestamp": 1553857329.7192693}
{"node_id": 4, "type": "PROC", "payload": {"Window ID": 2, "Memory Usage": 0.17549207243617146}, "timestamp": 1553857329.7996094}
{"node_id": 4, "type": "CONN", "payload": "Sending message to node -1, msg: 1271", "timestamp": 1553857329.803234}
{"node_id": -1, "type": "CLST", "payload": {"node_id": 1, "Accuracy": {"4.csv": 78.30957230142566, "1.csv": 94.00881057268722, "3.csv": 66.43564356435644, "5.csv": 64.01345291479821, "8.csv": 30.69815195071869, "0.csv": 89.79591836734694, "6.csv": 84.96868475991648, "2.csv": 89.05038759689923, "9.csv": 50.64420218037661, "7.csv": 66.14785992217898}}, "timestamp": 1553857330.6090078}
{"node_id": -1, "type": "CONN", "payload": "Received message from node id 1: 589", "timestamp": 1553857330.6122396}
{"node_id": 1, "type": "CONN", "payload": "Got gradients from child 2", "timestamp": 1553857332.2109084}
{"node_id": 1, "type": "STAT", "payload": {"Merge ID": 0, "Child ID": 3, "Skip Test data": 589, "Post Merge Accuracy": {"4.csv": 7.230142566191446, "1.csv": 86.43171806167402, "3.csv": 0.0, "5.csv": 83.85650224215246, "8.csv": 0.0, "0.csv": 0.0, "6.csv": 9.08141962421712, "2.csv": 0.29069767441860467, "9.csv": 0.0, "7.csv": 0.48638132295719844}}, "timestamp": 1553857337.1105466}
{"node_id": 1, "type": "MERG", "payload": "Merged gradients at node 1", "timestamp": 1553857337.11712}
{"node_id": 1, "type": "CONN", "payload": "Sending message to node -1, msg: 697", "timestamp": 1553857337.1189706}
{"node_id": -1, "type": "CLST", "payload": {"node_id": 4, "Accuracy": {"4.csv": 78.30957230142566, "1.csv": 94.00881057268722, "3.csv": 66.43564356435644, "5.csv": 64.01345291479821, "8.csv": 30.69815195071869, "0.csv": 89.79591836734694, "6.csv": 84.96868475991648, "2.csv": 89.05038759689923, "9.csv": 50.64420218037661, "7.csv": 66.14785992217898}}, "timestamp": 1553857337.4073277}
{"node_id": -1, "type": "CONN", "payload": "Received message from node id 4: 1271", "timestamp": 1553857337.4913542}
{"node_id": 3, "type": "CONN", "payload": "Got parent update count: 2", "timestamp": 1553857338.315801}
{"node_id": 1, "type": "CONN", "payload": "Got pull request from child 3", "timestamp": 1553857338.318624}
{"node_id": 3, "type": "PULL", "payload": {"Network Cost": 129040}, "timestamp": 1553857338.5484908}
{"node_id": 4, "type": "STAT", "payload": {"Window ID": 2, "Runtime": 60.79587931300921, "Process time": 33.559025926000004, "Accuracy": {"4.csv": 4.1751527494908345, "1.csv": 62.37885462555066, "3.csv": 0.0, "5.csv": 86.54708520179372, "8.csv": 88.7063655030801, "0.csv": 0.0, "6.csv": 27.348643006263046, "2.csv": 87.40310077519379, "9.csv": 66.99702675916748, "7.csv": 21.30350194552529}, "Datapoints": 817}, "timestamp": 1553857343.2139344}
{"node_id": -1, "type": "CLST", "payload": {"node_id": 1, "Accuracy": {"4.csv": 78.30957230142566, "1.csv": 94.00881057268722, "3.csv": 66.43564356435644, "5.csv": 64.01345291479821, "8.csv": 30.69815195071869, "0.csv": 89.79591836734694, "6.csv": 84.96868475991648, "2.csv": 89.05038759689923, "9.csv": 50.64420218037661, "7.csv": 66.14785992217898}}, "timestamp": 1553857343.8093479}
{"node_id": -1, "type": "CONN", "payload": "Received message from node id 1: 697", "timestamp": 1553857343.8118443}
{"node_id": 1, "type": "STAT", "payload": {"Merge ID": 1, "Child ID": 2, "Skip Test data": 697, "Post Merge Accuracy": {"4.csv": 12.830957230142568, "1.csv": 98.06167400881057, "3.csv": 74.85148514851485, "5.csv": 39.57399103139013, "8.csv": 0.0, "0.csv": 82.14285714285714, "6.csv": 39.561586638830896, "2.csv": 0.29069767441860467, "9.csv": 3.865213082259663, "7.csv": 34.53307392996109}}, "timestamp": 1553857349.1198347}
{"node_id": 2, "type": "CONN", "payload": "Got parent update count: 2", "timestamp": 1553857352.9763422}
{"node_id": 1, "type": "CONN", "payload": "Got pull request from child 2", "timestamp": 1553857352.979386}
{"node_id": 2, "type": "PULL", "payload": {"Network Cost": 129040}, "timestamp": 1553857353.1419806}
{"node_id": 4, "type": "CONN", "payload": "Got parent update count: 2", "timestamp": 1553857363.5499933}
{"node_id": 1, "type": "CONN", "payload": "Got pull request from child 4", "timestamp": 1553857363.5534117}
{"node_id": 4, "type": "PULL", "payload": {"Network Cost": 129040}, "timestamp": 1553857363.7710202}
{"node_id": 3, "type": "PROC", "payload": {"Window ID": 2, "Memory Usage": 0.19715686084016631}, "timestamp": 1553857370.806075}
{"node_id": 3, "type": "CONN", "payload": "Sending message to node -1, msg: 1698", "timestamp": 1553857370.8174272}
{"node_id": 4, "type": "PROC", "payload": {"Window ID": 3, "Memory Usage": 0.17799372401196908}, "timestamp": 1553857381.5035937}
{"node_id": 4, "type": "CONN", "payload": "Sending message to node -1, msg: 1999", "timestamp": 1553857381.5213773}
{"node_id": 2, "type": "PROC", "payload": {"Window ID": 2, "Memory Usage": 0.24182227101387324}, "timestamp": 1553857400.7928214}
{"node_id": 2, "type": "CONN", "payload": "Sending message to node -1, msg: 2493", "timestamp": 1553857400.8016016}
{"node_id": -1, "type": "CLST", "payload": {"node_id": 3, "Accuracy": {"4.csv": 87.16904276985743, "1.csv": 94.18502202643172, "3.csv": 82.97029702970296, "5.csv": 59.4170403587444, "8.csv": 71.97125256673512, "0.csv": 88.36734693877551, "6.csv": 88.20459290187893, "2.csv": 77.22868217054264, "9.csv": 56.590683845391474, "7.csv": 88.32684824902724}}, "timestamp": 1553857403.091776}
{"node_id": -1, "type": "CONN", "payload": "Received message from node id 3: 1698", "timestamp": 1553857403.0951786}
{"node_id": 3, "type": "STAT", "payload": {"Window ID": 2, "Runtime": 91.09940288799407, "Process time": 38.067736534999995, "Accuracy": {"4.csv": 90.93686354378818, "1.csv": 98.23788546255507, "3.csv": 68.9108910891089, "5.csv": 6.053811659192825, "8.csv": 68.48049281314168, "0.csv": 84.79591836734693, "6.csv": 74.94780793319416, "2.csv": 13.662790697674417, "9.csv": 37.06640237859267, "7.csv": 91.73151750972762}, "Datapoints": 1109}, "timestamp": 1553857409.112431}
{"node_id": -1, "type": "CLST", "payload": {"node_id": 4, "Accuracy": {"4.csv": 83.91038696537679, "1.csv": 93.74449339207048, "3.csv": 71.58415841584159, "5.csv": 75.7847533632287, "8.csv": 61.90965092402464, "0.csv": 96.12244897959184, "6.csv": 88.4133611691023, "2.csv": 73.93410852713178, "9.csv": 74.72745292368683, "7.csv": 89.10505836575877}}, "timestamp": 1553857417.6071467}
{"node_id": -1, "type": "CONN", "payload": "Received message from node id 4: 1999", "timestamp": 1553857417.6103425}
{"node_id": 4, "type": "STAT", "payload": {"Window ID": 3, "Runtime": 80.88475804700283, "Process time": 23.944467745000004, "Accuracy": {"4.csv": 26.883910386965375, "1.csv": 35.15418502202643, "3.csv": 0.0, "5.csv": 89.34977578475336, "8.csv": 87.06365503080082, "0.csv": 73.46938775510205, "6.csv": 48.643006263048015, "2.csv": 87.59689922480621, "9.csv": 50.545094152626355, "7.csv": 65.6614785992218}, "Datapoints": 728}, "timestamp": 1553857424.1014366}
{"node_id": -1, "type": "CLST", "payload": {"node_id": 2, "Accuracy": {"4.csv": 84.72505091649694, "1.csv": 86.96035242290749, "3.csv": 78.31683168316832, "5.csv": 68.72197309417041, "8.csv": 48.459958932238195, "0.csv": 92.55102040816327, "6.csv": 88.30897703549061, "2.csv": 79.84496124031007, "9.csv": 77.20515361744302, "7.csv": 92.12062256809338}}, "timestamp": 1553857447.6282732}
{"node_id": -1, "type": "CONN", "payload": "Received message from node id 2: 2493", "timestamp": 1553857447.6320267}
{"node_id": 2, "type": "STAT", "payload": {"Window ID": 2, "Runtime": 121.69083536700055, "Process time": 53.83864335399999, "Accuracy": {"4.csv": 63.543788187372705, "1.csv": 93.92070484581497, "3.csv": 90.0, "5.csv": 8.071748878923767, "8.csv": 60.47227926078029, "0.csv": 96.73469387755102, "6.csv": 94.46764091858037, "2.csv": 44.86434108527132, "9.csv": 90.8820614469772, "7.csv": 68.67704280155642}, "Datapoints": 1796}, "timestamp": 1553857454.1181161}
{"node_id": 3, "type": "PROC", "payload": {"Window ID": 3, "Memory Usage": 0.20743063381650023}, "timestamp": 1553857462.0886686}
{"node_id": 3, "type": "CONN", "payload": "Sending message to node -1, msg: 2788", "timestamp": 1553857462.0945795}
{"node_id": 4, "type": "PROC", "payload": {"Window ID": 4, "Memory Usage": 0.19210498192981776}, "timestamp": 1553857476.3123932}
{"node_id": 4, "type": "CONN", "payload": "Sending message to node -1, msg: 2966", "timestamp": 1553857476.3215115}
{"node_id": -1, "type": "CLST", "payload": {"node_id": 3, "Accuracy": {"4.csv": 79.22606924643586, "1.csv": 94.80176211453745, "3.csv": 72.47524752475248, "5.csv": 65.47085201793722, "8.csv": 58.41889117043121, "0.csv": 95.20408163265306, "6.csv": 80.1670146137787, "2.csv": 82.84883720930233, "9.csv": 76.61050545094153, "7.csv": 88.32684824902724}}, "timestamp": 1553857499.4111552}
{"node_id": -1, "type": "CONN", "payload": "Received message from node id 3: 2788", "timestamp": 1553857499.4981987}
{"node_id": 3, "type": "STAT", "payload": {"Window ID": 3, "Runtime": 96.4141441029933, "Process time": 39.061366389, "Accuracy": {"4.csv": 94.19551934826885, "1.csv": 97.70925110132158, "3.csv": 80.19801980198021, "5.csv": 5.7174887892376685, "8.csv": 61.08829568788501, "0.csv": 80.61224489795919, "6.csv": 86.74321503131523, "2.csv": 14.728682170542637, "9.csv": 43.11199207135778, "7.csv": 95.03891050583657}, "Datapoints": 1090}, "timestamp": 1553857505.5295908}
{"node_id": -1, "type": "CLST", "payload": {"node_id": 4, "Accuracy": {"4.csv": 91.24236252545825, "1.csv": 92.51101321585902, "3.csv": 74.45544554455445, "5.csv": 75.0, "8.csv": 68.78850102669405, "0.csv": 92.55102040816327, "6.csv": 85.90814196242171, "2.csv": 79.74806201550388, "9.csv": 81.46679881070366, "7.csv": 80.93385214007782}}, "timestamp": 1553857529.9996386}
{"node_id": -1, "type": "CONN", "payload": "Received message from node id 4: 2966", "timestamp": 1553857530.089928}
{"node_id": 2, "type": "PROC", "payload": {"Window ID": 3, "Memory Usage": 0.27312934753040846}, "timestamp": 1553857530.9968987}
{"node_id": 2, "type": "CONN", "payload": "Sending message to node -1, msg: 4433", "timestamp": 1553857531.0111492}
{"node_id": 4, "type": "STAT", "payload": {"Window ID": 4, "Runtime": 111.87984063899785, "Process time": 38.483331881, "Accuracy": {"4.csv": 49.59266802443992, "1.csv": 85.19823788546256, "3.csv": 1.5841584158415842, "5.csv": 85.42600896860986, "8.csv": 91.9917864476386, "0.csv": 88.77551020408163, "6.csv": 65.24008350730689, "2.csv": 87.6937984496124, "9.csv": 74.43012884043607, "7.csv": 76.75097276264592}, "Datapoints": 967}, "timestamp": 1553857535.9910026}
{"node_id": 3, "type": "PROC", "payload": {"Window ID": 4, "Memory Usage": 0.20598550499358798}, "timestamp": 1553857561.1173909}
{"node_id": 3, "type": "CONN", "payload": "Sending message to node -1, msg: 3940", "timestamp": 1553857561.126416}
{"node_id": -1, "type": "CLST", "payload": {"node_id": 2, "Accuracy": {"4.csv": 87.27087576374745, "1.csv": 88.01762114537445, "3.csv": 72.17821782178217, "5.csv": 77.80269058295964, "8.csv": 64.06570841889116, "0.csv": 95.0, "6.csv": 88.83089770354906, "2.csv": 85.56201550387597, "9.csv": 71.75421209117938, "7.csv": 88.91050583657587}}, "timestamp": 1553857564.9284585}
{"node_id": -1, "type": "CONN", "payload": "Received message from node id 2: 4433", "timestamp": 1553857564.9980483}
{"node_id": 2, "type": "STAT", "payload": {"Window ID": 3, "Runtime": 116.70296003299882, "Process time": 62.73452441899998, "Accuracy": {"4.csv": 78.92057026476579, "1.csv": 95.24229074889868, "3.csv": 92.67326732673268, "5.csv": 30.493273542600896, "8.csv": 74.53798767967146, "0.csv": 97.0408163265306, "6.csv": 94.98956158663883, "2.csv": 60.85271317829457, "9.csv": 91.57581764122894, "7.csv": 74.80544747081711}, "Datapoints": 1940}, "timestamp": 1553857570.824524}
{"node_id": 4, "type": "PROC", "payload": {"Window ID": 5, "Memory Usage": 0.2203882174639568}, "timestamp": 1553857591.518194}
{"node_id": 4, "type": "CONN", "payload": "Sending message to node -1, msg: 4305", "timestamp": 1553857591.5254743}
{"node_id": -1, "type": "CLST", "payload": {"node_id": 3, "Accuracy": {"4.csv": 85.74338085539715, "1.csv": 88.45814977973568, "3.csv": 76.23762376237624, "5.csv": 71.63677130044843, "8.csv": 58.0082135523614, "0.csv": 87.55102040816325, "6.csv": 91.64926931106471, "2.csv": 79.84496124031007, "9.csv": 85.62933597621407, "7.csv": 84.24124513618678}}, "timestamp": 1553857600.5052931}
{"node_id": -1, "type": "CONN", "payload": "Received message from node id 3: 3940", "timestamp": 1553857600.5147448}
{"node_id": 3, "type": "STAT", "payload": {"Window ID": 4, "Runtime": 101.18610350399103, "Process time": 41.83473729099998, "Accuracy": {"4.csv": 94.29735234215886, "1.csv": 98.32599118942731, "3.csv": 77.02970297029704, "5.csv": 29.596412556053814, "8.csv": 74.84599589322382, "0.csv": 89.08163265306122, "6.csv": 80.06263048016702, "2.csv": 53.875968992248055, "9.csv": 65.51040634291377, "7.csv": 93.48249027237354}, "Datapoints": 1152}, "timestamp": 1553857606.7216654}
{"node_id": -1, "type": "CLST", "payload": {"node_id": 4, "Accuracy": {"4.csv": 77.49490835030551, "1.csv": 92.51101321585902, "3.csv": 79.9009900990099, "5.csv": 76.79372197309418, "8.csv": 64.37371663244353, "0.csv": 95.91836734693877, "6.csv": 89.77035490605428, "2.csv": 84.49612403100775, "9.csv": 80.77304261645193, "7.csv": 91.9260700389105}}, "timestamp": 1553857636.4157617}
{"node_id": -1, "type": "CONN", "payload": "Received message from node id 4: 4305", "timestamp": 1553857636.5898438}
{"node_id": 4, "type": "STAT", "payload": {"Window ID": 5, "Runtime": 106.62141456799873, "Process time": 41.58735649399999, "Accuracy": {"4.csv": 54.17515274949084, "1.csv": 94.7136563876652, "3.csv": 45.64356435643565, "5.csv": 88.45291479820628, "8.csv": 82.23819301848049, "0.csv": 91.42857142857143, "6.csv": 92.37995824634656, "2.csv": 89.92248062015504, "9.csv": 79.68285431119921, "7.csv": 74.12451361867704}, "Datapoints": 1339}, "timestamp": 1553857642.6265116}
{"node_id": 2, "type": "PROC", "payload": {"Window ID": 4, "Memory Usage": 0.27312934753040846}, "timestamp": 1553857647.0174744}
{"node_id": 2, "type": "CONN", "payload": "Sending message to node -1, msg: 6295", "timestamp": 1553857647.021589}
{"node_id": 3, "type": "PROC", "payload": {"Window ID": 5, "Memory Usage": 0.22971476314460035}, "timestamp": 1553857664.2216341}
{"node_id": 3, "type": "CONN", "payload": "Sending message to node -1, msg: 5152", "timestamp": 1553857664.2293422}
{"node_id": -1, "type": "PROC", "payload": {"Window ID": 2, "Memory Usage": 0.3667712664671822}, "timestamp": 1553857668.1302102}
{"node_id": -1, "type": "CLST", "payload": {"node_id": 2, "Accuracy": {"4.csv": 81.4663951120163, "1.csv": 96.47577092511013, "3.csv": 72.97029702970296, "5.csv": 65.80717488789237, "8.csv": 82.34086242299796, "0.csv": 93.77551020408164, "6.csv": 85.07306889352819, "2.csv": 86.7248062015504, "9.csv": 86.5213082259663, "7.csv": 88.42412451361868}}, "timestamp": 1553857671.7112389}
{"node_id": -1, "type": "CONN", "payload": "Received message from node id 2: 6295", "timestamp": 1553857671.7890718}
{"node_id": 2, "type": "STAT", "payload": {"Window ID": 4, "Runtime": 106.77964458300266, "Process time": 62.44462402900001, "Accuracy": {"4.csv": 67.61710794297352, "1.csv": 71.80616740088107, "3.csv": 91.48514851485149, "5.csv": 66.92825112107623, "8.csv": 47.63860369609856, "0.csv": 98.87755102040816, "6.csv": 87.68267223382045, "2.csv": 64.82558139534885, "9.csv": 94.05351833498513, "7.csv": 78.21011673151752}, "Datapoints": 1862}, "timestamp": 1553857677.6068668}
{"node_id": -1, "type": "STAT", "payload": {"Window ID": 2, "Runtime": 353.8411559870001, "Process time": 351.276232045, "Accuracy": {"4.csv": 73.5234215885947, "1.csv": 95.94713656387665, "3.csv": 82.57425742574257, "5.csv": 47.08520179372198, "8.csv": 84.49691991786447, "0.csv": 95.0, "6.csv": 80.68893528183716, "2.csv": 86.7248062015504, "9.csv": 86.5213082259663, "7.csv": 88.42412451361868}, "Datapoints": 4680}, "timestamp": 1553857679.2543166}
{"node_id": -1, "type": "CLST", "payload": {"node_id": 3, "Accuracy": {"4.csv": 73.5234215885947, "1.csv": 95.94713656387665, "3.csv": 82.57425742574257, "5.csv": 47.08520179372198, "8.csv": 84.49691991786447, "0.csv": 95.0, "6.csv": 80.68893528183716, "2.csv": 86.7248062015504, "9.csv": 86.5213082259663, "7.csv": 88.42412451361868}}, "timestamp": 1553857680.089133}
{"node_id": -1, "type": "CONN", "payload": "Received message from node id 3: 5152", "timestamp": 1553857680.091989}
{"node_id": 3, "type": "STAT", "payload": {"Window ID": 5, "Runtime": 79.68183372900239, "Process time": 43.95325336900001, "Accuracy": {"4.csv": 96.84317718940937, "1.csv": 97.3568281938326, "3.csv": 69.3069306930693, "5.csv": 36.32286995515695, "8.csv": 65.40041067761807, "0.csv": 95.20408163265306, "6.csv": 80.48016701461378, "2.csv": 72.86821705426357, "9.csv": 62.338949454905844, "7.csv": 92.12062256809338}, "Datapoints": 1212}, "timestamp": 1553857686.4148932}
{"node_id": 4, "type": "PROC", "payload": {"Window ID": 6, "Memory Usage": 0.22383709633544477}, "timestamp": 1553857707.135183}
{"node_id": 4, "type": "CONN", "payload": "Sending message to node -1, msg: 5580", "timestamp": 1553857707.1936045}
{"node_id": 3, "type": "PROC", "payload": {"Window ID": 6, "Memory Usage": 0.20246376248397002}, "timestamp": 1553857732.795386}
{"node_id": 3, "type": "CONN", "payload": "Sending message to node -1, msg: 6104", "timestamp": 1553857732.8198843}
{"node_id": 2, "type": "PROC", "payload": {"Window ID": 5, "Memory Usage": 0.27872770372673217}, "timestamp": 1553857747.807109}
{"node_id": 2, "type": "CONN", "payload": "Sending message to node -1, msg: 7998", "timestamp": 1553857747.8155234}
{"node_id": -1, "type": "CLST", "payload": {"node_id": 4, "Accuracy": {"4.csv": 66.29327902240327, "1.csv": 92.95154185022027, "3.csv": 90.4950495049505, "5.csv": 72.30941704035875, "8.csv": 72.99794661190965, "0.csv": 95.51020408163265, "6.csv": 90.18789144050105, "2.csv": 71.12403100775194, "9.csv": 85.62933597621407, "7.csv": 91.14785992217898}}, "timestamp": 1553857759.414272}
{"node_id": -1, "type": "CONN", "payload": "Received message from node id 4: 5580", "timestamp": 1553857759.4172378}
{"node_id": 4, "type": "STAT", "payload": {"Window ID": 6, "Runtime": 122.56068293300632, "Process time": 50.507555705000016, "Accuracy": {"4.csv": 74.33808553971487, "1.csv": 89.2511013215859, "3.csv": 73.56435643564356, "5.csv": 88.67713004484304, "8.csv": 89.63039014373717, "0.csv": 86.93877551020408, "6.csv": 81.00208768267223, "2.csv": 88.17829457364341, "9.csv": 60.85232903865213, "7.csv": 85.50583657587548}, "Datapoints": 1275}, "timestamp": 1553857765.1942706}
{"node_id": -1, "type": "CLST", "payload": {"node_id": 3, "Accuracy": {"4.csv": 79.22606924643586, "1.csv": 92.33480176211454, "3.csv": 64.45544554455445, "5.csv": 72.30941704035875, "8.csv": 77.20739219712526, "0.csv": 92.55102040816327, "6.csv": 87.68267223382045, "2.csv": 84.88372093023256, "9.csv": 70.46580773042616, "7.csv": 88.52140077821011}}, "timestamp": 1553857791.301873}
{"node_id": -1, "type": "CONN", "payload": "Received message from node id 3: 6104", "timestamp": 1553857791.306763}
{"node_id": 3, "type": "STAT", "payload": {"Window ID": 6, "Runtime": 110.87922238100145, "Process time": 32.756252356000005, "Accuracy": {"4.csv": 95.82484725050917, "1.csv": 98.23788546255507, "3.csv": 76.53465346534654, "5.csv": 40.35874439461883, "8.csv": 78.64476386036962, "0.csv": 89.6938775510204, "6.csv": 86.0125260960334, "2.csv": 78.97286821705426, "9.csv": 54.41030723488603, "7.csv": 94.06614785992218}, "Datapoints": 952}, "timestamp": 1553857797.2971165}
{"node_id": -1, "type": "CLST", "payload": {"node_id": 2, "Accuracy": {"4.csv": 67.92260692464357, "1.csv": 93.215859030837, "3.csv": 83.06930693069306, "5.csv": 64.68609865470853, "8.csv": 81.21149897330595, "0.csv": 93.57142857142857, "6.csv": 90.91858037578288, "2.csv": 82.36434108527132, "9.csv": 84.4400396432111, "7.csv": 89.49416342412452}}, "timestamp": 1553857815.7945607}
{"node_id": -1, "type": "CONN", "payload": "Received message from node id 2: 7998", "timestamp": 1553857815.7973814}
{"node_id": 2, "type": "STAT", "payload": {"Window ID": 5, "Runtime": 143.41874894600187, "Process time": 55.986851564000006, "Accuracy": {"4.csv": 71.07942973523421, "1.csv": 87.84140969162996, "3.csv": 87.62376237623762, "5.csv": 63.67713004484305, "8.csv": 60.98562628336756, "0.csv": 94.08163265306122, "6.csv": 97.07724425887265, "2.csv": 76.16279069767442, "9.csv": 95.44103072348861, "7.csv": 82.39299610894942}, "Datapoints": 1703}, "timestamp": 1553857821.028432}
{"node_id": 4, "type": "PROC", "payload": {"Window ID": 7, "Memory Usage": 0.22639946760968405}, "timestamp": 1553857828.593206}
{"node_id": 4, "type": "CONN", "payload": "Sending message to node -1, msg: 7046", "timestamp": 1553857828.6026554}
{"node_id": 3, "type": "PROC", "payload": {"Window ID": 7, "Memory Usage": 0.23452376326118216}, "timestamp": 1553857854.8912845}
{"node_id": 3, "type": "CONN", "payload": "Sending message to node -1, msg: 7431", "timestamp": 1553857854.9117005}
{"node_id": -1, "type": "CLST", "payload": {"node_id": 4, "Accuracy": {"4.csv": 85.64154786150712, "1.csv": 93.3920704845815, "3.csv": 85.34653465346534, "5.csv": 68.38565022421524, "8.csv": 82.95687885010267, "0.csv": 95.20408163265306, "6.csv": 91.12734864300627, "2.csv": 84.39922480620154, "9.csv": 86.1248761149653, "7.csv": 89.59143968871595}}, "timestamp": 1553857861.3971736}
{"node_id": -1, "type": "CONN", "payload": "Received message from node id 4: 7046", "timestamp": 1553857861.3999848}
{"node_id": 4, "type": "STAT", "payload": {"Window ID": 7, "Runtime": 101.69287902601354, "Process time": 49.23687707700003, "Accuracy": {"4.csv": 68.22810590631364, "1.csv": 85.02202643171806, "3.csv": 64.05940594059406, "5.csv": 93.27354260089686, "8.csv": 91.27310061601642, "0.csv": 81.0204081632653, "6.csv": 67.84968684759917, "2.csv": 90.31007751937985, "9.csv": 60.158572844400396, "7.csv": 80.54474708171206}, "Datapoints": 1466}, "timestamp": 1553857866.8912969}
{"node_id": -1, "type": "CLST", "payload": {"node_id": 3, "Accuracy": {"4.csv": 86.76171079429736, "1.csv": 92.33480176211454, "3.csv": 84.45544554455445, "5.csv": 73.87892376681614, "8.csv": 81.41683778234086, "0.csv": 94.38775510204081, "6.csv": 90.70981210855949, "2.csv": 82.17054263565892, "9.csv": 89.49454905847374, "7.csv": 81.22568093385215}}, "timestamp": 1553857898.712808}
{"node_id": -1, "type": "CONN", "payload": "Received message from node id 3: 7431", "timestamp": 1553857898.723458}
{"node_id": 2, "type": "PROC", "payload": {"Window ID": 6, "Memory Usage": 0.21817802044067927}, "timestamp": 1553857901.820878}
{"node_id": 2, "type": "CONN", "payload": "Sending message to node -1, msg: 10285", "timestamp": 1553857901.8306687}
{"node_id": 3, "type": "STAT", "payload": {"Window ID": 7, "Runtime": 107.63070123900252, "Process time": 44.02272646700001, "Accuracy": {"4.csv": 82.38289205702648, "1.csv": 98.59030837004406, "3.csv": 85.04950495049505, "5.csv": 58.96860986547085, "8.csv": 55.03080082135524, "0.csv": 80.3061224489796, "6.csv": 85.17745302713988, "2.csv": 67.53875968992247, "9.csv": 77.7998017839445, "7.csv": 96.40077821011673}, "Datapoints": 1327}, "timestamp": 1553857904.9336033}
{"node_id": 4, "type": "PROC", "payload": {"Window ID": 8, "Memory Usage": 0.22242839933159755}, "timestamp": 1553857926.3134062}
{"node_id": 4, "type": "CONN", "payload": "Sending message to node -1, msg: 8263", "timestamp": 1553857926.320694}
{"node_id": -1, "type": "CLST", "payload": {"node_id": 2, "Accuracy": {"4.csv": 85.84521384928718, "1.csv": 92.59911894273128, "3.csv": 83.06930693069306, "5.csv": 83.18385650224215, "8.csv": 74.94866529774127, "0.csv": 94.08163265306122, "6.csv": 85.90814196242171, "2.csv": 81.68604651162791, "9.csv": 78.09712586719525, "7.csv": 85.99221789883269}}, "timestamp": 1553857935.3064737}
{"node_id": -1, "type": "CONN", "payload": "Received message from node id 2: 10285", "timestamp": 1553857935.3093724}
{"node_id": 2, "type": "STAT", "payload": {"Window ID": 6, "Runtime": 120.07071018900024, "Process time": 66.83535313099998, "Accuracy": {"4.csv": 83.70672097759673, "1.csv": 93.65638766519824, "3.csv": 90.5940594059406, "5.csv": 72.19730941704036, "8.csv": 75.15400410677618, "0.csv": 96.3265306122449, "6.csv": 93.1106471816284, "2.csv": 79.94186046511628, "9.csv": 91.0802775024777, "7.csv": 68.09338521400778}, "Datapoints": 2287}, "timestamp": 1553857941.1015742}
{"node_id": -1, "type": "CLST", "payload": {"node_id": 4, "Accuracy": {"4.csv": 79.53156822810591, "1.csv": 96.74008810572687, "3.csv": 72.17821782178217, "5.csv": 67.48878923766816, "8.csv": 80.28747433264887, "0.csv": 91.42857142857143, "6.csv": 70.77244258872652, "2.csv": 66.76356589147287, "9.csv": 85.92666005946482, "7.csv": 90.75875486381322}}, "timestamp": 1553857965.5903594}
{"node_id": -1, "type": "CONN", "payload": "Received message from node id 4: 8263", "timestamp": 1553857965.5948446}
{"node_id": 3, "type": "PROC", "payload": {"Window ID": 8, "Memory Usage": 0.2328114677651265}, "timestamp": 1553857966.3135383}
{"node_id": 3, "type": "CONN", "payload": "Sending message to node -1, msg: 8719", "timestamp": 1553857966.3297603}
{"node_id": 4, "type": "STAT", "payload": {"Window ID": 8, "Runtime": 104.48850147699704, "Process time": 45.48987521600003, "Accuracy": {"4.csv": 73.42158859470469, "1.csv": 91.54185022026432, "3.csv": 70.79207920792079, "5.csv": 92.71300448430493, "8.csv": 90.04106776180699, "0.csv": 95.40816326530613, "6.csv": 79.95824634655533, "2.csv": 90.31007751937985, "9.csv": 75.02477700693755, "7.csv": 78.98832684824903}, "Datapoints": 1217}, "timestamp": 1553857971.3902147}
{"node_id": -1, "type": "CLST", "payload": {"node_id": 3, "Accuracy": {"4.csv": 86.15071283095723, "1.csv": 95.94713656387665, "3.csv": 72.57425742574257, "5.csv": 79.7085201793722, "8.csv": 72.38193018480493, "0.csv": 93.77551020408164, "6.csv": 90.39665970772442, "2.csv": 81.0077519379845, "9.csv": 64.91575817641228, "7.csv": 87.35408560311284}}, "timestamp": 1553858004.8011403}
{"node_id": -1, "type": "CONN", "payload": "Received message from node id 3: 8719", "timestamp": 1553858004.831031}
{"node_id": 3, "type": "STAT", "payload": {"Window ID": 8, "Runtime": 105.40891985800408, "Process time": 47.12984324500002, "Accuracy": {"4.csv": 91.34419551934828, "1.csv": 97.53303964757708, "3.csv": 87.12871287128714, "5.csv": 59.52914798206278, "8.csv": 68.37782340862422, "0.csv": 88.77551020408163, "6.csv": 77.13987473903967, "2.csv": 75.87209302325581, "9.csv": 76.51139742319127, "7.csv": 94.55252918287937}, "Datapoints": 1288}, "timestamp": 1553858010.3973067}
{"node_id": 2, "type": "PROC", "payload": {"Window ID": 7, "Memory Usage": 0.28869787821085763}, "timestamp": 1553858016.5176723}
{"node_id": 2, "type": "CONN", "payload": "Sending message to node -1, msg: 12201", "timestamp": 1553858016.5343013}
{"node_id": 4, "type": "PROC", "payload": {"Window ID": 9, "Memory Usage": 0.21845733105351106}, "timestamp": 1553858022.9111772}
{"node_id": 4, "type": "CONN", "payload": "Sending message to node -1, msg: 9513", "timestamp": 1553858022.9192796}
{"node_id": -1, "type": "CLST", "payload": {"node_id": 2, "Accuracy": {"4.csv": 93.58452138492872, "1.csv": 94.5374449339207, "3.csv": 71.28712871287128, "5.csv": 64.34977578475336, "8.csv": 69.81519507186859, "0.csv": 94.08163265306122, "6.csv": 88.83089770354906, "2.csv": 81.4922480620155, "9.csv": 79.68285431119921, "7.csv": 88.42412451361868}}, "timestamp": 1553858052.9076831}
{"node_id": -1, "type": "CONN", "payload": "Received message from node id 2: 12201", "timestamp": 1553858052.9105535}
{"node_id": 2, "type": "STAT", "payload": {"Window ID": 7, "Runtime": 117.39940857300826, "Process time": 61.23366671499997, "Accuracy": {"4.csv": 87.06720977596741, "1.csv": 93.03964757709251, "3.csv": 92.67326732673268, "5.csv": 56.390134529147986, "8.csv": 75.97535934291582, "0.csv": 97.75510204081633, "6.csv": 94.36325678496868, "2.csv": 77.42248062015504, "9.csv": 85.62933597621407, "7.csv": 77.52918287937743}, "Datapoints": 1916}, "timestamp": 1553858058.5118132}
{"node_id": 3, "type": "PROC", "payload": {"Window ID": 9, "Memory Usage": 0.23209497532351453}, "timestamp": 1553858066.9041133}
{"node_id": 3, "type": "CONN", "payload": "Sending message to node -1, msg: 9980", "timestamp": 1553858066.9241552}
{"node_id": -1, "type": "CLST", "payload": {"node_id": 4, "Accuracy": {"4.csv": 84.31771894093686, "1.csv": 95.50660792951543, "3.csv": 81.98019801980197, "5.csv": 79.48430493273543, "8.csv": 85.21560574948666, "0.csv": 96.53061224489797, "6.csv": 93.0062630480167, "2.csv": 82.07364341085271, "9.csv": 84.73736372646185, "7.csv": 86.38132295719845}}, "timestamp": 1553858091.3274708}
{"node_id": -1, "type": "CONN", "payload": "Received message from node id 4: 9513", "timestamp": 1553858091.3505952}
{"node_id": 4, "type": "STAT", "payload": {"Window ID": 9, "Runtime": 125.91926265601069, "Process time": 37.370210259999965, "Accuracy": {"4.csv": 84.5213849287169, "1.csv": 80.88105726872247, "3.csv": 65.74257425742574, "5.csv": 89.57399103139014, "8.csv": 90.65708418891171, "0.csv": 88.46938775510203, "6.csv": 76.7223382045929, "2.csv": 91.18217054263566, "9.csv": 66.005946481665, "7.csv": 79.1828793774319}, "Datapoints": 1250}, "timestamp": 1553858097.3125284}
{"node_id": -1, "type": "CLST", "payload": {"node_id": 3, "Accuracy": {"4.csv": 83.19755600814665, "1.csv": 95.24229074889868, "3.csv": 78.91089108910892, "5.csv": 85.76233183856502, "8.csv": 77.82340862422998, "0.csv": 93.26530612244898, "6.csv": 93.52818371607515, "2.csv": 87.59689922480621, "9.csv": 76.70961347869178, "7.csv": 85.99221789883269}}, "timestamp": 1553858123.519948}
{"node_id": -1, "type": "CONN", "payload": "Received message from node id 3: 9980", "timestamp": 1553858123.5325944}
{"node_id": 3, "type": "STAT", "payload": {"Window ID": 9, "Runtime": 119.42758143499668, "Process time": 42.69024496200001, "Accuracy": {"4.csv": 95.62118126272912, "1.csv": 98.50220264317181, "3.csv": 79.3069306930693, "5.csv": 63.901345291479814, "8.csv": 74.94866529774127, "0.csv": 88.16326530612245, "6.csv": 85.69937369519833, "2.csv": 72.09302325581395, "9.csv": 68.58275520317146, "7.csv": 90.27237354085604}, "Datapoints": 1261}, "timestamp": 1553858129.8344092}
{"node_id": 2, "type": "PROC", "payload": {"Window ID": 8, "Memory Usage": 0.28869787821085763}, "timestamp": 1553858144.809852}
{"node_id": 2, "type": "CONN", "payload": "Sending message to node -1, msg: 14073", "timestamp": 1553858144.8134687}
{"node_id": 4, "type": "PROC", "payload": {"Window ID": 10, "Memory Usage": 0.17833375432324253}, "timestamp": 1553858166.310172}
{"node_id": 4, "type": "CONN", "payload": "Sending message to node -1, msg: 11020", "timestamp": 1553858166.3331432}
{"node_id": -1, "type": "CLST", "payload": {"node_id": 2, "Accuracy": {"4.csv": 87.57637474541752, "1.csv": 91.01321585903084, "3.csv": 87.12871287128714, "5.csv": 71.8609865470852, "8.csv": 77.72073921971253, "0.csv": 93.6734693877551, "6.csv": 90.81419624217119, "2.csv": 85.56201550387597, "9.csv": 90.8820614469772, "7.csv": 88.32684824902724}}, "timestamp": 1553858183.1350107}
{"node_id": -1, "type": "CONN", "payload": "Received message from node id 2: 14073", "timestamp": 1553858183.1376855}
{"node_id": 2, "type": "STAT", "payload": {"Window ID": 8, "Runtime": 130.29589807600132, "Process time": 71.970323232, "Accuracy": {"4.csv": 78.92057026476579, "1.csv": 94.97797356828194, "3.csv": 92.97029702970298, "5.csv": 70.96412556053812, "8.csv": 72.58726899383984, "0.csv": 96.93877551020408, "6.csv": 96.13778705636743, "2.csv": 75.1937984496124, "9.csv": 92.17046580773042, "7.csv": 78.11284046692607}, "Datapoints": 1872}, "timestamp": 1553858188.888246}
{"node_id": 3, "type": "PROC", "payload": {"Window ID": 10, "Memory Usage": 0.23794835425329344}, "timestamp": 1553858189.2917533}
{"node_id": 3, "type": "CONN", "payload": "Sending message to node -1, msg: 11409", "timestamp": 1553858189.322711}
{"node_id": -1, "type": "CLST", "payload": {"node_id": 4, "Accuracy": {"4.csv": 87.27087576374745, "1.csv": 90.7488986784141, "3.csv": 89.00990099009901, "5.csv": 83.18385650224215, "8.csv": 87.16632443531827, "0.csv": 92.44897959183673, "6.csv": 91.12734864300627, "2.csv": 81.5891472868217, "9.csv": 90.18830525272547, "7.csv": 85.7976653696498}}, "timestamp": 1553858206.607864}
{"node_id": -1, "type": "CONN", "payload": "Received message from node id 4: 11020", "timestamp": 1553858206.611236}
{"node_id": 4, "type": "STAT", "payload": {"Window ID": 10, "Runtime": 115.27781370800221, "Process time": 55.09695446100005, "Accuracy": {"4.csv": 76.78207739307535, "1.csv": 90.83700440528635, "3.csv": 70.0, "5.csv": 89.23766816143498, "8.csv": 91.9917864476386, "0.csv": 79.79591836734694, "6.csv": 78.49686847599166, "2.csv": 94.0891472868217, "9.csv": 81.9623389494549, "7.csv": 82.29571984435798}, "Datapoints": 1507}, "timestamp": 1553858212.602724}
{"node_id": -1, "type": "CLST", "payload": {"node_id": 3, "Accuracy": {"4.csv": 93.38085539714868, "1.csv": 91.62995594713657, "3.csv": 88.41584158415841, "5.csv": 78.69955156950674, "8.csv": 79.97946611909651, "0.csv": 94.08163265306122, "6.csv": 91.64926931106471, "2.csv": 74.8062015503876, "9.csv": 69.37561942517344, "7.csv": 90.75875486381322}}, "timestamp": 1553858225.1264358}
{"node_id": -1, "type": "CONN", "payload": "Received message from node id 3: 11409", "timestamp": 1553858225.1365337}
{"node_id": 3, "type": "STAT", "payload": {"Window ID": 10, "Runtime": 101.51913847899414, "Process time": 45.800919862, "Accuracy": {"4.csv": 94.60285132382892, "1.csv": 98.59030837004406, "3.csv": 82.17821782178217, "5.csv": 64.68609865470853, "8.csv": 81.62217659137578, "0.csv": 92.75510204081633, "6.csv": 89.77035490605428, "2.csv": 69.96124031007753, "9.csv": 61.64519326065411, "7.csv": 94.06614785992218}, "Datapoints": 1429}, "timestamp": 1553858231.4118097}
{"node_id": 4, "type": "PROC", "payload": {"Window ID": 11, "Memory Usage": 0.23375869506081687}, "timestamp": 1553858272.7208574}
{"node_id": 4, "type": "CONN", "payload": "Sending message to node -1, msg: 12398", "timestamp": 1553858272.729787}
{"node_id": 2, "type": "PROC", "payload": {"Window ID": 9, "Memory Usage": 0.29509773442661175}, "timestamp": 1553858276.5171487}
{"node_id": 2, "type": "CONN", "payload": "Sending message to node -1, msg: 16153", "timestamp": 1553858276.528619}
{"node_id": 3, "type": "PROC", "payload": {"Window ID": 11, "Memory Usage": 0.23000621769712046}, "timestamp": 1553858290.7098284}
{"node_id": 3, "type": "CONN", "payload": "Sending message to node -1, msg: 12623", "timestamp": 1553858290.7390494}
{"node_id": -1, "type": "CLST", "payload": {"node_id": 4, "Accuracy": {"4.csv": 72.50509164969449, "1.csv": 94.5374449339207, "3.csv": 85.74257425742574, "5.csv": 72.75784753363229, "8.csv": 87.88501026694045, "0.csv": 91.3265306122449, "6.csv": 86.0125260960334, "2.csv": 86.24031007751938, "9.csv": 84.93557978196233, "7.csv": 88.13229571984435}}, "timestamp": 1553858302.4935458}
{"node_id": -1, "type": "CONN", "payload": "Received message from node id 4: 12398", "timestamp": 1553858302.521591}
{"node_id": 4, "type": "STAT", "payload": {"Window ID": 11, "Runtime": 96.17595067199727, "Process time": 46.563988471000016, "Accuracy": {"4.csv": 76.88391038696538, "1.csv": 77.70925110132158, "3.csv": 57.920792079207914, "5.csv": 93.16143497757847, "8.csv": 90.96509240246407, "0.csv": 87.55102040816325, "6.csv": 76.93110647181628, "2.csv": 91.66666666666666, "9.csv": 61.446977205153615, "7.csv": 82.49027237354085}, "Datapoints": 1378}, "timestamp": 1553858308.789475}
{"node_id": -1, "type": "CLST", "payload": {"node_id": 2, "Accuracy": {"4.csv": 85.64154786150712, "1.csv": 92.95154185022027, "3.csv": 78.91089108910892, "5.csv": 84.97757847533633, "8.csv": 69.50718685831622, "0.csv": 84.48979591836735, "6.csv": 80.27139874739039, "2.csv": 83.62403100775194, "9.csv": 94.44995044598612, "7.csv": 89.00778210116731}}, "timestamp": 1553858327.6964438}
{"node_id": -1, "type": "CONN", "payload": "Received message from node id 2: 16153", "timestamp": 1553858327.7055306}
{"node_id": 2, "type": "STAT", "payload": {"Window ID": 9, "Runtime": 144.197381504011, "Process time": 73.44801878399994, "Accuracy": {"4.csv": 88.08553971486762, "1.csv": 95.15418502202643, "3.csv": 91.48514851485149, "5.csv": 72.08520179372198, "8.csv": 69.91786447638604, "0.csv": 96.22448979591837, "6.csv": 94.67640918580375, "2.csv": 70.93023255813954, "9.csv": 88.20614469772052, "7.csv": 74.22178988326849}, "Datapoints": 2080}, "timestamp": 1553858333.0890079}
{"node_id": -1, "type": "CLST", "payload": {"node_id": 3, "Accuracy": {"4.csv": 72.81059063136456, "1.csv": 97.09251101321586, "3.csv": 79.50495049504951, "5.csv": 85.76233183856502, "8.csv": 88.09034907597535, "0.csv": 88.46938775510203, "6.csv": 81.62839248434238, "2.csv": 82.55813953488372, "9.csv": 86.62041625371654, "7.csv": 89.78599221789884}}, "timestamp": 1553858358.8088334}
{"node_id": -1, "type": "CONN", "payload": "Received message from node id 3: 12623", "timestamp": 1553858358.8217564}
{"node_id": 3, "type": "STAT", "payload": {"Window ID": 11, "Runtime": 132.87769508401107, "Process time": 44.972044589999996, "Accuracy": {"4.csv": 95.21384928716904, "1.csv": 95.41850220264317, "3.csv": 86.03960396039604, "5.csv": 61.88340807174888, "8.csv": 73.30595482546201, "0.csv": 88.06122448979592, "6.csv": 81.94154488517745, "2.csv": 80.9108527131783, "9.csv": 66.402378592666, "7.csv": 94.8443579766537}, "Datapoints": 1214}, "timestamp": 1553858364.2986493}
{"node_id": 4, "type": "PROC", "payload": {"Window ID": 12, "Memory Usage": 0.24640053627637665}, "timestamp": 1553858364.809137}
{"node_id": 4, "type": "CONN", "payload": "Sending message to node -1, msg: 13549", "timestamp": 1553858364.8195562}
{"node_id": -1, "type": "CLST", "payload": {"node_id": 4, "Accuracy": {"4.csv": 81.87372708757637, "1.csv": 92.51101321585902, "3.csv": 85.94059405940594, "5.csv": 78.1390134529148, "8.csv": 88.91170431211499, "0.csv": 95.3061224489796, "6.csv": 89.4572025052192, "2.csv": 86.04651162790698, "9.csv": 82.65609514370664, "7.csv": 90.1750972762646}}, "timestamp": 1553858385.3273911}
{"node_id": -1, "type": "CONN", "payload": "Received message from node id 4: 13549", "timestamp": 1553858385.407166}
{"node_id": 4, "type": "STAT", "payload": {"Window ID": 12, "Runtime": 82.30309508400387, "Process time": 41.862215639, "Accuracy": {"4.csv": 79.12423625254583, "1.csv": 80.0, "3.csv": 74.45544554455445, "5.csv": 90.69506726457399, "8.csv": 92.60780287474333, "0.csv": 89.38775510204081, "6.csv": 72.65135699373695, "2.csv": 92.73255813953489, "9.csv": 79.58374628344896, "7.csv": 73.44357976653697}, "Datapoints": 1151}, "timestamp": 1553858391.095499}
{"node_id": 2, "type": "PROC", "payload": {"Window ID": 10, "Memory Usage": 0.21819016438036762}, "timestamp": 1553858415.2205071}
{"node_id": 2, "type": "CONN", "payload": "Sending message to node -1, msg: 18453", "timestamp": 1553858415.230026}
{"node_id": 3, "type": "PROC", "payload": {"Window ID": 12, "Memory Usage": 0.18339777717327946}, "timestamp": 1553858426.206356}
{"node_id": 3, "type": "CONN", "payload": "Sending message to node -1, msg: 14213", "timestamp": 1553858426.230388}
{"node_id": 4, "type": "PROC", "payload": {"Window ID": 13, "Memory Usage": 0.208535732328139}, "timestamp": 1553858436.3043194}
{"node_id": 4, "type": "CONN", "payload": "Sending message to node -1, msg: 14534", "timestamp": 1553858436.3224683}
{"node_id": -1, "type": "CLST", "payload": {"node_id": 2, "Accuracy": {"4.csv": 88.79837067209776, "1.csv": 94.8898678414097, "3.csv": 71.98019801980197, "5.csv": 83.29596412556054, "8.csv": 85.83162217659137, "0.csv": 90.0, "6.csv": 90.6054279749478, "2.csv": 86.04651162790698, "9.csv": 87.61149653121902, "7.csv": 89.88326848249028}}, "timestamp": 1553858448.314374}
{"node_id": -1, "type": "CONN", "payload": "Received message from node id 2: 18453", "timestamp": 1553858448.4018617}
{"node_id": 2, "type": "STAT", "payload": {"Window ID": 10, "Runtime": 121.1099763509992, "Process time": 68.17194885800006, "Accuracy": {"4.csv": 84.31771894093686, "1.csv": 94.5374449339207, "3.csv": 92.77227722772278, "5.csv": 80.38116591928251, "8.csv": 67.45379876796714, "0.csv": 98.26530612244898, "6.csv": 95.72025052192068, "2.csv": 69.96124031007753, "9.csv": 89.99008919722498, "7.csv": 82.29571984435798}, "Datapoints": 2300}, "timestamp": 1553858454.2029812}
{"node_id": -1, "type": "CLST", "payload": {"node_id": 3, "Accuracy": {"4.csv": 83.70672097759673, "1.csv": 88.81057268722466, "3.csv": 76.63366336633663, "5.csv": 86.09865470852019, "8.csv": 80.80082135523614, "0.csv": 95.81632653061224, "6.csv": 88.93528183716074, "2.csv": 86.24031007751938, "9.csv": 86.5213082259663, "7.csv": 88.32684824902724}}, "timestamp": 1553858480.288811}
{"node_id": -1, "type": "CONN", "payload": "Received message from node id 3: 14213", "timestamp": 1553858480.293842}
{"node_id": 3, "type": "STAT", "payload": {"Window ID": 12, "Runtime": 121.80222384100489, "Process time": 47.94066360299996, "Accuracy": {"4.csv": 94.70468431771894, "1.csv": 97.70925110132158, "3.csv": 75.74257425742574, "5.csv": 70.62780269058297, "8.csv": 68.58316221765914, "0.csv": 93.57142857142857, "6.csv": 91.33611691022965, "2.csv": 80.32945736434108, "9.csv": 70.36669970267592, "7.csv": 94.55252918287937}, "Datapoints": 1590}, "timestamp": 1553858486.1880472}
{"node_id": -1, "type": "CLST", "payload": {"node_id": 4, "Accuracy": {"4.csv": 77.90224032586558, "1.csv": 96.0352422907489, "3.csv": 78.21782178217822, "5.csv": 82.28699551569507, "8.csv": 83.47022587268994, "0.csv": 94.48979591836735, "6.csv": 86.0125260960334, "2.csv": 88.37209302325581, "9.csv": 87.01684836471755, "7.csv": 86.86770428015565}}, "timestamp": 1553858505.3066244}
{"node_id": -1, "type": "CONN", "payload": "Received message from node id 4: 14534", "timestamp": 1553858505.3112276}
{"node_id": 4, "type": "STAT", "payload": {"Window ID": 13, "Runtime": 119.71029825499863, "Process time": 30.794742549999967, "Accuracy": {"4.csv": 79.73523421588594, "1.csv": 89.86784140969164, "3.csv": 69.4059405940594, "5.csv": 89.57399103139014, "8.csv": 94.25051334702259, "0.csv": 83.77551020408164, "6.csv": 82.5678496868476, "2.csv": 92.05426356589147, "9.csv": 85.62933597621407, "7.csv": 77.33463035019456}, "Datapoints": 985}, "timestamp": 1553858510.8111346}
{"node_id": 2, "type": "PROC", "payload": {"Window ID": 11, "Memory Usage": 0.2895115221699763}, "timestamp": 1553858532.5050547}
{"node_id": 2, "type": "CONN", "payload": "Sending message to node -1, msg: 20385", "timestamp": 1553858532.5176575}
{"node_id": 3, "type": "PROC", "payload": {"Window ID": 13, "Memory Usage": 0.23949063459371236}, "timestamp": 1553858548.498916}
{"node_id": 3, "type": "CONN", "payload": "Sending message to node -1, msg: 15671", "timestamp": 1553858548.5053797}
{"node_id": -1, "type": "CLST", "payload": {"node_id": 2, "Accuracy": {"4.csv": 88.08553971486762, "1.csv": 95.8590308370044, "3.csv": 89.50495049504951, "5.csv": 78.47533632286996, "8.csv": 70.32854209445586, "0.csv": 93.87755102040816, "6.csv": 86.63883089770354, "2.csv": 88.0813953488372, "9.csv": 86.7195242814668, "7.csv": 92.60700389105058}}, "timestamp": 1553858558.4087343}
{"node_id": -1, "type": "CONN", "payload": "Received message from node id 2: 20385", "timestamp": 1553858558.4117966}
{"node_id": 2, "type": "STAT", "payload": {"Window ID": 11, "Runtime": 110.27319269200962, "Process time": 64.21132930500005, "Accuracy": {"4.csv": 79.93890020366598, "1.csv": 94.97797356828194, "3.csv": 95.44554455445544, "5.csv": 69.84304932735425, "8.csv": 53.285420944558524, "0.csv": 94.08163265306122, "6.csv": 96.5553235908142, "2.csv": 65.31007751937985, "9.csv": 91.0802775024777, "7.csv": 80.1556420233463}, "Datapoints": 1932}, "timestamp": 1553858564.49879}
{"node_id": -1, "type": "CLST", "payload": {"node_id": 3, "Accuracy": {"4.csv": 86.9653767820774, "1.csv": 96.65198237885463, "3.csv": 87.02970297029702, "5.csv": 81.39013452914799, "8.csv": 86.652977412731, "0.csv": 95.51020408163265, "6.csv": 92.90187891440502, "2.csv": 86.43410852713178, "9.csv": 81.66501486620416, "7.csv": 90.56420233463035}}, "timestamp": 1553858573.4911299}
{"node_id": -1, "type": "CONN", "payload": "Received message from node id 3: 15671", "timestamp": 1553858573.4964266}
{"node_id": 3, "type": "STAT", "payload": {"Window ID": 13, "Runtime": 92.80809669599694, "Process time": 48.26763374799998, "Accuracy": {"4.csv": 93.27902240325867, "1.csv": 98.76651982378854, "3.csv": 72.77227722772277, "5.csv": 68.60986547085201, "8.csv": 70.12320328542094, "0.csv": 93.87755102040816, "6.csv": 88.10020876826722, "2.csv": 78.68217054263566, "9.csv": 61.54608523290387, "7.csv": 95.8171206225681}, "Datapoints": 1458}, "timestamp": 1553858578.99881}
{"node_id": 4, "type": "PROC", "payload": {"Window ID": 14, "Memory Usage": 0.24133651342633972}, "timestamp": 1553858580.2013505}
{"node_id": 4, "type": "CONN", "payload": "Sending message to node -1, msg: 15966", "timestamp": 1553858580.2125428}
{"node_id": -1, "type": "CLST", "payload": {"node_id": 4, "Accuracy": {"4.csv": 90.73319755600815, "1.csv": 95.41850220264317, "3.csv": 82.87128712871286, "5.csv": 78.81165919282512, "8.csv": 86.24229979466119, "0.csv": 92.75510204081633, "6.csv": 88.20459290187893, "2.csv": 85.46511627906976, "9.csv": 88.9990089197225, "7.csv": 90.6614785992218}}, "timestamp": 1553858591.4031234}
{"node_id": -1, "type": "CONN", "payload": "Received message from node id 4: 15966", "timestamp": 1553858591.5022664}
{"node_id": 4, "type": "STAT", "payload": {"Window ID": 14, "Runtime": 86.59060473499994, "Process time": 55.50264582099999, "Accuracy": {"4.csv": 78.30957230142566, "1.csv": 93.92070484581497, "3.csv": 53.26732673267327, "5.csv": 89.91031390134529, "8.csv": 93.53182751540041, "0.csv": 63.06122448979592, "6.csv": 74.11273486430062, "2.csv": 91.76356589147287, "9.csv": 75.7185332011893, "7.csv": 82.78210116731518}, "Datapoints": 1432}, "timestamp": 1553858597.425041}
{"node_id": -1, "type": "PROC", "payload": {"Window ID": 3, "Memory Usage": 0.6664594100959857}, "timestamp": 1553858610.0007632}
{"node_id": -1, "type": "STAT", "payload": {"Window ID": 3, "Runtime": 936.2865137479967, "Process time": 916.3371375879999, "Accuracy": {"4.csv": 87.4745417515275, "1.csv": 96.82819383259911, "3.csv": 87.92079207920793, "5.csv": 82.51121076233184, "8.csv": 85.31827515400411, "0.csv": 91.73469387755102, "6.csv": 88.83089770354906, "2.csv": 86.62790697674419, "9.csv": 85.33201189296334, "7.csv": 91.73151750972762}, "Datapoints": 14114}, "timestamp": 1553858615.7078044}
{"node_id": 3, "type": "PROC", "payload": {"Window ID": 14, "Memory Usage": 0.21916167955543467}, "timestamp": 1553858632.2906585}
{"node_id": 3, "type": "CONN", "payload": "Sending message to node -1, msg: 16781", "timestamp": 1553858632.301918}
{"node_id": 2, "type": "PROC", "payload": {"Window ID": 12, "Memory Usage": 0.2895115221699763}, "timestamp": 1553858641.6102324}
{"node_id": 2, "type": "CONN", "payload": "Sending message to node -1, msg: 22144", "timestamp": 1553858641.6138115}