{"node_id": 2, "type": "CONN", "payload": "Connected with the Kafka server", "timestamp": 1552761827.6082878}
{"node_id": 3, "type": "CONN", "payload": "Connected with the Kafka server", "timestamp": 1552761830.0887492}
{"node_id": 3, "type": "CONN", "payload": "Waiting for node 1 to connect", "timestamp": 1552761880.5337236}
{"node_id": 1, "type": "CONN", "payload": "Received message from node id 3: connected", "timestamp": 1552761880.545452}
{"node_id": 2, "type": "CONN", "payload": "Waiting for node 1 to connect", "timestamp": 1552761880.5518491}
{"node_id": 1, "type": "CONN", "payload": "Received message from node id 2: connected", "timestamp": 1552761880.5565128}
{"node_id": 3, "type": "CONN", "payload": "Connected with node 1", "timestamp": 1552761880.5572906}
{"node_id": 2, "type": "CONN", "payload": "Connected with node 1", "timestamp": 1552761880.5596926}
{"node_id": 1, "type": "CONN", "payload": "Got pull request from child 3", "timestamp": 1552761880.5625703}
{"node_id": 1, "type": "CONN", "payload": "Got pull request from child 2", "timestamp": 1552761880.6733649}
{"node_id": 3, "type": "PULL", "payload": {"Network Cost": 129040}, "timestamp": 1552761880.832898}
{"node_id": 2, "type": "PULL", "payload": {"Network Cost": 129040}, "timestamp": 1552761880.8683193}
{"node_id": 2, "type": "PROC", "payload": {"Window ID": 0, "Memory Usage": 0.11437162398476663}, "timestamp": 1552761882.4423034}
{"node_id": 3, "type": "PROC", "payload": {"Window ID": 0, "Memory Usage": 0.1138130027591031}, "timestamp": 1552761883.235789}
{"node_id": 2, "type": "STAT", "payload": {"Window ID": 0, "Runtime": 61.243819480005186, "Process time": 7.331998786000001, "Accuracy": {"4.csv": 84.72505091649694, "1.csv": 0.0, "3.csv": 0.0, "5.csv": 13.11659192825112, "8.csv": 0.0, "0.csv": 0.0, "6.csv": 0.0, "2.csv": 0.0, "9.csv": 0.0, "7.csv": 0.0}, "Datapoints": 1}, "timestamp": 1552761888.944751}
{"node_id": 2, "type": "PUSH", "payload": {"Network Cost": 129040}, "timestamp": 1552761888.960016}
{"node_id": 3, "type": "STAT", "payload": {"Window ID": 0, "Runtime": 59.959646761009935, "Process time": 8.57050162, "Accuracy": {"4.csv": 0.0, "1.csv": 0.0, "3.csv": 97.92079207920791, "5.csv": 11.32286995515695, "8.csv": 0.0, "0.csv": 0.0, "6.csv": 0.0, "2.csv": 0.0, "9.csv": 0.0, "7.csv": 0.0}, "Datapoints": 1}, "timestamp": 1552761890.055305}
{"node_id": 1, "type": "CONN", "payload": "Got gradients from child 2", "timestamp": 1552761890.1208878}
{"node_id": 1, "type": "MERG", "payload": "Merged gradients at node 1", "timestamp": 1552761890.1255584}
{"node_id": 3, "type": "PUSH", "payload": {"Network Cost": 129040}, "timestamp": 1552761890.1480808}
{"node_id": 1, "type": "CONN", "payload": "Got gradients from child 3", "timestamp": 1552761892.2362962}
{"node_id": 1, "type": "STAT", "payload": {"Merge ID": 0, "Child ID": 2, "Skip Test data": 1, "Post Merge Accuracy": {"4.csv": 0.0, "1.csv": 0.0, "3.csv": 0.0, "5.csv": 98.31838565022422, "8.csv": 0.0, "0.csv": 0.0, "6.csv": 0.9394572025052191, "2.csv": 0.0, "9.csv": 0.0, "7.csv": 0.0}}, "timestamp": 1552761895.8458493}
{"node_id": 1, "type": "MERG", "payload": "Merged gradients at node 1", "timestamp": 1552761895.8487918}
{"node_id": 1, "type": "STAT", "payload": {"Merge ID": 1, "Child ID": 3, "Skip Test data": 1, "Post Merge Accuracy": {"4.csv": 0.10183299389002036, "1.csv": 0.0, "3.csv": 0.09900990099009901, "5.csv": 99.32735426008968, "8.csv": 0.0, "0.csv": 0.0, "6.csv": 0.0, "2.csv": 0.0, "9.csv": 0.0, "7.csv": 0.0}}, "timestamp": 1552761902.1464894}
{"node_id": 2, "type": "PROC", "payload": {"Window ID": 1, "Memory Usage": 0.16093148874985427}, "timestamp": 1552761924.635973}
{"node_id": 3, "type": "PROC", "payload": {"Window ID": 1, "Memory Usage": 0.16067646601639918}, "timestamp": 1552761928.1438935}
{"node_id": 2, "type": "STAT", "payload": {"Window ID": 1, "Runtime": 40.32008953602053, "Process time": 20.883281512, "Accuracy": {"4.csv": 90.63136456211812, "1.csv": 0.0, "3.csv": 4.455445544554455, "5.csv": 0.0, "8.csv": 84.80492813141683, "0.csv": 89.48979591836735, "6.csv": 78.39248434237996, "2.csv": 78.48837209302324, "9.csv": 0.0, "7.csv": 5.93385214007782}, "Datapoints": 590}, "timestamp": 1552761930.4463437}
{"node_id": 3, "type": "STAT", "payload": {"Window ID": 1, "Runtime": 41.81989648597664, "Process time": 22.455082439999998, "Accuracy": {"4.csv": 0.0, "1.csv": 95.33039647577093, "3.csv": 86.63366336633663, "5.csv": 77.57847533632287, "8.csv": 0.0, "0.csv": 6.938775510204081, "6.csv": 0.31315240083507306, "2.csv": 0.0, "9.csv": 74.62834489593658, "7.csv": 85.3112840466926}, "Datapoints": 635}, "timestamp": 1552761934.2346966}
{"node_id": 2, "type": "PROC", "payload": {"Window ID": 2, "Memory Usage": 0.17917168616173784}, "timestamp": 1552761976.3452728}
{"node_id": 3, "type": "PROC", "payload": {"Window ID": 2, "Memory Usage": 0.18115114833093693}, "timestamp": 1552761977.3489149}
{"node_id": 2, "type": "STAT", "payload": {"Window ID": 2, "Runtime": 51.80306585400831, "Process time": 32.419840097, "Accuracy": {"4.csv": 84.5213849287169, "1.csv": 53.30396475770925, "3.csv": 0.0, "5.csv": 9.865470852017937, "8.csv": 92.40246406570843, "0.csv": 95.51020408163265, "6.csv": 81.5240083507307, "2.csv": 79.45736434108527, "9.csv": 46.679881070366704, "7.csv": 30.35019455252918}, "Datapoints": 805}, "timestamp": 1552761982.2536032}
{"node_id": 3, "type": "STAT", "payload": {"Window ID": 2, "Runtime": 49.305825785995694, "Process time": 30.051561771000003, "Accuracy": {"4.csv": 14.052953156822811, "1.csv": 97.44493392070484, "3.csv": 87.82178217821782, "5.csv": 78.36322869955157, "8.csv": 3.1827515400410675, "0.csv": 88.16326530612245, "6.csv": 69.8329853862213, "2.csv": 0.0, "9.csv": 88.00792864222002, "7.csv": 88.03501945525292}, "Datapoints": 835}, "timestamp": 1552761983.543829}
{"node_id": 1, "type": "CONN", "payload": "Got pull request from child 2", "timestamp": 1552762002.534866}
{"node_id": 2, "type": "PULL", "payload": {"Network Cost": 129040}, "timestamp": 1552762002.7971635}
{"node_id": 1, "type": "CONN", "payload": "Got pull request from child 3", "timestamp": 1552762003.924394}
{"node_id": 3, "type": "PULL", "payload": {"Network Cost": 129040}, "timestamp": 1552762004.1576335}
{"node_id": 3, "type": "PROC", "payload": {"Window ID": 3, "Memory Usage": 0.1941937395562119}, "timestamp": 1552762034.137709}
{"node_id": 2, "type": "PROC", "payload": {"Window ID": 3, "Memory Usage": 0.1915099288850892}, "timestamp": 1552762035.3437855}
{"node_id": 3, "type": "STAT", "payload": {"Window ID": 3, "Runtime": 56.423407450987725, "Process time": 35.94758949999999, "Accuracy": {"4.csv": 0.0, "1.csv": 97.26872246696036, "3.csv": 84.65346534653465, "5.csv": 87.10762331838565, "8.csv": 0.0, "0.csv": 53.163265306122454, "6.csv": 0.0, "2.csv": 0.0, "9.csv": 81.36769078295342, "7.csv": 89.59143968871595}, "Datapoints": 985}, "timestamp": 1552762040.0393379}
{"node_id": 3, "type": "PUSH", "payload": {"Network Cost": 129040}, "timestamp": 1552762040.0630786}
{"node_id": 2, "type": "STAT", "payload": {"Window ID": 3, "Runtime": 58.19267893698998, "Process time": 37.746601596000005, "Accuracy": {"4.csv": 90.32586558044807, "1.csv": 10.572687224669604, "3.csv": 0.0, "5.csv": 14.013452914798204, "8.csv": 89.11704312114989, "0.csv": 97.75510204081633, "6.csv": 87.47390396659708, "2.csv": 86.04651162790698, "9.csv": 2.2794846382556986, "7.csv": 37.35408560311284}, "Datapoints": 1033}, "timestamp": 1552762040.5344248}
{"node_id": 2, "type": "PUSH", "payload": {"Network Cost": 129040}, "timestamp": 1552762040.5503905}
{"node_id": 1, "type": "CONN", "payload": "Got gradients from child 3", "timestamp": 1552762041.3558974}
{"node_id": 1, "type": "MERG", "payload": "Merged gradients at node 1", "timestamp": 1552762041.3642638}
{"node_id": 1, "type": "CONN", "payload": "Got gradients from child 2", "timestamp": 1552762042.608776}
{"node_id": 1, "type": "STAT", "payload": {"Merge ID": 2, "Child ID": 3, "Skip Test data": 2456, "Post Merge Accuracy": {"4.csv": 1.3238289205702647, "1.csv": 89.86784140969164, "3.csv": 90.4950495049505, "5.csv": 77.91479820627802, "8.csv": 0.0, "0.csv": 0.0, "6.csv": 10.125260960334028, "2.csv": 0.0, "9.csv": 54.21209117938554, "7.csv": 63.035019455252915}}, "timestamp": 1552762048.1629639}
{"node_id": 1, "type": "MERG", "payload": "Merged gradients at node 1", "timestamp": 1552762048.1663163}
{"node_id": 1, "type": "STAT", "payload": {"Merge ID": 3, "Child ID": 2, "Skip Test data": 2429, "Post Merge Accuracy": {"4.csv": 39.205702647657844, "1.csv": 91.10132158590308, "3.csv": 27.524752475247528, "5.csv": 13.004484304932735, "8.csv": 56.365503080082135, "0.csv": 94.38775510204081, "6.csv": 59.081419624217126, "2.csv": 69.37984496124031, "9.csv": 60.158572844400396, "7.csv": 60.40856031128404}}, "timestamp": 1552762053.749278}
{"node_id": 3, "type": "PROC", "payload": {"Window ID": 4, "Memory Usage": 0.2076127929118253}, "timestamp": 1552762095.3435524}
{"node_id": 2, "type": "PROC", "payload": {"Window ID": 4, "Memory Usage": 0.2128346869778106}, "timestamp": 1552762100.446456}
{"node_id": 3, "type": "STAT", "payload": {"Window ID": 4, "Runtime": 59.88758320501074, "Process time": 40.548638901000004, "Accuracy": {"4.csv": 0.0, "1.csv": 96.38766519823788, "3.csv": 84.75247524752476, "5.csv": 89.68609865470853, "8.csv": 43.53182751540041, "0.csv": 86.3265306122449, "6.csv": 78.18371607515657, "2.csv": 0.0, "9.csv": 84.93557978196233, "7.csv": 89.6887159533074}, "Datapoints": 1152}, "timestamp": 1552762101.252639}
{"node_id": 2, "type": "STAT", "payload": {"Window ID": 4, "Runtime": 64.4022112149978, "Process time": 44.902663270000005, "Accuracy": {"4.csv": 89.30753564154786, "1.csv": 93.215859030837, "3.csv": 0.0, "5.csv": 37.66816143497758, "8.csv": 91.47843942505133, "0.csv": 96.3265306122449, "6.csv": 87.89144050104383, "2.csv": 84.88372093023256, "9.csv": 56.49157581764123, "7.csv": 41.92607003891051}, "Datapoints": 1207}, "timestamp": 1552762107.1476471}
{"node_id": 1, "type": "CONN", "payload": "Got pull request from child 2", "timestamp": 1552762127.488442}
{"node_id": 2, "type": "PULL", "payload": {"Network Cost": 129040}, "timestamp": 1552762127.7204957}
{"node_id": 3, "type": "PROC", "payload": {"Window ID": 5, "Memory Usage": 0.20798925504216373}, "timestamp": 1552762152.3448334}
{"node_id": 2, "type": "PROC", "payload": {"Window ID": 5, "Memory Usage": 0.22040036140364513}, "timestamp": 1552762158.1527956}
{"node_id": 3, "type": "STAT", "payload": {"Window ID": 5, "Runtime": 57.11027545700199, "Process time": 37.93900765500001, "Accuracy": {"4.csv": 16.191446028513237, "1.csv": 96.82819383259911, "3.csv": 88.81188118811882, "5.csv": 83.5201793721973, "8.csv": 58.82956878850103, "0.csv": 69.48979591836735, "6.csv": 82.4634655532359, "2.csv": 0.0, "9.csv": 88.10703666997026, "7.csv": 93.48249027237354}, "Datapoints": 1195}, "timestamp": 1552762158.4442427}
{"node_id": 2, "type": "STAT", "payload": {"Window ID": 5, "Runtime": 56.998936377000064, "Process time": 36.706913334999996, "Accuracy": {"4.csv": 89.81670061099797, "1.csv": 64.66960352422907, "3.csv": 28.613861386138613, "5.csv": 40.02242152466368, "8.csv": 92.91581108829568, "0.csv": 95.20408163265306, "6.csv": 73.06889352818372, "2.csv": 71.70542635658916, "9.csv": 65.31219028741329, "7.csv": 75.29182879377431}, "Datapoints": 1283}, "timestamp": 1552762164.1493742}
{"node_id": 2, "type": "PUSH", "payload": {"Network Cost": 129040}, "timestamp": 1552762164.2343822}
{"node_id": 1, "type": "CONN", "payload": "Got gradients from child 2", "timestamp": 1552762165.4488096}
{"node_id": 1, "type": "MERG", "payload": "Merged gradients at node 1", "timestamp": 1552762165.452559}
{"node_id": 1, "type": "STAT", "payload": {"Merge ID": 4, "Child ID": 2, "Skip Test data": 4919, "Post Merge Accuracy": {"4.csv": 80.65173116089613, "1.csv": 82.6431718061674, "3.csv": 13.564356435643566, "5.csv": 29.484304932735427, "8.csv": 90.34907597535934, "0.csv": 94.79591836734694, "6.csv": 79.22755741127348, "2.csv": 77.42248062015504, "9.csv": 63.82556987115956, "7.csv": 66.34241245136187}}, "timestamp": 1552762171.3511438}
{"node_id": 1, "type": "CONN", "payload": "Got pull request from child 3", "timestamp": 1552762178.7830136}
{"node_id": 3, "type": "PULL", "payload": {"Network Cost": 129040}, "timestamp": 1552762178.9978204}
{"node_id": 3, "type": "PROC", "payload": {"Window ID": 6, "Memory Usage": 0.21140170209458672}, "timestamp": 1552762212.9483588}
{"node_id": 2, "type": "PROC", "payload": {"Window ID": 6, "Memory Usage": 0.21839661135506935}, "timestamp": 1552762214.0453668}
{"node_id": 3, "type": "STAT", "payload": {"Window ID": 6, "Runtime": 60.090350542013766, "Process time": 39.565537253, "Accuracy": {"4.csv": 67.71894093686355, "1.csv": 96.38766519823788, "3.csv": 75.54455445544555, "5.csv": 87.10762331838565, "8.csv": 56.16016427104723, "0.csv": 61.3265306122449, "6.csv": 85.49060542797496, "2.csv": 62.4031007751938, "9.csv": 88.10703666997026, "7.csv": 87.84046692607004}, "Datapoints": 1139}, "timestamp": 1552762218.5376318}
{"node_id": 3, "type": "PUSH", "payload": {"Network Cost": 129040}, "timestamp": 1552762218.6403556}
{"node_id": 1, "type": "CONN", "payload": "Got gradients from child 3", "timestamp": 1552762219.8521688}
{"node_id": 1, "type": "MERG", "payload": "Merged gradients at node 1", "timestamp": 1552762219.8566496}
{"node_id": 2, "type": "STAT", "payload": {"Window ID": 6, "Runtime": 54.98967326298589, "Process time": 35.473471494999984, "Accuracy": {"4.csv": 87.16904276985743, "1.csv": 86.34361233480176, "3.csv": 58.118811881188115, "5.csv": 61.65919282511211, "8.csv": 86.34496919917865, "0.csv": 92.24489795918367, "6.csv": 94.57202505219206, "2.csv": 86.04651162790698, "9.csv": 81.56590683845391, "7.csv": 75.58365758754863}, "Datapoints": 1163}, "timestamp": 1552762220.4435022}
{"node_id": 1, "type": "STAT", "payload": {"Merge ID": 5, "Child ID": 3, "Skip Test data": 5942, "Post Merge Accuracy": {"4.csv": 75.66191446028513, "1.csv": 95.41850220264317, "3.csv": 62.87128712871287, "5.csv": 72.6457399103139, "8.csv": 77.92607802874744, "0.csv": 92.04081632653062, "6.csv": 87.47390396659708, "2.csv": 75.29069767441861, "9.csv": 84.0436075322101, "7.csv": 82.00389105058366}}, "timestamp": 1552762225.5486512}
{"node_id": 2, "type": "PROC", "payload": {"Window ID": 7, "Memory Usage": 0.21652644464306534}, "timestamp": 1552762264.6463163}
{"node_id": 2, "type": "STAT", "payload": {"Window ID": 7, "Runtime": 50.49349016501219, "Process time": 31.191879607999994, "Accuracy": {"4.csv": 91.14052953156822, "1.csv": 93.3920704845815, "3.csv": 60.495049504950494, "5.csv": 55.71748878923767, "8.csv": 93.32648870636551, "0.csv": 95.71428571428572, "6.csv": 92.27557411273486, "2.csv": 89.05038759689923, "9.csv": 60.95143706640238, "7.csv": 72.17898832684824}, "Datapoints": 1096}, "timestamp": 1552762270.940355}
{"node_id": 3, "type": "PROC", "payload": {"Window ID": 7, "Memory Usage": 0.2156277931061283}, "timestamp": 1552762271.7366633}
{"node_id": 3, "type": "STAT", "payload": {"Window ID": 7, "Runtime": 57.08698594299494, "Process time": 37.867668159000004, "Accuracy": {"4.csv": 65.37678207739307, "1.csv": 96.65198237885463, "3.csv": 82.67326732673267, "5.csv": 86.54708520179372, "8.csv": 72.07392197125256, "0.csv": 90.0, "6.csv": 87.16075156576201, "2.csv": 71.41472868217055, "9.csv": 90.68384539147671, "7.csv": 87.84046692607004}, "Datapoints": 1225}, "timestamp": 1552762276.9445348}
{"node_id": 1, "type": "CONN", "payload": "Got pull request from child 2", "timestamp": 1552762291.2088225}
{"node_id": 2, "type": "PULL", "payload": {"Network Cost": 129040}, "timestamp": 1552762291.4163444}
{"node_id": 2, "type": "PROC", "payload": {"Window ID": 8, "Memory Usage": 0.21492344460420473}, "timestamp": 1552762312.439404}
{"node_id": 2, "type": "STAT", "payload": {"Window ID": 8, "Runtime": 47.70549759999267, "Process time": 27.32695609000001, "Accuracy": {"4.csv": 91.14052953156822, "1.csv": 87.5770925110132, "3.csv": 55.64356435643565, "5.csv": 50.56053811659192, "8.csv": 86.24229979466119, "0.csv": 96.42857142857143, "6.csv": 93.84133611691024, "2.csv": 85.36821705426357, "9.csv": 65.31219028741329, "7.csv": 82.39299610894942}, "Datapoints": 1007}, "timestamp": 1552762318.6493843}
{"node_id": 2, "type": "PUSH", "payload": {"Network Cost": 129040}, "timestamp": 1552762318.753434}
{"node_id": 1, "type": "CONN", "payload": "Got gradients from child 2", "timestamp": 1552762319.9931495}
{"node_id": 1, "type": "MERG", "payload": "Merged gradients at node 1", "timestamp": 1552762319.9974513}
{"node_id": 3, "type": "PROC", "payload": {"Window ID": 8, "Memory Usage": 0.21115882330081998}, "timestamp": 1552762323.0396087}
{"node_id": 1, "type": "STAT", "payload": {"Merge ID": 6, "Child ID": 2, "Skip Test data": 8185, "Post Merge Accuracy": {"4.csv": 87.4745417515275, "1.csv": 94.80176211453745, "3.csv": 60.79207920792079, "5.csv": 64.57399103139014, "8.csv": 86.13963039014374, "0.csv": 96.0204081632653, "6.csv": 91.33611691022965, "2.csv": 83.43023255813954, "9.csv": 74.72745292368683, "7.csv": 82.87937743190662}}, "timestamp": 1552762325.9345317}
{"node_id": 3, "type": "STAT", "payload": {"Window ID": 8, "Runtime": 51.501564033998875, "Process time": 32.19339979100002, "Accuracy": {"4.csv": 44.5010183299389, "1.csv": 95.15418502202643, "3.csv": 89.9009900990099, "5.csv": 80.94170403587444, "8.csv": 71.45790554414785, "0.csv": 85.0, "6.csv": 84.02922755741128, "2.csv": 60.94961240310077, "9.csv": 89.09811694747275, "7.csv": 89.78599221789884}, "Datapoints": 1140}, "timestamp": 1552762328.5365038}
{"node_id": 1, "type": "CONN", "payload": "Got pull request from child 3", "timestamp": 1552762348.8239913}
{"node_id": 3, "type": "PULL", "payload": {"Network Cost": 129040}, "timestamp": 1552762349.038198}
{"node_id": 2, "type": "PROC", "payload": {"Window ID": 9, "Memory Usage": 0.21492344460420473}, "timestamp": 1552762366.1424336}
{"node_id": 2, "type": "STAT", "payload": {"Window ID": 9, "Runtime": 52.35782124000252, "Process time": 33.084174012999995, "Accuracy": {"4.csv": 86.35437881873727, "1.csv": 92.77533039647578, "3.csv": 71.28712871287128, "5.csv": 53.47533632286996, "8.csv": 91.68377823408625, "0.csv": 89.89795918367346, "6.csv": 91.12734864300627, "2.csv": 88.46899224806202, "9.csv": 72.15064420218039, "7.csv": 76.07003891050583}, "Datapoints": 978}, "timestamp": 1552762372.3559878}
{"node_id": 3, "type": "PROC", "payload": {"Window ID": 9, "Memory Usage": 0.2045039443516108}, "timestamp": 1552762377.3432202}
{"node_id": 3, "type": "STAT", "payload": {"Window ID": 9, "Runtime": 55.09769967300235, "Process time": 34.67376375599997, "Accuracy": {"4.csv": 81.56822810590631, "1.csv": 98.14977973568281, "3.csv": 86.73267326732673, "5.csv": 79.7085201793722, "8.csv": 58.624229979466115, "0.csv": 81.0204081632653, "6.csv": 85.90814196242171, "2.csv": 82.94573643410853, "9.csv": 81.46679881070366, "7.csv": 89.6887159533074}, "Datapoints": 1026}, "timestamp": 1552762383.6372576}
{"node_id": 3, "type": "PUSH", "payload": {"Network Cost": 129040}, "timestamp": 1552762383.6546896}
{"node_id": 1, "type": "CONN", "payload": "Got gradients from child 3", "timestamp": 1552762384.8887036}
{"node_id": 1, "type": "MERG", "payload": "Merged gradients at node 1", "timestamp": 1552762384.8951495}
{"node_id": 1, "type": "STAT", "payload": {"Merge ID": 7, "Child ID": 3, "Skip Test data": 9333, "Post Merge Accuracy": {"4.csv": 86.0488798370672, "1.csv": 97.44493392070484, "3.csv": 81.68316831683168, "5.csv": 76.79372197309418, "8.csv": 73.51129363449692, "0.csv": 91.83673469387756, "6.csv": 89.03966597077245, "2.csv": 84.68992248062015, "9.csv": 81.36769078295342, "7.csv": 87.45136186770428}}, "timestamp": 1552762390.3424847}
{"node_id": 2, "type": "PROC", "payload": {"Window ID": 10, "Memory Usage": 0.23576244510939262}, "timestamp": 1552762412.7363894}
{"node_id": 2, "type": "STAT", "payload": {"Window ID": 10, "Runtime": 46.190166003012564, "Process time": 26.911562138000022, "Accuracy": {"4.csv": 91.0386965376782, "1.csv": 91.54185022026432, "3.csv": 84.85148514851485, "5.csv": 53.92376681614349, "8.csv": 85.31827515400411, "0.csv": 94.28571428571428, "6.csv": 90.29227557411274, "2.csv": 89.72868217054264, "9.csv": 77.00693756194251, "7.csv": 86.38132295719845}, "Datapoints": 1044}, "timestamp": 1552762418.5489898}
{"node_id": 3, "type": "PROC", "payload": {"Window ID": 10, "Memory Usage": 0.2066048459176932}, "timestamp": 1552762427.9465072}
{"node_id": 3, "type": "STAT", "payload": {"Window ID": 10, "Runtime": 49.14076067900169, "Process time": 29.702699183999982, "Accuracy": {"4.csv": 60.9979633401222, "1.csv": 97.62114537444934, "3.csv": 86.43564356435644, "5.csv": 88.11659192825113, "8.csv": 67.86447638603697, "0.csv": 92.14285714285714, "6.csv": 83.19415448851774, "2.csv": 79.36046511627907, "9.csv": 86.5213082259663, "7.csv": 87.93774319066148}, "Datapoints": 1125}, "timestamp": 1552762434.0365863}
{"node_id": 1, "type": "CONN", "payload": "Got pull request from child 2", "timestamp": 1552762438.7894354}
{"node_id": 2, "type": "PULL", "payload": {"Network Cost": 129040}, "timestamp": 1552762438.9967043}
{"node_id": 2, "type": "PROC", "payload": {"Window ID": 11, "Memory Usage": 0.2133447324447208}, "timestamp": 1552762463.0554132}
{"node_id": 2, "type": "STAT", "payload": {"Window ID": 11, "Runtime": 50.30757643599645, "Process time": 30.04118973100003, "Accuracy": {"4.csv": 92.05702647657841, "1.csv": 94.5374449339207, "3.csv": 69.4059405940594, "5.csv": 66.81614349775785, "8.csv": 88.09034907597535, "0.csv": 94.6938775510204, "6.csv": 93.21503131524008, "2.csv": 87.01550387596899, "9.csv": 54.013875123885036, "7.csv": 84.72762645914396}, "Datapoints": 920}, "timestamp": 1552762468.9341795}
{"node_id": 2, "type": "PUSH", "payload": {"Network Cost": 129040}, "timestamp": 1552762468.959722}
{"node_id": 1, "type": "CONN", "payload": "Got gradients from child 2", "timestamp": 1552762470.1762877}
{"node_id": 1, "type": "MERG", "payload": "Merged gradients at node 1", "timestamp": 1552762470.1815329}
{"node_id": 1, "type": "STAT", "payload": {"Merge ID": 8, "Child ID": 2, "Skip Test data": 11127, "Post Merge Accuracy": {"4.csv": 90.22403258655804, "1.csv": 96.82819383259911, "3.csv": 77.12871287128714, "5.csv": 73.09417040358744, "8.csv": 82.54620123203286, "0.csv": 94.28571428571428, "6.csv": 93.21503131524008, "2.csv": 87.6937984496124, "9.csv": 69.0782953419227, "7.csv": 86.38132295719845}}, "timestamp": 1552762476.149176}
{"node_id": 3, "type": "PROC", "payload": {"Window ID": 11, "Memory Usage": 0.2042003458594023}, "timestamp": 1552762483.4385226}
{"node_id": 3, "type": "STAT", "payload": {"Window ID": 11, "Runtime": 55.00472902599722, "Process time": 35.82000195400002, "Accuracy": {"4.csv": 80.95723014256619, "1.csv": 97.26872246696036, "3.csv": 90.1980198019802, "5.csv": 85.53811659192824, "8.csv": 67.24845995893224, "0.csv": 82.6530612244898, "6.csv": 58.66388308977035, "2.csv": 79.26356589147287, "9.csv": 75.7185332011893, "7.csv": 88.52140077821011}, "Datapoints": 979}, "timestamp": 1552762489.1351564}
{"node_id": 1, "type": "CONN", "payload": "Got pull request from child 3", "timestamp": 1552762509.4428935}
{"node_id": 3, "type": "PULL", "payload": {"Network Cost": 129040}, "timestamp": 1552762509.652076}
{"node_id": 2, "type": "PROC", "payload": {"Window ID": 12, "Memory Usage": 0.23498523296933896}, "timestamp": 1552762514.6391387}
{"node_id": 2, "type": "STAT", "payload": {"Window ID": 12, "Runtime": 49.764255669986596, "Process time": 30.54486310499999, "Accuracy": {"4.csv": 94.29735234215886, "1.csv": 84.40528634361235, "3.csv": 64.35643564356435, "5.csv": 62.4439461883408, "8.csv": 83.88090349075975, "0.csv": 94.38775510204081, "6.csv": 90.18789144050105, "2.csv": 89.63178294573643, "9.csv": 63.72646184340932, "7.csv": 85.3112840466926}, "Datapoints": 1030}, "timestamp": 1552762520.0347755}
{"node_id": 3, "type": "PROC", "payload": {"Window ID": 12, "Memory Usage": 0.2066048459176932}, "timestamp": 1552762537.939003}
{"node_id": 3, "type": "STAT", "payload": {"Window ID": 12, "Runtime": 54.30371058199671, "Process time": 33.92742946699997, "Accuracy": {"4.csv": 82.58655804480651, "1.csv": 95.8590308370044, "3.csv": 87.72277227722772, "5.csv": 79.14798206278026, "8.csv": 66.0164271047228, "0.csv": 89.38775510204081, "6.csv": 82.88100208768267, "2.csv": 81.2984496124031, "9.csv": 82.3587710604559, "7.csv": 91.82879377431907}, "Datapoints": 1099}, "timestamp": 1552762543.4436343}
{"node_id": 3, "type": "PUSH", "payload": {"Network Cost": 129040}, "timestamp": 1552762543.5479052}
{"node_id": 1, "type": "CONN", "payload": "Got gradients from child 3", "timestamp": 1552762544.7693176}
{"node_id": 1, "type": "MERG", "payload": "Merged gradients at node 1", "timestamp": 1552762544.7744093}
{"node_id": 1, "type": "STAT", "payload": {"Merge ID": 9, "Child ID": 3, "Skip Test data": 12536, "Post Merge Accuracy": {"4.csv": 87.9837067209776, "1.csv": 97.18061674008811, "3.csv": 85.84158415841584, "5.csv": 77.24215246636771, "8.csv": 79.05544147843942, "0.csv": 92.44897959183673, "6.csv": 89.56158663883089, "2.csv": 84.68992248062015, "9.csv": 82.06144697720515, "7.csv": 90.46692607003891}}, "timestamp": 1552762550.5371885}
{"node_id": 2, "type": "PROC", "payload": {"Window ID": 13, "Memory Usage": 0.2149477324835814}, "timestamp": 1552762564.7485843}
{"node_id": 2, "type": "STAT", "payload": {"Window ID": 13, "Runtime": 50.79600695398403, "Process time": 31.386602186000005, "Accuracy": {"4.csv": 91.95519348268839, "1.csv": 91.71806167400881, "3.csv": 60.495049504950494, "5.csv": 69.17040358744396, "8.csv": 86.96098562628337, "0.csv": 94.08163265306122, "6.csv": 92.90187891440502, "2.csv": 88.46899224806202, "9.csv": 82.7552031714569, "7.csv": 82.10116731517509}, "Datapoints": 995}, "timestamp": 1552762570.8347032}
{"node_id": 1, "type": "CONN", "payload": "Got pull request from child 2", "timestamp": 1552762591.206245}
{"node_id": 2, "type": "PULL", "payload": {"Network Cost": 129040}, "timestamp": 1552762591.4616456}
{"node_id": 3, "type": "PROC", "payload": {"Window ID": 13, "Memory Usage": 0.2074063459371235}, "timestamp": 1552762593.9424124}
{"node_id": 3, "type": "STAT", "payload": {"Window ID": 13, "Runtime": 55.17797068497748, "Process time": 35.82605539499997, "Accuracy": {"4.csv": 57.331975560081474, "1.csv": 98.59030837004406, "3.csv": 91.2871287128713, "5.csv": 84.08071748878923, "8.csv": 62.62833675564682, "0.csv": 91.42857142857143, "6.csv": 78.81002087682673, "2.csv": 80.42635658914729, "9.csv": 93.1615460852329, "7.csv": 90.46692607003891}, "Datapoints": 1109}, "timestamp": 1552762599.9531384}
{"node_id": 2, "type": "PROC", "payload": {"Window ID": 14, "Memory Usage": 0.23418373294990866}, "timestamp": 1552762622.2448702}
{"node_id": 2, "type": "STAT", "payload": {"Window ID": 14, "Runtime": 56.994814874982694, "Process time": 36.457884639999975, "Accuracy": {"4.csv": 89.0020366598778, "1.csv": 96.2114537444934, "3.csv": 72.57425742574257, "5.csv": 63.901345291479814, "8.csv": 85.72895277207392, "0.csv": 96.63265306122449, "6.csv": 92.37995824634656, "2.csv": 88.66279069767442, "9.csv": 77.20515361744302, "7.csv": 82.68482490272373}, "Datapoints": 1012}, "timestamp": 1552762627.8357186}
{"node_id": 2, "type": "PUSH", "payload": {"Network Cost": 129040}, "timestamp": 1552762627.9481936}
{"node_id": 1, "type": "CONN", "payload": "Got gradients from child 2", "timestamp": 1552762629.1509778}
{"node_id": 1, "type": "MERG", "payload": "Merged gradients at node 1", "timestamp": 1552762629.1548784}
{"node_id": 1, "type": "STAT", "payload": {"Merge ID": 10, "Child ID": 2, "Skip Test data": 14164, "Post Merge Accuracy": {"4.csv": 89.0020366598778, "1.csv": 97.00440528634361, "3.csv": 80.79207920792079, "5.csv": 72.6457399103139, "8.csv": 85.21560574948666, "0.csv": 95.10204081632652, "6.csv": 92.48434237995825, "2.csv": 86.24031007751938, "9.csv": 82.1605550049554, "7.csv": 87.15953307392996}}, "timestamp": 1552762634.8432143}
{"node_id": 3, "type": "PROC", "payload": {"Window ID": 14, "Memory Usage": 0.20628910348579643}, "timestamp": 1552762657.437187}
{"node_id": 3, "type": "STAT", "payload": {"Window ID": 14, "Runtime": 63.89039131999016, "Process time": 44.79076094100003, "Accuracy": {"4.csv": 73.93075356415478, "1.csv": 98.41409691629957, "3.csv": 89.60396039603961, "5.csv": 85.08968609865471, "8.csv": 62.217659137576995, "0.csv": 87.34693877551021, "6.csv": 88.20459290187893, "2.csv": 79.84496124031007, "9.csv": 91.57581764122894, "7.csv": 87.7431906614786}, "Datapoints": 1100}, "timestamp": 1552762663.8463807}
{"node_id": 3, "type": "PUSH", "payload": {"Network Cost": 129040}, "timestamp": 1552762663.9467878}
{"node_id": 1, "type": "CONN", "payload": "Got gradients from child 3", "timestamp": 1552762665.169718}
{"node_id": 1, "type": "MERG", "payload": "Merged gradients at node 1", "timestamp": 1552762665.1741571}
{"node_id": 1, "type": "STAT", "payload": {"Merge ID": 11, "Child ID": 3, "Skip Test data": 14745, "Post Merge Accuracy": {"4.csv": 83.80855397148676, "1.csv": 98.23788546255507, "3.csv": 78.21782178217822, "5.csv": 78.25112107623319, "8.csv": 85.01026694045176, "0.csv": 95.0, "6.csv": 91.9624217118998, "2.csv": 86.82170542635659, "9.csv": 87.41328047571854, "7.csv": 86.7704280155642}}, "timestamp": 1552762670.6450844}
{"node_id": 2, "type": "PROC", "payload": {"Window ID": 15, "Memory Usage": 0.23980637702560914}, "timestamp": 1552762685.4367175}
{"node_id": 1, "type": "CONN", "payload": "Got pull request from child 3", "timestamp": 1552762685.5271597}
{"node_id": 3, "type": "PULL", "payload": {"Network Cost": 129040}, "timestamp": 1552762685.708764}
{"node_id": 2, "type": "STAT", "payload": {"Window ID": 15, "Runtime": 62.2938142149942, "Process time": 43.017445791, "Accuracy": {"4.csv": 85.84521384928718, "1.csv": 93.568281938326, "3.csv": 76.53465346534654, "5.csv": 68.38565022421524, "8.csv": 89.3223819301848, "0.csv": 94.48979591836735, "6.csv": 88.30897703549061, "2.csv": 89.63178294573643, "9.csv": 76.41228939544104, "7.csv": 82.87937743190662}, "Datapoints": 1163}, "timestamp": 1552762691.450188}
{"node_id": 1, "type": "CONN", "payload": "Got pull request from child 2", "timestamp": 1552762711.8517866}
{"node_id": 2, "type": "PULL", "payload": {"Network Cost": 129040}, "timestamp": 1552762712.1399293}
{"node_id": 3, "type": "PROC", "payload": {"Window ID": 15, "Memory Usage": 0.2338679905180119}, "timestamp": 1552762721.1420212}
{"node_id": 3, "type": "STAT", "payload": {"Window ID": 15, "Runtime": 62.27619719100767, "Process time": 41.98079480599995, "Accuracy": {"4.csv": 75.96741344195519, "1.csv": 98.6784140969163, "3.csv": 93.26732673267327, "5.csv": 84.30493273542601, "8.csv": 71.5605749486653, "0.csv": 88.46938775510203, "6.csv": 83.40292275574113, "2.csv": 78.00387596899225, "9.csv": 87.11595639246778, "7.csv": 89.98054474708171}, "Datapoints": 1300}, "timestamp": 1552762727.451857}
{"node_id": 2, "type": "PROC", "payload": {"Window ID": 16, "Memory Usage": 0.24301237710333035}, "timestamp": 1552762744.8400233}
{"node_id": 2, "type": "STAT", "payload": {"Window ID": 16, "Runtime": 58.687596917006886, "Process time": 38.20360007599999, "Accuracy": {"4.csv": 91.14052953156822, "1.csv": 94.5374449339207, "3.csv": 84.55445544554455, "5.csv": 74.77578475336323, "8.csv": 88.39835728952772, "0.csv": 90.40816326530611, "6.csv": 93.63256784968684, "2.csv": 84.10852713178295, "9.csv": 64.42021803766104, "7.csv": 82.10116731517509}, "Datapoints": 1242}, "timestamp": 1552762750.141735}
{"node_id": 2, "type": "PUSH", "payload": {"Network Cost": 129040}, "timestamp": 1552762750.2484505}
{"node_id": 1, "type": "CONN", "payload": "Got gradients from child 2", "timestamp": 1552762751.4582856}
{"node_id": 1, "type": "MERG", "payload": "Merged gradients at node 1", "timestamp": 1552762751.462727}
{"node_id": 1, "type": "STAT", "payload": {"Merge ID": 12, "Child ID": 2, "Skip Test data": 16569, "Post Merge Accuracy": {"4.csv": 89.5112016293279, "1.csv": 97.53303964757708, "3.csv": 82.77227722772277, "5.csv": 76.68161434977578, "8.csv": 88.80903490759754, "0.csv": 94.59183673469389, "6.csv": 93.31941544885177, "2.csv": 85.65891472868216, "9.csv": 81.9623389494549, "7.csv": 85.01945525291829}}, "timestamp": 1552762757.0431974}
{"node_id": 3, "type": "PROC", "payload": {"Window ID": 16, "Memory Usage": 0.23250786927291803}, "timestamp": 1552762781.3479905}
{"node_id": 3, "type": "STAT", "payload": {"Window ID": 16, "Runtime": 59.40402329299832, "Process time": 40.08188573100006, "Accuracy": {"4.csv": 80.04073319755601, "1.csv": 97.53303964757708, "3.csv": 89.00990099009901, "5.csv": 87.5560538116592, "8.csv": 74.74332648870636, "0.csv": 88.16326530612245, "6.csv": 84.44676409185804, "2.csv": 81.0077519379845, "9.csv": 89.09811694747275, "7.csv": 89.49416342412452}, "Datapoints": 1244}, "timestamp": 1552762786.94078}
{"node_id": 3, "type": "PUSH", "payload": {"Network Cost": 129040}, "timestamp": 1552762786.9569058}
{"node_id": 1, "type": "CONN", "payload": "Got gradients from child 3", "timestamp": 1552762788.240177}
{"node_id": 1, "type": "MERG", "payload": "Merged gradients at node 1", "timestamp": 1552762788.2453184}
{"node_id": 1, "type": "STAT", "payload": {"Merge ID": 13, "Child ID": 3, "Skip Test data": 17289, "Post Merge Accuracy": {"4.csv": 87.78004073319755, "1.csv": 97.26872246696036, "3.csv": 86.73267326732673, "5.csv": 85.31390134529147, "8.csv": 86.24229979466119, "0.csv": 92.04081632653062, "6.csv": 90.70981210855949, "2.csv": 84.49612403100775, "9.csv": 82.25966303270566, "7.csv": 86.86770428015565}}, "timestamp": 1552762793.2496402}
{"node_id": 2, "type": "PROC", "payload": {"Window ID": 17, "Memory Usage": 0.24140937706446974}, "timestamp": 1552762804.0393045}
{"node_id": 1, "type": "CONN", "payload": "Got pull request from child 3", "timestamp": 1552762808.6627517}
{"node_id": 3, "type": "PULL", "payload": {"Network Cost": 129040}, "timestamp": 1552762808.8770082}
{"node_id": 2, "type": "STAT", "payload": {"Window ID": 17, "Runtime": 58.688334607024444, "Process time": 39.36777628499999, "Accuracy": {"4.csv": 95.31568228105907, "1.csv": 95.50660792951543, "3.csv": 78.81188118811882, "5.csv": 73.87892376681614, "8.csv": 83.9835728952772, "0.csv": 96.0204081632653, "6.csv": 92.17118997912317, "2.csv": 88.0813953488372, "9.csv": 23.48860257680872, "7.csv": 86.67315175097276}, "Datapoints": 1196}, "timestamp": 1552762810.151643}
{"node_id": 3, "type": "PROC", "payload": {"Window ID": 17, "Memory Usage": 0.23068627831966734}, "timestamp": 1552762841.5406}
{"node_id": 3, "type": "STAT", "payload": {"Window ID": 17, "Runtime": 59.21517391098314, "Process time": 38.70311333899997, "Accuracy": {"4.csv": 72.81059063136456, "1.csv": 98.14977973568281, "3.csv": 87.12871287128714, "5.csv": 91.25560538116592, "8.csv": 67.45379876796714, "0.csv": 83.36734693877551, "6.csv": 84.75991649269311, "2.csv": 75.67829457364341, "9.csv": 87.71060455896928, "7.csv": 90.46692607003891}, "Datapoints": 1211}, "timestamp": 1552762847.4616876}
{"node_id": 2, "type": "PROC", "payload": {"Window ID": 18, "Memory Usage": 0.23980637702560914}, "timestamp": 1552762860.8476338}
{"node_id": 2, "type": "STAT", "payload": {"Window ID": 18, "Runtime": 56.68789750299766, "Process time": 37.486524502000066, "Accuracy": {"4.csv": 93.48268839103869, "1.csv": 91.18942731277532, "3.csv": 69.9009900990099, "5.csv": 59.865470852017935, "8.csv": 90.86242299794661, "0.csv": 95.3061224489796, "6.csv": 91.54488517745303, "2.csv": 89.43798449612403, "9.csv": 80.77304261645193, "7.csv": 80.1556420233463}, "Datapoints": 1170}, "timestamp": 1552762866.8421507}
{"node_id": 1, "type": "CONN", "payload": "Got pull request from child 2", "timestamp": 1552762887.2649996}
{"node_id": 2, "type": "PULL", "payload": {"Network Cost": 129040}, "timestamp": 1552762887.4861054}
{"node_id": 3, "type": "PROC", "payload": {"Window ID": 18, "Memory Usage": 0.22989692223992542}, "timestamp": 1552762897.6364408}
{"node_id": 3, "type": "STAT", "payload": {"Window ID": 18, "Runtime": 56.00827244302491, "Process time": 36.650586516999965, "Accuracy": {"4.csv": 71.89409368635438, "1.csv": 98.50220264317181, "3.csv": 92.27722772277228, "5.csv": 83.6322869955157, "8.csv": 69.81519507186859, "0.csv": 89.38775510204081, "6.csv": 77.97494780793319, "2.csv": 77.90697674418605, "9.csv": 88.89990089197225, "7.csv": 92.02334630350194}, "Datapoints": 1181}, "timestamp": 1552762903.5427217}
{"node_id": 2, "type": "PROC", "payload": {"Window ID": 19, "Memory Usage": 0.23900487700617884}, "timestamp": 1552762920.444534}
{"node_id": 2, "type": "STAT", "payload": {"Window ID": 19, "Runtime": 59.91806231701048, "Process time": 39.506442367999966, "Accuracy": {"4.csv": 92.15885947046843, "1.csv": 93.3920704845815, "3.csv": 79.9009900990099, "5.csv": 62.66816143497758, "8.csv": 80.69815195071868, "0.csv": 93.46938775510203, "6.csv": 89.87473903966597, "2.csv": 90.31007751937985, "9.csv": 71.95242814667988, "7.csv": 91.24513618677042}, "Datapoints": 1133}, "timestamp": 1552762926.856828}
{"node_id": 2, "type": "PUSH", "payload": {"Network Cost": 129040}, "timestamp": 1552762926.952194}
{"node_id": 1, "type": "CONN", "payload": "Got gradients from child 2", "timestamp": 1552762928.1842947}
{"node_id": 1, "type": "MERG", "payload": "Merged gradients at node 1", "timestamp": 1552762928.1887465}
{"node_id": 1, "type": "STAT", "payload": {"Merge ID": 14, "Child ID": 2, "Skip Test data": 20068, "Post Merge Accuracy": {"4.csv": 90.83503054989816, "1.csv": 96.91629955947137, "3.csv": 85.24752475247524, "5.csv": 74.2152466367713, "8.csv": 86.96098562628337, "0.csv": 95.40816326530613, "6.csv": 92.06680584551148, "2.csv": 88.2751937984496, "9.csv": 84.73736372646185, "7.csv": 89.78599221789884}}, "timestamp": 1552762933.73453}
{"node_id": 3, "type": "PROC", "payload": {"Window ID": 19, "Memory Usage": 0.22749242218163446}, "timestamp": 1552762955.3384187}
{"node_id": 3, "type": "STAT", "payload": {"Window ID": 19, "Runtime": 57.696619898983045, "Process time": 38.45814110599997, "Accuracy": {"4.csv": 62.11812627291242, "1.csv": 97.3568281938326, "3.csv": 89.60396039603961, "5.csv": 81.39013452914799, "8.csv": 75.25667351129364, "0.csv": 84.6938775510204, "6.csv": 86.32567849686848, "2.csv": 82.94573643410853, "9.csv": 91.77403369672945, "7.csv": 90.36964980544747}, "Datapoints": 1117}, "timestamp": 1552762961.243207}
{"node_id": 3, "type": "PUSH", "payload": {"Network Cost": 129040}, "timestamp": 1552762961.34721}
{"node_id": 1, "type": "CONN", "payload": "Got gradients from child 3", "timestamp": 1552762962.5485463}
{"node_id": 1, "type": "MERG", "payload": "Merged gradients at node 1", "timestamp": 1552762962.5525706}
{"node_id": 1, "type": "STAT", "payload": {"Merge ID": 15, "Child ID": 3, "Skip Test data": 20798, "Post Merge Accuracy": {"4.csv": 91.95519348268839, "1.csv": 96.29955947136564, "3.csv": 87.42574257425743, "5.csv": 71.0762331838565, "8.csv": 76.48870636550308, "0.csv": 93.16326530612244, "6.csv": 89.56158663883089, "2.csv": 88.37209302325581, "9.csv": 82.95341922695738, "7.csv": 92.12062256809338}}, "timestamp": 1552762968.648151}
{"node_id": 2, "type": "PROC", "payload": {"Window ID": 20, "Memory Usage": 0.24221087708390004}, "timestamp": 1552762981.1436493}
{"node_id": 1, "type": "CONN", "payload": "Got pull request from child 3", "timestamp": 1552762982.8688166}
{"node_id": 3, "type": "PULL", "payload": {"Network Cost": 129040}, "timestamp": 1552762983.0496716}
{"node_id": 2, "type": "STAT", "payload": {"Window ID": 20, "Runtime": 59.04607510700589, "Process time": 39.75765614599993, "Accuracy": {"4.csv": 96.63951120162932, "1.csv": 94.7136563876652, "3.csv": 80.3960396039604, "5.csv": 68.60986547085201, "8.csv": 86.0369609856263, "0.csv": 95.61224489795919, "6.csv": 88.93528183716074, "2.csv": 90.98837209302324, "9.csv": 42.22001982160555, "7.csv": 85.21400778210116}, "Datapoints": 1221}, "timestamp": 1552762987.2354603}
{"node_id": 1, "type": "CONN", "payload": "Got pull request from child 2", "timestamp": 1552763007.5917532}
{"node_id": 2, "type": "PULL", "payload": {"Network Cost": 129040}, "timestamp": 1552763007.8380864}
{"node_id": 3, "type": "PROC", "payload": {"Window ID": 20, "Memory Usage": 0.22989692223992542}, "timestamp": 1552763017.3386252}
{"node_id": 3, "type": "STAT", "payload": {"Window ID": 20, "Runtime": 60.69397833000403, "Process time": 40.316809587999956, "Accuracy": {"4.csv": 77.18940936863544, "1.csv": 92.42290748898678, "3.csv": 91.58415841584159, "5.csv": 80.60538116591928, "8.csv": 53.59342915811089, "0.csv": 95.51020408163265, "6.csv": 84.44676409185804, "2.csv": 83.81782945736434, "9.csv": 89.29633300297324, "7.csv": 93.19066147859922}, "Datapoints": 1177}, "timestamp": 1552763023.2472572}
{"node_id": 2, "type": "PROC", "payload": {"Window ID": 21, "Memory Usage": 0.24060787704503944}, "timestamp": 1552763041.0378096}
{"node_id": 2, "type": "STAT", "payload": {"Window ID": 21, "Runtime": 59.61261043100967, "Process time": 39.134248265, "Accuracy": {"4.csv": 91.14052953156822, "1.csv": 93.83259911894272, "3.csv": 80.0990099009901, "5.csv": 72.75784753363229, "8.csv": 90.65708418891171, "0.csv": 96.53061224489797, "6.csv": 91.12734864300627, "2.csv": 90.60077519379846, "9.csv": 86.42220019821606, "7.csv": 87.84046692607004}, "Datapoints": 1177}, "timestamp": 1552763046.851622}
{"node_id": 3, "type": "PROC", "payload": {"Window ID": 21, "Memory Usage": 0.23069842225935572}, "timestamp": 1552763076.547228}
{"node_id": 3, "type": "STAT", "payload": {"Window ID": 21, "Runtime": 59.20520173502155, "Process time": 39.78171182599999, "Accuracy": {"4.csv": 82.4847250509165, "1.csv": 97.26872246696036, "3.csv": 87.92079207920793, "5.csv": 87.33183856502242, "8.csv": 67.04312114989733, "0.csv": 93.87755102040816, "6.csv": 89.35281837160751, "2.csv": 84.88372093023256, "9.csv": 90.08919722497522, "7.csv": 88.715953307393}, "Datapoints": 1212}, "timestamp": 1552763082.5436423}
{"node_id": 3, "type": "PUSH", "payload": {"Network Cost": 129040}, "timestamp": 1552763082.6389945}
{"node_id": 1, "type": "CONN", "payload": "Got gradients from child 3", "timestamp": 1552763083.9360774}
{"node_id": 1, "type": "MERG", "payload": "Merged gradients at node 1", "timestamp": 1552763083.9420102}
{"node_id": 1, "type": "STAT", "payload": {"Merge ID": 16, "Child ID": 3, "Skip Test data": 23187, "Post Merge Accuracy": {"4.csv": 88.08553971486762, "1.csv": 97.44493392070484, "3.csv": 87.82178217821782, "5.csv": 84.30493273542601, "8.csv": 74.2299794661191, "0.csv": 93.77551020408164, "6.csv": 91.7536534446764, "2.csv": 88.0813953488372, "9.csv": 88.70168483647176, "7.csv": 92.12062256809338}}, "timestamp": 1552763090.5526886}
{"node_id": 2, "type": "PROC", "payload": {"Window ID": 22, "Memory Usage": 0.24060787704503944}, "timestamp": 1552763097.141717}
{"node_id": 2, "type": "STAT", "payload": {"Window ID": 22, "Runtime": 55.89154975200654, "Process time": 36.586896583, "Accuracy": {"4.csv": 93.07535641547861, "1.csv": 96.38766519823788, "3.csv": 80.2970297029703, "5.csv": 73.99103139013454, "8.csv": 84.80492813141683, "0.csv": 95.3061224489796, "6.csv": 93.0062630480167, "2.csv": 87.5, "9.csv": 84.34093161546086, "7.csv": 82.97665369649806}, "Datapoints": 1189}, "timestamp": 1552763102.7465117}
{"node_id": 2, "type": "PUSH", "payload": {"Network Cost": 129040}, "timestamp": 1552763102.839865}
{"node_id": 1, "type": "CONN", "payload": "Got gradients from child 2", "timestamp": 1552763104.0580106}
{"node_id": 1, "type": "MERG", "payload": "Merged gradients at node 1", "timestamp": 1552763104.0635867}
{"node_id": 1, "type": "CONN", "payload": "Got pull request from child 3", "timestamp": 1552763104.3469038}
{"node_id": 3, "type": "PULL", "payload": {"Network Cost": 129040}, "timestamp": 1552763105.1042607}
{"node_id": 1, "type": "STAT", "payload": {"Merge ID": 17, "Child ID": 2, "Skip Test data": 23655, "Post Merge Accuracy": {"4.csv": 89.30753564154786, "1.csv": 97.79735682819384, "3.csv": 83.36633663366337, "5.csv": 83.74439461883408, "8.csv": 79.7741273100616, "0.csv": 95.0, "6.csv": 93.52818371607515, "2.csv": 87.5, "9.csv": 90.48562933597621, "7.csv": 88.81322957198444}}, "timestamp": 1552763109.8444395}
{"node_id": 3, "type": "PROC", "payload": {"Window ID": 22, "Memory Usage": 0.23046768740527726}, "timestamp": 1552763137.8415277}
{"node_id": 3, "type": "STAT", "payload": {"Window ID": 22, "Runtime": 59.69826615299098, "Process time": 38.64798851199998, "Accuracy": {"4.csv": 84.82688391038697, "1.csv": 98.94273127753304, "3.csv": 89.70297029702971, "5.csv": 84.08071748878923, "8.csv": 70.2258726899384, "0.csv": 90.20408163265307, "6.csv": 85.90814196242171, "2.csv": 85.94961240310077, "9.csv": 86.1248761149653, "7.csv": 90.1750972762646}, "Datapoints": 1209}, "timestamp": 1552763143.641504}
{"node_id": 2, "type": "PROC", "payload": {"Window ID": 23, "Memory Usage": 0.2390170209458672}, "timestamp": 1552763148.9355881}
{"node_id": 2, "type": "STAT", "payload": {"Window ID": 23, "Runtime": 51.29272627798491, "Process time": 31.94602803700002, "Accuracy": {"4.csv": 95.5193482688391, "1.csv": 94.00881057268722, "3.csv": 81.0891089108911, "5.csv": 72.30941704035875, "8.csv": 88.60369609856262, "0.csv": 96.3265306122449, "6.csv": 92.90187891440502, "2.csv": 88.17829457364341, "9.csv": 74.13280475718534, "7.csv": 85.50583657587548}, "Datapoints": 1140}, "timestamp": 1552763155.357662}
{"node_id": 1, "type": "CONN", "payload": "Got pull request from child 2", "timestamp": 1552763175.811873}
{"node_id": 2, "type": "PULL", "payload": {"Network Cost": 129040}, "timestamp": 1552763176.019714}
{"node_id": 3, "type": "PROC", "payload": {"Window ID": 23, "Memory Usage": 0.22966618738584696}, "timestamp": 1552763195.6447387}
{"node_id": 3, "type": "STAT", "payload": {"Window ID": 23, "Runtime": 58.309391693008365, "Process time": 39.02608124400001, "Accuracy": {"4.csv": 68.5336048879837, "1.csv": 98.06167400881057, "3.csv": 90.5940594059406, "5.csv": 83.5201793721973, "8.csv": 77.72073921971253, "0.csv": 94.48979591836735, "6.csv": 90.70981210855949, "2.csv": 83.04263565891473, "9.csv": 89.09811694747275, "7.csv": 91.05058365758755}, "Datapoints": 1190}, "timestamp": 1552763201.9541821}
{"node_id": 2, "type": "PROC", "payload": {"Window ID": 24, "Memory Usage": 0.21577352038238837}, "timestamp": 1552763202.8361337}
{"node_id": 2, "type": "STAT", "payload": {"Window ID": 24, "Runtime": 53.454043841018574, "Process time": 33.02489143599996, "Accuracy": {"4.csv": 94.60285132382892, "1.csv": 87.5770925110132, "3.csv": 71.18811881188118, "5.csv": 68.49775784753363, "8.csv": 89.42505133470226, "0.csv": 95.61224489795919, "6.csv": 85.80375782881002, "2.csv": 88.75968992248062, "9.csv": 78.49355797819624, "7.csv": 81.6147859922179}, "Datapoints": 1026}, "timestamp": 1552763208.934717}
{"node_id": 3, "type": "PROC", "payload": {"Window ID": 24, "Memory Usage": 0.22886468736641666}, "timestamp": 1552763252.63672}
{"node_id": 2, "type": "PROC", "payload": {"Window ID": 25, "Memory Usage": 0.23581102086814598}, "timestamp": 1552763258.3388805}
{"node_id": 3, "type": "STAT", "payload": {"Window ID": 24, "Runtime": 56.38535987099749, "Process time": 37.209843571999954, "Accuracy": {"4.csv": 81.9755600814664, "1.csv": 97.88546255506608, "3.csv": 94.75247524752474, "5.csv": 83.74439461883408, "8.csv": 63.860369609856264, "0.csv": 86.22448979591837, "6.csv": 85.17745302713988, "2.csv": 77.32558139534885, "9.csv": 87.90882061446978, "7.csv": 88.91050583657587}, "Datapoints": 1161}, "timestamp": 1552763258.3427927}
{"node_id": 3, "type": "PUSH", "payload": {"Network Cost": 129040}, "timestamp": 1552763258.4498026}
{"node_id": 1, "type": "CONN", "payload": "Got gradients from child 3", "timestamp": 1552763259.6577542}
{"node_id": 1, "type": "MERG", "payload": "Merged gradients at node 1", "timestamp": 1552763259.6621726}
{"node_id": 2, "type": "STAT", "payload": {"Window ID": 25, "Runtime": 55.40517258798354, "Process time": 36.00737713000001, "Accuracy": {"4.csv": 92.36252545824847, "1.csv": 92.95154185022027, "3.csv": 82.07920792079207, "5.csv": 71.8609865470852, "8.csv": 86.0369609856263, "0.csv": 94.59183673469389, "6.csv": 92.69311064718163, "2.csv": 90.01937984496125, "9.csv": 85.03468780971258, "7.csv": 89.39688715953308}, "Datapoints": 1065}, "timestamp": 1552763264.3433213}
{"node_id": 2, "type": "PUSH", "payload": {"Network Cost": 129040}, "timestamp": 1552763264.4513867}
{"node_id": 1, "type": "STAT", "payload": {"Merge ID": 18, "Child ID": 3, "Skip Test data": 26747, "Post Merge Accuracy": {"4.csv": 88.18737270875764, "1.csv": 98.23788546255507, "3.csv": 91.98019801980199, "5.csv": 84.97757847533633, "8.csv": 76.18069815195072, "0.csv": 94.28571428571428, "6.csv": 92.27557411273486, "2.csv": 83.62403100775194, "9.csv": 90.38652130822597, "7.csv": 88.61867704280155}}, "timestamp": 1552763265.3475611}
{"node_id": 1, "type": "CONN", "payload": "Got gradients from child 2", "timestamp": 1552763265.6617258}
{"node_id": 1, "type": "MERG", "payload": "Merged gradients at node 1", "timestamp": 1552763265.66591}
{"node_id": 1, "type": "STAT", "payload": {"Merge ID": 19, "Child ID": 2, "Skip Test data": 26886, "Post Merge Accuracy": {"4.csv": 88.69653767820775, "1.csv": 97.79735682819384, "3.csv": 91.78217821782178, "5.csv": 80.49327354260089, "8.csv": 80.08213552361396, "0.csv": 94.59183673469389, "6.csv": 91.33611691022965, "2.csv": 87.5, "9.csv": 88.800792864222, "7.csv": 88.715953307393}}, "timestamp": 1552763271.3443358}
{"node_id": 1, "type": "CONN", "payload": "Got pull request from child 3", "timestamp": 1552763279.959891}