{"node_id": 2, "type": "CONN", "payload": "Connected with the Kafka server", "timestamp": 1552764603.3284447}
{"node_id": 3, "type": "CONN", "payload": "Connected with the Kafka server", "timestamp": 1552764605.8268118}
{"node_id": 3, "type": "CONN", "payload": "Waiting for node 1 to connect", "timestamp": 1552764642.562712}
{"node_id": 2, "type": "CONN", "payload": "Waiting for node 1 to connect", "timestamp": 1552764642.5638912}
{"node_id": 1, "type": "CONN", "payload": "Received message from node id 3: connected", "timestamp": 1552764642.5682483}
{"node_id": 3, "type": "CONN", "payload": "Connected with node 1", "timestamp": 1552764642.5786984}
{"node_id": 1, "type": "CONN", "payload": "Received message from node id 2: connected", "timestamp": 1552764642.5788808}
{"node_id": 2, "type": "CONN", "payload": "Connected with node 1", "timestamp": 1552764642.582695}
{"node_id": 3, "type": "CONN", "payload": "Got parent update count: 0", "timestamp": 1552764642.5833821}
{"node_id": 2, "type": "CONN", "payload": "Got parent update count: 0", "timestamp": 1552764642.5872004}
{"node_id": 3, "type": "PROC", "payload": {"Window ID": 0, "Memory Usage": 0.1112870633039288}, "timestamp": 1552764642.8412788}
{"node_id": 2, "type": "PROC", "payload": {"Window ID": 0, "Memory Usage": 0.11264718454902266}, "timestamp": 1552764642.9427145}
{"node_id": 2, "type": "STAT", "payload": {"Window ID": 0, "Runtime": 45.40503731998615, "Process time": 6.312745682999999, "Accuracy": {"4.csv": 0.0, "1.csv": 0.0, "3.csv": 0.0, "5.csv": 39.91031390134529, "8.csv": 0.0, "0.csv": 57.04081632653061, "6.csv": 0.0, "2.csv": 0.0, "9.csv": 0.0, "7.csv": 0.0}, "Datapoints": 1}, "timestamp": 1552764648.740122}
{"node_id": 3, "type": "STAT", "payload": {"Window ID": 0, "Runtime": 43.42142384700128, "Process time": 6.803925739, "Accuracy": {"4.csv": 0.0, "1.csv": 99.82378854625551, "3.csv": 0.0, "5.csv": 0.11210762331838565, "8.csv": 0.0, "0.csv": 0.0, "6.csv": 0.0, "2.csv": 0.0, "9.csv": 0.0, "7.csv": 0.0}, "Datapoints": 1}, "timestamp": 1552764649.3345325}
{"node_id": 2, "type": "CONN", "payload": "Got parent update count: 0", "timestamp": 1552764669.0334208}
{"node_id": 3, "type": "CONN", "payload": "Got parent update count: 0", "timestamp": 1552764669.5504704}
{"node_id": 2, "type": "PROC", "payload": {"Window ID": 1, "Memory Usage": 0.15829625383748494}, "timestamp": 1552764681.4478338}
{"node_id": 3, "type": "PROC", "payload": {"Window ID": 1, "Memory Usage": 0.15759190533556133}, "timestamp": 1552764683.0553334}
{"node_id": 2, "type": "STAT", "payload": {"Window ID": 1, "Runtime": 38.59972148100496, "Process time": 19.118310553999997, "Accuracy": {"4.csv": 84.21588594704684, "1.csv": 0.0, "3.csv": 0.39603960396039606, "5.csv": 0.0, "8.csv": 79.15811088295688, "0.csv": 91.73469387755102, "6.csv": 84.34237995824635, "2.csv": 83.81782945736434, "9.csv": 0.0, "7.csv": 0.0}, "Datapoints": 525}, "timestamp": 1552764687.3428187}
{"node_id": 2, "type": "PUSH", "payload": {"Network Cost": 129040}, "timestamp": 1552764687.3569684}
{"node_id": 3, "type": "STAT", "payload": {"Window ID": 1, "Runtime": 38.906798707001144, "Process time": 19.677012764, "Accuracy": {"4.csv": 0.0, "1.csv": 97.44493392070484, "3.csv": 81.98019801980197, "5.csv": 80.26905829596413, "8.csv": 0.0, "0.csv": 0.0, "6.csv": 0.0, "2.csv": 0.0, "9.csv": 80.47571853320119, "7.csv": 73.15175097276264}, "Datapoints": 535}, "timestamp": 1552764688.2447917}
{"node_id": 1, "type": "CONN", "payload": "Got gradients from child 2", "timestamp": 1552764688.5758786}
{"node_id": 1, "type": "MERG", "payload": "Merged gradients at node 1", "timestamp": 1552764688.5803723}
{"node_id": 1, "type": "STAT", "payload": {"Merge ID": 0, "Child ID": 2, "Skip Test data": 526, "Post Merge Accuracy": {"4.csv": 38.79837067209776, "1.csv": 0.1762114537444934, "3.csv": 0.0, "5.csv": 16.47982062780269, "8.csv": 58.52156057494866, "0.csv": 75.71428571428571, "6.csv": 73.2776617954071, "2.csv": 81.2984496124031, "9.csv": 0.0, "7.csv": 0.0}}, "timestamp": 1552764695.0591109}
{"node_id": 3, "type": "CONN", "payload": "Got parent update count: 1", "timestamp": 1552764708.554207}
{"node_id": 1, "type": "CONN", "payload": "Got pull request from child 3", "timestamp": 1552764708.558321}
{"node_id": 2, "type": "CONN", "payload": "Got parent update count: 1", "timestamp": 1552764708.795705}
{"node_id": 1, "type": "CONN", "payload": "Got pull request from child 2", "timestamp": 1552764708.798864}
{"node_id": 3, "type": "PULL", "payload": {"Network Cost": 129040}, "timestamp": 1552764708.8070338}
{"node_id": 2, "type": "PULL", "payload": {"Network Cost": 129040}, "timestamp": 1552764709.005069}
{"node_id": 2, "type": "PROC", "payload": {"Window ID": 2, "Memory Usage": 0.1763785800334201}, "timestamp": 1552764727.8388803}
{"node_id": 3, "type": "PROC", "payload": {"Window ID": 2, "Memory Usage": 0.17386478451793416}, "timestamp": 1552764729.2435856}
{"node_id": 2, "type": "STAT", "payload": {"Window ID": 2, "Runtime": 45.155008720990736, "Process time": 24.683764504, "Accuracy": {"4.csv": 93.07535641547861, "1.csv": 26.87224669603524, "3.csv": 0.19801980198019803, "5.csv": 2.914798206278027, "8.csv": 84.90759753593429, "0.csv": 97.75510204081633, "6.csv": 88.83089770354906, "2.csv": 85.07751937984496, "9.csv": 0.5946481665014867, "7.csv": 1.264591439688716}, "Datapoints": 793}, "timestamp": 1552764733.7370677}
{"node_id": 3, "type": "STAT", "payload": {"Window ID": 2, "Runtime": 47.51019005800481, "Process time": 27.119289828000003, "Accuracy": {"4.csv": 27.596741344195518, "1.csv": 95.33039647577093, "3.csv": 86.23762376237623, "5.csv": 70.85201793721974, "8.csv": 1.2320328542094456, "0.csv": 62.857142857142854, "6.csv": 70.04175365344467, "2.csv": 0.6782945736434108, "9.csv": 59.16749256689792, "7.csv": 90.36964980544747}, "Datapoints": 779}, "timestamp": 1552764735.8444726}
{"node_id": 2, "type": "PROC", "payload": {"Window ID": 3, "Memory Usage": 0.1889475576108499}, "timestamp": 1552764776.438697}
{"node_id": 2, "type": "STAT", "payload": {"Window ID": 3, "Runtime": 48.80083089999971, "Process time": 29.569422779, "Accuracy": {"4.csv": 87.67820773930754, "1.csv": 94.36123348017621, "3.csv": 0.594059405940594, "5.csv": 44.28251121076233, "8.csv": 73.51129363449692, "0.csv": 95.40816326530613, "6.csv": 88.62212943632568, "2.csv": 89.24418604651163, "9.csv": 49.25668979187314, "7.csv": 5.252918287937743}, "Datapoints": 900}, "timestamp": 1552764782.5417304}
{"node_id": 3, "type": "PROC", "payload": {"Window ID": 3, "Memory Usage": 0.19386585318462674}, "timestamp": 1552764784.2438123}
{"node_id": 3, "type": "STAT", "payload": {"Window ID": 3, "Runtime": 53.50110206400859, "Process time": 34.295803545, "Accuracy": {"4.csv": 12.321792260692463, "1.csv": 96.91629955947137, "3.csv": 87.72277227722772, "5.csv": 80.26905829596413, "8.csv": 0.0, "0.csv": 89.38775510204081, "6.csv": 78.18371607515657, "2.csv": 44.76744186046512, "9.csv": 84.73736372646185, "7.csv": 90.1750972762646}, "Datapoints": 946}, "timestamp": 1552764789.4348862}
{"node_id": 2, "type": "PROC", "payload": {"Window ID": 4, "Memory Usage": 0.19584531535382582}, "timestamp": 1552764826.6476731}
{"node_id": 2, "type": "STAT", "payload": {"Window ID": 4, "Runtime": 50.49444730501273, "Process time": 31.20974744899999, "Accuracy": {"4.csv": 95.31568228105907, "1.csv": 80.35242290748899, "3.csv": 1.6831683168316833, "5.csv": 29.372197309417043, "8.csv": 91.37577002053389, "0.csv": 94.28571428571428, "6.csv": 85.59498956158664, "2.csv": 85.65891472868216, "9.csv": 30.525272547076316, "7.csv": 49.80544747081712}, "Datapoints": 972}, "timestamp": 1552764833.0456119}
{"node_id": 3, "type": "PROC", "payload": {"Window ID": 4, "Memory Usage": 0.2004843003147709}, "timestamp": 1552764839.2433317}
{"node_id": 3, "type": "STAT", "payload": {"Window ID": 4, "Runtime": 55.412077813001815, "Process time": 36.13114463100001, "Accuracy": {"4.csv": 40.52953156822811, "1.csv": 98.6784140969163, "3.csv": 84.95049504950495, "5.csv": 83.96860986547085, "8.csv": 16.940451745379878, "0.csv": 91.02040816326532, "6.csv": 67.84968684759917, "2.csv": 57.26744186046512, "9.csv": 74.43012884043607, "7.csv": 92.41245136186771}, "Datapoints": 1069}, "timestamp": 1552764844.8505967}
{"node_id": 2, "type": "PROC", "payload": {"Window ID": 5, "Memory Usage": 0.19894201997435199}, "timestamp": 1552764874.036249}
{"node_id": 2, "type": "STAT", "payload": {"Window ID": 5, "Runtime": 47.189304480998544, "Process time": 27.894181898, "Accuracy": {"4.csv": 92.76985743380855, "1.csv": 89.60352422907489, "3.csv": 35.148514851485146, "5.csv": 50.11210762331838, "8.csv": 84.80492813141683, "0.csv": 98.06122448979592, "6.csv": 91.64926931106471, "2.csv": 83.43023255813954, "9.csv": 63.52824578790882, "7.csv": 75.19455252918289}, "Datapoints": 1008}, "timestamp": 1552764880.238029}
{"node_id": 3, "type": "PROC", "payload": {"Window ID": 5, "Memory Usage": 0.21969601290172153}, "timestamp": 1552764897.048353}
{"node_id": 3, "type": "STAT", "payload": {"Window ID": 5, "Runtime": 58.12952901099925, "Process time": 38.740259124000005, "Accuracy": {"4.csv": 71.79226069246437, "1.csv": 95.8590308370044, "3.csv": 92.37623762376238, "5.csv": 82.847533632287, "8.csv": 28.02874743326489, "0.csv": 84.59183673469389, "6.csv": 74.73903966597078, "2.csv": 67.24806201550388, "9.csv": 85.33201189296334, "7.csv": 88.91050583657587}, "Datapoints": 1106}, "timestamp": 1552764903.0663695}
{"node_id": 2, "type": "PROC", "payload": {"Window ID": 6, "Memory Usage": 0.197254012357673}, "timestamp": 1552764920.637508}
{"node_id": 2, "type": "STAT", "payload": {"Window ID": 6, "Runtime": 46.20031493497663, "Process time": 26.778132246000013, "Accuracy": {"4.csv": 92.36252545824847, "1.csv": 77.3568281938326, "3.csv": 25.544554455445546, "5.csv": 58.96860986547085, "8.csv": 86.55030800821355, "0.csv": 95.51020408163265, "6.csv": 92.17118997912317, "2.csv": 87.79069767441861, "9.csv": 69.67294350842418, "7.csv": 83.17120622568093}, "Datapoints": 942}, "timestamp": 1552764926.4423227}
{"node_id": 3, "type": "PROC", "payload": {"Window ID": 6, "Memory Usage": 0.22210051296001243}, "timestamp": 1552764949.0486548}
{"node_id": 3, "type": "STAT", "payload": {"Window ID": 6, "Runtime": 51.505316939001204, "Process time": 32.22592949, "Accuracy": {"4.csv": 58.85947046843177, "1.csv": 97.70925110132158, "3.csv": 86.43564356435644, "5.csv": 84.64125560538116, "8.csv": 60.47227926078029, "0.csv": 83.57142857142857, "6.csv": 79.12317327766179, "2.csv": 51.45348837209303, "9.csv": 89.197224975223, "7.csv": 91.34241245136187}, "Datapoints": 1160}, "timestamp": 1552764954.7350526}
{"node_id": 2, "type": "PROC", "payload": {"Window ID": 7, "Memory Usage": 0.1951288229122139}, "timestamp": 1552764973.2459497}
{"node_id": 2, "type": "STAT", "payload": {"Window ID": 7, "Runtime": 52.603841059986735, "Process time": 33.104930118, "Accuracy": {"4.csv": 91.64969450101833, "1.csv": 86.51982378854626, "3.csv": 27.425742574257427, "5.csv": 65.69506726457399, "8.csv": 90.65708418891171, "0.csv": 93.26530612244898, "6.csv": 93.73695198329854, "2.csv": 88.17829457364341, "9.csv": 74.52923686818632, "7.csv": 68.19066147859922}, "Datapoints": 923}, "timestamp": 1552764979.137894}
{"node_id": 3, "type": "PROC", "payload": {"Window ID": 7, "Memory Usage": 0.21754653557688572}, "timestamp": 1552765003.7426555}
{"node_id": 3, "type": "STAT", "payload": {"Window ID": 7, "Runtime": 55.610509927995736, "Process time": 35.97718199899998, "Accuracy": {"4.csv": 68.22810590631364, "1.csv": 97.26872246696036, "3.csv": 91.38613861386139, "5.csv": 87.5560538116592, "8.csv": 57.186858316221766, "0.csv": 88.77551020408163, "6.csv": 79.33194154488518, "2.csv": 68.5077519379845, "9.csv": 85.53022794846382, "7.csv": 90.56420233463035}, "Datapoints": 1030}, "timestamp": 1552765010.3490798}
{"node_id": 2, "type": "PROC", "payload": {"Window ID": 8, "Memory Usage": 0.216550732522442}, "timestamp": 1552765027.2377572}
{"node_id": 2, "type": "STAT", "payload": {"Window ID": 8, "Runtime": 54.300366215000395, "Process time": 34.994510960000014, "Accuracy": {"4.csv": 91.24236252545825, "1.csv": 88.72246696035242, "3.csv": 52.475247524752476, "5.csv": 69.84304932735425, "8.csv": 72.27926078028747, "0.csv": 97.6530612244898, "6.csv": 92.90187891440502, "2.csv": 93.02325581395348, "9.csv": 64.91575817641228, "7.csv": 86.67315175097276}, "Datapoints": 1047}, "timestamp": 1552765033.4433312}
{"node_id": 3, "type": "PROC", "payload": {"Window ID": 8, "Memory Usage": 0.16396747367193876}, "timestamp": 1552765064.3495116}
{"node_id": 3, "type": "STAT", "payload": {"Window ID": 8, "Runtime": 59.58975621400168, "Process time": 40.311234474, "Accuracy": {"4.csv": 76.4765784114053, "1.csv": 98.50220264317181, "3.csv": 86.43564356435644, "5.csv": 86.7713004484305, "8.csv": 59.54825462012321, "0.csv": 84.38775510204081, "6.csv": 84.44676409185804, "2.csv": 81.0077519379845, "9.csv": 89.89098116947473, "7.csv": 85.70038910505836}, "Datapoints": 1109}, "timestamp": 1552765070.0341215}
{"node_id": 2, "type": "PROC", "payload": {"Window ID": 9, "Memory Usage": 0.21836017953600434}, "timestamp": 1552765078.7368042}
{"node_id": 2, "type": "STAT", "payload": {"Window ID": 9, "Runtime": 51.38779573299689, "Process time": 31.844846108000013, "Accuracy": {"4.csv": 90.73319755600815, "1.csv": 89.86784140969164, "3.csv": 56.03960396039604, "5.csv": 59.97757847533632, "8.csv": 92.81314168377823, "0.csv": 98.46938775510205, "6.csv": 90.50104384133611, "2.csv": 88.0813953488372, "9.csv": 74.62834489593658, "7.csv": 80.25291828793775}, "Datapoints": 1085}, "timestamp": 1552765084.8343432}
{"node_id": 3, "type": "PROC", "payload": {"Window ID": 9, "Memory Usage": 0.21092808844674155}, "timestamp": 1552765117.0429442}
{"node_id": 3, "type": "STAT", "payload": {"Window ID": 9, "Runtime": 52.89678450601059, "Process time": 33.514208412000016, "Accuracy": {"4.csv": 92.87169042769857, "1.csv": 96.2114537444934, "3.csv": 89.8019801980198, "5.csv": 88.56502242152466, "8.csv": 37.26899383983573, "0.csv": 90.3061224489796, "6.csv": 74.84342379958247, "2.csv": 64.92248062015504, "9.csv": 43.70664023785927, "7.csv": 91.34241245136187}, "Datapoints": 1190}, "timestamp": 1552765122.934289}
{"node_id": 2, "type": "PROC", "payload": {"Window ID": 10, "Memory Usage": 0.21589495977927176}, "timestamp": 1552765132.5368292}
{"node_id": 2, "type": "STAT", "payload": {"Window ID": 10, "Runtime": 53.703368394984864, "Process time": 34.439772108, "Accuracy": {"4.csv": 91.34419551934828, "1.csv": 89.42731277533039, "3.csv": 50.198019801980195, "5.csv": 62.21973094170403, "8.csv": 91.17043121149896, "0.csv": 97.14285714285714, "6.csv": 94.05010438413362, "2.csv": 88.85658914728683, "9.csv": 79.48463825569871, "7.csv": 80.73929961089495}, "Datapoints": 1023}, "timestamp": 1552765138.5415208}
{"node_id": 3, "type": "PROC", "payload": {"Window ID": 10, "Memory Usage": 0.2021723079314499}, "timestamp": 1552765164.4488826}
{"node_id": 3, "type": "STAT", "payload": {"Window ID": 10, "Runtime": 47.602584492997266, "Process time": 28.30019030599999, "Accuracy": {"4.csv": 60.18329938900203, "1.csv": 98.06167400881057, "3.csv": 91.98019801980199, "5.csv": 74.77578475336323, "8.csv": 70.32854209445586, "0.csv": 88.57142857142857, "6.csv": 83.19415448851774, "2.csv": 67.44186046511628, "9.csv": 87.41328047571854, "7.csv": 91.14785992217898}, "Datapoints": 1055}, "timestamp": 1552765170.5403259}
{"node_id": 2, "type": "PROC", "payload": {"Window ID": 11, "Memory Usage": 0.21778941437065247}, "timestamp": 1552765184.538212}
{"node_id": 2, "type": "STAT", "payload": {"Window ID": 11, "Runtime": 51.61762805501348, "Process time": 32.49268999899999, "Accuracy": {"4.csv": 94.39918533604889, "1.csv": 94.44933920704845, "3.csv": 72.47524752475248, "5.csv": 57.399103139013455, "8.csv": 85.1129363449692, "0.csv": 96.3265306122449, "6.csv": 93.0062630480167, "2.csv": 91.56976744186046, "9.csv": 67.78989098116948, "7.csv": 87.2568093385214}, "Datapoints": 1072}, "timestamp": 1552765190.252927}
{"node_id": 3, "type": "PROC", "payload": {"Window ID": 11, "Memory Usage": 0.1979219290405316}, "timestamp": 1552765214.8415048}
{"node_id": 3, "type": "STAT", "payload": {"Window ID": 11, "Runtime": 50.196756606019335, "Process time": 30.933271281999964, "Accuracy": {"4.csv": 69.85743380855396, "1.csv": 94.44933920704845, "3.csv": 94.85148514851485, "5.csv": 86.7713004484305, "8.csv": 66.11909650924025, "0.csv": 93.36734693877551, "6.csv": 80.3757828810021, "2.csv": 73.35271317829456, "9.csv": 88.50346878097126, "7.csv": 89.29961089494164}, "Datapoints": 948}, "timestamp": 1552765220.7403245}
{"node_id": 2, "type": "PROC", "payload": {"Window ID": 12, "Memory Usage": 0.2164171491858703}, "timestamp": 1552765242.9489925}
{"node_id": 2, "type": "STAT", "payload": {"Window ID": 12, "Runtime": 59.007638526003575, "Process time": 39.608893604, "Accuracy": {"4.csv": 90.52953156822811, "1.csv": 87.40088105726872, "3.csv": 71.78217821782178, "5.csv": 63.67713004484305, "8.csv": 93.22381930184805, "0.csv": 98.57142857142858, "6.csv": 90.08350730688936, "2.csv": 89.63178294573643, "9.csv": 69.77205153617443, "7.csv": 82.29571984435798}, "Datapoints": 1030}, "timestamp": 1552765249.3417678}
{"node_id": 3, "type": "PROC", "payload": {"Window ID": 12, "Memory Usage": 0.19659823961450276}, "timestamp": 1552765267.5444148}
{"node_id": 3, "type": "STAT", "payload": {"Window ID": 12, "Runtime": 53.22008883301169, "Process time": 33.84689930999997, "Accuracy": {"4.csv": 79.93890020366598, "1.csv": 97.53303964757708, "3.csv": 90.0, "5.csv": 83.74439461883408, "8.csv": 51.64271047227926, "0.csv": 88.36734693877551, "6.csv": 75.26096033402922, "2.csv": 75.87209302325581, "9.csv": 86.9177403369673, "7.csv": 92.89883268482491}, "Datapoints": 1002}, "timestamp": 1552765273.9649537}
{"node_id": 2, "type": "PROC", "payload": {"Window ID": 13, "Memory Usage": 0.22133544475964714}, "timestamp": 1552765300.3387408}
{"node_id": 2, "type": "STAT", "payload": {"Window ID": 13, "Runtime": 56.59463327398407, "Process time": 37.327810285, "Accuracy": {"4.csv": 92.9735234215886, "1.csv": 91.71806167400881, "3.csv": 67.82178217821783, "5.csv": 58.18385650224215, "8.csv": 87.98767967145791, "0.csv": 95.91836734693877, "6.csv": 93.31941544885177, "2.csv": 94.47674418604652, "9.csv": 73.73637264618435, "7.csv": 82.49027237354085}, "Datapoints": 1179}, "timestamp": 1552765305.9391534}
{"node_id": 3, "type": "PROC", "payload": {"Window ID": 13, "Memory Usage": 0.2008364745657327}, "timestamp": 1552765323.3436787}
{"node_id": 3, "type": "STAT", "payload": {"Window ID": 13, "Runtime": 55.28180144599173, "Process time": 35.81462046300004, "Accuracy": {"4.csv": 78.20773930753563, "1.csv": 98.50220264317181, "3.csv": 89.60396039603961, "5.csv": 89.79820627802691, "8.csv": 69.91786447638604, "0.csv": 89.59183673469387, "6.csv": 83.50730688935282, "2.csv": 80.71705426356588, "9.csv": 89.39544103072349, "7.csv": 86.18677042801556}, "Datapoints": 1061}, "timestamp": 1552765329.2494452}
{"node_id": 2, "type": "PROC", "payload": {"Window ID": 14, "Memory Usage": 0.22014533867019004}, "timestamp": 1552765361.33996}
{"node_id": 2, "type": "STAT", "payload": {"Window ID": 14, "Runtime": 61.5057773340086, "Process time": 42.01458420300003, "Accuracy": {"4.csv": 91.95519348268839, "1.csv": 94.27312775330397, "3.csv": 57.02970297029702, "5.csv": 65.91928251121077, "8.csv": 91.06776180698152, "0.csv": 96.73469387755102, "6.csv": 90.29227557411274, "2.csv": 91.76356589147287, "9.csv": 87.31417244796829, "7.csv": 83.46303501945526}, "Datapoints": 1128}, "timestamp": 1552765367.4488487}
{"node_id": 3, "type": "PROC", "payload": {"Window ID": 14, "Memory Usage": 0.2205825204989702}, "timestamp": 1552765376.041064}
{"node_id": 3, "type": "STAT", "payload": {"Window ID": 14, "Runtime": 52.28876905198558, "Process time": 32.986600193000015, "Accuracy": {"4.csv": 67.82077393075356, "1.csv": 98.23788546255507, "3.csv": 93.06930693069307, "5.csv": 89.01345291479821, "8.csv": 66.22176591375771, "0.csv": 92.65306122448979, "6.csv": 69.8329853862213, "2.csv": 79.94186046511628, "9.csv": 89.09811694747275, "7.csv": 89.49416342412452}, "Datapoints": 1100}, "timestamp": 1552765381.5408714}
{"node_id": 2, "type": "PROC", "payload": {"Window ID": 15, "Memory Usage": 0.22227052811564915}, "timestamp": 1552765421.1483693}
{"node_id": 2, "type": "STAT", "payload": {"Window ID": 15, "Runtime": 59.48260249602026, "Process time": 40.23235144199998, "Accuracy": {"4.csv": 92.87169042769857, "1.csv": 95.33039647577093, "3.csv": 63.46534653465346, "5.csv": 61.54708520179371, "8.csv": 81.21149897330595, "0.csv": 95.61224489795919, "6.csv": 96.03340292275574, "2.csv": 91.95736434108527, "9.csv": 65.51040634291377, "7.csv": 83.75486381322958}, "Datapoints": 1226}, "timestamp": 1552765426.9348023}
{"node_id": 3, "type": "PROC", "payload": {"Window ID": 15, "Memory Usage": 0.21883379318384955}, "timestamp": 1552765431.1482341}
{"node_id": 3, "type": "STAT", "payload": {"Window ID": 15, "Runtime": 56.30615066201426, "Process time": 36.80103460800001, "Accuracy": {"4.csv": 73.5234215885947, "1.csv": 96.91629955947137, "3.csv": 95.94059405940594, "5.csv": 85.31390134529147, "8.csv": 53.49075975359343, "0.csv": 86.73469387755102, "6.csv": 74.84342379958247, "2.csv": 61.91860465116279, "9.csv": 79.68285431119921, "7.csv": 92.12062256809338}, "Datapoints": 1045}, "timestamp": 1552765437.8506172}
{"node_id": 2, "type": "PROC", "payload": {"Window ID": 16, "Memory Usage": 0.2202667780670734}, "timestamp": 1552765484.5447702}
{"node_id": 2, "type": "STAT", "payload": {"Window ID": 16, "Runtime": 63.105502233986044, "Process time": 43.79289975099999, "Accuracy": {"4.csv": 95.62118126272912, "1.csv": 86.07929515418502, "3.csv": 61.78217821782178, "5.csv": 62.33183856502242, "8.csv": 93.94250513347022, "0.csv": 98.16326530612245, "6.csv": 88.83089770354906, "2.csv": 83.33333333333334, "9.csv": 68.08721506442022, "7.csv": 72.76264591439688}, "Datapoints": 1187}, "timestamp": 1552765490.0435855}
{"node_id": 3, "type": "PROC", "payload": {"Window ID": 16, "Memory Usage": 0.22162689931216725}, "timestamp": 1552765490.6381094}
{"node_id": 3, "type": "STAT", "payload": {"Window ID": 16, "Runtime": 58.585601833998226, "Process time": 39.24814334400003, "Accuracy": {"4.csv": 73.42158859470469, "1.csv": 98.14977973568281, "3.csv": 82.57425742574257, "5.csv": 91.92825112107623, "8.csv": 64.78439425051334, "0.csv": 91.12244897959184, "6.csv": 85.69937369519833, "2.csv": 83.81782945736434, "9.csv": 90.28741328047572, "7.csv": 90.85603112840467}, "Datapoints": 1122}, "timestamp": 1552765496.438999}
{"node_id": 2, "type": "PROC", "payload": {"Window ID": 17, "Memory Usage": 0.22265913418567598}, "timestamp": 1552765538.537693}
{"node_id": 3, "type": "PROC", "payload": {"Window ID": 17, "Memory Usage": 0.22338777056697626}, "timestamp": 1552765544.036996}
{"node_id": 2, "type": "STAT", "payload": {"Window ID": 17, "Runtime": 54.73079310898902, "Process time": 35.34820669599992, "Accuracy": {"4.csv": 95.9266802443992, "1.csv": 94.80176211453745, "3.csv": 64.25742574257426, "5.csv": 67.152466367713, "8.csv": 87.98767967145791, "0.csv": 96.53061224489797, "6.csv": 94.67640918580375, "2.csv": 91.18217054263566, "9.csv": 63.23092170465807, "7.csv": 89.6887159533074}, "Datapoints": 1260}, "timestamp": 1552765544.9346476}
{"node_id": 3, "type": "STAT", "payload": {"Window ID": 17, "Runtime": 53.905379592993995, "Process time": 34.51294907299996, "Accuracy": {"4.csv": 69.55193482688391, "1.csv": 98.06167400881057, "3.csv": 89.8019801980198, "5.csv": 88.67713004484304, "8.csv": 64.27104722792608, "0.csv": 91.02040816326532, "6.csv": 84.65553235908142, "2.csv": 75.96899224806202, "9.csv": 77.50247770069376, "7.csv": 95.23346303501945}, "Datapoints": 1168}, "timestamp": 1552765550.3477356}
{"node_id": 3, "type": "PROC", "payload": {"Window ID": 18, "Memory Usage": 0.22027892200676175}, "timestamp": 1552765590.2390423}
{"node_id": 2, "type": "PROC", "payload": {"Window ID": 18, "Memory Usage": 0.21290755061594063}, "timestamp": 1552765595.2408435}
{"node_id": 3, "type": "STAT", "payload": {"Window ID": 18, "Runtime": 46.20145874199807, "Process time": 26.726247634999936, "Accuracy": {"4.csv": 61.099796334012225, "1.csv": 97.79735682819384, "3.csv": 87.52475247524752, "5.csv": 90.80717488789237, "8.csv": 63.96303901437371, "0.csv": 94.08163265306122, "6.csv": 75.67849686847599, "2.csv": 77.22868217054264, "9.csv": 91.2784935579782, "7.csv": 90.85603112840467}, "Datapoints": 1075}, "timestamp": 1552765596.5527713}
{"node_id": 2, "type": "STAT", "payload": {"Window ID": 18, "Runtime": 56.70814913799404, "Process time": 37.661572017000026, "Accuracy": {"4.csv": 96.02851323828921, "1.csv": 93.30396475770925, "3.csv": 74.75247524752476, "5.csv": 53.92376681614349, "8.csv": 91.17043121149896, "0.csv": 97.85714285714285, "6.csv": 91.02296450939458, "2.csv": 92.05426356589147, "9.csv": 70.26759167492567, "7.csv": 86.57587548638132}, "Datapoints": 1090}, "timestamp": 1552765601.7339082}
{"node_id": 3, "type": "PROC", "payload": {"Window ID": 19, "Memory Usage": 0.19681683052889284}, "timestamp": 1552765639.8376389}
{"node_id": 3, "type": "STAT", "payload": {"Window ID": 19, "Runtime": 49.48556166398339, "Process time": 30.116447730999994, "Accuracy": {"4.csv": 77.80040733197556, "1.csv": 96.29955947136564, "3.csv": 89.9009900990099, "5.csv": 90.5829596412556, "8.csv": 55.95482546201232, "0.csv": 84.18367346938776, "6.csv": 79.22755741127348, "2.csv": 79.74806201550388, "9.csv": 89.09811694747275, "7.csv": 90.56420233463035}, "Datapoints": 920}, "timestamp": 1552765646.0416129}
{"node_id": 2, "type": "PROC", "payload": {"Window ID": 19, "Memory Usage": 0.21285897485718727}, "timestamp": 1552765657.5393481}
{"node_id": 2, "type": "STAT", "payload": {"Window ID": 19, "Runtime": 61.61609716399107, "Process time": 42.295897062999984, "Accuracy": {"4.csv": 94.70468431771894, "1.csv": 89.95594713656388, "3.csv": 73.26732673267327, "5.csv": 53.92376681614349, "8.csv": 83.05954825462013, "0.csv": 96.12244897959184, "6.csv": 94.67640918580375, "2.csv": 95.05813953488372, "9.csv": 59.5639246778989, "7.csv": 80.83657587548639}, "Datapoints": 1135}, "timestamp": 1552765663.433944}
{"node_id": 3, "type": "PROC", "payload": {"Window ID": 20, "Memory Usage": 0.1983833987486885}, "timestamp": 1552765690.7399495}
{"node_id": 3, "type": "STAT", "payload": {"Window ID": 20, "Runtime": 51.005022801982705, "Process time": 31.568361030999995, "Accuracy": {"4.csv": 79.42973523421588, "1.csv": 98.14977973568281, "3.csv": 92.37623762376238, "5.csv": 89.34977578475336, "8.csv": 59.034907597535934, "0.csv": 85.81632653061224, "6.csv": 81.94154488517745, "2.csv": 72.86821705426357, "9.csv": 85.82755203171457, "7.csv": 90.85603112840467}, "Datapoints": 988}, "timestamp": 1552765697.049971}
{"node_id": 2, "type": "PROC", "payload": {"Window ID": 20, "Memory Usage": 0.21683004313527376}, "timestamp": 1552765721.2497227}
{"node_id": 2, "type": "STAT", "payload": {"Window ID": 20, "Runtime": 63.8060869120236, "Process time": 44.399441056, "Accuracy": {"4.csv": 93.38085539714868, "1.csv": 90.30837004405286, "3.csv": 71.38613861386138, "5.csv": 61.098654708520186, "8.csv": 90.24640657084188, "0.csv": 94.79591836734694, "6.csv": 93.21503131524008, "2.csv": 93.21705426356588, "9.csv": 71.95242814667988, "7.csv": 90.85603112840467}, "Datapoints": 1230}, "timestamp": 1552765727.2433965}
{"node_id": 3, "type": "PROC", "payload": {"Window ID": 21, "Memory Usage": 0.1991848987681188}, "timestamp": 1552765746.349269}
{"node_id": 3, "type": "STAT", "payload": {"Window ID": 21, "Runtime": 55.2831732549821, "Process time": 35.804735656999924, "Accuracy": {"4.csv": 78.30957230142566, "1.csv": 97.18061674008811, "3.csv": 88.11881188118812, "5.csv": 90.47085201793722, "8.csv": 57.59753593429158, "0.csv": 87.14285714285714, "6.csv": 85.69937369519833, "2.csv": 76.35658914728683, "9.csv": 79.8810703666997, "7.csv": 85.50583657587548}, "Datapoints": 1017}, "timestamp": 1552765752.3357193}
{"node_id": 2, "type": "PROC", "payload": {"Window ID": 21, "Memory Usage": 0.22044893716239847}, "timestamp": 1552765783.0532606}
{"node_id": 2, "type": "STAT", "payload": {"Window ID": 21, "Runtime": 61.28869860700797, "Process time": 41.98871182800008, "Accuracy": {"4.csv": 94.19551934826885, "1.csv": 90.30837004405286, "3.csv": 73.66336633663366, "5.csv": 68.27354260089686, "8.csv": 90.96509240246407, "0.csv": 93.77551020408164, "6.csv": 93.63256784968684, "2.csv": 94.76744186046511, "9.csv": 74.52923686818632, "7.csv": 88.32684824902724}, "Datapoints": 1270}, "timestamp": 1552765788.5371687}
{"node_id": 3, "type": "PROC", "payload": {"Window ID": 22, "Memory Usage": 0.2007878988069794}, "timestamp": 1552765802.1397886}
{"node_id": 3, "type": "STAT", "payload": {"Window ID": 22, "Runtime": 55.91670103400247, "Process time": 36.589864202999934, "Accuracy": {"4.csv": 76.37474541751527, "1.csv": 97.26872246696036, "3.csv": 87.12871287128714, "5.csv": 88.78923766816143, "8.csv": 68.99383983572895, "0.csv": 91.02040816326532, "6.csv": 88.51774530271399, "2.csv": 81.0077519379845, "9.csv": 91.2784935579782, "7.csv": 88.32684824902724}, "Datapoints": 1101}, "timestamp": 1552765808.2555342}
{"node_id": 2, "type": "PROC", "payload": {"Window ID": 22, "Memory Usage": 0.21634428554774027}, "timestamp": 1552765839.5409331}
{"node_id": 2, "type": "STAT", "payload": {"Window ID": 22, "Runtime": 57.49798942200141, "Process time": 38.227965145999974, "Accuracy": {"4.csv": 94.70468431771894, "1.csv": 93.215859030837, "3.csv": 72.97029702970296, "5.csv": 71.30044843049326, "8.csv": 91.47843942505133, "0.csv": 96.12244897959184, "6.csv": 95.51148225469728, "2.csv": 89.43798449612403, "9.csv": 78.69177403369673, "7.csv": 81.51750972762646}, "Datapoints": 1224}, "timestamp": 1552765846.0388227}
{"node_id": 3, "type": "PROC", "payload": {"Window ID": 23, "Memory Usage": 0.2213597326390238}, "timestamp": 1552765851.1510043}
{"node_id": 3, "type": "STAT", "payload": {"Window ID": 23, "Runtime": 48.69474779299344, "Process time": 29.511865276000094, "Accuracy": {"4.csv": 79.83706720977597, "1.csv": 97.00440528634361, "3.csv": 94.05940594059405, "5.csv": 88.45291479820628, "8.csv": 64.27104722792608, "0.csv": 87.24489795918367, "6.csv": 80.06263048016702, "2.csv": 77.61627906976744, "9.csv": 89.29633300297324, "7.csv": 91.43968871595331}, "Datapoints": 1116}, "timestamp": 1552765857.033944}
{"node_id": 2, "type": "PROC", "payload": {"Window ID": 23, "Memory Usage": 0.2130897097112657}, "timestamp": 1552765893.2404082}
{"node_id": 2, "type": "STAT", "payload": {"Window ID": 23, "Runtime": 53.89751743199304, "Process time": 34.5464524759999, "Accuracy": {"4.csv": 89.71486761710794, "1.csv": 88.72246696035242, "3.csv": 76.33663366336634, "5.csv": 67.60089686098655, "8.csv": 92.29979466119097, "0.csv": 96.12244897959184, "6.csv": 90.6054279749478, "2.csv": 92.73255813953489, "9.csv": 67.59167492566898, "7.csv": 75.38910505836576}, "Datapoints": 1146}, "timestamp": 1552765899.9405603}
{"node_id": 3, "type": "PROC", "payload": {"Window ID": 24, "Memory Usage": 0.21608926281428517}, "timestamp": 1552765900.6380723}
{"node_id": 3, "type": "STAT", "payload": {"Window ID": 24, "Runtime": 49.80924215601408, "Process time": 30.50447516500003, "Accuracy": {"4.csv": 82.68839103869654, "1.csv": 97.62114537444934, "3.csv": 85.94059405940594, "5.csv": 92.82511210762333, "8.csv": 71.5605749486653, "0.csv": 92.44897959183673, "6.csv": 85.59498956158664, "2.csv": 73.35271317829456, "9.csv": 91.0802775024777, "7.csv": 91.53696498054474}, "Datapoints": 972}, "timestamp": 1552765906.8508043}
{"node_id": 2, "type": "PROC", "payload": {"Window ID": 24, "Memory Usage": 0.2107337854117281}, "timestamp": 1552765945.5398214}
{"node_id": 2, "type": "STAT", "payload": {"Window ID": 24, "Runtime": 51.70557890398777, "Process time": 32.43285321099995, "Accuracy": {"4.csv": 92.9735234215886, "1.csv": 91.10132158590308, "3.csv": 66.43564356435644, "5.csv": 68.83408071748879, "8.csv": 94.6611909650924, "0.csv": 96.3265306122449, "6.csv": 95.30271398747391, "2.csv": 92.24806201550388, "9.csv": 63.82556987115956, "7.csv": 82.39299610894942}, "Datapoints": 1074}, "timestamp": 1552765951.6494198}
{"node_id": 3, "type": "PROC", "payload": {"Window ID": 25, "Memory Usage": 0.20139509579139625}, "timestamp": 1552765957.0500543}
{"node_id": 3, "type": "STAT", "payload": {"Window ID": 25, "Runtime": 56.39106303898734, "Process time": 37.059180064999964, "Accuracy": {"4.csv": 79.22606924643586, "1.csv": 98.32599118942731, "3.csv": 85.74257425742574, "5.csv": 90.35874439461884, "8.csv": 71.04722792607802, "0.csv": 93.16326530612244, "6.csv": 83.29853862212944, "2.csv": 79.65116279069767, "9.csv": 90.08919722497522, "7.csv": 92.41245136186771}, "Datapoints": 994}, "timestamp": 1552765963.2448997}
{"node_id": 2, "type": "PROC", "payload": {"Window ID": 25, "Memory Usage": 0.20936152022694596}, "timestamp": 1552766004.838947}
{"node_id": 2, "type": "STAT", "payload": {"Window ID": 25, "Runtime": 59.30585299397353, "Process time": 39.92540023000004, "Accuracy": {"4.csv": 95.21384928716904, "1.csv": 90.9251101321586, "3.csv": 70.89108910891089, "5.csv": 65.24663677130044, "8.csv": 84.59958932238193, "0.csv": 93.87755102040816, "6.csv": 95.82463465553236, "2.csv": 90.98837209302324, "9.csv": 73.33994053518335, "7.csv": 86.284046692607}, "Datapoints": 1031}, "timestamp": 1552766010.96151}