{"node_id": 2, "type": "CONN", "payload": "Connected with the Kafka server", "timestamp": 1552764587.9224448}
{"node_id": 3, "type": "CONN", "payload": "Connected with the Kafka server", "timestamp": 1552764590.578059}
{"node_id": 4, "type": "CONN", "payload": "Connected with the Kafka server", "timestamp": 1552764593.1517472}
{"node_id": 2, "type": "CONN", "payload": "Waiting for node 1 to connect", "timestamp": 1552764649.5440671}
{"node_id": 3, "type": "CONN", "payload": "Waiting for node 1 to connect", "timestamp": 1552764649.5516083}
{"node_id": 4, "type": "CONN", "payload": "Waiting for node 1 to connect", "timestamp": 1552764649.5556507}
{"node_id": 1, "type": "CONN", "payload": "Received message from node id 2: connected", "timestamp": 1552764649.5494103}
{"node_id": 2, "type": "CONN", "payload": "Connected with node 1", "timestamp": 1552764649.5601249}
{"node_id": 1, "type": "CONN", "payload": "Received message from node id 3: connected", "timestamp": 1552764649.5601792}
{"node_id": 1, "type": "CONN", "payload": "Received message from node id 4: connected", "timestamp": 1552764649.563862}
{"node_id": 3, "type": "CONN", "payload": "Connected with node 1", "timestamp": 1552764649.5638943}
{"node_id": 4, "type": "CONN", "payload": "Connected with node 1", "timestamp": 1552764649.5677314}
{"node_id": 2, "type": "CONN", "payload": "Got parent update count: 0", "timestamp": 1552764649.5689666}
{"node_id": 3, "type": "CONN", "payload": "Got parent update count: 0", "timestamp": 1552764649.5701315}
{"node_id": 4, "type": "CONN", "payload": "Got parent update count: 0", "timestamp": 1552764649.572411}
{"node_id": 4, "type": "PROC", "payload": {"Window ID": 0, "Memory Usage": 0.111797108770839}, "timestamp": 1552764649.9432542}
{"node_id": 2, "type": "PROC", "payload": {"Window ID": 0, "Memory Usage": 0.11267147242839932}, "timestamp": 1552764650.2432082}
{"node_id": 3, "type": "PROC", "payload": {"Window ID": 0, "Memory Usage": 0.11190640422803404}, "timestamp": 1552764650.33894}
{"node_id": 3, "type": "STAT", "payload": {"Window ID": 0, "Runtime": 65.76476399801322, "Process time": 6.981518274000001, "Accuracy": {"4.csv": 84.72505091649694, "1.csv": 0.0, "3.csv": 0.0, "5.csv": 13.11659192825112, "8.csv": 0.0, "0.csv": 0.0, "6.csv": 0.0, "2.csv": 0.0, "9.csv": 0.0, "7.csv": 0.0}, "Datapoints": 1}, "timestamp": 1552764656.3500805}
{"node_id": 2, "type": "STAT", "payload": {"Window ID": 0, "Runtime": 68.52295805400354, "Process time": 7.2248124670000005, "Accuracy": {"4.csv": 0.0, "1.csv": 0.0, "3.csv": 0.0, "5.csv": 39.91031390134529, "8.csv": 0.0, "0.csv": 57.04081632653061, "6.csv": 0.0, "2.csv": 0.0, "9.csv": 0.0, "7.csv": 0.0}, "Datapoints": 1}, "timestamp": 1552764656.5342755}
{"node_id": 4, "type": "STAT", "payload": {"Window ID": 0, "Runtime": 63.692350603989325, "Process time": 7.500862914999999, "Accuracy": {"4.csv": 2.4439918533604885, "1.csv": 0.0, "3.csv": 0.0, "5.csv": 95.51569506726457, "8.csv": 0.0, "0.csv": 0.0, "6.csv": 0.0, "2.csv": 0.0, "9.csv": 0.0, "7.csv": 0.0}, "Datapoints": 1}, "timestamp": 1552764656.934177}
{"node_id": 3, "type": "CONN", "payload": "Got parent update count: 0", "timestamp": 1552764676.4634776}
{"node_id": 2, "type": "CONN", "payload": "Got parent update count: 0", "timestamp": 1552764676.7415974}
{"node_id": 4, "type": "CONN", "payload": "Got parent update count: 0", "timestamp": 1552764677.3056116}
{"node_id": 4, "type": "PROC", "payload": {"Window ID": 1, "Memory Usage": 0.15759190533556133}, "timestamp": 1552764683.047317}
{"node_id": 3, "type": "PROC", "payload": {"Window ID": 1, "Memory Usage": 0.15801694322465318}, "timestamp": 1552764685.247307}
{"node_id": 2, "type": "PROC", "payload": {"Window ID": 1, "Memory Usage": 0.15816267050091323}, "timestamp": 1552764688.2530267}
{"node_id": 4, "type": "STAT", "payload": {"Window ID": 1, "Runtime": 31.31086622402654, "Process time": 11.574269721, "Accuracy": {"4.csv": 0.0, "1.csv": 0.0, "3.csv": 0.0, "5.csv": 73.76681614349776, "8.csv": 86.652977412731, "0.csv": 0.0, "6.csv": 0.0, "2.csv": 92.24806201550388, "9.csv": 0.0, "7.csv": 10.116731517509727}, "Datapoints": 330}, "timestamp": 1552764688.333976}
{"node_id": 3, "type": "STAT", "payload": {"Window ID": 1, "Runtime": 34.08925649500452, "Process time": 14.541087873999999, "Accuracy": {"4.csv": 92.87169042769857, "1.csv": 97.44493392070484, "3.csv": 62.277227722772274, "5.csv": 0.0, "8.csv": 0.0, "0.csv": 0.0, "6.csv": 0.0, "2.csv": 0.0, "9.csv": 0.0, "7.csv": 76.16731517509727}, "Datapoints": 321}, "timestamp": 1552764690.5340369}
{"node_id": 3, "type": "PUSH", "payload": {"Network Cost": 129040}, "timestamp": 1552764690.5532029}
{"node_id": 1, "type": "CONN", "payload": "Got gradients from child 3", "timestamp": 1552764691.7613466}
{"node_id": 1, "type": "MERG", "payload": "Merged gradients at node 1", "timestamp": 1552764691.770603}
{"node_id": 2, "type": "STAT", "payload": {"Window ID": 1, "Runtime": 37.69938373201876, "Process time": 18.204482659999996, "Accuracy": {"4.csv": 0.0, "1.csv": 67.31277533039648, "3.csv": 74.25742574257426, "5.csv": 0.0, "8.csv": 0.0, "0.csv": 88.77551020408163, "6.csv": 93.0062630480167, "2.csv": 0.0, "9.csv": 92.56689791873141, "7.csv": 0.0}, "Datapoints": 432}, "timestamp": 1552764694.237332}
{"node_id": 2, "type": "PUSH", "payload": {"Network Cost": 129040}, "timestamp": 1552764694.25873}
{"node_id": 1, "type": "CONN", "payload": "Got gradients from child 2", "timestamp": 1552764695.899178}
{"node_id": 1, "type": "STAT", "payload": {"Merge ID": 0, "Child ID": 3, "Skip Test data": 322, "Post Merge Accuracy": {"4.csv": 10.386965376782078, "1.csv": 75.94713656387665, "3.csv": 0.0, "5.csv": 89.23766816143498, "8.csv": 0.0, "0.csv": 0.0, "6.csv": 4.07098121085595, "2.csv": 0.0, "9.csv": 0.0, "7.csv": 0.0}}, "timestamp": 1552764697.5447497}
{"node_id": 1, "type": "MERG", "payload": "Merged gradients at node 1", "timestamp": 1552764697.6383593}
{"node_id": 1, "type": "STAT", "payload": {"Merge ID": 1, "Child ID": 2, "Skip Test data": 433, "Post Merge Accuracy": {"4.csv": 31.771894093686353, "1.csv": 97.18061674008811, "3.csv": 68.61386138613862, "5.csv": 31.838565022421523, "8.csv": 0.0, "0.csv": 65.3061224489796, "6.csv": 44.15448851774531, "2.csv": 0.0, "9.csv": 9.514370664023787, "7.csv": 4.571984435797665}}, "timestamp": 1552764702.8361363}
{"node_id": 4, "type": "CONN", "payload": "Got parent update count: 2", "timestamp": 1552764708.5948544}
{"node_id": 1, "type": "CONN", "payload": "Got pull request from child 4", "timestamp": 1552764708.5988584}
{"node_id": 4, "type": "PULL", "payload": {"Network Cost": 129040}, "timestamp": 1552764708.8123431}
{"node_id": 3, "type": "CONN", "payload": "Got parent update count: 2", "timestamp": 1552764711.941915}
{"node_id": 1, "type": "CONN", "payload": "Got pull request from child 3", "timestamp": 1552764711.9453704}
{"node_id": 3, "type": "PULL", "payload": {"Network Cost": 129040}, "timestamp": 1552764712.202232}
{"node_id": 2, "type": "CONN", "payload": "Got parent update count: 2", "timestamp": 1552764716.160073}
{"node_id": 1, "type": "CONN", "payload": "Got pull request from child 2", "timestamp": 1552764716.1632245}
{"node_id": 2, "type": "PULL", "payload": {"Network Cost": 129040}, "timestamp": 1552764716.4049308}
{"node_id": 4, "type": "PROC", "payload": {"Window ID": 2, "Memory Usage": 0.16496327672638245}, "timestamp": 1552764720.2582736}
{"node_id": 3, "type": "PROC", "payload": {"Window ID": 2, "Memory Usage": 0.16741635254342674}, "timestamp": 1552764722.1523514}
{"node_id": 4, "type": "STAT", "payload": {"Window ID": 2, "Runtime": 38.1269359140133, "Process time": 17.231966963999998, "Accuracy": {"4.csv": 28.105906313645622, "1.csv": 7.753303964757709, "3.csv": 17.92079207920792, "5.csv": 81.05381165919282, "8.csv": 78.02874743326488, "0.csv": 0.0, "6.csv": 44.989561586638835, "2.csv": 86.24031007751938, "9.csv": 14.172447968285432, "7.csv": 80.35019455252919}, "Datapoints": 375}, "timestamp": 1552764726.4640484}
{"node_id": 3, "type": "STAT", "payload": {"Window ID": 2, "Runtime": 35.67008783799247, "Process time": 14.781836255999998, "Accuracy": {"4.csv": 92.26069246435846, "1.csv": 98.32599118942731, "3.csv": 76.13861386138613, "5.csv": 2.3542600896860986, "8.csv": 2.8747433264887063, "0.csv": 82.24489795918367, "6.csv": 55.01043841336117, "2.csv": 0.0, "9.csv": 0.0, "7.csv": 90.95330739299611}, "Datapoints": 425}, "timestamp": 1552764727.4412987}
{"node_id": 2, "type": "PROC", "payload": {"Window ID": 2, "Memory Usage": 0.16829071620098707}, "timestamp": 1552764734.4362218}
{"node_id": 2, "type": "STAT", "payload": {"Window ID": 2, "Runtime": 44.641244083992206, "Process time": 24.047548862, "Accuracy": {"4.csv": 1.6293279022403258, "1.csv": 89.95594713656388, "3.csv": 82.97029702970296, "5.csv": 0.4484304932735426, "8.csv": 1.2320328542094456, "0.csv": 96.0204081632653, "6.csv": 93.1106471816284, "2.csv": 19.670542635658915, "9.csv": 92.07135777998018, "7.csv": 37.54863813229572}, "Datapoints": 628}, "timestamp": 1552764740.5523794}
{"node_id": 3, "type": "PROC", "payload": {"Window ID": 3, "Memory Usage": 0.16937152683324913}, "timestamp": 1552764756.4578903}
{"node_id": 4, "type": "PROC", "payload": {"Window ID": 3, "Memory Usage": 0.16657842070493142}, "timestamp": 1552764757.4466672}
{"node_id": 3, "type": "STAT", "payload": {"Window ID": 3, "Runtime": 34.5974410950148, "Process time": 15.097303830999998, "Accuracy": {"4.csv": 95.31568228105907, "1.csv": 98.23788546255507, "3.csv": 56.03960396039604, "5.csv": 2.914798206278027, "8.csv": 61.90965092402464, "0.csv": 83.06122448979592, "6.csv": 63.04801670146137, "2.csv": 1.4534883720930232, "9.csv": 0.09910802775024777, "7.csv": 92.70428015564202}, "Datapoints": 426}, "timestamp": 1552764762.0439827}
{"node_id": 4, "type": "STAT", "payload": {"Window ID": 3, "Runtime": 36.68873726800666, "Process time": 17.094563014000002, "Accuracy": {"4.csv": 64.25661914460285, "1.csv": 72.4229074889868, "3.csv": 0.297029702970297, "5.csv": 90.02242152466367, "8.csv": 80.59548254620124, "0.csv": 0.0, "6.csv": 78.07933194154488, "2.csv": 78.87596899224806, "9.csv": 54.31119920713577, "7.csv": 63.91050583657587}, "Datapoints": 456}, "timestamp": 1552764763.2342575}
{"node_id": 2, "type": "PROC", "payload": {"Window ID": 3, "Memory Usage": 0.1732697314732056}, "timestamp": 1552764776.4378436}
{"node_id": 2, "type": "STAT", "payload": {"Window ID": 3, "Runtime": 42.19107229501242, "Process time": 22.707884847000003, "Accuracy": {"4.csv": 41.44602851323829, "1.csv": 94.09691629955947, "3.csv": 90.99009900990099, "5.csv": 0.0, "8.csv": 1.7453798767967144, "0.csv": 88.57142857142857, "6.csv": 97.39039665970772, "2.csv": 54.65116279069767, "9.csv": 60.35678889990089, "7.csv": 80.05836575875487}, "Datapoints": 712}, "timestamp": 1552764782.7465823}
{"node_id": 3, "type": "PROC", "payload": {"Window ID": 4, "Memory Usage": 0.16949296623013252}, "timestamp": 1552764789.7447045}
{"node_id": 4, "type": "PROC", "payload": {"Window ID": 4, "Memory Usage": 0.1682057086231687}, "timestamp": 1552764793.4390786}
{"node_id": 3, "type": "STAT", "payload": {"Window ID": 4, "Runtime": 33.10675180799444, "Process time": 13.437602749999996, "Accuracy": {"4.csv": 94.5010183299389, "1.csv": 98.32599118942731, "3.csv": 3.564356435643564, "5.csv": 39.125560538116595, "8.csv": 57.59753593429158, "0.csv": 88.46938775510203, "6.csv": 66.2839248434238, "2.csv": 35.94961240310077, "9.csv": 11.992071357779981, "7.csv": 92.70428015564202}, "Datapoints": 415}, "timestamp": 1552764795.2409387}
{"node_id": 4, "type": "STAT", "payload": {"Window ID": 4, "Runtime": 36.90103947502212, "Process time": 17.345001627000002, "Accuracy": {"4.csv": 54.88798370672098, "1.csv": 86.87224669603523, "3.csv": 2.8712871287128716, "5.csv": 90.13452914798206, "8.csv": 88.39835728952772, "0.csv": 43.36734693877551, "6.csv": 73.59081419624218, "2.csv": 87.79069767441861, "9.csv": 38.65213082259663, "7.csv": 68.57976653696498}, "Datapoints": 439}, "timestamp": 1552764800.1391253}
{"node_id": 2, "type": "PROC", "payload": {"Window ID": 4, "Memory Usage": 0.17501845878832628}, "timestamp": 1552764817.8484282}
{"node_id": 3, "type": "PROC", "payload": {"Window ID": 5, "Memory Usage": 0.16923794349667742}, "timestamp": 1552764824.152828}
{"node_id": 2, "type": "STAT", "payload": {"Window ID": 4, "Runtime": 41.50614935599151, "Process time": 22.033848885999987, "Accuracy": {"4.csv": 66.08961303462321, "1.csv": 93.12775330396475, "3.csv": 87.72277227722772, "5.csv": 40.69506726457399, "8.csv": 50.616016427104725, "0.csv": 92.9591836734694, "6.csv": 93.73695198329854, "2.csv": 50.48449612403101, "9.csv": 86.5213082259663, "7.csv": 79.37743190661479}, "Datapoints": 672}, "timestamp": 1552764824.256232}
{"node_id": 3, "type": "STAT", "payload": {"Window ID": 5, "Runtime": 34.71039945000666, "Process time": 15.045062001000005, "Accuracy": {"4.csv": 96.13034623217924, "1.csv": 97.18061674008811, "3.csv": 71.68316831683168, "5.csv": 11.995515695067265, "8.csv": 58.31622176591375, "0.csv": 88.36734693877551, "6.csv": 77.8705636743215, "2.csv": 52.42248062015504, "9.csv": 13.875123885034688, "7.csv": 91.63424124513618}, "Datapoints": 396}, "timestamp": 1552764829.9572144}
{"node_id": 4, "type": "PROC", "payload": {"Window ID": 5, "Memory Usage": 0.16791425407064858}, "timestamp": 1552764832.0463076}
{"node_id": 4, "type": "STAT", "payload": {"Window ID": 5, "Runtime": 38.39502899898798, "Process time": 18.572037609000006, "Accuracy": {"4.csv": 26.680244399185337, "1.csv": 86.07929515418502, "3.csv": 6.138613861386139, "5.csv": 88.90134529147981, "8.csv": 90.34907597535934, "0.csv": 50.61224489795918, "6.csv": 55.42797494780793, "2.csv": 86.14341085271317, "9.csv": 78.69177403369673, "7.csv": 57.1011673151751}, "Datapoints": 443}, "timestamp": 1552764838.537561}
{"node_id": 3, "type": "PROC", "payload": {"Window ID": 6, "Memory Usage": 0.16892220106478065}, "timestamp": 1552764860.850268}
{"node_id": 2, "type": "PROC", "payload": {"Window ID": 5, "Memory Usage": 0.17419267088951929}, "timestamp": 1552764861.74307}
{"node_id": 3, "type": "STAT", "payload": {"Window ID": 6, "Runtime": 36.67642265500035, "Process time": 17.037265590000004, "Accuracy": {"4.csv": 94.29735234215886, "1.csv": 95.68281938325991, "3.csv": 77.62376237623762, "5.csv": 25.0, "8.csv": 44.969199178644764, "0.csv": 88.46938775510203, "6.csv": 85.17745302713988, "2.csv": 48.15891472868217, "9.csv": 43.21110009910803, "7.csv": 92.12062256809338}, "Datapoints": 416}, "timestamp": 1552764866.6363163}
{"node_id": 2, "type": "STAT", "payload": {"Window ID": 5, "Runtime": 43.79197463701712, "Process time": 24.352426167000004, "Accuracy": {"4.csv": 53.56415478615071, "1.csv": 88.89867841409692, "3.csv": 88.51485148514851, "5.csv": 43.83408071748879, "8.csv": 49.794661190965094, "0.csv": 98.46938775510205, "6.csv": 95.09394572025052, "2.csv": 39.72868217054263, "9.csv": 90.18830525272547, "7.csv": 77.431906614786}, "Datapoints": 663}, "timestamp": 1552764868.0520983}
{"node_id": 4, "type": "PROC", "payload": {"Window ID": 6, "Memory Usage": 0.1679871177087786}, "timestamp": 1552764872.4394774}
{"node_id": 4, "type": "STAT", "payload": {"Window ID": 6, "Runtime": 40.11159627500456, "Process time": 20.549040569, "Accuracy": {"4.csv": 65.58044806517312, "1.csv": 91.62995594713657, "3.csv": 23.465346534653463, "5.csv": 86.09865470852019, "8.csv": 91.17043121149896, "0.csv": 81.53061224489797, "6.csv": 67.01461377870564, "2.csv": 89.05038759689923, "9.csv": 58.67195242814668, "7.csv": 74.22178988326849}, "Datapoints": 459}, "timestamp": 1552764878.6521888}
{"node_id": 3, "type": "PROC", "payload": {"Window ID": 7, "Memory Usage": 0.1693593828935608}, "timestamp": 1552764898.3366058}
{"node_id": 2, "type": "PROC", "payload": {"Window ID": 6, "Memory Usage": 0.1739983678545059}, "timestamp": 1552764901.5405922}
{"node_id": 3, "type": "STAT", "payload": {"Window ID": 7, "Runtime": 37.60790144299972, "Process time": 18.061541180000006, "Accuracy": {"4.csv": 92.15885947046843, "1.csv": 98.32599118942731, "3.csv": 35.04950495049505, "5.csv": 48.54260089686099, "8.csv": 74.84599589322382, "0.csv": 85.10204081632654, "6.csv": 82.35908141962422, "2.csv": 55.42635658914728, "9.csv": 59.365708622398415, "7.csv": 90.27237354085604}, "Datapoints": 438}, "timestamp": 1552764904.3381517}
{"node_id": 2, "type": "STAT", "payload": {"Window ID": 6, "Runtime": 38.97933965999982, "Process time": 19.510588903000013, "Accuracy": {"4.csv": 62.83095723014257, "1.csv": 87.40088105726872, "3.csv": 93.76237623762376, "5.csv": 31.053811659192824, "8.csv": 56.77618069815195, "0.csv": 96.0204081632653, "6.csv": 92.06680584551148, "2.csv": 50.58139534883721, "9.csv": 91.17938553022795, "7.csv": 78.98832684824903}, "Datapoints": 698}, "timestamp": 1552764907.035592}
{"node_id": 4, "type": "PROC", "payload": {"Window ID": 7, "Memory Usage": 0.16841215559787046}, "timestamp": 1552764909.0359483}
{"node_id": 4, "type": "STAT", "payload": {"Window ID": 7, "Runtime": 36.585493274003966, "Process time": 16.874721315000002, "Accuracy": {"4.csv": 62.729124236252545, "1.csv": 91.10132158590308, "3.csv": 54.55445544554456, "5.csv": 87.33183856502242, "8.csv": 90.86242299794661, "0.csv": 70.71428571428572, "6.csv": 60.22964509394571, "2.csv": 90.40697674418605, "9.csv": 72.15064420218039, "7.csv": 67.41245136186771}, "Datapoints": 480}, "timestamp": 1552764915.2408395}
{"node_id": 3, "type": "PROC", "payload": {"Window ID": 8, "Memory Usage": 0.16972370108421095}, "timestamp": 1552764932.9511006}
{"node_id": 3, "type": "STAT", "payload": {"Window ID": 8, "Runtime": 34.90586923999945, "Process time": 15.181690228000008, "Accuracy": {"4.csv": 94.19551934826885, "1.csv": 95.94713656387665, "3.csv": 78.41584158415841, "5.csv": 28.02690582959641, "8.csv": 60.98562628336756, "0.csv": 85.91836734693878, "6.csv": 80.48016701461378, "2.csv": 71.41472868217055, "9.csv": 58.37462834489594, "7.csv": 92.21789883268482}, "Datapoints": 451}, "timestamp": 1552764939.2467518}
{"node_id": 2, "type": "PROC", "payload": {"Window ID": 7, "Memory Usage": 0.1747755799945595}, "timestamp": 1552764941.3509548}
{"node_id": 2, "type": "STAT", "payload": {"Window ID": 7, "Runtime": 40.50944952099235, "Process time": 21.208299304999997, "Accuracy": {"4.csv": 70.9775967413442, "1.csv": 89.60352422907489, "3.csv": 90.1980198019802, "5.csv": 42.488789237668165, "8.csv": 71.04722792607802, "0.csv": 95.20408163265306, "6.csv": 90.70981210855949, "2.csv": 50.1937984496124, "9.csv": 94.44995044598612, "7.csv": 63.42412451361867}, "Datapoints": 622}, "timestamp": 1552764947.548573}
{"node_id": 4, "type": "PROC", "payload": {"Window ID": 8, "Memory Usage": 0.16880076166789726}, "timestamp": 1552764947.7363787}
{"node_id": 4, "type": "STAT", "payload": {"Window ID": 8, "Runtime": 38.30586904898519, "Process time": 18.76614483799999, "Accuracy": {"4.csv": 53.76782077393075, "1.csv": 64.75770925110133, "3.csv": 48.51485148514851, "5.csv": 89.68609865470853, "8.csv": 92.81314168377823, "0.csv": 78.87755102040816, "6.csv": 64.92693110647181, "2.csv": 84.01162790697676, "9.csv": 85.62933597621407, "7.csv": 68.09338521400778}, "Datapoints": 437}, "timestamp": 1552764953.5501404}
{"node_id": 3, "type": "PROC", "payload": {"Window ID": 9, "Memory Usage": 0.17002729957641938}, "timestamp": 1552764969.9483285}
{"node_id": 3, "type": "STAT", "payload": {"Window ID": 9, "Runtime": 37.104496328975074, "Process time": 17.544212302999995, "Accuracy": {"4.csv": 92.05702647657841, "1.csv": 98.32599118942731, "3.csv": 75.44554455445545, "5.csv": 46.0762331838565, "8.csv": 68.27515400410678, "0.csv": 88.16326530612245, "6.csv": 76.30480167014613, "2.csv": 58.624031007751945, "9.csv": 55.7978196233895, "7.csv": 94.55252918287937}, "Datapoints": 417}, "timestamp": 1552764976.3550694}
{"node_id": 2, "type": "PROC", "payload": {"Window ID": 8, "Memory Usage": 0.1733304511716473}, "timestamp": 1552764983.1427352}
{"node_id": 4, "type": "PROC", "payload": {"Window ID": 9, "Memory Usage": 0.16791425407064858}, "timestamp": 1552764984.736596}
{"node_id": 2, "type": "STAT", "payload": {"Window ID": 8, "Runtime": 41.59005780899315, "Process time": 22.24850730700001, "Accuracy": {"4.csv": 65.88594704684317, "1.csv": 92.95154185022027, "3.csv": 87.42574257425743, "5.csv": 59.97757847533632, "8.csv": 56.46817248459959, "0.csv": 97.55102040816327, "6.csv": 94.258872651357, "2.csv": 63.468992248062015, "9.csv": 93.45887016848364, "7.csv": 63.035019455252915}, "Datapoints": 646}, "timestamp": 1552764989.1419315}
{"node_id": 4, "type": "STAT", "payload": {"Window ID": 9, "Runtime": 37.396189433988184, "Process time": 17.854078012000002, "Accuracy": {"4.csv": 66.39511201629328, "1.csv": 93.48017621145375, "3.csv": 63.366336633663366, "5.csv": 84.4170403587444, "8.csv": 90.4517453798768, "0.csv": 75.0, "6.csv": 71.92066805845512, "2.csv": 91.56976744186046, "9.csv": 67.59167492566898, "7.csv": 56.32295719844358}, "Datapoints": 457}, "timestamp": 1552764990.9488528}
{"node_id": 3, "type": "PROC", "payload": {"Window ID": 10, "Memory Usage": 0.1693229510744958}, "timestamp": 1552765008.735679}
{"node_id": 3, "type": "STAT", "payload": {"Window ID": 10, "Runtime": 38.18552799799363, "Process time": 18.674287115999988, "Accuracy": {"4.csv": 92.26069246435846, "1.csv": 98.06167400881057, "3.csv": 70.0, "5.csv": 57.62331838565022, "8.csv": 66.6324435318275, "0.csv": 73.06122448979592, "6.csv": 80.06263048016702, "2.csv": 72.09302325581395, "9.csv": 64.42021803766104, "7.csv": 92.02334630350194}, "Datapoints": 444}, "timestamp": 1552765014.5441618}
{"node_id": 4, "type": "PROC", "payload": {"Window ID": 10, "Memory Usage": 0.1683635798391171}, "timestamp": 1552765022.4531002}
{"node_id": 2, "type": "PROC", "payload": {"Window ID": 9, "Memory Usage": 0.1737433451210508}, "timestamp": 1552765024.039124}
{"node_id": 4, "type": "STAT", "payload": {"Window ID": 10, "Runtime": 37.38360335200559, "Process time": 17.976362988000005, "Accuracy": {"4.csv": 71.28309572301426, "1.csv": 91.10132158590308, "3.csv": 55.24752475247525, "5.csv": 85.20179372197309, "8.csv": 93.63449691991786, "0.csv": 80.20408163265306, "6.csv": 76.93110647181628, "2.csv": 90.98837209302324, "9.csv": 64.61843409316155, "7.csv": 67.12062256809338}, "Datapoints": 447}, "timestamp": 1552765028.3399465}
{"node_id": 2, "type": "STAT", "payload": {"Window ID": 9, "Runtime": 40.599993582989555, "Process time": 21.209566885999976, "Accuracy": {"4.csv": 65.78411405295316, "1.csv": 94.44933920704845, "3.csv": 91.0891089108911, "5.csv": 54.035874439461885, "8.csv": 69.0965092402464, "0.csv": 97.6530612244898, "6.csv": 93.73695198329854, "2.csv": 70.83333333333334, "9.csv": 93.06243805748265, "7.csv": 74.5136186770428}, "Datapoints": 663}, "timestamp": 1552765029.7450023}
{"node_id": 3, "type": "PROC", "payload": {"Window ID": 11, "Memory Usage": 0.16988157230015932}, "timestamp": 1552765046.6375635}
{"node_id": 3, "type": "STAT", "payload": {"Window ID": 11, "Runtime": 38.40205454098759, "Process time": 18.834847011999983, "Accuracy": {"4.csv": 95.41751527494908, "1.csv": 96.65198237885463, "3.csv": 70.49504950495049, "5.csv": 58.744394618834086, "8.csv": 72.79260780287474, "0.csv": 75.10204081632654, "6.csv": 85.17745302713988, "2.csv": 71.22093023255815, "9.csv": 65.60951437066403, "7.csv": 90.36964980544747}, "Datapoints": 457}, "timestamp": 1552765052.9496317}
{"node_id": 4, "type": "PROC", "payload": {"Window ID": 11, "Memory Usage": 0.16819356468348035}, "timestamp": 1552765062.7507863}
{"node_id": 4, "type": "STAT", "payload": {"Window ID": 11, "Runtime": 39.809734832000686, "Process time": 20.235337447999996, "Accuracy": {"4.csv": 73.82892057026477, "1.csv": 91.71806167400881, "3.csv": 64.15841584158416, "5.csv": 90.80717488789237, "8.csv": 90.24640657084188, "0.csv": 72.85714285714285, "6.csv": 69.51983298538622, "2.csv": 90.89147286821705, "9.csv": 37.9583746283449, "7.csv": 61.57587548638133}, "Datapoints": 448}, "timestamp": 1552765068.15279}
{"node_id": 2, "type": "PROC", "payload": {"Window ID": 10, "Memory Usage": 0.17414409513076595}, "timestamp": 1552765069.539492}
{"node_id": 2, "type": "STAT", "payload": {"Window ID": 10, "Runtime": 46.104907307977555, "Process time": 26.62193851500001, "Accuracy": {"4.csv": 72.09775967413442, "1.csv": 92.2466960352423, "3.csv": 92.27722772277228, "5.csv": 57.0627802690583, "8.csv": 54.62012320328542, "0.csv": 95.51020408163265, "6.csv": 95.09394572025052, "2.csv": 72.48062015503875, "9.csv": 92.66600594648166, "7.csv": 74.0272373540856}, "Datapoints": 648}, "timestamp": 1552765075.8533864}
{"node_id": 3, "type": "PROC", "payload": {"Window ID": 12, "Memory Usage": 0.17018517079236778}, "timestamp": 1552765084.036354}
{"node_id": 3, "type": "STAT", "payload": {"Window ID": 12, "Runtime": 37.189848314999836, "Process time": 17.606892663000025, "Accuracy": {"4.csv": 88.08553971486762, "1.csv": 96.56387665198238, "3.csv": 75.44554455445545, "5.csv": 45.17937219730942, "8.csv": 76.69404517453799, "0.csv": 86.53061224489797, "6.csv": 79.74947807933194, "2.csv": 65.98837209302324, "9.csv": 68.78097125867195, "7.csv": 93.19066147859922}, "Datapoints": 460}, "timestamp": 1552765090.1426897}
{"node_id": 4, "type": "PROC", "payload": {"Window ID": 12, "Memory Usage": 0.16826642832161037}, "timestamp": 1552765099.2456608}
{"node_id": 4, "type": "STAT", "payload": {"Window ID": 12, "Runtime": 36.792200666008284, "Process time": 17.17738312999998, "Accuracy": {"4.csv": 70.57026476578412, "1.csv": 86.96035242290749, "3.csv": 53.069306930693074, "5.csv": 91.81614349775785, "8.csv": 93.73716632443532, "0.csv": 75.91836734693878, "6.csv": 73.48643006263048, "2.csv": 82.94573643410853, "9.csv": 75.5203171456888, "7.csv": 69.94163424124513}, "Datapoints": 476}, "timestamp": 1552765105.034021}
{"node_id": 2, "type": "PROC", "payload": {"Window ID": 11, "Memory Usage": 0.18745385302918433}, "timestamp": 1552765109.6371145}
{"node_id": 2, "type": "STAT", "payload": {"Window ID": 11, "Runtime": 40.50367515097605, "Process time": 20.92067441499998, "Accuracy": {"4.csv": 64.96945010183299, "1.csv": 94.44933920704845, "3.csv": 92.17821782178218, "5.csv": 48.4304932735426, "8.csv": 73.92197125256673, "0.csv": 98.26530612244898, "6.csv": 91.44050104384134, "2.csv": 70.05813953488372, "9.csv": 92.86422200198216, "7.csv": 65.07782101167315}, "Datapoints": 736}, "timestamp": 1552765116.360975}
{"node_id": 3, "type": "PROC", "payload": {"Window ID": 13, "Memory Usage": 0.17042804958613453}, "timestamp": 1552765124.43976}
{"node_id": 3, "type": "STAT", "payload": {"Window ID": 13, "Runtime": 40.50842012799694, "Process time": 20.89373650799999, "Accuracy": {"4.csv": 93.58452138492872, "1.csv": 98.14977973568281, "3.csv": 69.7029702970297, "5.csv": 59.52914798206278, "8.csv": 63.14168377823408, "0.csv": 87.04081632653062, "6.csv": 88.20459290187893, "2.csv": 72.18992248062015, "9.csv": 70.16848364717542, "7.csv": 92.50972762645915}, "Datapoints": 445}, "timestamp": 1552765130.655353}
{"node_id": 4, "type": "PROC", "payload": {"Window ID": 13, "Memory Usage": 0.1687521859091439}, "timestamp": 1552765136.7400846}
{"node_id": 4, "type": "STAT", "payload": {"Window ID": 13, "Runtime": 37.709903304988984, "Process time": 18.149366777999973, "Accuracy": {"4.csv": 69.65376782077392, "1.csv": 88.81057268722466, "3.csv": 54.65346534653466, "5.csv": 90.13452914798206, "8.csv": 88.60369609856262, "0.csv": 74.28571428571429, "6.csv": 80.79331941544885, "2.csv": 87.98449612403101, "9.csv": 79.28642220019822, "7.csv": 74.90272373540856}, "Datapoints": 441}, "timestamp": 1552765142.746975}
{"node_id": 2, "type": "PROC", "payload": {"Window ID": 12, "Memory Usage": 0.17555279213461314}, "timestamp": 1552765153.2447484}
{"node_id": 2, "type": "STAT", "payload": {"Window ID": 12, "Runtime": 42.47994096099865, "Process time": 23.120522283000014, "Accuracy": {"4.csv": 60.38696537678207, "1.csv": 95.77092511013215, "3.csv": 92.97029702970298, "5.csv": 51.34529147982063, "8.csv": 63.75770020533881, "0.csv": 97.55102040816327, "6.csv": 95.82463465553236, "2.csv": 71.41472868217055, "9.csv": 92.26957383548068, "7.csv": 77.431906614786}, "Datapoints": 645}, "timestamp": 1552765158.934589}
{"node_id": 3, "type": "PROC", "payload": {"Window ID": 14, "Memory Usage": 0.17005158745579607}, "timestamp": 1552765161.2443473}
{"node_id": 3, "type": "STAT", "payload": {"Window ID": 14, "Runtime": 36.77883030602243, "Process time": 17.208600988, "Accuracy": {"4.csv": 94.60285132382892, "1.csv": 97.88546255506608, "3.csv": 69.9009900990099, "5.csv": 63.789237668161434, "8.csv": 75.25667351129364, "0.csv": 87.24489795918367, "6.csv": 82.6722338204593, "2.csv": 76.93798449612403, "9.csv": 72.94350842418235, "7.csv": 88.42412451361868}, "Datapoints": 484}, "timestamp": 1552765167.437467}
{"node_id": 4, "type": "PROC", "payload": {"Window ID": 14, "Memory Usage": 0.16813284498503867}, "timestamp": 1552765171.6394923}
{"node_id": 4, "type": "STAT", "payload": {"Window ID": 14, "Runtime": 34.49115426201024, "Process time": 14.672210473000007, "Accuracy": {"4.csv": 70.77393075356414, "1.csv": 89.33920704845815, "3.csv": 68.8118811881188, "5.csv": 87.66816143497758, "8.csv": 89.01437371663245, "0.csv": 81.0204081632653, "6.csv": 76.40918580375782, "2.csv": 91.95736434108527, "9.csv": 75.9167492566898, "7.csv": 82.87937743190662}, "Datapoints": 453}, "timestamp": 1552765177.2412822}
{"node_id": 2, "type": "PROC", "payload": {"Window ID": 13, "Memory Usage": 0.18582656511094703}, "timestamp": 1552765193.7414918}
{"node_id": 2, "type": "STAT", "payload": {"Window ID": 13, "Runtime": 41.22751814298681, "Process time": 21.742518048999955, "Accuracy": {"4.csv": 68.43177189409369, "1.csv": 96.38766519823788, "3.csv": 92.87128712871288, "5.csv": 48.654708520179376, "8.csv": 75.05133470225873, "0.csv": 96.93877551020408, "6.csv": 94.258872651357, "2.csv": 53.97286821705426, "9.csv": 93.45887016848364, "7.csv": 77.23735408560312}, "Datapoints": 680}, "timestamp": 1552765200.1649234}
{"node_id": 3, "type": "PROC", "payload": {"Window ID": 15, "Memory Usage": 0.170804511716473}, "timestamp": 1552765201.5396583}
{"node_id": 4, "type": "PROC", "payload": {"Window ID": 15, "Memory Usage": 0.16833929195974043}, "timestamp": 1552765207.041339}
{"node_id": 3, "type": "STAT", "payload": {"Window ID": 15, "Runtime": 40.29391149600269, "Process time": 20.681597463000003, "Accuracy": {"4.csv": 93.68635437881873, "1.csv": 98.6784140969163, "3.csv": 79.8019801980198, "5.csv": 57.399103139013455, "8.csv": 77.20739219712526, "0.csv": 91.93877551020408, "6.csv": 73.38204592901879, "2.csv": 63.565891472868216, "9.csv": 65.70862239841428, "7.csv": 92.50972762645915}, "Datapoints": 440}, "timestamp": 1552765207.738723}
{"node_id": 4, "type": "STAT", "payload": {"Window ID": 15, "Runtime": 35.59054124398972, "Process time": 15.99289251799999, "Accuracy": {"4.csv": 65.4786150712831, "1.csv": 82.99559471365639, "3.csv": 58.91089108910891, "5.csv": 91.59192825112108, "8.csv": 90.14373716632443, "0.csv": 65.91836734693878, "6.csv": 75.26096033402922, "2.csv": 87.6937984496124, "9.csv": 87.01684836471755, "7.csv": 76.07003891050583}, "Datapoints": 411}, "timestamp": 1552765212.835223}
{"node_id": 2, "type": "PROC", "payload": {"Window ID": 14, "Memory Usage": 0.17458127695954612}, "timestamp": 1552765235.7578073}
{"node_id": 2, "type": "STAT", "payload": {"Window ID": 14, "Runtime": 42.27327146299649, "Process time": 22.76085876799999, "Accuracy": {"4.csv": 70.87576374745417, "1.csv": 91.71806167400881, "3.csv": 91.68316831683168, "5.csv": 55.493273542600896, "8.csv": 61.08829568788501, "0.csv": 98.36734693877551, "6.csv": 95.61586638830897, "2.csv": 78.68217054263566, "9.csv": 90.58473736372646, "7.csv": 77.23735408560312}, "Datapoints": 656}, "timestamp": 1552765242.4410896}
{"node_id": 3, "type": "PROC", "payload": {"Window ID": 16, "Memory Usage": 0.1699665798779777}, "timestamp": 1552765244.9478004}
{"node_id": 4, "type": "PROC", "payload": {"Window ID": 16, "Memory Usage": 0.16758636769906346}, "timestamp": 1552765246.9527724}
{"node_id": 3, "type": "STAT", "payload": {"Window ID": 16, "Runtime": 43.00846463200287, "Process time": 23.287535661999982, "Accuracy": {"4.csv": 91.95519348268839, "1.csv": 97.88546255506608, "3.csv": 74.35643564356435, "5.csv": 72.75784753363229, "8.csv": 76.18069815195072, "0.csv": 85.3061224489796, "6.csv": 75.15657620041753, "2.csv": 71.60852713178295, "9.csv": 72.05153617443013, "7.csv": 90.46692607003891}, "Datapoints": 483}, "timestamp": 1552765250.7510178}
{"node_id": 4, "type": "STAT", "payload": {"Window ID": 16, "Runtime": 39.801653194997925, "Process time": 20.273884770000052, "Accuracy": {"4.csv": 73.31975560081466, "1.csv": 75.33039647577093, "3.csv": 67.32673267326733, "5.csv": 82.62331838565022, "8.csv": 92.71047227926078, "0.csv": 77.24489795918367, "6.csv": 65.03131524008352, "2.csv": 84.88372093023256, "9.csv": 80.87215064420218, "7.csv": 87.64591439688716}, "Datapoints": 426}, "timestamp": 1552765252.6401434}
{"node_id": 2, "type": "PROC", "payload": {"Window ID": 15, "Memory Usage": 0.1852072241868418}, "timestamp": 1552765281.6449695}
{"node_id": 3, "type": "PROC", "payload": {"Window ID": 17, "Memory Usage": 0.17082879959584968}, "timestamp": 1552765284.4381378}
{"node_id": 4, "type": "PROC", "payload": {"Window ID": 17, "Memory Usage": 0.16787782225158357}, "timestamp": 1552765285.9396577}
{"node_id": 2, "type": "STAT", "payload": {"Window ID": 15, "Runtime": 46.2890078999917, "Process time": 26.683224050000035, "Accuracy": {"4.csv": 68.0244399185336, "1.csv": 86.78414096916299, "3.csv": 93.56435643564357, "5.csv": 59.97757847533632, "8.csv": 61.293634496919914, "0.csv": 96.12244897959184, "6.csv": 92.79749478079331, "2.csv": 72.09302325581395, "9.csv": 93.55797819623389, "7.csv": 80.83657587548639}, "Datapoints": 676}, "timestamp": 1552765288.7349663}
{"node_id": 3, "type": "STAT", "payload": {"Window ID": 17, "Runtime": 39.48726258100942, "Process time": 19.875024490000044, "Accuracy": {"4.csv": 97.04684317718942, "1.csv": 97.88546255506608, "3.csv": 87.72277227722772, "5.csv": 46.41255605381166, "8.csv": 66.94045174537987, "0.csv": 87.44897959183675, "6.csv": 85.28183716075156, "2.csv": 75.96899224806202, "9.csv": 46.8780971258672, "7.csv": 92.89883268482491}, "Datapoints": 514}, "timestamp": 1552765290.2414696}
{"node_id": 4, "type": "STAT", "payload": {"Window ID": 17, "Runtime": 39.60424592901836, "Process time": 19.810227429000008, "Accuracy": {"4.csv": 83.09572301425662, "1.csv": 86.07929515418502, "3.csv": 57.02970297029702, "5.csv": 76.68161434977578, "8.csv": 82.34086242299796, "0.csv": 79.79591836734694, "6.csv": 83.40292275574113, "2.csv": 90.40697674418605, "9.csv": 25.569871159563924, "7.csv": 87.2568093385214}, "Datapoints": 477}, "timestamp": 1552765292.2474144}
{"node_id": 3, "type": "PROC", "payload": {"Window ID": 18, "Memory Usage": 0.1714117087008899}, "timestamp": 1552765323.5388696}
{"node_id": 4, "type": "PROC", "payload": {"Window ID": 18, "Memory Usage": 0.1689100571250923}, "timestamp": 1552765325.5446794}
{"node_id": 2, "type": "PROC", "payload": {"Window ID": 16, "Memory Usage": 0.18728383787354758}, "timestamp": 1552765329.0423512}
{"node_id": 3, "type": "STAT", "payload": {"Window ID": 18, "Runtime": 39.19191500497982, "Process time": 19.440544525999996, "Accuracy": {"4.csv": 95.5193482688391, "1.csv": 97.88546255506608, "3.csv": 82.77227722772277, "5.csv": 61.32286995515695, "8.csv": 66.0164271047228, "0.csv": 88.26530612244898, "6.csv": 82.25469728601253, "2.csv": 70.44573643410853, "9.csv": 62.140733399405356, "7.csv": 93.8715953307393}, "Datapoints": 473}, "timestamp": 1552765329.436287}
{"node_id": 4, "type": "STAT", "payload": {"Window ID": 18, "Runtime": 38.99637305299984, "Process time": 19.298849116000042, "Accuracy": {"4.csv": 72.70875763747455, "1.csv": 89.2511013215859, "3.csv": 56.237623762376245, "5.csv": 90.91928251121077, "8.csv": 90.24640657084188, "0.csv": 86.0204081632653, "6.csv": 66.2839248434238, "2.csv": 88.0813953488372, "9.csv": 83.94449950445986, "7.csv": 65.85603112840467}, "Datapoints": 474}, "timestamp": 1552765331.2468941}
{"node_id": 2, "type": "STAT", "payload": {"Window ID": 16, "Runtime": 46.69923347502481, "Process time": 27.214623044000007, "Accuracy": {"4.csv": 73.0142566191446, "1.csv": 95.06607929515418, "3.csv": 92.27722772277228, "5.csv": 54.147982062780265, "8.csv": 71.86858316221766, "0.csv": 97.55102040816327, "6.csv": 95.19832985386222, "2.csv": 78.97286821705426, "9.csv": 92.07135777998018, "7.csv": 79.57198443579766}, "Datapoints": 738}, "timestamp": 1552765335.437508}
{"node_id": 3, "type": "PROC", "payload": {"Window ID": 19, "Memory Usage": 0.17070736019896632}, "timestamp": 1552765361.5439386}
{"node_id": 4, "type": "PROC", "payload": {"Window ID": 19, "Memory Usage": 0.16888576924571563}, "timestamp": 1552765362.563518}
{"node_id": 3, "type": "STAT", "payload": {"Window ID": 19, "Runtime": 37.895674878993304, "Process time": 18.286742249999975, "Accuracy": {"4.csv": 94.90835030549898, "1.csv": 97.26872246696036, "3.csv": 73.16831683168317, "5.csv": 66.4798206278027, "8.csv": 79.46611909650923, "0.csv": 88.16326530612245, "6.csv": 84.44676409185804, "2.csv": 70.25193798449612, "9.csv": 65.41129831516352, "7.csv": 92.31517509727627}, "Datapoints": 468}, "timestamp": 1552765367.3348436}
{"node_id": 4, "type": "STAT", "payload": {"Window ID": 19, "Runtime": 37.60659011898679, "Process time": 18.04758817999999, "Accuracy": {"4.csv": 74.74541751527495, "1.csv": 91.98237885462555, "3.csv": 62.277227722772274, "5.csv": 92.2645739910314, "8.csv": 86.85831622176592, "0.csv": 88.6734693877551, "6.csv": 78.81002087682673, "2.csv": 91.56976744186046, "9.csv": 79.38553022794846, "7.csv": 80.44747081712063}, "Datapoints": 465}, "timestamp": 1552765368.9342349}
{"node_id": 2, "type": "PROC", "payload": {"Window ID": 17, "Memory Usage": 0.1876724439435744}, "timestamp": 1552765375.2466938}
{"node_id": 2, "type": "STAT", "payload": {"Window ID": 17, "Runtime": 45.709889750985894, "Process time": 26.259409387999995, "Accuracy": {"4.csv": 77.18940936863544, "1.csv": 91.36563876651982, "3.csv": 94.95049504950495, "5.csv": 46.74887892376682, "8.csv": 60.16427104722793, "0.csv": 94.48979591836735, "6.csv": 94.258872651357, "2.csv": 79.06976744186046, "9.csv": 90.98116947472745, "7.csv": 87.15953307392996}, "Datapoints": 745}, "timestamp": 1552765381.1509042}
{"node_id": 4, "type": "PROC", "payload": {"Window ID": 20, "Memory Usage": 0.16853359499475382}, "timestamp": 1552765398.440326}
{"node_id": 3, "type": "PROC", "payload": {"Window ID": 20, "Memory Usage": 0.17054948898301792}, "timestamp": 1552765399.051059}
{"node_id": 4, "type": "STAT", "payload": {"Window ID": 20, "Runtime": 35.406244593003066, "Process time": 15.828338642000006, "Accuracy": {"4.csv": 75.56008146639512, "1.csv": 85.90308370044053, "3.csv": 73.86138613861387, "5.csv": 88.11659192825113, "8.csv": 85.42094455852155, "0.csv": 92.04081632653062, "6.csv": 72.65135699373695, "2.csv": 93.4108527131783, "9.csv": 71.75421209117938, "7.csv": 85.11673151750972}, "Datapoints": 452}, "timestamp": 1552765404.3447514}
{"node_id": 3, "type": "STAT", "payload": {"Window ID": 20, "Runtime": 37.31338598797447, "Process time": 17.664576334000003, "Accuracy": {"4.csv": 90.73319755600815, "1.csv": 98.76651982378854, "3.csv": 61.88118811881188, "5.csv": 61.098654708520186, "8.csv": 59.445585215605746, "0.csv": 90.3061224489796, "6.csv": 88.4133611691023, "2.csv": 73.64341085271317, "9.csv": 69.47472745292369, "7.csv": 92.41245136186771}, "Datapoints": 454}, "timestamp": 1552765404.6514292}
{"node_id": 2, "type": "PROC", "payload": {"Window ID": 18, "Memory Usage": 0.18704095907978083}, "timestamp": 1552765421.0439308}
{"node_id": 2, "type": "STAT", "payload": {"Window ID": 18, "Runtime": 46.19352850600262, "Process time": 26.503635531000043, "Accuracy": {"4.csv": 68.32993890020367, "1.csv": 91.71806167400881, "3.csv": 85.84158415841584, "5.csv": 70.51569506726457, "8.csv": 62.01232032854209, "0.csv": 97.24489795918367, "6.csv": 94.78079331941545, "2.csv": 76.74418604651163, "9.csv": 92.86422200198216, "7.csv": 86.86770428015565}, "Datapoints": 729}, "timestamp": 1552765427.3478878}
{"node_id": 4, "type": "PROC", "payload": {"Window ID": 21, "Memory Usage": 0.16844858741693547}, "timestamp": 1552765435.3388534}
{"node_id": 3, "type": "PROC", "payload": {"Window ID": 21, "Memory Usage": 0.17033089806862783}, "timestamp": 1552765437.2413442}
{"node_id": 4, "type": "STAT", "payload": {"Window ID": 21, "Runtime": 36.38696296600392, "Process time": 16.67297952199999, "Accuracy": {"4.csv": 58.248472505091655, "1.csv": 89.0748898678414, "3.csv": 67.12871287128714, "5.csv": 90.24663677130044, "8.csv": 92.50513347022587, "0.csv": 79.48979591836735, "6.csv": 78.60125260960335, "2.csv": 92.05426356589147, "9.csv": 78.49355797819624, "7.csv": 81.22568093385215}, "Datapoints": 424}, "timestamp": 1552765440.735746}
{"node_id": 3, "type": "STAT", "payload": {"Window ID": 21, "Runtime": 38.49142399200355, "Process time": 18.918890712000007, "Accuracy": {"4.csv": 95.31568228105907, "1.csv": 99.29515418502203, "3.csv": 75.94059405940594, "5.csv": 63.11659192825112, "8.csv": 75.97535934291582, "0.csv": 78.46938775510203, "6.csv": 87.57828810020877, "2.csv": 77.32558139534885, "9.csv": 70.86223984142715, "7.csv": 92.12062256809338}, "Datapoints": 446}, "timestamp": 1552765443.1457355}
{"node_id": 2, "type": "PROC", "payload": {"Window ID": 19, "Memory Usage": 0.18753886060700267}, "timestamp": 1552765463.350673}
{"node_id": 2, "type": "STAT", "payload": {"Window ID": 19, "Runtime": 41.99244601500686, "Process time": 22.50252008199999, "Accuracy": {"4.csv": 84.62321792260693, "1.csv": 94.09691629955947, "3.csv": 90.6930693069307, "5.csv": 71.63677130044843, "8.csv": 59.856262833675565, "0.csv": 97.85714285714285, "6.csv": 91.33611691022965, "2.csv": 78.29457364341084, "9.csv": 88.10703666997026, "7.csv": 81.22568093385215}, "Datapoints": 736}, "timestamp": 1552765469.3437157}
{"node_id": 4, "type": "PROC", "payload": {"Window ID": 22, "Memory Usage": 0.16792639801033693}, "timestamp": 1552765474.4572048}
{"node_id": 3, "type": "PROC", "payload": {"Window ID": 22, "Memory Usage": 0.17007587533517274}, "timestamp": 1552765479.2504816}
{"node_id": 4, "type": "STAT", "payload": {"Window ID": 22, "Runtime": 40.10389857098926, "Process time": 20.292695271000014, "Accuracy": {"4.csv": 75.76374745417516, "1.csv": 93.12775330396475, "3.csv": 70.89108910891089, "5.csv": 88.67713004484304, "8.csv": 85.21560574948666, "0.csv": 86.63265306122449, "6.csv": 82.25469728601253, "2.csv": 91.08527131782945, "9.csv": 76.90782953419227, "7.csv": 75.38910505836576}, "Datapoints": 435}, "timestamp": 1552765480.8428226}
{"node_id": 3, "type": "STAT", "payload": {"Window ID": 22, "Runtime": 42.100161962996935, "Process time": 22.508897215000047, "Accuracy": {"4.csv": 92.9735234215886, "1.csv": 98.14977973568281, "3.csv": 75.44554455445545, "5.csv": 76.23318385650224, "8.csv": 77.72073921971253, "0.csv": 86.83673469387755, "6.csv": 82.77661795407099, "2.csv": 74.03100775193798, "9.csv": 66.10505450941527, "7.csv": 94.74708171206225}, "Datapoints": 461}, "timestamp": 1552765485.2492623}
{"node_id": 2, "type": "PROC", "payload": {"Window ID": 20, "Memory Usage": 0.18529223176466017}, "timestamp": 1552765506.9391677}
{"node_id": 2, "type": "STAT", "payload": {"Window ID": 20, "Runtime": 43.90737995802192, "Process time": 24.44028850000001, "Accuracy": {"4.csv": 70.16293279022403, "1.csv": 95.77092511013215, "3.csv": 90.5940594059406, "5.csv": 69.61883408071749, "8.csv": 72.07392197125256, "0.csv": 95.81632653061224, "6.csv": 96.13778705636743, "2.csv": 78.68217054263566, "9.csv": 88.00792864222002, "7.csv": 85.01945525291829}, "Datapoints": 672}, "timestamp": 1552765513.343673}
{"node_id": 4, "type": "PROC", "payload": {"Window ID": 23, "Memory Usage": 0.16815713286441533}, "timestamp": 1552765517.2387135}
{"node_id": 3, "type": "PROC", "payload": {"Window ID": 23, "Memory Usage": 0.17059806474177128}, "timestamp": 1552765517.944357}
{"node_id": 4, "type": "STAT", "payload": {"Window ID": 23, "Runtime": 42.195848218980245, "Process time": 22.48017996699997, "Accuracy": {"4.csv": 73.62525458248473, "1.csv": 91.71806167400881, "3.csv": 67.02970297029704, "5.csv": 85.20179372197309, "8.csv": 92.50513347022587, "0.csv": 85.20408163265306, "6.csv": 79.85386221294362, "2.csv": 92.15116279069767, "9.csv": 67.49256689791872, "7.csv": 82.29571984435798}, "Datapoints": 480}, "timestamp": 1552765523.0431736}
{"node_id": 3, "type": "STAT", "payload": {"Window ID": 23, "Runtime": 38.59092945800512, "Process time": 19.114572701999975, "Accuracy": {"4.csv": 95.5193482688391, "1.csv": 98.06167400881057, "3.csv": 79.10891089108911, "5.csv": 77.57847533632287, "8.csv": 59.34291581108829, "0.csv": 92.04081632653062, "6.csv": 86.32567849686848, "2.csv": 74.4186046511628, "9.csv": 56.49157581764123, "7.csv": 94.74708171206225}, "Datapoints": 503}, "timestamp": 1552765523.8427958}
{"node_id": 2, "type": "PROC", "payload": {"Window ID": 21, "Memory Usage": 0.18640947421598725}, "timestamp": 1552765551.5423174}
{"node_id": 4, "type": "PROC", "payload": {"Window ID": 24, "Memory Usage": 0.1690314965219757}, "timestamp": 1552765555.2443244}
{"node_id": 3, "type": "PROC", "payload": {"Window ID": 24, "Memory Usage": 0.1711566859674348}, "timestamp": 1552765556.9384408}
{"node_id": 2, "type": "STAT", "payload": {"Window ID": 21, "Runtime": 45.194261533004465, "Process time": 25.780087040000012, "Accuracy": {"4.csv": 77.29124236252545, "1.csv": 93.74449339207048, "3.csv": 93.96039603960395, "5.csv": 53.92376681614349, "8.csv": 76.59137577002053, "0.csv": 96.73469387755102, "6.csv": 96.4509394572025, "2.csv": 73.25581395348837, "9.csv": 91.77403369672945, "7.csv": 71.3035019455253}, "Datapoints": 700}, "timestamp": 1552765558.5410502}
{"node_id": 4, "type": "STAT", "payload": {"Window ID": 24, "Runtime": 38.402695889992174, "Process time": 18.884815928000023, "Accuracy": {"4.csv": 71.58859470468431, "1.csv": 92.68722466960352, "3.csv": 75.84158415841584, "5.csv": 90.35874439461884, "8.csv": 87.26899383983573, "0.csv": 83.16326530612244, "6.csv": 74.11273486430062, "2.csv": 91.18217054263566, "9.csv": 82.85431119920713, "7.csv": 84.8249027237354}, "Datapoints": 504}, "timestamp": 1552765561.4524648}
{"node_id": 3, "type": "STAT", "payload": {"Window ID": 24, "Runtime": 39.4893104499788, "Process time": 19.93777909099998, "Accuracy": {"4.csv": 92.4643584521385, "1.csv": 93.03964757709251, "3.csv": 80.19801980198021, "5.csv": 51.90582959641256, "8.csv": 79.26078028747433, "0.csv": 91.22448979591836, "6.csv": 87.47390396659708, "2.csv": 81.2984496124031, "9.csv": 77.10604558969277, "7.csv": 91.9260700389105}, "Datapoints": 462}, "timestamp": 1552765563.3361654}
{"node_id": 4, "type": "PROC", "payload": {"Window ID": 25, "Memory Usage": 0.16948082229044417}, "timestamp": 1552765594.751816}
{"node_id": 3, "type": "PROC", "payload": {"Window ID": 25, "Memory Usage": 0.17045233746551122}, "timestamp": 1552765596.3413277}
{"node_id": 2, "type": "PROC", "payload": {"Window ID": 22, "Memory Usage": 0.1869316636225858}, "timestamp": 1552765598.3384223}
{"node_id": 4, "type": "STAT", "payload": {"Window ID": 25, "Runtime": 39.19042998398072, "Process time": 19.682799785999975, "Accuracy": {"4.csv": 74.23625254582484, "1.csv": 91.71806167400881, "3.csv": 57.72277227722772, "5.csv": 93.04932735426009, "8.csv": 89.63039014373717, "0.csv": 84.59183673469389, "6.csv": 79.95824634655533, "2.csv": 90.79457364341084, "9.csv": 69.27651139742319, "7.csv": 73.0544747081712}, "Datapoints": 459}, "timestamp": 1552765600.6457605}
{"node_id": 3, "type": "STAT", "payload": {"Window ID": 25, "Runtime": 40.005305541999405, "Process time": 20.363635734000013, "Accuracy": {"4.csv": 94.90835030549898, "1.csv": 97.44493392070484, "3.csv": 81.28712871287128, "5.csv": 63.67713004484305, "8.csv": 55.13347022587269, "0.csv": 81.73469387755102, "6.csv": 91.02296450939458, "2.csv": 73.06201550387597, "9.csv": 42.91377601585729, "7.csv": 92.02334630350194}, "Datapoints": 473}, "timestamp": 1552765603.43452}
{"node_id": 2, "type": "STAT", "payload": {"Window ID": 22, "Runtime": 45.90395941899624, "Process time": 26.61192942399998, "Accuracy": {"4.csv": 73.82892057026477, "1.csv": 96.2114537444934, "3.csv": 91.2871287128713, "5.csv": 50.784753363228695, "8.csv": 74.94866529774127, "0.csv": 98.16326530612245, "6.csv": 95.09394572025052, "2.csv": 81.2984496124031, "9.csv": 91.97224975222993, "7.csv": 64.00778210116731}, "Datapoints": 721}, "timestamp": 1552765604.447774}
{"node_id": 4, "type": "PROC", "payload": {"Window ID": 26, "Memory Usage": 0.16864289045194886}, "timestamp": 1552765630.3425264}
{"node_id": 4, "type": "STAT", "payload": {"Window ID": 26, "Runtime": 35.70329365201178, "Process time": 16.12116755300002, "Accuracy": {"4.csv": 74.84725050916497, "1.csv": 91.54185022026432, "3.csv": 61.48514851485148, "5.csv": 89.46188340807176, "8.csv": 93.1211498973306, "0.csv": 72.55102040816327, "6.csv": 81.83716075156576, "2.csv": 92.63565891472868, "9.csv": 73.6372646184341, "7.csv": 74.0272373540856}, "Datapoints": 471}, "timestamp": 1552765636.4378955}
{"node_id": 3, "type": "PROC", "payload": {"Window ID": 26, "Memory Usage": 0.17059806474177128}, "timestamp": 1552765637.0432227}
{"node_id": 3, "type": "STAT", "payload": {"Window ID": 26, "Runtime": 39.812080520991, "Process time": 20.151999144, "Accuracy": {"4.csv": 88.79837067209776, "1.csv": 97.53303964757708, "3.csv": 86.93069306930693, "5.csv": 65.69506726457399, "8.csv": 64.27104722792608, "0.csv": 87.24489795918367, "6.csv": 76.40918580375782, "2.csv": 78.97286821705426, "9.csv": 50.74331020812686, "7.csv": 94.16342412451361}, "Datapoints": 480}, "timestamp": 1552765643.250331}
{"node_id": 2, "type": "PROC", "payload": {"Window ID": 23, "Memory Usage": 0.1873809893910543}, "timestamp": 1552765646.0366988}
{"node_id": 2, "type": "STAT", "payload": {"Window ID": 23, "Runtime": 47.295055266993586, "Process time": 27.897207900000012, "Accuracy": {"4.csv": 75.76374745417516, "1.csv": 93.92070484581497, "3.csv": 93.96039603960395, "5.csv": 62.66816143497758, "8.csv": 65.60574948665298, "0.csv": 96.93877551020408, "6.csv": 93.94572025052193, "2.csv": 80.32945736434108, "9.csv": 88.00792864222002, "7.csv": 77.04280155642024}, "Datapoints": 732}, "timestamp": 1552765651.8339195}
{"node_id": 4, "type": "PROC", "payload": {"Window ID": 27, "Memory Usage": 0.16889791318540395}, "timestamp": 1552765668.941595}
{"node_id": 3, "type": "PROC", "payload": {"Window ID": 27, "Memory Usage": 0.170804511716473}, "timestamp": 1552765673.2623858}
{"node_id": 4, "type": "STAT", "payload": {"Window ID": 27, "Runtime": 38.71098204801092, "Process time": 18.78933472, "Accuracy": {"4.csv": 75.96741344195519, "1.csv": 93.83259911894272, "3.csv": 49.603960396039604, "5.csv": 93.16143497757847, "8.csv": 89.63039014373717, "0.csv": 76.0204081632653, "6.csv": 74.53027139874739, "2.csv": 90.31007751937985, "9.csv": 55.50049554013875, "7.csv": 77.72373540856032}, "Datapoints": 426}, "timestamp": 1552765675.1522045}
{"node_id": 3, "type": "STAT", "payload": {"Window ID": 27, "Runtime": 35.89719630300533, "Process time": 16.399332180999977, "Accuracy": {"4.csv": 94.90835030549898, "1.csv": 97.44493392070484, "3.csv": 76.23762376237624, "5.csv": 72.19730941704036, "8.csv": 56.98151950718686, "0.csv": 88.9795918367347, "6.csv": 83.40292275574113, "2.csv": 77.71317829457365, "9.csv": 46.778989098116945, "7.csv": 95.03891050583657}, "Datapoints": 476}, "timestamp": 1552765679.151791}
{"node_id": 2, "type": "PROC", "payload": {"Window ID": 24, "Memory Usage": 0.18851037578206972}, "timestamp": 1552765691.636488}
{"node_id": 2, "type": "STAT", "payload": {"Window ID": 24, "Runtime": 45.605469453003025, "Process time": 26.109364267999922, "Accuracy": {"4.csv": 77.39307535641548, "1.csv": 86.87224669603523, "3.csv": 93.86138613861385, "5.csv": 65.13452914798206, "8.csv": 64.68172484599589, "0.csv": 98.06122448979592, "6.csv": 92.79749478079331, "2.csv": 79.26356589147287, "9.csv": 90.08919722497522, "7.csv": 66.73151750972762}, "Datapoints": 756}, "timestamp": 1552765697.4430099}
{"node_id": 4, "type": "PROC", "payload": {"Window ID": 28, "Memory Usage": 0.16788996619127192}, "timestamp": 1552765707.2413208}
{"node_id": 3, "type": "PROC", "payload": {"Window ID": 28, "Memory Usage": 0.1706344965608363}, "timestamp": 1552765709.143304}
{"node_id": 4, "type": "STAT", "payload": {"Window ID": 28, "Runtime": 38.38060151197715, "Process time": 18.746775868999976, "Accuracy": {"4.csv": 51.01832993890021, "1.csv": 91.98237885462555, "3.csv": 61.28712871287129, "5.csv": 93.83408071748879, "8.csv": 88.50102669404517, "0.csv": 78.9795918367347, "6.csv": 77.34864300626305, "2.csv": 90.40697674418605, "9.csv": 88.00792864222002, "7.csv": 77.23735408560312}, "Datapoints": 464}, "timestamp": 1552765713.5355525}
{"node_id": 3, "type": "STAT", "payload": {"Window ID": 28, "Runtime": 35.90208135501598, "Process time": 16.43499545100002, "Accuracy": {"4.csv": 95.11201629327903, "1.csv": 98.14977973568281, "3.csv": 65.74257425742574, "5.csv": 78.36322869955157, "8.csv": 61.19096509240246, "0.csv": 87.65306122448979, "6.csv": 86.84759916492693, "2.csv": 82.75193798449612, "9.csv": 48.5629335976214, "7.csv": 95.3307392996109}, "Datapoints": 429}, "timestamp": 1552765715.056721}
{"node_id": 2, "type": "PROC", "payload": {"Window ID": 25, "Memory Usage": 0.18734455757198928}, "timestamp": 1552765737.1607244}
{"node_id": 2, "type": "STAT", "payload": {"Window ID": 25, "Runtime": 45.92570017001708, "Process time": 26.479616889, "Accuracy": {"4.csv": 76.9857433808554, "1.csv": 95.06607929515418, "3.csv": 93.76237623762376, "5.csv": 55.493273542600896, "8.csv": 57.70020533880903, "0.csv": 98.06122448979592, "6.csv": 94.46764091858037, "2.csv": 80.42635658914729, "9.csv": 90.48562933597621, "7.csv": 81.1284046692607}, "Datapoints": 729}, "timestamp": 1552765743.4632466}
{"node_id": 4, "type": "PROC", "payload": {"Window ID": 29, "Memory Usage": 0.1688129056075856}, "timestamp": 1552765745.1395988}
{"node_id": 3, "type": "PROC", "payload": {"Window ID": 29, "Memory Usage": 0.1698087086620293}, "timestamp": 1552765748.2609441}
{"node_id": 4, "type": "STAT", "payload": {"Window ID": 29, "Runtime": 37.410111839999445, "Process time": 17.92737853999995, "Accuracy": {"4.csv": 67.82077393075356, "1.csv": 91.18942731277532, "3.csv": 52.27722772277228, "5.csv": 91.4798206278027, "8.csv": 93.73716632443532, "0.csv": 79.28571428571428, "6.csv": 83.92484342379957, "2.csv": 90.40697674418605, "9.csv": 79.08820614469772, "7.csv": 80.35019455252919}, "Datapoints": 459}, "timestamp": 1552765751.0344145}
{"node_id": 3, "type": "STAT", "payload": {"Window ID": 29, "Runtime": 39.10540334699908, "Process time": 19.504106825000008, "Accuracy": {"4.csv": 91.75152749490834, "1.csv": 98.32599118942731, "3.csv": 79.70297029702971, "5.csv": 60.65022421524664, "8.csv": 70.4312114989733, "0.csv": 88.77551020408163, "6.csv": 83.29853862212944, "2.csv": 77.61627906976744, "9.csv": 76.90782953419227, "7.csv": 91.05058365758755}, "Datapoints": 430}, "timestamp": 1552765754.239761}
{"node_id": 4, "type": "PROC", "payload": {"Window ID": 30, "Memory Usage": 0.16864289045194886}, "timestamp": 1552765777.8635368}
{"node_id": 2, "type": "PROC", "payload": {"Window ID": 26, "Memory Usage": 0.1876117242451327}, "timestamp": 1552765780.3461442}
{"node_id": 4, "type": "STAT", "payload": {"Window ID": 30, "Runtime": 32.20777435798664, "Process time": 12.695552089999978, "Accuracy": {"4.csv": 84.62321792260693, "1.csv": 88.72246696035242, "3.csv": 59.20792079207921, "5.csv": 87.10762331838565, "8.csv": 94.04517453798768, "0.csv": 87.04081632653062, "6.csv": 75.88726513569938, "2.csv": 89.63178294573643, "9.csv": 70.66402378592666, "7.csv": 80.05836575875487}, "Datapoints": 448}, "timestamp": 1552765783.2469635}
{"node_id": 3, "type": "PROC", "payload": {"Window ID": 30, "Memory Usage": 0.16978442078265263}, "timestamp": 1552765784.5446262}
{"node_id": 2, "type": "STAT", "payload": {"Window ID": 26, "Runtime": 42.682429167005466, "Process time": 23.158573992000015, "Accuracy": {"4.csv": 68.22810590631364, "1.csv": 96.38766519823788, "3.csv": 88.51485148514851, "5.csv": 65.91928251121077, "8.csv": 57.39219712525667, "0.csv": 97.85714285714285, "6.csv": 94.36325678496868, "2.csv": 74.12790697674419, "9.csv": 93.35976214073341, "7.csv": 82.49027237354085}, "Datapoints": 734}, "timestamp": 1552765786.1487164}
{"node_id": 3, "type": "STAT", "payload": {"Window ID": 30, "Runtime": 35.70045666798251, "Process time": 16.115330543000027, "Accuracy": {"4.csv": 94.60285132382892, "1.csv": 97.3568281938326, "3.csv": 75.94059405940594, "5.csv": 68.49775784753363, "8.csv": 49.17864476386037, "0.csv": 91.83673469387756, "6.csv": 92.27557411273486, "2.csv": 78.97286821705426, "9.csv": 62.83448959365708, "7.csv": 93.57976653696498}, "Datapoints": 468}, "timestamp": 1552765789.9435356}
{"node_id": 4, "type": "PROC", "payload": {"Window ID": 31, "Memory Usage": 0.16843644347724712}, "timestamp": 1552765812.8475218}
{"node_id": 4, "type": "STAT", "payload": {"Window ID": 31, "Runtime": 35.80882114401902, "Process time": 16.118988560999924, "Accuracy": {"4.csv": 84.21588594704684, "1.csv": 87.5770925110132, "3.csv": 54.35643564356436, "5.csv": 90.35874439461884, "8.csv": 83.5728952772074, "0.csv": 81.53061224489797, "6.csv": 84.23799582463467, "2.csv": 93.6046511627907, "9.csv": 33.10208126858276, "7.csv": 75.19455252918289}, "Datapoints": 387}, "timestamp": 1552765819.1428611}
{"node_id": 3, "type": "PROC", "payload": {"Window ID": 31, "Memory Usage": 0.1706709283799013}, "timestamp": 1552765820.5435853}
{"node_id": 2, "type": "PROC", "payload": {"Window ID": 27, "Memory Usage": 0.18452716356429488}, "timestamp": 1552765823.5407784}
{"node_id": 3, "type": "STAT", "payload": {"Window ID": 31, "Runtime": 36.79809293500148, "Process time": 17.213547930999994, "Accuracy": {"4.csv": 97.5560081466395, "1.csv": 96.82819383259911, "3.csv": 56.83168316831683, "5.csv": 67.71300448430493, "8.csv": 54.41478439425052, "0.csv": 93.9795918367347, "6.csv": 83.92484342379957, "2.csv": 76.74418604651163, "9.csv": 65.01486620416253, "7.csv": 92.60700389105058}, "Datapoints": 427}, "timestamp": 1552765826.7450435}
{"node_id": 2, "type": "STAT", "payload": {"Window ID": 27, "Runtime": 43.787301949982066, "Process time": 24.36843289400008, "Accuracy": {"4.csv": 73.31975560081466, "1.csv": 94.62555066079295, "3.csv": 95.14851485148515, "5.csv": 58.744394618834086, "8.csv": 60.57494866529775, "0.csv": 97.0408163265306, "6.csv": 94.67640918580375, "2.csv": 73.35271317829456, "9.csv": 93.1615460852329, "7.csv": 77.04280155642024}, "Datapoints": 680}, "timestamp": 1552765829.9400182}
{"node_id": 4, "type": "PROC", "payload": {"Window ID": 32, "Memory Usage": 0.16727062526716668}, "timestamp": 1552765850.3468647}
{"node_id": 4, "type": "STAT", "payload": {"Window ID": 32, "Runtime": 37.10915007002768, "Process time": 17.484500766999986, "Accuracy": {"4.csv": 66.80244399185335, "1.csv": 91.01321585903084, "3.csv": 60.29702970297029, "5.csv": 90.69506726457399, "8.csv": 91.37577002053389, "0.csv": 81.3265306122449, "6.csv": 82.04592901878914, "2.csv": 94.37984496124031, "9.csv": 82.25966303270566, "7.csv": 80.6420233463035}, "Datapoints": 428}, "timestamp": 1552765856.2552228}
{"node_id": 3, "type": "PROC", "payload": {"Window ID": 32, "Memory Usage": 0.16982085260171764}, "timestamp": 1552765857.944567}
{"node_id": 3, "type": "STAT", "payload": {"Window ID": 32, "Runtime": 37.29214638701524, "Process time": 17.783099582999967, "Accuracy": {"4.csv": 91.95519348268839, "1.csv": 98.41409691629957, "3.csv": 57.32673267326732, "5.csv": 80.49327354260089, "8.csv": 69.40451745379876, "0.csv": 88.9795918367347, "6.csv": 83.50730688935282, "2.csv": 64.82558139534885, "9.csv": 74.43012884043607, "7.csv": 92.41245136186771}, "Datapoints": 440}, "timestamp": 1552765864.0404403}
{"node_id": 2, "type": "PROC", "payload": {"Window ID": 28, "Memory Usage": 0.18500077721214006}, "timestamp": 1552765870.2438753}
{"node_id": 2, "type": "STAT", "payload": {"Window ID": 28, "Runtime": 46.40264419399318, "Process time": 26.998778055000002, "Accuracy": {"4.csv": 81.36456211812627, "1.csv": 94.8898678414097, "3.csv": 92.97029702970298, "5.csv": 66.70403587443946, "8.csv": 49.38398357289528, "0.csv": 93.46938775510203, "6.csv": 95.4070981210856, "2.csv": 66.08527131782945, "9.csv": 93.35976214073341, "7.csv": 76.65369649805449}, "Datapoints": 697}, "timestamp": 1552765876.346029}
{"node_id": 4, "type": "PROC", "payload": {"Window ID": 33, "Memory Usage": 0.16792639801033693}, "timestamp": 1552765888.0469842}
{"node_id": 4, "type": "STAT", "payload": {"Window ID": 33, "Runtime": 38.294648812006926, "Process time": 18.66761954599997, "Accuracy": {"4.csv": 65.68228105906314, "1.csv": 89.2511013215859, "3.csv": 71.08910891089108, "5.csv": 88.00448430493275, "8.csv": 90.4517453798768, "0.csv": 80.81632653061224, "6.csv": 78.07933194154488, "2.csv": 92.05426356589147, "9.csv": 81.07036669970267, "7.csv": 81.90661478599222}, "Datapoints": 444}, "timestamp": 1552765894.6342707}
{"node_id": 3, "type": "PROC", "payload": {"Window ID": 33, "Memory Usage": 0.17013659503361442}, "timestamp": 1552765897.4470994}
{"node_id": 3, "type": "STAT", "payload": {"Window ID": 33, "Runtime": 38.99257098897942, "Process time": 19.251728290000074, "Accuracy": {"4.csv": 92.76985743380855, "1.csv": 96.91629955947137, "3.csv": 63.663366336633665, "5.csv": 68.49775784753363, "8.csv": 74.02464065708418, "0.csv": 95.20408163265306, "6.csv": 76.7223382045929, "2.csv": 79.84496124031007, "9.csv": 79.8810703666997, "7.csv": 88.32684824902724}, "Datapoints": 447}, "timestamp": 1552765903.0359685}
{"node_id": 2, "type": "PROC", "payload": {"Window ID": 29, "Memory Usage": 0.1869680954416508}, "timestamp": 1552765917.3434749}
{"node_id": 2, "type": "STAT", "payload": {"Window ID": 29, "Runtime": 46.88800581000396, "Process time": 27.421670046999907, "Accuracy": {"4.csv": 54.989816700610994, "1.csv": 91.62995594713657, "3.csv": 93.96039603960395, "5.csv": 63.11659192825112, "8.csv": 64.27104722792608, "0.csv": 97.95918367346938, "6.csv": 92.90187891440502, "2.csv": 69.0891472868217, "9.csv": 88.9990089197225, "7.csv": 82.87937743190662}, "Datapoints": 741}, "timestamp": 1552765923.2367618}
{"node_id": 4, "type": "PROC", "payload": {"Window ID": 34, "Memory Usage": 0.16841215559787046}, "timestamp": 1552765924.141257}
{"node_id": 4, "type": "STAT", "payload": {"Window ID": 34, "Runtime": 34.899918081995565, "Process time": 15.276718311999957, "Accuracy": {"4.csv": 86.35437881873727, "1.csv": 91.18942731277532, "3.csv": 69.10891089108911, "5.csv": 91.3677130044843, "8.csv": 89.21971252566735, "0.csv": 90.91836734693878, "6.csv": 74.73903966597078, "2.csv": 91.95736434108527, "9.csv": 60.35678889990089, "7.csv": 66.9260700389105}, "Datapoints": 459}, "timestamp": 1552765929.538896}
{"node_id": 3, "type": "PROC", "payload": {"Window ID": 34, "Memory Usage": 0.17017302685267943}, "timestamp": 1552765935.4425273}
{"node_id": 3, "type": "STAT", "payload": {"Window ID": 34, "Runtime": 38.703746946994215, "Process time": 19.299238910999975, "Accuracy": {"4.csv": 94.60285132382892, "1.csv": 97.70925110132158, "3.csv": 77.42574257425743, "5.csv": 43.49775784753363, "8.csv": 64.47638603696099, "0.csv": 93.26530612244898, "6.csv": 88.72651356993737, "2.csv": 81.5891472868217, "9.csv": 64.61843409316155, "7.csv": 94.55252918287937}, "Datapoints": 466}, "timestamp": 1552765941.74273}
{"node_id": 4, "type": "PROC", "payload": {"Window ID": 35, "Memory Usage": 0.16866717833132555}, "timestamp": 1552765964.1480079}
{"node_id": 2, "type": "PROC", "payload": {"Window ID": 30, "Memory Usage": 0.18711382271791085}, "timestamp": 1552765966.8366432}
{"node_id": 4, "type": "STAT", "payload": {"Window ID": 35, "Runtime": 40.30655725701945, "Process time": 20.703020675999937, "Accuracy": {"4.csv": 68.63543788187373, "1.csv": 93.74449339207048, "3.csv": 53.069306930693074, "5.csv": 85.53811659192824, "8.csv": 94.25051334702259, "0.csv": 47.44897959183674, "6.csv": 82.98538622129436, "2.csv": 90.01937984496125, "9.csv": 69.87115956392468, "7.csv": 73.63813229571986}, "Datapoints": 417}, "timestamp": 1552765969.848407}
{"node_id": 2, "type": "STAT", "payload": {"Window ID": 30, "Runtime": 49.20470705500338, "Process time": 29.747837484, "Accuracy": {"4.csv": 78.5132382892057, "1.csv": 91.62995594713657, "3.csv": 89.3069306930693, "5.csv": 69.05829596412556, "8.csv": 68.17248459958932, "0.csv": 96.22448979591837, "6.csv": 94.1544885177453, "2.csv": 73.44961240310077, "9.csv": 93.85530227948465, "7.csv": 76.84824902723736}, "Datapoints": 748}, "timestamp": 1552765972.5351205}
{"node_id": 3, "type": "PROC", "payload": {"Window ID": 35, "Memory Usage": 0.1706344965608363}, "timestamp": 1552765974.239257}
{"node_id": 3, "type": "STAT", "payload": {"Window ID": 35, "Runtime": 37.70373256300809, "Process time": 18.011368250000032, "Accuracy": {"4.csv": 92.05702647657841, "1.csv": 96.12334801762114, "3.csv": 52.87128712871287, "5.csv": 81.27802690582959, "8.csv": 65.91375770020534, "0.csv": 93.57142857142857, "6.csv": 87.78705636743214, "2.csv": 59.30232558139535, "9.csv": 34.886025768087215, "7.csv": 93.57976653696498}, "Datapoints": 464}, "timestamp": 1552765979.539402}
{"node_id": 4, "type": "PROC", "payload": {"Window ID": 36, "Memory Usage": 0.16787782225158357}, "timestamp": 1552766003.2401447}
{"node_id": 4, "type": "STAT", "payload": {"Window ID": 36, "Runtime": 38.99781165499007, "Process time": 19.311856024000008, "Accuracy": {"4.csv": 80.04073319755601, "1.csv": 92.33480176211454, "3.csv": 43.663366336633665, "5.csv": 84.4170403587444, "8.csv": 93.1211498973306, "0.csv": 72.44897959183673, "6.csv": 54.592901878914404, "2.csv": 94.57364341085271, "9.csv": 80.57482656095144, "7.csv": 71.40077821011673}, "Datapoints": 483}, "timestamp": 1552766008.849034}
{"node_id": 3, "type": "PROC", "payload": {"Window ID": 36, "Memory Usage": 0.17056163292270626}, "timestamp": 1552766010.2540267}
{"node_id": 2, "type": "PROC", "payload": {"Window ID": 31, "Memory Usage": 0.1888261182139665}, "timestamp": 1552766013.4413857}
{"node_id": 3, "type": "STAT", "payload": {"Window ID": 36, "Runtime": 36.507795521989465, "Process time": 16.88889778800001, "Accuracy": {"4.csv": 95.21384928716904, "1.csv": 97.79735682819384, "3.csv": 49.20792079207921, "5.csv": 68.94618834080718, "8.csv": 60.8829568788501, "0.csv": 94.18367346938776, "6.csv": 84.23799582463467, "2.csv": 75.87209302325581, "9.csv": 50.24777006937562, "7.csv": 93.67704280155642}, "Datapoints": 452}, "timestamp": 1552766016.050591}
{"node_id": 2, "type": "STAT", "payload": {"Window ID": 31, "Runtime": 46.40727249800693, "Process time": 27.03618888299991, "Accuracy": {"4.csv": 70.77393075356414, "1.csv": 86.2555066079295, "3.csv": 92.57425742574257, "5.csv": 60.53811659192825, "8.csv": 71.14989733059548, "0.csv": 98.57142857142858, "6.csv": 94.67640918580375, "2.csv": 72.28682170542635, "9.csv": 92.86422200198216, "7.csv": 78.01556420233463}, "Datapoints": 786}, "timestamp": 1552766018.9463623}