{"node_id": 2, "type": "CONN", "payload": "Connected with the Kafka server"}
{"node_id": 4, "type": "CONN", "payload": "Connected with the Kafka server"}
{"node_id": 3, "type": "CONN", "payload": "Connected with the Kafka server"}
{"node_id": 2, "type": "CONN", "payload": "Waiting for node 1 to connect"}
{"node_id": 1, "type": "CONN", "payload": "Received message from node id 2: connected"}
{"node_id": 2, "type": "CONN", "payload": "Connected with node 1"}
{"node_id": 1, "type": "CONN", "payload": "Got pull request from child 2"}
{"node_id": 2, "type": "CONN", "payload": "Got model from parent 1"}
{"node_id": 2, "type": "CONN", "payload": {"Network Cost": 48}}
{"node_id": 2, "type": "STAT", "payload": {"Window ID": 0, "Runtime": 65.59988837999845, "Process time": 2.196915922, "Memory Usage": 1.1357477385845245, "Accuracy": {"Cluster3_Data.csv": 0.06660523027982543, "Cluster6_Data.csv": 0.06692366600664838, "Cluster7_Data.csv": 0.06976917218220006, "Cluster4_Data.csv": 0.06655673785241448, "Cluster5_Data.csv": 0.06670755583997125, "Cluster2_Data.csv": 0.06650475178535506, "Cluster8_Data.csv": 0.07141293683604454, "Cluster1_Data.csv": 0.06655907902656825}, "timestamp": 1541518423.1822531}}
{"node_id": 2, "type": "CONN", "payload": "Sending gradients to parent 1"}
{"node_id": 2, "type": "CONN", "payload": {"Network Cost": 1329600}}
{"node_id": 1, "type": "CONN", "payload": "Got gradients from child 2"}
{"node_id": 1, "type": "CONN", "payload": "Merged gradients at node 1"}
{"node_id": 1, "type": "CONN", "payload": "Got pull request from child 2"}
{"node_id": 3, "type": "CONN", "payload": "Waiting for node 1 to connect"}
{"node_id": 4, "type": "CONN", "payload": "Waiting for node 1 to connect"}
{"node_id": 1, "type": "CONN", "payload": "Received message from node id 4: connected"}
{"node_id": 4, "type": "CONN", "payload": "Connected with node 1"}
{"node_id": 1, "type": "CONN", "payload": "Received message from node id 3: connected"}
{"node_id": 3, "type": "CONN", "payload": "Connected with node 1"}
{"node_id": 1, "type": "CONN", "payload": "Got pull request from child 4"}
{"node_id": 1, "type": "CONN", "payload": "Got pull request from child 3"}
{"node_id": 2, "type": "CONN", "payload": "Got model from parent 1"}
{"node_id": 2, "type": "CONN", "payload": {"Network Cost": 48}}
{"node_id": 4, "type": "CONN", "payload": "Got model from parent 1"}
{"node_id": 4, "type": "CONN", "payload": {"Network Cost": 48}}
{"node_id": 3, "type": "CONN", "payload": "Got model from parent 1"}
{"node_id": 3, "type": "CONN", "payload": {"Network Cost": 48}}
{"node_id": 1, "type": "STAT", "payload": {"Merge ID": 0, "Post Merge Accuracy": {"Cluster3_Data.csv": 0.06572545906085392, "Cluster6_Data.csv": 0.06691815818940712, "Cluster7_Data.csv": 0.07043801908272891, "Cluster4_Data.csv": 0.06673244301704796, "Cluster5_Data.csv": 0.06633681052862421, "Cluster2_Data.csv": 0.06655851147194415, "Cluster8_Data.csv": 0.07234647579241132, "Cluster1_Data.csv": 0.06773474638312363}, "timestamp": 1541518531.7848027}}
{"node_id": 4, "type": "STAT", "payload": {"Window ID": 0, "Runtime": 187.9006046079994, "Process time": 3.7969822970000005, "Memory Usage": 1.0007061066575627, "Accuracy": {"Cluster3_Data.csv": 0.06622404224473791, "Cluster6_Data.csv": 0.06746539659159001, "Cluster7_Data.csv": 0.06973407807359265, "Cluster4_Data.csv": 0.06657545076948312, "Cluster5_Data.csv": 0.06593894582636911, "Cluster2_Data.csv": 0.06686000895969565, "Cluster8_Data.csv": 0.07244178909950202, "Cluster1_Data.csv": 0.06615241473261207}, "timestamp": 1541518558.8893957}}
{"node_id": 4, "type": "CONN", "payload": "Sending gradients to parent 1"}
{"node_id": 2, "type": "STAT", "payload": {"Window ID": 1, "Runtime": 35.19027091500175, "Process time": 6.3572069110000005, "Memory Usage": 1.298040832618278, "Accuracy": {"Cluster3_Data.csv": 0.06575964061186762, "Cluster6_Data.csv": 0.06593594618624074, "Cluster7_Data.csv": 0.06906996372652284, "Cluster4_Data.csv": 0.06680348024249534, "Cluster5_Data.csv": 0.06642520696575255, "Cluster2_Data.csv": 0.06619364096464085, "Cluster8_Data.csv": 0.07146731493706374, "Cluster1_Data.csv": 0.06710113223478875}, "timestamp": 1541518559.482668}}
{"node_id": 2, "type": "CONN", "payload": "Sending gradients to parent 1"}
{"node_id": 4, "type": "CONN", "payload": {"Network Cost": 1329600}}
{"node_id": 2, "type": "CONN", "payload": {"Network Cost": 1329600}}
{"node_id": 3, "type": "STAT", "payload": {"Window ID": 0, "Runtime": 193.7282681889992, "Process time": 3.579811109, "Memory Usage": 0.9938172612179277, "Accuracy": {"Cluster3_Data.csv": 0.06593680477578044, "Cluster6_Data.csv": 0.06675437448683877, "Cluster7_Data.csv": 0.06971987562840043, "Cluster4_Data.csv": 0.06620211151213613, "Cluster5_Data.csv": 0.06661447200549829, "Cluster2_Data.csv": 0.06615384810204818, "Cluster8_Data.csv": 0.07127226160260759, "Cluster1_Data.csv": 0.06642847169916757}, "timestamp": 1541518564.9862485}}
{"node_id": 3, "type": "CONN", "payload": "Sending gradients to parent 1"}
{"node_id": 3, "type": "CONN", "payload": {"Network Cost": 1329600}}
{"node_id": 1, "type": "CONN", "payload": "Got gradients from child 4"}
{"node_id": 1, "type": "CONN", "payload": "Merged gradients at node 1"}
{"node_id": 1, "type": "CONN", "payload": "Got gradients from child 2"}
{"node_id": 2, "type": "CONN", "payload": "Sending message to node 1, msg: disconnected"}
{"node_id": 1, "type": "CONN", "payload": "Got gradients from child 3"}
{"node_id": 1, "type": "CONN", "payload": "Got pull request from child 4"}
{"node_id": 1, "type": "CONN", "payload": "Received message from node id 2: disconnected"}
{"node_id": 2, "type": "DONE", "payload": ""}
{"node_id": 1, "type": "CONN", "payload": "Got pull request from child 3"}
{"node_id": 4, "type": "CONN", "payload": "Got model from parent 1"}
{"node_id": 4, "type": "CONN", "payload": {"Network Cost": 48}}
{"node_id": 3, "type": "CONN", "payload": "Got model from parent 1"}
{"node_id": 3, "type": "CONN", "payload": {"Network Cost": 48}}
{"node_id": 1, "type": "STAT", "payload": {"Merge ID": 1, "Post Merge Accuracy": {"Cluster3_Data.csv": 0.06554299247642081, "Cluster6_Data.csv": 0.06761889655403532, "Cluster7_Data.csv": 0.07010138805713581, "Cluster4_Data.csv": 0.06592325532865435, "Cluster5_Data.csv": 0.06684585135681081, "Cluster2_Data.csv": 0.06633404808186542, "Cluster8_Data.csv": 0.07215568828158798, "Cluster1_Data.csv": 0.06813335056745999}, "timestamp": 1541518673.0810966}}
{"node_id": 1, "type": "CONN", "payload": "Merged gradients at node 1"}
{"node_id": 4, "type": "STAT", "payload": {"Window ID": 1, "Runtime": 90.28373835499951, "Process time": 17.729813953, "Memory Usage": 1.3661188346099646, "Accuracy": {"Cluster3_Data.csv": 0.06234415479540469, "Cluster6_Data.csv": 0.06343283334817844, "Cluster7_Data.csv": 0.06840256559391952, "Cluster4_Data.csv": 0.06473308272476058, "Cluster5_Data.csv": 0.06496224273663462, "Cluster2_Data.csv": 0.0632016007432828, "Cluster8_Data.csv": 0.06910868419956867, "Cluster1_Data.csv": 0.06447539305283434}, "timestamp": 1541518731.3859975}}
{"node_id": 4, "type": "CONN", "payload": "Sending gradients to parent 1"}
{"node_id": 4, "type": "CONN", "payload": {"Network Cost": 1329600}}
{"node_id": 3, "type": "STAT", "payload": {"Window ID": 1, "Runtime": 83.3942498510005, "Process time": 17.983066244999996, "Memory Usage": 1.3572038581586725, "Accuracy": {"Cluster3_Data.csv": 0.06405500959157147, "Cluster6_Data.csv": 0.06498164779153419, "Cluster7_Data.csv": 0.06863547349007997, "Cluster4_Data.csv": 0.06404381493083469, "Cluster5_Data.csv": 0.06475648013098691, "Cluster2_Data.csv": 0.0644363187461024, "Cluster8_Data.csv": 0.06966331815891082, "Cluster1_Data.csv": 0.06587185274101545}, "timestamp": 1541518735.4848025}}
{"node_id": 3, "type": "CONN", "payload": "Sending gradients to parent 1"}
{"node_id": 3, "type": "CONN", "payload": {"Network Cost": 1329600}}
{"node_id": 1, "type": "CONN", "payload": "Got gradients from child 4"}
{"node_id": 4, "type": "CONN", "payload": "Sending message to node 1, msg: disconnected"}
{"node_id": 1, "type": "CONN", "payload": "Got gradients from child 3"}
{"node_id": 1, "type": "CONN", "payload": "Received message from node id 4: disconnected"}
{"node_id": 3, "type": "CONN", "payload": "Sending message to node 1, msg: disconnected"}
{"node_id": 1, "type": "CONN", "payload": "Received message from node id 3: disconnected"}
{"node_id": 4, "type": "DONE", "payload": ""}
{"node_id": 3, "type": "DONE", "payload": ""}
{"node_id": 1, "type": "STAT", "payload": {"Merge ID": 2, "Post Merge Accuracy": {"Cluster3_Data.csv": 0.06616607396120713, "Cluster6_Data.csv": 0.06804051505915995, "Cluster7_Data.csv": 0.07031474939106384, "Cluster4_Data.csv": 0.06706828063169137, "Cluster5_Data.csv": 0.06673633478777219, "Cluster2_Data.csv": 0.06650346036401879, "Cluster8_Data.csv": 0.07254584061212231, "Cluster1_Data.csv": 0.06708131902799248}, "timestamp": 1541518757.881052}}
{"node_id": 1, "type": "CONN", "payload": "Merged gradients at node 1"}
{"node_id": 1, "type": "STAT", "payload": {"Merge ID": 3, "Post Merge Accuracy": {"Cluster3_Data.csv": 0.06522351335105922, "Cluster6_Data.csv": 0.0681690639575608, "Cluster7_Data.csv": 0.07041038027365819, "Cluster4_Data.csv": 0.06589543859494883, "Cluster5_Data.csv": 0.06572604423528253, "Cluster2_Data.csv": 0.06476230172864125, "Cluster8_Data.csv": 0.07174619853621858, "Cluster1_Data.csv": 0.06637962663243326}, "timestamp": 1541518816.5821567}}
{"node_id": 1, "type": "CONN", "payload": "Merged gradients at node 1"}
{"node_id": 1, "type": "STAT", "payload": {"Merge ID": 4, "Post Merge Accuracy": {"Cluster3_Data.csv": 0.06427593414720194, "Cluster6_Data.csv": 0.06620272709212152, "Cluster7_Data.csv": 0.06918631075212851, "Cluster4_Data.csv": 0.06605735726238979, "Cluster5_Data.csv": 0.0643250122354547, "Cluster2_Data.csv": 0.06495296290639384, "Cluster8_Data.csv": 0.07106466080480962, "Cluster1_Data.csv": 0.06562529021183684}, "timestamp": 1541518853.3896875}}
{"node_id": 1, "type": "CONN", "payload": "Merged gradients at node 1"}
{"node_id": 1, "type": "STAT", "payload": {"Merge ID": 5, "Post Merge Accuracy": {"Cluster3_Data.csv": 0.06286415051489962, "Cluster6_Data.csv": 0.06429965220094505, "Cluster7_Data.csv": 0.0656047954699515, "Cluster4_Data.csv": 0.06529721809671303, "Cluster5_Data.csv": 0.06444054175891523, "Cluster2_Data.csv": 0.06384057949635806, "Cluster8_Data.csv": 0.06907260181788072, "Cluster1_Data.csv": 0.06425975855339992}, "timestamp": 1541518894.3830664}}
{"node_id": 1, "type": "DONE", "payload": ""}
