{"node_id": 2, "type": "CONN", "payload": "Connected with the Kafka server", "timestamp": 1546435608.0572615}
{"node_id": 3, "type": "CONN", "payload": "Connected with the Kafka server", "timestamp": 1546435610.1258712}
{"node_id": 4, "type": "CONN", "payload": "Connected with the Kafka server", "timestamp": 1546435612.1061497}
{"node_id": 2, "type": "CONN", "payload": "Waiting for node 1 to connect", "timestamp": 1546435697.8341038}
{"node_id": 4, "type": "CONN", "payload": "Waiting for node 1 to connect", "timestamp": 1546435697.8394647}
{"node_id": 1, "type": "CONN", "payload": "Received message from node id 2: connected", "timestamp": 1546435697.8385031}
{"node_id": 3, "type": "CONN", "payload": "Waiting for node 1 to connect", "timestamp": 1546435697.8465924}
{"node_id": 1, "type": "CONN", "payload": "Received message from node id 4: connected", "timestamp": 1546435697.8470922}
{"node_id": 2, "type": "CONN", "payload": "Connected with node 1", "timestamp": 1546435697.8472428}
{"node_id": 1, "type": "CONN", "payload": "Received message from node id 3: connected", "timestamp": 1546435697.8501282}
{"node_id": 4, "type": "CONN", "payload": "Connected with node 1", "timestamp": 1546435697.8502784}
{"node_id": 1, "type": "CONN", "payload": "Got pull request from child 2", "timestamp": 1546435697.8526962}
{"node_id": 3, "type": "CONN", "payload": "Connected with node 1", "timestamp": 1546435697.8527622}
{"node_id": 1, "type": "CONN", "payload": "Got pull request from child 4", "timestamp": 1546435698.7689342}
{"node_id": 1, "type": "CONN", "payload": "Got pull request from child 3", "timestamp": 1546435699.7287796}
{"node_id": 2, "type": "CONN", "payload": "Got model from parent 1", "timestamp": 1546435702.2537196}
{"node_id": 2, "type": "CONN", "payload": {"Network Cost": 1329600}, "timestamp": 1546435702.2577097}
{"node_id": 4, "type": "CONN", "payload": "Got model from parent 1", "timestamp": 1546435703.128011}
{"node_id": 4, "type": "CONN", "payload": {"Network Cost": 1329600}, "timestamp": 1546435703.1312962}
{"node_id": 3, "type": "CONN", "payload": "Got model from parent 1", "timestamp": 1546435704.2296996}
{"node_id": 3, "type": "CONN", "payload": {"Network Cost": 1329600}, "timestamp": 1546435704.2341065}
{"node_id": 2, "type": "STAT", "payload": {"Window ID": 0, "Runtime": 95.55374911054969, "Process time": 3.745374514, "Memory Usage": 0.26166464619351126, "Accuracy": {"001024_Data.csv": 6.693863431992224, "001025_Data.csv": 6.616970215363896, "001028_Data.csv": 6.905155446760195, "001026_Data.csv": 6.705430598552728, "001020_Data.csv": 6.452726214622665, "001023_Data.csv": 6.807793939886932, "001022_Data.csv": 6.552785336353399, "001021_Data.csv": 6.542398713112335, "001029_Data.csv": 6.662651967896135, "001027_Data.csv": 6.698040832582366}, "Datapoints": 1}, "timestamp": 1546436591.8697956}
{"node_id": 2, "type": "CONN", "payload": "Sending gradients to parent 1", "timestamp": 1546436593.117887}
{"node_id": 2, "type": "CONN", "payload": {"Network Cost": 1329600}, "timestamp": 1546436593.3592067}
{"node_id": 1, "type": "CONN", "payload": "Got gradients from child 2", "timestamp": 1546436598.5133734}
{"node_id": 4, "type": "STAT", "payload": {"Window ID": 0, "Runtime": 91.49688951298594, "Process time": 3.0078913060000003, "Memory Usage": 0.25986542822117153, "Accuracy": {"001024_Data.csv": 6.7096361327041345, "001025_Data.csv": 6.635093196127681, "001028_Data.csv": 6.927000730425376, "001026_Data.csv": 6.699460220102534, "001020_Data.csv": 6.469551970378346, "001023_Data.csv": 6.812118827455482, "001022_Data.csv": 6.5716396860002675, "001021_Data.csv": 6.568339751371427, "001029_Data.csv": 6.7036399731141545, "001027_Data.csv": 6.699875377994201}, "Datapoints": 1}, "timestamp": 1546436619.6693842}
{"node_id": 4, "type": "CONN", "payload": "Sending gradients to parent 1", "timestamp": 1546436622.909885}
{"node_id": 4, "type": "CONN", "payload": {"Network Cost": 1329600}, "timestamp": 1546436623.178277}
{"node_id": 1, "type": "CONN", "payload": "Got pull request from child 2", "timestamp": 1546436633.3280997}
{"node_id": 2, "type": "CONN", "payload": "Got model from parent 1", "timestamp": 1546436650.136465}
{"node_id": 2, "type": "CONN", "payload": {"Network Cost": 1329600}, "timestamp": 1546436650.163052}
{"node_id": 1, "type": "CONN", "payload": "Got gradients from child 4", "timestamp": 1546436678.0229726}
{"node_id": 1, "type": "CONN", "payload": "Got pull request from child 4", "timestamp": 1546436692.7022634}
{"node_id": 4, "type": "CONN", "payload": "Got model from parent 1", "timestamp": 1546436698.5590627}
{"node_id": 4, "type": "CONN", "payload": {"Network Cost": 1329600}, "timestamp": 1546436698.7303545}
{"node_id": 3, "type": "STAT", "payload": {"Window ID": 0, "Runtime": 94.68436289951205, "Process time": 3.299896603, "Memory Usage": 0.25908738801691655, "Accuracy": {"001024_Data.csv": 6.737120751329425, "001025_Data.csv": 6.608354742727308, "001028_Data.csv": 6.881629616712423, "001026_Data.csv": 6.724095373290671, "001020_Data.csv": 6.472097299403014, "001023_Data.csv": 6.83287429333722, "001022_Data.csv": 6.564167180592295, "001021_Data.csv": 6.547842734692411, "001029_Data.csv": 6.697580389920296, "001027_Data.csv": 6.677609052228571}, "Datapoints": 1}, "timestamp": 1546436740.7602677}
{"node_id": 3, "type": "CONN", "payload": "Sending gradients to parent 1", "timestamp": 1546436742.610447}
{"node_id": 3, "type": "CONN", "payload": {"Network Cost": 1329600}, "timestamp": 1546436742.9786868}
{"node_id": 1, "type": "CONN", "payload": "Got gradients from child 3", "timestamp": 1546436783.1273086}
{"node_id": 1, "type": "CONN", "payload": "Got pull request from child 3", "timestamp": 1546436795.8138618}
{"node_id": 3, "type": "CONN", "payload": "Got model from parent 1", "timestamp": 1546436805.3482199}
{"node_id": 3, "type": "CONN", "payload": {"Network Cost": 1329600}, "timestamp": 1546436805.5327222}
{"node_id": 1, "type": "STAT", "payload": {"Merge ID": 0, "Pre Merge Accuracy": {"001024_Data.csv": 6.731382121376125, "001025_Data.csv": 6.633556562530465, "001028_Data.csv": 6.917686435414703, "001026_Data.csv": 6.7385977566604405, "001020_Data.csv": 6.4939655197867525, "001023_Data.csv": 6.828372901699364, "001022_Data.csv": 6.574239888542603, "001021_Data.csv": 6.557124701085103, "001029_Data.csv": 6.69792882241919, "001027_Data.csv": 6.6974493025221165}}, "timestamp": 1546437881.3747616}
{"node_id": 1, "type": "CONN", "payload": "Merged gradients at node 1", "timestamp": 1546437884.8207858}
{"node_id": 2, "type": "STAT", "payload": {"Window ID": 1, "Runtime": 506.9750082269311, "Process time": 322.2075972399999, "Memory Usage": 0.8000522583670524, "Accuracy": {"001024_Data.csv": 6.483390820116358, "001025_Data.csv": 6.399990410576685, "001028_Data.csv": 6.713887167229124, "001026_Data.csv": 6.473508422917085, "001020_Data.csv": 6.236406830705158, "001023_Data.csv": 6.6006548808307, "001022_Data.csv": 6.342099380573739, "001021_Data.csv": 6.352752053005998, "001029_Data.csv": 6.4237360340882965, "001027_Data.csv": 6.456938106216664}, "Datapoints": 910}, "timestamp": 1546438489.6892843}
{"node_id": 2, "type": "CONN", "payload": "Sending gradients to parent 1", "timestamp": 1546438490.607976}
{"node_id": 2, "type": "CONN", "payload": {"Network Cost": 1329600}, "timestamp": 1546438490.838181}
{"node_id": 1, "type": "CONN", "payload": "Got gradients from child 2", "timestamp": 1546438501.646945}
{"node_id": 1, "type": "CONN", "payload": "Got pull request from child 2", "timestamp": 1546438601.5289502}
{"node_id": 4, "type": "STAT", "payload": {"Window ID": 1, "Runtime": 464.8848920054734, "Process time": 313.995701513, "Memory Usage": 0.7725939228252197, "Accuracy": {"001024_Data.csv": 6.513740802722852, "001025_Data.csv": 6.425824783579831, "001028_Data.csv": 6.737537677356499, "001026_Data.csv": 6.492000459510939, "001020_Data.csv": 6.292410885398573, "001023_Data.csv": 6.580114322844895, "001022_Data.csv": 6.371491543532199, "001021_Data.csv": 6.377226035759522, "001029_Data.csv": 6.472863612971685, "001027_Data.csv": 6.456909698961795}, "Datapoints": 989}, "timestamp": 1546438612.75987}
{"node_id": 4, "type": "CONN", "payload": "Sending gradients to parent 1", "timestamp": 1546438613.7828946}
{"node_id": 4, "type": "CONN", "payload": {"Network Cost": 1329600}, "timestamp": 1546438613.958991}
{"node_id": 2, "type": "CONN", "payload": "Got model from parent 1", "timestamp": 1546438620.3248632}
{"node_id": 2, "type": "CONN", "payload": {"Network Cost": 1329600}, "timestamp": 1546438620.3331215}
{"node_id": 3, "type": "STAT", "payload": {"Window ID": 1, "Runtime": 392.70277816057205, "Process time": 263.264119007, "Memory Usage": 0.6162078417699637, "Accuracy": {"001024_Data.csv": 6.466962231741833, "001025_Data.csv": 6.342743818895453, "001028_Data.csv": 6.727588761327096, "001026_Data.csv": 6.485459529539818, "001020_Data.csv": 6.235509918941083, "001023_Data.csv": 6.551506606949167, "001022_Data.csv": 6.324473165238668, "001021_Data.csv": 6.341357356524815, "001029_Data.csv": 6.422489993356555, "001027_Data.csv": 6.430990847420001}, "Datapoints": 1095}, "timestamp": 1546438625.4283457}
{"node_id": 3, "type": "CONN", "payload": "Sending gradients to parent 1", "timestamp": 1546438626.2981133}
{"node_id": 3, "type": "CONN", "payload": {"Network Cost": 1329600}, "timestamp": 1546438626.4713886}
{"node_id": 1, "type": "CONN", "payload": "Got gradients from child 4", "timestamp": 1546438649.020136}
{"node_id": 1, "type": "CONN", "payload": "Got gradients from child 3", "timestamp": 1546438664.718557}
{"node_id": 1, "type": "CONN", "payload": "Got pull request from child 3", "timestamp": 1546438776.0407696}
{"node_id": 1, "type": "CONN", "payload": "Got pull request from child 4", "timestamp": 1546438789.2153115}
{"node_id": 3, "type": "CONN", "payload": "Got model from parent 1", "timestamp": 1546438793.0622802}
{"node_id": 3, "type": "CONN", "payload": {"Network Cost": 1329600}, "timestamp": 1546438793.1336653}
{"node_id": 4, "type": "CONN", "payload": "Got model from parent 1", "timestamp": 1546438800.9120927}
{"node_id": 4, "type": "CONN", "payload": {"Network Cost": 1329600}, "timestamp": 1546438801.0434303}
{"node_id": 1, "type": "STAT", "payload": {"Merge ID": 0, "Post Merge Accuracy": {"001024_Data.csv": 6.702264278219139, "001025_Data.csv": 6.620604866873442, "001028_Data.csv": 6.898076760228311, "001026_Data.csv": 6.744931099133374, "001020_Data.csv": 6.477049624028579, "001023_Data.csv": 6.815630888438708, "001022_Data.csv": 6.57054285953728, "001021_Data.csv": 6.57210065625458, "001029_Data.csv": 6.682318242657388, "001027_Data.csv": 6.698043674657359}}, "timestamp": 1546439234.9615455}
{"node_id": 1, "type": "STAT", "payload": {"Merge ID": 1, "Pre Merge Accuracy": {"001024_Data.csv": 6.706819436872545, "001025_Data.csv": 6.62325005513325, "001028_Data.csv": 6.908758908637144, "001026_Data.csv": 6.738628884252976, "001020_Data.csv": 6.466023912320878, "001023_Data.csv": 6.827371096013206, "001022_Data.csv": 6.550736118527424, "001021_Data.csv": 6.575001256670072, "001029_Data.csv": 6.691806941819431, "001027_Data.csv": 6.701695052115632}}, "timestamp": 1546440544.1643465}
{"node_id": 1, "type": "CONN", "payload": "Merged gradients at node 1", "timestamp": 1546440545.401436}
{"node_id": 2, "type": "STAT", "payload": {"Window ID": 2, "Runtime": 582.9502280801535, "Process time": 329.50704033299985, "Memory Usage": 0.8738039860620581, "Accuracy": {"001024_Data.csv": 6.509968674879696, "001025_Data.csv": 6.417129799441984, "001028_Data.csv": 6.742815518108614, "001026_Data.csv": 6.4871638110019, "001020_Data.csv": 6.273679783591708, "001023_Data.csv": 6.575180937035556, "001022_Data.csv": 6.363992769439464, "001021_Data.csv": 6.373933897766626, "001029_Data.csv": 6.449506163585679, "001027_Data.csv": 6.458576632031615}, "Datapoints": 863}, "timestamp": 1546440546.0462704}
{"node_id": 2, "type": "CONN", "payload": "Sending gradients to parent 1", "timestamp": 1546440548.2120519}
{"node_id": 2, "type": "CONN", "payload": {"Network Cost": 1329600}, "timestamp": 1546440548.554093}
{"node_id": 1, "type": "CONN", "payload": "Got gradients from child 2", "timestamp": 1546440651.6136894}
{"node_id": 1, "type": "CONN", "payload": "Got pull request from child 2", "timestamp": 1546440684.22481}
{"node_id": 2, "type": "CONN", "payload": "Got model from parent 1", "timestamp": 1546440696.2027016}
{"node_id": 2, "type": "CONN", "payload": {"Network Cost": 1329600}, "timestamp": 1546440696.210343}
{"node_id": 3, "type": "STAT", "payload": {"Window ID": 2, "Runtime": 675.0789384581149, "Process time": 394.912127781, "Memory Usage": 0.8697841116734073, "Accuracy": {"001024_Data.csv": 6.448439977392144, "001025_Data.csv": 6.3336930528609905, "001028_Data.csv": 6.6698828092200655, "001026_Data.csv": 6.428883402700966, "001020_Data.csv": 6.257110794408752, "001023_Data.csv": 6.514978241603461, "001022_Data.csv": 6.342040347359255, "001021_Data.csv": 6.384002075259952, "001029_Data.csv": 6.409276322705029, "001027_Data.csv": 6.396028339884103}, "Datapoints": 1079}, "timestamp": 1546440751.4746718}
{"node_id": 3, "type": "CONN", "payload": "Sending gradients to parent 1", "timestamp": 1546440753.958885}
{"node_id": 3, "type": "CONN", "payload": {"Network Cost": 1329600}, "timestamp": 1546440754.313749}
{"node_id": 1, "type": "CONN", "payload": "Got gradients from child 3", "timestamp": 1546440805.3053503}
{"node_id": 1, "type": "CONN", "payload": "Got pull request from child 3", "timestamp": 1546440965.422514}
{"node_id": 3, "type": "CONN", "payload": "Got model from parent 1", "timestamp": 1546440986.8791034}
{"node_id": 3, "type": "CONN", "payload": {"Network Cost": 1329600}, "timestamp": 1546440987.0104146}
{"node_id": 4, "type": "STAT", "payload": {"Window ID": 2, "Runtime": 861.7833490632474, "Process time": 513.92209626, "Memory Usage": 0.49942076527710305, "Accuracy": {"001024_Data.csv": 6.282322711023272, "001025_Data.csv": 6.137688770437291, "001028_Data.csv": 6.458176038237892, "001026_Data.csv": 6.181848985051787, "001020_Data.csv": 5.9600968980286195, "001023_Data.csv": 6.32850875830042, "001022_Data.csv": 6.069514584796773, "001021_Data.csv": 6.049726918895156, "001029_Data.csv": 6.1986244709635585, "001027_Data.csv": 6.200595478697657}, "Datapoints": 1968}, "timestamp": 1546441048.1380792}
{"node_id": 4, "type": "CONN", "payload": "Sending gradients to parent 1", "timestamp": 1546441049.737546}
{"node_id": 4, "type": "CONN", "payload": {"Network Cost": 1329600}, "timestamp": 1546441050.0255232}
{"node_id": 1, "type": "CONN", "payload": "Got gradients from child 4", "timestamp": 1546441254.8309577}
{"node_id": 1, "type": "CONN", "payload": "Got pull request from child 4", "timestamp": 1546441405.1042001}
{"node_id": 4, "type": "CONN", "payload": "Got model from parent 1", "timestamp": 1546441422.9116986}
{"node_id": 4, "type": "CONN", "payload": {"Network Cost": 1329600}, "timestamp": 1546441423.0676768}
{"node_id": 2, "type": "STAT", "payload": {"Window ID": 3, "Runtime": 423.27275559678674, "Process time": 274.7650982130001, "Memory Usage": 0.9131922714024677, "Accuracy": {"001024_Data.csv": 6.510552232909983, "001025_Data.csv": 6.435354805322069, "001028_Data.csv": 6.757073072990642, "001026_Data.csv": 6.49706095104204, "001020_Data.csv": 6.281486214011638, "001023_Data.csv": 6.6179591805050135, "001022_Data.csv": 6.367914748559646, "001021_Data.csv": 6.381348665241318, "001029_Data.csv": 6.481666997688285, "001027_Data.csv": 6.494087810427278}, "Datapoints": 714}, "timestamp": 1546442180.4943373}
{"node_id": 2, "type": "CONN", "payload": "Sending gradients to parent 1", "timestamp": 1546442182.0916016}
{"node_id": 2, "type": "CONN", "payload": {"Network Cost": 1329600}, "timestamp": 1546442182.4213364}
{"node_id": 1, "type": "CONN", "payload": "Got gradients from child 2", "timestamp": 1546442254.3536031}
{"node_id": 1, "type": "STAT", "payload": {"Merge ID": 1, "Post Merge Accuracy": {"001024_Data.csv": 6.690182955934511, "001025_Data.csv": 6.624710916222236, "001028_Data.csv": 6.918222911480834, "001026_Data.csv": 6.741328194586821, "001020_Data.csv": 6.476762305501518, "001023_Data.csv": 6.82327418041311, "001022_Data.csv": 6.563333845451909, "001021_Data.csv": 6.584632969983216, "001029_Data.csv": 6.716359453702543, "001027_Data.csv": 6.696543448500064}}, "timestamp": 1546442261.6269124}
{"node_id": 1, "type": "CONN", "payload": "Got pull request from child 2", "timestamp": 1546442489.449246}
{"node_id": 2, "type": "CONN", "payload": "Got model from parent 1", "timestamp": 1546442496.8098311}
{"node_id": 2, "type": "CONN", "payload": {"Network Cost": 1329600}, "timestamp": 1546442496.941309}
{"node_id": 1, "type": "STAT", "payload": {"Merge ID": 2, "Pre Merge Accuracy": {"001024_Data.csv": 6.693742409528107, "001025_Data.csv": 6.649776759212904, "001028_Data.csv": 6.882928862220669, "001026_Data.csv": 6.754104985731524, "001020_Data.csv": 6.4652997297975, "001023_Data.csv": 6.838914826405023, "001022_Data.csv": 6.556474790824246, "001021_Data.csv": 6.577217498544109, "001029_Data.csv": 6.687565194214329, "001027_Data.csv": 6.720269510799006}}, "timestamp": 1546443536.1132534}
{"node_id": 1, "type": "CONN", "payload": "Merged gradients at node 1", "timestamp": 1546443537.9598694}
{"node_id": 3, "type": "STAT", "payload": {"Window ID": 3, "Runtime": 1544.9961313270032, "Process time": 966.6094109060002, "Memory Usage": 0.7608746922486286, "Accuracy": {"001024_Data.csv": 6.062787642508283, "001025_Data.csv": 5.966411438073251, "001028_Data.csv": 6.2926402425544845, "001026_Data.csv": 5.828945339574505, "001020_Data.csv": 5.52943426144893, "001023_Data.csv": 6.11477853193746, "001022_Data.csv": 5.643440617652446, "001021_Data.csv": 5.605913735977105, "001029_Data.csv": 5.951042606566476, "001027_Data.csv": 6.029916113051186}, "Datapoints": 2938}, "timestamp": 1546443793.4334555}
{"node_id": 3, "type": "CONN", "payload": "Sending gradients to parent 1", "timestamp": 1546443796.5929337}
{"node_id": 3, "type": "CONN", "payload": {"Network Cost": 1329600}, "timestamp": 1546443796.862443}
{"node_id": 1, "type": "CONN", "payload": "Got gradients from child 3", "timestamp": 1546443858.8094995}
{"node_id": 1, "type": "CONN", "payload": "Got pull request from child 3", "timestamp": 1546444080.517635}
{"node_id": 3, "type": "CONN", "payload": "Got model from parent 1", "timestamp": 1546444101.4059668}
{"node_id": 3, "type": "CONN", "payload": {"Network Cost": 1329600}, "timestamp": 1546444101.490317}
{"node_id": 4, "type": "STAT", "payload": {"Window ID": 3, "Runtime": 1327.4834214933217, "Process time": 821.3703775240001, "Memory Usage": 0.6553691987174656, "Accuracy": {"001024_Data.csv": 6.0877275762994145, "001025_Data.csv": 5.996525697289966, "001028_Data.csv": 6.27621417310025, "001026_Data.csv": 5.91487160373794, "001020_Data.csv": 5.629701748647545, "001023_Data.csv": 6.146144484621983, "001022_Data.csv": 5.735997763845945, "001021_Data.csv": 5.715409882554755, "001029_Data.csv": 6.018358133674212, "001027_Data.csv": 6.028663660706204}, "Datapoints": 2603}, "timestamp": 1546444316.4939873}
{"node_id": 4, "type": "CONN", "payload": "Sending gradients to parent 1", "timestamp": 1546444317.8022037}
{"node_id": 4, "type": "CONN", "payload": {"Network Cost": 1329600}, "timestamp": 1546444318.038697}
{"node_id": 1, "type": "CONN", "payload": "Got gradients from child 4", "timestamp": 1546444326.4860878}
{"node_id": 1, "type": "CONN", "payload": "Got pull request from child 4", "timestamp": 1546444455.615247}
{"node_id": 4, "type": "CONN", "payload": "Got model from parent 1", "timestamp": 1546444465.299728}
{"node_id": 4, "type": "CONN", "payload": {"Network Cost": 1329600}, "timestamp": 1546444465.5412369}
{"node_id": 1, "type": "STAT", "payload": {"Merge ID": 2, "Post Merge Accuracy": {"001024_Data.csv": 6.704741961684337, "001025_Data.csv": 6.6332540515103275, "001028_Data.csv": 6.918418755899568, "001026_Data.csv": 6.705117056307026, "001020_Data.csv": 6.466457583800674, "001023_Data.csv": 6.827967826673202, "001022_Data.csv": 6.564075478920314, "001021_Data.csv": 6.558510173211915, "001029_Data.csv": 6.68918142203019, "001027_Data.csv": 6.699787767938874}}, "timestamp": 1546444991.5803154}
{"node_id": 2, "type": "STAT", "payload": {"Window ID": 4, "Runtime": 2455.884448066354, "Process time": 1615.0289499680002, "Memory Usage": 0.7146947642919096, "Accuracy": {"001024_Data.csv": 5.819539771229962, "001025_Data.csv": 5.837187088375991, "001028_Data.csv": 6.061044825386043, "001026_Data.csv": 5.482433817731775, "001020_Data.csv": 5.080449154884695, "001023_Data.csv": 5.896829125400516, "001022_Data.csv": 5.217252421665044, "001021_Data.csv": 5.085890785683687, "001029_Data.csv": 5.680837373576282, "001027_Data.csv": 5.800990070927643}, "Datapoints": 4070}, "timestamp": 1546446028.7392256}
{"node_id": 2, "type": "CONN", "payload": "Sending gradients to parent 1", "timestamp": 1546446031.211116}
{"node_id": 2, "type": "CONN", "payload": {"Network Cost": 1329600}, "timestamp": 1546446031.5159287}
{"node_id": 1, "type": "CONN", "payload": "Got gradients from child 2", "timestamp": 1546446077.518421}
{"node_id": 1, "type": "CONN", "payload": "Got pull request from child 2", "timestamp": 1546446494.8098974}
{"node_id": 2, "type": "CONN", "payload": "Got model from parent 1", "timestamp": 1546446526.9670563}
{"node_id": 2, "type": "CONN", "payload": {"Network Cost": 1329600}, "timestamp": 1546446527.1734545}
{"node_id": 1, "type": "STAT", "payload": {"Merge ID": 3, "Pre Merge Accuracy": {"001024_Data.csv": 6.715479369120457, "001025_Data.csv": 6.615949636642, "001028_Data.csv": 6.912497562528354, "001026_Data.csv": 6.740557109187187, "001020_Data.csv": 6.441827350694905, "001023_Data.csv": 6.806142844165877, "001022_Data.csv": 6.5678557506043695, "001021_Data.csv": 6.550559594321029, "001029_Data.csv": 6.684523373280726, "001027_Data.csv": 6.71507586379169}}, "timestamp": 1546446645.473405}
{"node_id": 1, "type": "CONN", "payload": "Merged gradients at node 1", "timestamp": 1546446648.7524292}
{"node_id": 3, "type": "STAT", "payload": {"Window ID": 4, "Runtime": 1761.3890207149088, "Process time": 1074.9870271590003, "Memory Usage": 0.7950274153812389, "Accuracy": {"001024_Data.csv": 6.034867111582192, "001025_Data.csv": 5.9906485654731325, "001028_Data.csv": 6.237112016908916, "001026_Data.csv": 5.796493521793844, "001020_Data.csv": 5.465147219976519, "001023_Data.csv": 6.114808758098187, "001022_Data.csv": 5.573693273922184, "001021_Data.csv": 5.538063710950397, "001029_Data.csv": 5.994298570024307, "001027_Data.csv": 5.998963096212002}, "Datapoints": 3048}, "timestamp": 1546447152.0695724}
{"node_id": 3, "type": "CONN", "payload": "Sending gradients to parent 1", "timestamp": 1546447153.7073314}
{"node_id": 3, "type": "CONN", "payload": {"Network Cost": 1329600}, "timestamp": 1546447154.0741942}
{"node_id": 1, "type": "CONN", "payload": "Got gradients from child 3", "timestamp": 1546447259.1258318}
{"node_id": 4, "type": "STAT", "payload": {"Window ID": 4, "Runtime": 1448.1864295899868, "Process time": 933.988538221, "Memory Usage": 0.755898476775581, "Accuracy": {"001024_Data.csv": 6.0140213063889805, "001025_Data.csv": 5.970672303373132, "001028_Data.csv": 6.2077821773190145, "001026_Data.csv": 5.79232295845537, "001020_Data.csv": 5.4671682046392185, "001023_Data.csv": 6.088358694897962, "001022_Data.csv": 5.5743611445451515, "001021_Data.csv": 5.562857745728949, "001029_Data.csv": 5.943320902254348, "001027_Data.csv": 5.964057575529087}, "Datapoints": 3065}, "timestamp": 1546447437.738643}
{"node_id": 4, "type": "CONN", "payload": "Sending gradients to parent 1", "timestamp": 1546447439.884109}
{"node_id": 4, "type": "CONN", "payload": {"Network Cost": 1329600}, "timestamp": 1546447440.1602168}
{"node_id": 1, "type": "CONN", "payload": "Got gradients from child 4", "timestamp": 1546447501.1135807}
{"node_id": 1, "type": "CONN", "payload": "Got pull request from child 3", "timestamp": 1546447502.5161004}
{"node_id": 3, "type": "CONN", "payload": "Got model from parent 1", "timestamp": 1546447522.0300233}
{"node_id": 3, "type": "CONN", "payload": {"Network Cost": 1329600}, "timestamp": 1546447522.312143}
{"node_id": 1, "type": "CONN", "payload": "Got pull request from child 4", "timestamp": 1546447720.1167772}
{"node_id": 4, "type": "CONN", "payload": "Got model from parent 1", "timestamp": 1546447735.7223902}
{"node_id": 4, "type": "CONN", "payload": {"Network Cost": 1329600}, "timestamp": 1546447735.849991}
{"node_id": 1, "type": "STAT", "payload": {"Merge ID": 3, "Post Merge Accuracy": {"001024_Data.csv": 6.651956753446223, "001025_Data.csv": 6.560639071541939, "001028_Data.csv": 6.844391228595087, "001026_Data.csv": 6.65763201790687, "001020_Data.csv": 6.415092409411923, "001023_Data.csv": 6.791017122444379, "001022_Data.csv": 6.506247589760328, "001021_Data.csv": 6.49667175726651, "001029_Data.csv": 6.633162311624733, "001027_Data.csv": 6.618852974825017}}, "timestamp": 1546448210.9279728}
{"node_id": 1, "type": "STAT", "payload": {"Merge ID": 4, "Pre Merge Accuracy": {"001024_Data.csv": 6.676615254480149, "001025_Data.csv": 6.524850864731372, "001028_Data.csv": 6.833061799100343, "001026_Data.csv": 6.685420426612554, "001020_Data.csv": 6.425572384825178, "001023_Data.csv": 6.746226090276976, "001022_Data.csv": 6.479634005629939, "001021_Data.csv": 6.485031991771592, "001029_Data.csv": 6.597530177390657, "001027_Data.csv": 6.614219686588202}}, "timestamp": 1546449477.318723}
{"node_id": 1, "type": "CONN", "payload": "Merged gradients at node 1", "timestamp": 1546449479.4512043}
{"node_id": 2, "type": "STAT", "payload": {"Window ID": 5, "Runtime": 2474.296290267259, "Process time": 1437.4219433180006, "Memory Usage": 0.986392887286126, "Accuracy": {"001024_Data.csv": 5.87250771480743, "001025_Data.csv": 5.830810967856107, "001028_Data.csv": 6.1120070961113475, "001026_Data.csv": 5.5016381486011365, "001020_Data.csv": 5.147094037186016, "001023_Data.csv": 5.922381436562254, "001022_Data.csv": 5.309459424776796, "001021_Data.csv": 5.188408411787921, "001029_Data.csv": 5.710842746389845, "001027_Data.csv": 5.8525186625629395}, "Datapoints": 3819}, "timestamp": 1546450269.5797079}
{"node_id": 2, "type": "CONN", "payload": "Sending gradients to parent 1", "timestamp": 1546450271.9856029}
{"node_id": 2, "type": "CONN", "payload": {"Network Cost": 1329600}, "timestamp": 1546450272.3452935}
{"node_id": 1, "type": "CONN", "payload": "Got gradients from child 2", "timestamp": 1546450319.2110746}
{"node_id": 1, "type": "CONN", "payload": "Got pull request from child 2", "timestamp": 1546450696.2052681}
{"node_id": 2, "type": "CONN", "payload": "Got model from parent 1", "timestamp": 1546450713.6178093}
{"node_id": 2, "type": "CONN", "payload": {"Network Cost": 1329600}, "timestamp": 1546450713.6861193}
{"node_id": 3, "type": "STAT", "payload": {"Window ID": 5, "Runtime": 1808.7962463386357, "Process time": 1093.5925014230006, "Memory Usage": 0.8482259143471749, "Accuracy": {"001024_Data.csv": 5.897309674513706, "001025_Data.csv": 5.853496848522282, "001028_Data.csv": 6.166620514573007, "001026_Data.csv": 5.5630432265777445, "001020_Data.csv": 5.219819188808838, "001023_Data.csv": 5.991465547570925, "001022_Data.csv": 5.358661591669989, "001021_Data.csv": 5.247735720417328, "001029_Data.csv": 5.795357161997272, "001027_Data.csv": 5.871194864529538}, "Datapoints": 3395}, "timestamp": 1546450729.7661963}
{"node_id": 3, "type": "CONN", "payload": "Sending gradients to parent 1", "timestamp": 1546450732.2744422}
{"node_id": 3, "type": "CONN", "payload": {"Network Cost": 1329600}, "timestamp": 1546450732.5623052}
{"node_id": 1, "type": "CONN", "payload": "Got gradients from child 3", "timestamp": 1546450741.964049}
{"node_id": 1, "type": "CONN", "payload": "Got pull request from child 3", "timestamp": 1546450936.3056653}
{"node_id": 3, "type": "CONN", "payload": "Got model from parent 1", "timestamp": 1546450953.2982311}
{"node_id": 3, "type": "CONN", "payload": {"Network Cost": 1329600}, "timestamp": 1546450953.3077154}
{"node_id": 4, "type": "STAT", "payload": {"Window ID": 5, "Runtime": 1798.7815754897892, "Process time": 1109.2022842400002, "Memory Usage": 0.817655417988322, "Accuracy": {"001024_Data.csv": 5.896304604481386, "001025_Data.csv": 5.840651490121896, "001028_Data.csv": 6.089247882438494, "001026_Data.csv": 5.587641150239424, "001020_Data.csv": 5.233955257185799, "001023_Data.csv": 5.935984624636109, "001022_Data.csv": 5.418804235526721, "001021_Data.csv": 5.319138280815057, "001029_Data.csv": 5.781637260760147, "001027_Data.csv": 5.89764836821523}, "Datapoints": 3170}, "timestamp": 1546450953.5225725}
{"node_id": 4, "type": "CONN", "payload": "Sending gradients to parent 1", "timestamp": 1546450955.3137755}
{"node_id": 4, "type": "CONN", "payload": {"Network Cost": 1329600}, "timestamp": 1546450955.658681}
{"node_id": 1, "type": "CONN", "payload": "Got gradients from child 4", "timestamp": 1546450980.066338}
{"node_id": 1, "type": "CONN", "payload": "Got pull request from child 4", "timestamp": 1546451183.6307564}
{"node_id": 4, "type": "CONN", "payload": "Got model from parent 1", "timestamp": 1546451198.678707}
{"node_id": 4, "type": "CONN", "payload": {"Network Cost": 1329600}, "timestamp": 1546451198.782297}
{"node_id": 1, "type": "STAT", "payload": {"Merge ID": 4, "Post Merge Accuracy": {"001024_Data.csv": 6.558912060539863, "001025_Data.csv": 6.468165876147147, "001028_Data.csv": 6.793202428225914, "001026_Data.csv": 6.566641855866042, "001020_Data.csv": 6.324347033639106, "001023_Data.csv": 6.672475503072478, "001022_Data.csv": 6.4297596837481095, "001021_Data.csv": 6.437898665298958, "001029_Data.csv": 6.52798614920824, "001027_Data.csv": 6.529969007502838}}, "timestamp": 1546451285.6860495}
{"node_id": 1, "type": "STAT", "payload": {"Merge ID": 5, "Pre Merge Accuracy": {"001024_Data.csv": 6.572635973823177, "001025_Data.csv": 6.4997351467938405, "001028_Data.csv": 6.783706388557438, "001026_Data.csv": 6.557035396133227, "001020_Data.csv": 6.338251190453172, "001023_Data.csv": 6.669157464304701, "001022_Data.csv": 6.406318427082709, "001021_Data.csv": 6.415599340977677, "001029_Data.csv": 6.526145653316974, "001027_Data.csv": 6.534743656725437}}, "timestamp": 1546452522.9116871}
{"node_id": 1, "type": "CONN", "payload": "Merged gradients at node 1", "timestamp": 1546452523.628413}
{"node_id": 3, "type": "STAT", "payload": {"Window ID": 6, "Runtime": 495.3829095251858, "Process time": 202.08251002199995, "Memory Usage": 1.0666444925208454, "Accuracy": {"001024_Data.csv": 6.348580833299729, "001025_Data.csv": 6.212837953487484, "001028_Data.csv": 6.549916472899186, "001026_Data.csv": 6.301033580540458, "001020_Data.csv": 6.100948984602187, "001023_Data.csv": 6.423489137865723, "001022_Data.csv": 6.173294613974507, "001021_Data.csv": 6.186459617647968, "001029_Data.csv": 6.27603834929584, "001027_Data.csv": 6.274751143267632}, "Datapoints": 648}, "timestamp": 1546452679.2070663}
{"node_id": 3, "type": "CONN", "payload": "Sending gradients to parent 1", "timestamp": 1546452681.1270237}
{"node_id": 3, "type": "CONN", "payload": {"Network Cost": 1329600}, "timestamp": 1546452681.4799938}
{"node_id": 1, "type": "CONN", "payload": "Got gradients from child 3", "timestamp": 1546452774.711234}
{"node_id": 1, "type": "CONN", "payload": "Got pull request from child 3", "timestamp": 1546452873.2246492}
{"node_id": 3, "type": "CONN", "payload": "Got model from parent 1", "timestamp": 1546452891.4667184}
{"node_id": 3, "type": "CONN", "payload": {"Network Cost": 1329600}, "timestamp": 1546452891.7054045}
{"node_id": 1, "type": "STAT", "payload": {"Merge ID": 5, "Post Merge Accuracy": {"001024_Data.csv": 6.465290539223052, "001025_Data.csv": 6.366936912445026, "001028_Data.csv": 6.66892682378114, "001026_Data.csv": 6.429082662775361, "001020_Data.csv": 6.212634693248999, "001023_Data.csv": 6.568101397545428, "001022_Data.csv": 6.3013071389880615, "001021_Data.csv": 6.290057854956521, "001029_Data.csv": 6.417632476991864, "001027_Data.csv": 6.426565299514704}}, "timestamp": 1546454068.2444882}
{"node_id": 2, "type": "STAT", "payload": {"Window ID": 6, "Runtime": 2552.5246356725693, "Process time": 1534.2314523259993, "Memory Usage": 1.0096854659010102, "Accuracy": {"001024_Data.csv": 5.618223949273523, "001025_Data.csv": 5.679171134075122, "001028_Data.csv": 5.926293059316292, "001026_Data.csv": 5.137792393541043, "001020_Data.csv": 4.7245018408508965, "001023_Data.csv": 5.715602006003002, "001022_Data.csv": 4.934614645644494, "001021_Data.csv": 4.766853561948676, "001029_Data.csv": 5.446791513578354, "001027_Data.csv": 5.636210474945094}, "Datapoints": 4234}, "timestamp": 1546454551.5938253}
{"node_id": 2, "type": "CONN", "payload": "Sending gradients to parent 1", "timestamp": 1546454555.6792963}
{"node_id": 2, "type": "CONN", "payload": {"Network Cost": 1329600}, "timestamp": 1546454556.1406932}
{"node_id": 4, "type": "STAT", "payload": {"Window ID": 6, "Runtime": 1923.6435191556811, "Process time": 1203.7429095569996, "Memory Usage": 0.8444653866932756, "Accuracy": {"001024_Data.csv": 5.831429703269425, "001025_Data.csv": 5.821446783798665, "001028_Data.csv": 6.078725355781249, "001026_Data.csv": 5.391591710070032, "001020_Data.csv": 5.068825014453324, "001023_Data.csv": 5.9072117338610415, "001022_Data.csv": 5.231220556974373, "001021_Data.csv": 5.131929820489004, "001029_Data.csv": 5.649675753641183, "001027_Data.csv": 5.806675316720222}, "Datapoints": 3472}, "timestamp": 1546454635.943424}
{"node_id": 4, "type": "CONN", "payload": "Sending gradients to parent 1", "timestamp": 1546454638.208661}
{"node_id": 4, "type": "CONN", "payload": {"Network Cost": 1329600}, "timestamp": 1546454638.5577974}
{"node_id": 1, "type": "CONN", "payload": "Got gradients from child 2", "timestamp": 1546454637.3211043}
{"node_id": 1, "type": "CONN", "payload": "Got gradients from child 4", "timestamp": 1546454671.119648}
{"node_id": 1, "type": "CONN", "payload": "Got pull request from child 4", "timestamp": 1546454846.1645584}
{"node_id": 4, "type": "CONN", "payload": "Got model from parent 1", "timestamp": 1546454876.3463862}
{"node_id": 4, "type": "CONN", "payload": {"Network Cost": 1329600}, "timestamp": 1546454876.486061}
{"node_id": 1, "type": "CONN", "payload": "Got pull request from child 2", "timestamp": 1546454995.216308}
{"node_id": 2, "type": "CONN", "payload": "Got model from parent 1", "timestamp": 1546455012.0858426}
{"node_id": 2, "type": "CONN", "payload": {"Network Cost": 1329600}, "timestamp": 1546455012.178079}
{"node_id": 3, "type": "STAT", "payload": {"Window ID": 7, "Runtime": 670.8177873715758, "Process time": 393.0921420169998, "Memory Usage": 0.7529321984968587, "Accuracy": {"001024_Data.csv": 6.125940417541934, "001025_Data.csv": 5.992824409570311, "001028_Data.csv": 6.337559757168777, "001026_Data.csv": 5.973813973815596, "001020_Data.csv": 5.712991777637923, "001023_Data.csv": 6.162677169905463, "001022_Data.csv": 5.7914617253484755, "001021_Data.csv": 5.784550774113457, "001029_Data.csv": 6.037579601253152, "001027_Data.csv": 6.061286229263397}, "Datapoints": 1206}, "timestamp": 1546455306.1322548}
{"node_id": 3, "type": "CONN", "payload": "Sending gradients to parent 1", "timestamp": 1546455307.812765}
{"node_id": 3, "type": "CONN", "payload": {"Network Cost": 1329600}, "timestamp": 1546455308.1325297}
{"node_id": 1, "type": "CONN", "payload": "Got gradients from child 3", "timestamp": 1546455417.419464}
{"node_id": 1, "type": "CONN", "payload": "Got pull request from child 3", "timestamp": 1546455588.3452487}
{"node_id": 3, "type": "CONN", "payload": "Got model from parent 1", "timestamp": 1546455606.0181644}
{"node_id": 3, "type": "CONN", "payload": {"Network Cost": 1329600}, "timestamp": 1546455606.145561}
{"node_id": 1, "type": "STAT", "payload": {"Merge ID": 6, "Pre Merge Accuracy": {"001024_Data.csv": 6.469231828510686, "001025_Data.csv": 6.374173740549479, "001028_Data.csv": 6.681548152306535, "001026_Data.csv": 6.434865641142835, "001020_Data.csv": 6.220823356796412, "001023_Data.csv": 6.513376343491715, "001022_Data.csv": 6.308584496157625, "001021_Data.csv": 6.310346160114388, "001029_Data.csv": 6.40436268200431, "001027_Data.csv": 6.423635150238814}}, "timestamp": 1546455994.2975225}
{"node_id": 1, "type": "CONN", "payload": "Merged gradients at node 1", "timestamp": 1546455995.1892207}
{"node_id": 4, "type": "STAT", "payload": {"Window ID": 7, "Runtime": 786.410485252738, "Process time": 408.7718898230014, "Memory Usage": 0.9904775983584648, "Accuracy": {"001024_Data.csv": 6.146780041372804, "001025_Data.csv": 6.07137144774334, "001028_Data.csv": 6.331721453745703, "001026_Data.csv": 5.974947992448037, "001020_Data.csv": 5.740361343075236, "001023_Data.csv": 6.185446749768657, "001022_Data.csv": 5.848566673813442, "001021_Data.csv": 5.816122343349138, "001029_Data.csv": 6.0710701219921495, "001027_Data.csv": 6.083433726567357}, "Datapoints": 1216}, "timestamp": 1546456791.5076714}
{"node_id": 4, "type": "CONN", "payload": "Sending gradients to parent 1", "timestamp": 1546456792.5009532}
{"node_id": 4, "type": "CONN", "payload": {"Network Cost": 1329600}, "timestamp": 1546456792.755838}
{"node_id": 1, "type": "CONN", "payload": "Got gradients from child 4", "timestamp": 1546456801.148825}
{"node_id": 1, "type": "CONN", "payload": "Got pull request from child 4", "timestamp": 1546456882.7424586}
{"node_id": 4, "type": "CONN", "payload": "Got model from parent 1", "timestamp": 1546456891.0775568}
{"node_id": 4, "type": "CONN", "payload": {"Network Cost": 1329600}, "timestamp": 1546456891.554869}
{"node_id": 1, "type": "STAT", "payload": {"Merge ID": 6, "Post Merge Accuracy": {"001024_Data.csv": 6.348709969811667, "001025_Data.csv": 6.255191577559001, "001028_Data.csv": 6.555921638804506, "001026_Data.csv": 6.281731780665602, "001020_Data.csv": 6.073108308704424, "001023_Data.csv": 6.387757047859976, "001022_Data.csv": 6.161944252540092, "001021_Data.csv": 6.147534701961802, "001029_Data.csv": 6.28072887695712, "001027_Data.csv": 6.301603968660628}}, "timestamp": 1546456946.1470063}
{"node_id": 3, "type": "STAT", "payload": {"Window ID": 8, "Runtime": 1512.0708965808153, "Process time": 972.341812349001, "Memory Usage": 0.6117989472791854, "Accuracy": {"001024_Data.csv": 5.825209096652636, "001025_Data.csv": 5.812003441564398, "001028_Data.csv": 6.089797583570906, "001026_Data.csv": 5.464537742748926, "001020_Data.csv": 5.122611932476616, "001023_Data.csv": 5.888986490380817, "001022_Data.csv": 5.286216746619525, "001021_Data.csv": 5.186954940195921, "001029_Data.csv": 5.7037163179680075, "001027_Data.csv": 5.7981250744745765}, "Datapoints": 2751}, "timestamp": 1546458533.2858522}
{"node_id": 3, "type": "CONN", "payload": "Sending gradients to parent 1", "timestamp": 1546458535.8720725}
{"node_id": 3, "type": "CONN", "payload": {"Network Cost": 1329600}, "timestamp": 1546458536.3732083}
{"node_id": 1, "type": "CONN", "payload": "Got gradients from child 3", "timestamp": 1546458682.920219}
{"node_id": 1, "type": "STAT", "payload": {"Merge ID": 7, "Pre Merge Accuracy": {"001024_Data.csv": 6.3518923381264445, "001025_Data.csv": 6.2521396720527225, "001028_Data.csv": 6.551772851987467, "001026_Data.csv": 6.249000859843924, "001020_Data.csv": 6.072896959881965, "001023_Data.csv": 6.395445167221239, "001022_Data.csv": 6.147007111669864, "001021_Data.csv": 6.179867154937674, "001029_Data.csv": 6.293724373237848, "001027_Data.csv": 6.295750687089603}}, "timestamp": 1546458699.3558106}
{"node_id": 1, "type": "CONN", "payload": "Merged gradients at node 1", "timestamp": 1546458700.430232}
{"node_id": 1, "type": "CONN", "payload": "Got pull request from child 3", "timestamp": 1546458825.2052057}
{"node_id": 3, "type": "CONN", "payload": "Got model from parent 1", "timestamp": 1546458845.203973}
{"node_id": 3, "type": "CONN", "payload": {"Network Cost": 1329600}, "timestamp": 1546458845.3793595}
{"node_id": 2, "type": "STAT", "payload": {"Window ID": 7, "Runtime": 2543.5866636000574, "Process time": 1552.33445536, "Memory Usage": 1.0600797782974438, "Accuracy": {"001024_Data.csv": 5.486108157411493, "001025_Data.csv": 5.567085552238023, "001028_Data.csv": 5.82951772685353, "001026_Data.csv": 4.941706905749449, "001020_Data.csv": 4.560831811331193, "001023_Data.csv": 5.57829040917833, "001022_Data.csv": 4.780930737649137, "001021_Data.csv": 4.564055167537524, "001029_Data.csv": 5.302719158006167, "001027_Data.csv": 5.588608329351924}, "Datapoints": 4313}, "timestamp": 1546458997.5544138}
{"node_id": 2, "type": "CONN", "payload": "Sending gradients to parent 1", "timestamp": 1546459000.8184576}
{"node_id": 2, "type": "CONN", "payload": {"Network Cost": 1329600}, "timestamp": 1546459001.2675562}
{"node_id": 1, "type": "CONN", "payload": "Got gradients from child 2", "timestamp": 1546459081.6173494}
{"node_id": 4, "type": "STAT", "payload": {"Window ID": 8, "Runtime": 614.2572750709951, "Process time": 400.49661945599837, "Memory Usage": 0.7540992588032412, "Accuracy": {"001024_Data.csv": 6.069633081479184, "001025_Data.csv": 5.992491174051279, "001028_Data.csv": 6.258769310787189, "001026_Data.csv": 5.84636624340029, "001020_Data.csv": 5.493647767621138, "001023_Data.csv": 6.090981338659892, "001022_Data.csv": 5.649141691390252, "001021_Data.csv": 5.581604511796309, "001029_Data.csv": 5.9608785551981915, "001027_Data.csv": 5.9941368943887285}, "Datapoints": 1304}, "timestamp": 1546459210.38161}
{"node_id": 4, "type": "CONN", "payload": "Sending gradients to parent 1", "timestamp": 1546459212.3951108}
{"node_id": 4, "type": "CONN", "payload": {"Network Cost": 1329600}, "timestamp": 1546459212.772155}
{"node_id": 1, "type": "CONN", "payload": "Got gradients from child 4", "timestamp": 1546459268.3316069}
{"node_id": 1, "type": "CONN", "payload": "Got pull request from child 4", "timestamp": 1546459356.1238577}
{"node_id": 4, "type": "CONN", "payload": "Got model from parent 1", "timestamp": 1546459373.3288407}
{"node_id": 4, "type": "CONN", "payload": {"Network Cost": 1329600}, "timestamp": 1546459373.434158}
{"node_id": 1, "type": "STAT", "payload": {"Merge ID": 7, "Post Merge Accuracy": {"001024_Data.csv": 6.155789872967158, "001025_Data.csv": 6.057605659710085, "001028_Data.csv": 6.371720082791462, "001026_Data.csv": 6.064617703655235, "001020_Data.csv": 5.816705215147558, "001023_Data.csv": 6.230110135832072, "001022_Data.csv": 5.883236742151555, "001021_Data.csv": 5.899673366264413, "001029_Data.csv": 6.094541129574479, "001027_Data.csv": 6.098846352762907}}, "timestamp": 1546459736.8600159}
{"node_id": 3, "type": "STAT", "payload": {"Window ID": 9, "Runtime": 1028.007958035916, "Process time": 615.3177197599998, "Memory Usage": 0.7280835394734645, "Accuracy": {"001024_Data.csv": 5.857405120039939, "001025_Data.csv": 5.811611858847019, "001028_Data.csv": 6.0941418763132225, "001026_Data.csv": 5.491653019364565, "001020_Data.csv": 5.11004306329203, "001023_Data.csv": 5.893173267104832, "001022_Data.csv": 5.309686525559719, "001021_Data.csv": 5.176959310290651, "001029_Data.csv": 5.751691443287894, "001027_Data.csv": 5.859100328656428}, "Datapoints": 1760}, "timestamp": 1546461198.6324222}
{"node_id": 3, "type": "CONN", "payload": "Sending gradients to parent 1", "timestamp": 1546461200.2869215}
{"node_id": 3, "type": "CONN", "payload": {"Network Cost": 1329600}, "timestamp": 1546461200.6358957}
{"node_id": 1, "type": "STAT", "payload": {"Merge ID": 8, "Pre Merge Accuracy": {"001024_Data.csv": 6.131083495857361, "001025_Data.csv": 6.072512425339455, "001028_Data.csv": 6.3661216334735595, "001026_Data.csv": 6.086674074825887, "001020_Data.csv": 5.8240192375333395, "001023_Data.csv": 6.237721564253184, "001022_Data.csv": 5.890520942384843, "001021_Data.csv": 5.927800532587067, "001029_Data.csv": 6.101787004962577, "001027_Data.csv": 6.11941939126714}}, "timestamp": 1546461202.6067286}
{"node_id": 1, "type": "CONN", "payload": "Merged gradients at node 1", "timestamp": 1546461205.2413948}
{"node_id": 1, "type": "CONN", "payload": "Got gradients from child 3", "timestamp": 1546461209.4530213}
{"node_id": 1, "type": "CONN", "payload": "Got pull request from child 3", "timestamp": 1546461326.1239123}
{"node_id": 3, "type": "CONN", "payload": "Got model from parent 1", "timestamp": 1546461341.3908114}
{"node_id": 3, "type": "CONN", "payload": {"Network Cost": 1329600}, "timestamp": 1546461341.4819176}
{"node_id": 4, "type": "STAT", "payload": {"Window ID": 9, "Runtime": 997.400309048593, "Process time": 633.1632836469998, "Memory Usage": 0.6352536176032892, "Accuracy": {"001024_Data.csv": 5.82697847630112, "001025_Data.csv": 5.79183014886147, "001028_Data.csv": 6.0488776065658865, "001026_Data.csv": 5.418490114652373, "001020_Data.csv": 5.072365337397032, "001023_Data.csv": 5.893512792656218, "001022_Data.csv": 5.236556665051505, "001021_Data.csv": 5.098441942402028, "001029_Data.csv": 5.643956605252063, "001027_Data.csv": 5.796729051737143}, "Datapoints": 1924}, "timestamp": 1546461647.0711534}
{"node_id": 4, "type": "CONN", "payload": "Sending gradients to parent 1", "timestamp": 1546461648.9431314}
{"node_id": 4, "type": "CONN", "payload": {"Network Cost": 1329600}, "timestamp": 1546461649.2606}
{"node_id": 1, "type": "CONN", "payload": "Got gradients from child 4", "timestamp": 1546461765.2145329}
{"node_id": 1, "type": "STAT", "payload": {"Merge ID": 8, "Post Merge Accuracy": {"001024_Data.csv": 5.867063194189576, "001025_Data.csv": 5.8182480357904, "001028_Data.csv": 6.105384846994584, "001026_Data.csv": 5.592963597538752, "001020_Data.csv": 5.2237942186151205, "001023_Data.csv": 5.941283390516913, "001022_Data.csv": 5.367746495404306, "001021_Data.csv": 5.290733351887025, "001029_Data.csv": 5.761196017041777, "001027_Data.csv": 5.867122708912571}}, "timestamp": 1546462278.8834844}
{"node_id": 1, "type": "STAT", "payload": {"Merge ID": 9, "Pre Merge Accuracy": {"001024_Data.csv": 5.8892657190510596, "001025_Data.csv": 5.8213761496978575, "001028_Data.csv": 6.133338638388159, "001026_Data.csv": 5.554892935153147, "001020_Data.csv": 5.207298889674355, "001023_Data.csv": 5.947260314484685, "001022_Data.csv": 5.372424011898982, "001021_Data.csv": 5.291239259816746, "001029_Data.csv": 5.768996689324718, "001027_Data.csv": 5.853564179183817}}, "timestamp": 1546463490.8267834}
{"node_id": 1, "type": "CONN", "payload": "Merged gradients at node 1", "timestamp": 1546463492.42895}
{"node_id": 3, "type": "STAT", "payload": {"Window ID": 10, "Runtime": 1191.6889272332191, "Process time": 750.1718070719999, "Memory Usage": 0.6368583255245652, "Accuracy": {"001024_Data.csv": 5.471714864122466, "001025_Data.csv": 5.594210323206753, "001028_Data.csv": 5.828645897113548, "001026_Data.csv": 4.961415828671927, "001020_Data.csv": 4.535258491409071, "001023_Data.csv": 5.519681462397634, "001022_Data.csv": 4.786607843209439, "001021_Data.csv": 4.5174357093714175, "001029_Data.csv": 5.24300291250666, "001027_Data.csv": 5.561889720241626}, "Datapoints": 2076}, "timestamp": 1546463745.0237436}
{"node_id": 3, "type": "CONN", "payload": "Sending gradients to parent 1", "timestamp": 1546463745.7734509}
{"node_id": 3, "type": "CONN", "payload": {"Network Cost": 1329600}, "timestamp": 1546463746.0292842}
{"node_id": 1, "type": "CONN", "payload": "Got gradients from child 3", "timestamp": 1546463757.1969337}
{"node_id": 1, "type": "STAT", "payload": {"Merge ID": 9, "Post Merge Accuracy": {"001024_Data.csv": 5.625949888913595, "001025_Data.csv": 5.638415192341259, "001028_Data.csv": 5.9177298365682525, "001026_Data.csv": 5.067071070954311, "001020_Data.csv": 4.7442873232799085, "001023_Data.csv": 5.695061518261156, "001022_Data.csv": 4.977436895757872, "001021_Data.csv": 4.796077427821645, "001029_Data.csv": 5.471115675814946, "001027_Data.csv": 5.632773579569765}}, "timestamp": 1546464540.0627656}
{"node_id": 1, "type": "STAT", "payload": {"Merge ID": 10, "Pre Merge Accuracy": {"001024_Data.csv": 5.641523670965689, "001025_Data.csv": 5.645698161626423, "001028_Data.csv": 5.9610606320306365, "001026_Data.csv": 5.165260893500723, "001020_Data.csv": 4.732282997658123, "001023_Data.csv": 5.700539608160072, "001022_Data.csv": 4.954476720704456, "001021_Data.csv": 4.738298101532201, "001029_Data.csv": 5.38744525370727, "001027_Data.csv": 5.68043045313466}}, "timestamp": 1546465450.2773705}
{"node_id": 1, "type": "CONN", "payload": "Merged gradients at node 1", "timestamp": 1546465451.199644}
{"node_id": 1, "type": "STAT", "payload": {"Merge ID": 10, "Post Merge Accuracy": {"001024_Data.csv": 5.956392723157124, "001025_Data.csv": 6.064387473549729, "001028_Data.csv": 6.346739710177938, "001026_Data.csv": 5.325455297712598, "001020_Data.csv": 4.919962268677113, "001023_Data.csv": 5.978989572074676, "001022_Data.csv": 5.188332260372197, "001021_Data.csv": 4.862885964960667, "001029_Data.csv": 5.673046428558408, "001027_Data.csv": 6.075072676015381}}, "timestamp": 1546466402.751687}
{"node_id": 1, "type": "STAT", "payload": {"Merge ID": 11, "Pre Merge Accuracy": {"001024_Data.csv": 5.943730983801429, "001025_Data.csv": 6.080614776866187, "001028_Data.csv": 6.292345907852928, "001026_Data.csv": 5.3511742913287605, "001020_Data.csv": 4.912680098117086, "001023_Data.csv": 6.052731957583619, "001022_Data.csv": 5.168097382742562, "001021_Data.csv": 4.864422492279033, "001029_Data.csv": 5.672162120310018, "001027_Data.csv": 6.0788142181144185}}, "timestamp": 1546467303.6586778}
{"node_id": 1, "type": "CONN", "payload": "Merged gradients at node 1", "timestamp": 1546467304.3940358}
{"node_id": 1, "type": "STAT", "payload": {"Merge ID": 11, "Post Merge Accuracy": {"001024_Data.csv": 7.162654595172007, "001025_Data.csv": 7.236415491809156, "001028_Data.csv": 7.439010510547475, "001026_Data.csv": 6.552405996905521, "001020_Data.csv": 6.289288324228291, "001023_Data.csv": 7.192906507049251, "001022_Data.csv": 6.4805980476144995, "001021_Data.csv": 6.252899478027358, "001029_Data.csv": 6.8628132678272875, "001027_Data.csv": 7.28777370962722}}, "timestamp": 1546468220.558335}
{"node_id": 1, "type": "STAT", "payload": {"Merge ID": 12, "Pre Merge Accuracy": {"001024_Data.csv": 7.1681881335220705, "001025_Data.csv": 7.223211691936653, "001028_Data.csv": 7.365540242184272, "001026_Data.csv": 6.52433358839562, "001020_Data.csv": 6.278296239686837, "001023_Data.csv": 7.187046418277962, "001022_Data.csv": 6.521879057497426, "001021_Data.csv": 6.222789511497765, "001029_Data.csv": 6.9098246057206145, "001027_Data.csv": 7.269086961385105}}, "timestamp": 1546469173.2610493}
{"node_id": 1, "type": "CONN", "payload": "Merged gradients at node 1", "timestamp": 1546469173.9056785}
{"node_id": 1, "type": "STAT", "payload": {"Merge ID": 12, "Post Merge Accuracy": {"001024_Data.csv": 7.897269219354852, "001025_Data.csv": 8.038675275958752, "001028_Data.csv": 8.169015614985431, "001026_Data.csv": 7.344673902539922, "001020_Data.csv": 7.32971173370482, "001023_Data.csv": 7.962691677258409, "001022_Data.csv": 7.47704124224781, "001021_Data.csv": 7.246791938384521, "001029_Data.csv": 7.719100651520283, "001027_Data.csv": 8.095190014893145}}, "timestamp": 1546470097.4461768}
{"node_id": 1, "type": "STAT", "payload": {"Merge ID": 13, "Pre Merge Accuracy": {"001024_Data.csv": 7.923473961146951, "001025_Data.csv": 8.044685808891034, "001028_Data.csv": 8.15771622227954, "001026_Data.csv": 7.348893973389094, "001020_Data.csv": 7.3008102269495385, "001023_Data.csv": 7.968491703615283, "001022_Data.csv": 7.4532284457055535, "001021_Data.csv": 7.256012226023782, "001029_Data.csv": 7.72424038159554, "001027_Data.csv": 8.04063745285147}}, "timestamp": 1546471057.950037}
{"node_id": 1, "type": "CONN", "payload": "Merged gradients at node 1", "timestamp": 1546471058.628262}
{"node_id": 1, "type": "STAT", "payload": {"Merge ID": 13, "Post Merge Accuracy": {"001024_Data.csv": 8.255848314988334, "001025_Data.csv": 8.33486977372432, "001028_Data.csv": 8.434232442114316, "001026_Data.csv": 7.680287324501246, "001020_Data.csv": 7.659686636278976, "001023_Data.csv": 8.303308420997862, "001022_Data.csv": 7.765564301139229, "001021_Data.csv": 7.599135966951668, "001029_Data.csv": 8.05856902257938, "001027_Data.csv": 8.450703695756857}}, "timestamp": 1546472017.9619613}
{"node_id": 1, "type": "STAT", "payload": {"Merge ID": 14, "Pre Merge Accuracy": {"001024_Data.csv": 8.226921746028427, "001025_Data.csv": 8.364719142852413, "001028_Data.csv": 8.460226009176091, "001026_Data.csv": 7.703916111108283, "001020_Data.csv": 7.640908702308093, "001023_Data.csv": 8.28553857393366, "001022_Data.csv": 7.800852024454981, "001021_Data.csv": 7.589331198319947, "001029_Data.csv": 8.050011783809188, "001027_Data.csv": 8.372009358509121}}, "timestamp": 1546472985.7032359}
{"node_id": 1, "type": "CONN", "payload": "Merged gradients at node 1", "timestamp": 1546472986.5131772}
{"node_id": 1, "type": "STAT", "payload": {"Merge ID": 14, "Post Merge Accuracy": {"001024_Data.csv": 8.407920790188781, "001025_Data.csv": 8.480573246000375, "001028_Data.csv": 8.605558331196711, "001026_Data.csv": 7.847305467679321, "001020_Data.csv": 7.805074110216252, "001023_Data.csv": 8.471440284896914, "001022_Data.csv": 7.936261533921038, "001021_Data.csv": 7.763296652903157, "001029_Data.csv": 8.191723868751765, "001027_Data.csv": 8.511663541105573}}, "timestamp": 1546473872.4837816}
{"node_id": 1, "type": "STAT", "payload": {"Merge ID": 15, "Pre Merge Accuracy": {"001024_Data.csv": 8.412854371016168, "001025_Data.csv": 8.519355062860264, "001028_Data.csv": 8.57408159692772, "001026_Data.csv": 7.869672291028464, "001020_Data.csv": 7.813892186651026, "001023_Data.csv": 8.433790230128519, "001022_Data.csv": 7.947756932939415, "001021_Data.csv": 7.787401838853062, "001029_Data.csv": 8.211378797347415, "001027_Data.csv": 8.498901990953044}}, "timestamp": 1546474866.0058208}
{"node_id": 1, "type": "CONN", "payload": "Merged gradients at node 1", "timestamp": 1546474866.9694638}
{"node_id": 1, "type": "STAT", "payload": {"Merge ID": 15, "Post Merge Accuracy": {"001024_Data.csv": 8.446316385904586, "001025_Data.csv": 8.553852421179021, "001028_Data.csv": 8.702887635493434, "001026_Data.csv": 7.961537530295777, "001020_Data.csv": 7.915972364818373, "001023_Data.csv": 8.547493478493418, "001022_Data.csv": 8.031874623101228, "001021_Data.csv": 7.845762089431191, "001029_Data.csv": 8.248914025170908, "001027_Data.csv": 8.579528727844355}}, "timestamp": 1546475836.6811447}
{"node_id": 1, "type": "STAT", "payload": {"Merge ID": 16, "Pre Merge Accuracy": {"001024_Data.csv": 8.485243373410164, "001025_Data.csv": 8.565054520625939, "001028_Data.csv": 8.714562649683074, "001026_Data.csv": 7.997625096803482, "001020_Data.csv": 7.881472590016757, "001023_Data.csv": 8.559997915057735, "001022_Data.csv": 8.056938595112003, "001021_Data.csv": 7.828860911668031, "001029_Data.csv": 8.284484534455501, "001027_Data.csv": 8.610586550869096}}, "timestamp": 1546476731.869122}
{"node_id": 1, "type": "CONN", "payload": "Merged gradients at node 1", "timestamp": 1546476732.6172953}
{"node_id": 1, "type": "STAT", "payload": {"Merge ID": 16, "Post Merge Accuracy": {"001024_Data.csv": 8.517975438676713, "001025_Data.csv": 8.622440301261054, "001028_Data.csv": 8.801519517659422, "001026_Data.csv": 8.035523933935359, "001020_Data.csv": 7.953047520670509, "001023_Data.csv": 8.60736186331704, "001022_Data.csv": 8.094435646365989, "001021_Data.csv": 7.85640042383898, "001029_Data.csv": 8.361894381212611, "001027_Data.csv": 8.647250981534262}}, "timestamp": 1546477596.583637}
{"node_id": 1, "type": "STAT", "payload": {"Merge ID": 17, "Pre Merge Accuracy": {"001024_Data.csv": 8.499233563921797, "001025_Data.csv": 8.618927822065213, "001028_Data.csv": 8.807081049060132, "001026_Data.csv": 8.062001636639907, "001020_Data.csv": 7.950175460948937, "001023_Data.csv": 8.579023188473773, "001022_Data.csv": 8.087831425069018, "001021_Data.csv": 7.877252153170869, "001029_Data.csv": 8.3499995692689, "001027_Data.csv": 8.650089420951968}}, "timestamp": 1546478419.3806024}
{"node_id": 1, "type": "CONN", "payload": "Merged gradients at node 1", "timestamp": 1546478420.1097126}
{"node_id": 1, "type": "STAT", "payload": {"Merge ID": 17, "Post Merge Accuracy": {"001024_Data.csv": 8.597797043409452, "001025_Data.csv": 8.64963556347917, "001028_Data.csv": 8.807172047038037, "001026_Data.csv": 8.114530416496454, "001020_Data.csv": 7.986636719169433, "001023_Data.csv": 8.609392845972426, "001022_Data.csv": 8.132012498092536, "001021_Data.csv": 7.925827449295082, "001029_Data.csv": 8.398745440947277, "001027_Data.csv": 8.680386922653417}}, "timestamp": 1546479257.4502013}
{"node_id": 1, "type": "STAT", "payload": {"Merge ID": 18, "Pre Merge Accuracy": {"001024_Data.csv": 8.540696617750465, "001025_Data.csv": 8.662826800585641, "001028_Data.csv": 8.838093952292256, "001026_Data.csv": 8.069717175666606, "001020_Data.csv": 7.985113907035372, "001023_Data.csv": 8.661984053438312, "001022_Data.csv": 8.11149216043282, "001021_Data.csv": 7.910218326431558, "001029_Data.csv": 8.372411715264183, "001027_Data.csv": 8.654905147639939}}, "timestamp": 1546480117.9219542}
{"node_id": 1, "type": "CONN", "payload": "Merged gradients at node 1", "timestamp": 1546480118.8590555}
{"node_id": 1, "type": "STAT", "payload": {"Merge ID": 18, "Post Merge Accuracy": {"001024_Data.csv": 8.571942566785864, "001025_Data.csv": 8.687251096832217, "001028_Data.csv": 8.803349402385862, "001026_Data.csv": 8.115251131477502, "001020_Data.csv": 8.018257291490308, "001023_Data.csv": 8.650315644740878, "001022_Data.csv": 8.128511395193122, "001021_Data.csv": 7.966908628368641, "001029_Data.csv": 8.373357394061, "001027_Data.csv": 8.688885764790351}}, "timestamp": 1546480933.379546}
{"node_id": 1, "type": "STAT", "payload": {"Merge ID": 19, "Pre Merge Accuracy": {"001024_Data.csv": 8.551297665346357, "001025_Data.csv": 8.683080167426793, "001028_Data.csv": 8.78017869785938, "001026_Data.csv": 8.091936000969318, "001020_Data.csv": 7.998590531616323, "001023_Data.csv": 8.595186117445294, "001022_Data.csv": 8.098999998706613, "001021_Data.csv": 7.916851981966641, "001029_Data.csv": 8.33930366128213, "001027_Data.csv": 8.681594477506234}}, "timestamp": 1546481774.7319016}
{"node_id": 1, "type": "CONN", "payload": "Merged gradients at node 1", "timestamp": 1546481775.514405}
{"node_id": 1, "type": "STAT", "payload": {"Merge ID": 19, "Post Merge Accuracy": {"001024_Data.csv": 8.599429180696188, "001025_Data.csv": 8.69603093091978, "001028_Data.csv": 8.884951530084457, "001026_Data.csv": 8.113063492476144, "001020_Data.csv": 8.030480125711557, "001023_Data.csv": 8.685233302407328, "001022_Data.csv": 8.155256733942595, "001021_Data.csv": 7.9681468346585325, "001029_Data.csv": 8.383180772989006, "001027_Data.csv": 8.74236776361869}}, "timestamp": 1546482602.8274503}
{"node_id": 1, "type": "STAT", "payload": {"Merge ID": 20, "Pre Merge Accuracy": {"001024_Data.csv": 8.569729143142116, "001025_Data.csv": 8.703237792712178, "001028_Data.csv": 8.859907962065225, "001026_Data.csv": 8.122647574912746, "001020_Data.csv": 8.01611573284507, "001023_Data.csv": 8.665737535982759, "001022_Data.csv": 8.14778155421568, "001021_Data.csv": 7.925827150832674, "001029_Data.csv": 8.39399676333044, "001027_Data.csv": 8.705236646841758}}, "timestamp": 1546483462.908529}
{"node_id": 1, "type": "CONN", "payload": "Merged gradients at node 1", "timestamp": 1546483463.6234016}
{"node_id": 1, "type": "STAT", "payload": {"Merge ID": 20, "Post Merge Accuracy": {"001024_Data.csv": 8.598106434291552, "001025_Data.csv": 8.69600910494874, "001028_Data.csv": 8.833796614414496, "001026_Data.csv": 8.120006081385174, "001020_Data.csv": 8.012515883528861, "001023_Data.csv": 8.679023121569776, "001022_Data.csv": 8.176953841469972, "001021_Data.csv": 7.974414535246837, "001029_Data.csv": 8.422883253993223, "001027_Data.csv": 8.725142429532355}}, "timestamp": 1546484278.9295387}
{"node_id": 1, "type": "STAT", "payload": {"Merge ID": 21, "Pre Merge Accuracy": {"001024_Data.csv": 8.597477828040079, "001025_Data.csv": 8.740512113088283, "001028_Data.csv": 8.857411656412253, "001026_Data.csv": 8.128978428171775, "001020_Data.csv": 8.03026786644112, "001023_Data.csv": 8.677372765487771, "001022_Data.csv": 8.157085172620516, "001021_Data.csv": 7.957186290860128, "001029_Data.csv": 8.432377718700558, "001027_Data.csv": 8.758436172654832}}, "timestamp": 1546485116.380395}
{"node_id": 1, "type": "CONN", "payload": "Merged gradients at node 1", "timestamp": 1546485117.0879915}
{"node_id": 1, "type": "STAT", "payload": {"Merge ID": 21, "Post Merge Accuracy": {"001024_Data.csv": 8.631844360485674, "001025_Data.csv": 8.707298313147186, "001028_Data.csv": 8.883202355425478, "001026_Data.csv": 8.136853361867038, "001020_Data.csv": 8.020306440679256, "001023_Data.csv": 8.731409625271342, "001022_Data.csv": 8.159702535265854, "001021_Data.csv": 7.9843194092417376, "001029_Data.csv": 8.398339363124027, "001027_Data.csv": 8.727113219844261}}, "timestamp": 1546485949.672611}
{"node_id": 1, "type": "STAT", "payload": {"Merge ID": 22, "Pre Merge Accuracy": {"001024_Data.csv": 8.576101204566072, "001025_Data.csv": 8.7579963363898, "001028_Data.csv": 8.882475921303541, "001026_Data.csv": 8.189094570528988, "001020_Data.csv": 8.028789910113158, "001023_Data.csv": 8.699883447239587, "001022_Data.csv": 8.176432031889904, "001021_Data.csv": 7.984260403786371, "001029_Data.csv": 8.410334899987367, "001027_Data.csv": 8.70427899344793}}, "timestamp": 1546486821.503656}
{"node_id": 1, "type": "CONN", "payload": "Merged gradients at node 1", "timestamp": 1546486822.3108284}
{"node_id": 1, "type": "STAT", "payload": {"Merge ID": 22, "Post Merge Accuracy": {"001024_Data.csv": 8.571279979727436, "001025_Data.csv": 8.753859529188103, "001028_Data.csv": 8.929814581784115, "001026_Data.csv": 8.166489224603655, "001020_Data.csv": 8.006764004270915, "001023_Data.csv": 8.738303708968607, "001022_Data.csv": 8.170711706797546, "001021_Data.csv": 7.947161970954311, "001029_Data.csv": 8.427057799219762, "001027_Data.csv": 8.739951470897061}}, "timestamp": 1546487672.4630249}
{"node_id": 1, "type": "STAT", "payload": {"Merge ID": 23, "Pre Merge Accuracy": {"001024_Data.csv": 8.555548917321193, "001025_Data.csv": 8.713466382608216, "001028_Data.csv": 8.932610313089727, "001026_Data.csv": 8.164692218916949, "001020_Data.csv": 8.067658085210477, "001023_Data.csv": 8.652773044217135, "001022_Data.csv": 8.151398863395203, "001021_Data.csv": 7.974987517020639, "001029_Data.csv": 8.428548012849019, "001027_Data.csv": 8.734267664005628}}, "timestamp": 1546488527.8391201}
{"node_id": 1, "type": "CONN", "payload": "Merged gradients at node 1", "timestamp": 1546488528.7939498}
{"node_id": 1, "type": "STAT", "payload": {"Merge ID": 23, "Post Merge Accuracy": {"001024_Data.csv": 8.626824710184719, "001025_Data.csv": 8.756246843180902, "001028_Data.csv": 8.922898450133527, "001026_Data.csv": 8.189162629761498, "001020_Data.csv": 8.057369787160386, "001023_Data.csv": 8.658120634175608, "001022_Data.csv": 8.196838500336938, "001021_Data.csv": 7.98059808113996, "001029_Data.csv": 8.478395683315652, "001027_Data.csv": 8.734097142334942}}, "timestamp": 1546489351.9798043}
{"node_id": 1, "type": "STAT", "payload": {"Merge ID": 24, "Pre Merge Accuracy": {"001024_Data.csv": 8.619287499502253, "001025_Data.csv": 8.748277369000037, "001028_Data.csv": 8.867206078710318, "001026_Data.csv": 8.200424517967143, "001020_Data.csv": 8.027091616106851, "001023_Data.csv": 8.693457877815026, "001022_Data.csv": 8.183706339345793, "001021_Data.csv": 8.021711276100422, "001029_Data.csv": 8.388217786382961, "001027_Data.csv": 8.732933188964315}}, "timestamp": 1546490177.5308235}
{"node_id": 1, "type": "CONN", "payload": "Merged gradients at node 1", "timestamp": 1546490178.4287598}
{"node_id": 1, "type": "STAT", "payload": {"Merge ID": 24, "Post Merge Accuracy": {"001024_Data.csv": 8.58579854326754, "001025_Data.csv": 8.768338913918324, "001028_Data.csv": 8.878705397068266, "001026_Data.csv": 8.210183857900704, "001020_Data.csv": 8.039076394241283, "001023_Data.csv": 8.712101971464758, "001022_Data.csv": 8.230585965985941, "001021_Data.csv": 8.024432782471735, "001029_Data.csv": 8.440737699615317, "001027_Data.csv": 8.743777883577565}}, "timestamp": 1546491002.8904934}
{"node_id": 1, "type": "STAT", "payload": {"Merge ID": 25, "Pre Merge Accuracy": {"001024_Data.csv": 8.60353876286386, "001025_Data.csv": 8.754442194184755, "001028_Data.csv": 8.913108721290909, "001026_Data.csv": 8.201202747913124, "001020_Data.csv": 8.04713981912588, "001023_Data.csv": 8.739617783436357, "001022_Data.csv": 8.179842854231998, "001021_Data.csv": 8.010050869990543, "001029_Data.csv": 8.475332384727832, "001027_Data.csv": 8.76522602412162}}, "timestamp": 1546491821.2829902}
{"node_id": 1, "type": "CONN", "payload": "Merged gradients at node 1", "timestamp": 1546491822.1151574}
{"node_id": 1, "type": "STAT", "payload": {"Merge ID": 25, "Post Merge Accuracy": {"001024_Data.csv": 8.584558943889538, "001025_Data.csv": 8.776302367371638, "001028_Data.csv": 8.914930247695215, "001026_Data.csv": 8.230133557541043, "001020_Data.csv": 8.044894463974126, "001023_Data.csv": 8.664421868402892, "001022_Data.csv": 8.206034850912255, "001021_Data.csv": 7.996671023321246, "001029_Data.csv": 8.479608383106942, "001027_Data.csv": 8.722219443017828}}, "timestamp": 1546492641.8299832}
{"node_id": 1, "type": "STAT", "payload": {"Merge ID": 26, "Pre Merge Accuracy": {"001024_Data.csv": 8.64284625731086, "001025_Data.csv": 8.749944740506642, "001028_Data.csv": 8.911000732640103, "001026_Data.csv": 8.143007748869636, "001020_Data.csv": 8.065035576170851, "001023_Data.csv": 8.680594003190551, "001022_Data.csv": 8.212120905863058, "001021_Data.csv": 8.003718113387455, "001029_Data.csv": 8.465641160178206, "001027_Data.csv": 8.75792059311314}}, "timestamp": 1546493510.3616898}
{"node_id": 1, "type": "CONN", "payload": "Merged gradients at node 1", "timestamp": 1546493511.4192379}
{"node_id": 1, "type": "STAT", "payload": {"Merge ID": 26, "Post Merge Accuracy": {"001024_Data.csv": 8.633600015098956, "001025_Data.csv": 8.763284122480073, "001028_Data.csv": 8.914885059641593, "001026_Data.csv": 8.219851751366367, "001020_Data.csv": 8.080337262547033, "001023_Data.csv": 8.767856346853534, "001022_Data.csv": 8.201379326610695, "001021_Data.csv": 8.033782398323575, "001029_Data.csv": 8.473065750955582, "001027_Data.csv": 8.772910486754057}}, "timestamp": 1546494395.252029}
{"node_id": 1, "type": "STAT", "payload": {"Merge ID": 27, "Pre Merge Accuracy": {"001024_Data.csv": 8.581161986212324, "001025_Data.csv": 8.783115038721892, "001028_Data.csv": 8.959513697857915, "001026_Data.csv": 8.209120730123427, "001020_Data.csv": 8.07480322752092, "001023_Data.csv": 8.73194609238922, "001022_Data.csv": 8.20199101736815, "001021_Data.csv": 8.004983884025311, "001029_Data.csv": 8.489429313011962, "001027_Data.csv": 8.782006071956046}}, "timestamp": 1546495247.9647107}