{"node_id": 2, "type": "CONN", "payload": "Connected with the Kafka server", "timestamp": 1552761722.0126944}
{"node_id": 3, "type": "CONN", "payload": "Connected with the Kafka server", "timestamp": 1552761724.5188563}
{"node_id": 4, "type": "CONN", "payload": "Connected with the Kafka server", "timestamp": 1552761726.99337}
{"node_id": 3, "type": "CONN", "payload": "Waiting for node 1 to connect", "timestamp": 1552761892.889112}
{"node_id": 4, "type": "CONN", "payload": "Waiting for node 1 to connect", "timestamp": 1552761892.8916566}
{"node_id": 2, "type": "CONN", "payload": "Waiting for node 1 to connect", "timestamp": 1552761892.8982}
{"node_id": 1, "type": "CONN", "payload": "Received message from node id 3: connected", "timestamp": 1552761892.8943079}
{"node_id": 3, "type": "CONN", "payload": "Connected with node 1", "timestamp": 1552761892.9021864}
{"node_id": 1, "type": "CONN", "payload": "Received message from node id 4: connected", "timestamp": 1552761892.9022355}
{"node_id": 1, "type": "CONN", "payload": "Received message from node id 2: connected", "timestamp": 1552761892.9059958}
{"node_id": 4, "type": "CONN", "payload": "Connected with node 1", "timestamp": 1552761892.90601}
{"node_id": 1, "type": "CONN", "payload": "Got pull request from child 3", "timestamp": 1552761892.9090908}
{"node_id": 2, "type": "CONN", "payload": "Connected with node 1", "timestamp": 1552761892.9090705}
{"node_id": 1, "type": "CONN", "payload": "Got pull request from child 4", "timestamp": 1552761892.9669006}
{"node_id": 1, "type": "CONN", "payload": "Got pull request from child 2", "timestamp": 1552761893.0189946}
{"node_id": 3, "type": "PULL", "payload": {"Network Cost": 129040}, "timestamp": 1552761893.116803}
{"node_id": 4, "type": "PULL", "payload": {"Network Cost": 129040}, "timestamp": 1552761893.172172}
{"node_id": 2, "type": "PULL", "payload": {"Network Cost": 129040}, "timestamp": 1552761893.2172692}
{"node_id": 3, "type": "PROC", "payload": {"Window ID": 0, "Memory Usage": 0.11425018458788326}, "timestamp": 1552761894.739617}
{"node_id": 2, "type": "PROC", "payload": {"Window ID": 0, "Memory Usage": 0.1136551315431547}, "timestamp": 1552761894.838755}
{"node_id": 4, "type": "PROC", "payload": {"Window ID": 0, "Memory Usage": 0.11377657094003808}, "timestamp": 1552761894.9432452}
{"node_id": 3, "type": "STAT", "payload": {"Window ID": 0, "Runtime": 176.13003251800546, "Process time": 7.312149264, "Accuracy": {"4.csv": 84.72505091649694, "1.csv": 0.0, "3.csv": 0.0, "5.csv": 13.11659192825112, "8.csv": 0.0, "0.csv": 0.0, "6.csv": 0.0, "2.csv": 0.0, "9.csv": 0.0, "7.csv": 0.0}, "Datapoints": 1}, "timestamp": 1552761900.6548166}
{"node_id": 3, "type": "PUSH", "payload": {"Network Cost": 129040}, "timestamp": 1552761900.7521179}
{"node_id": 2, "type": "STAT", "payload": {"Window ID": 0, "Runtime": 179.02106379601173, "Process time": 7.584189594, "Accuracy": {"4.csv": 0.0, "1.csv": 0.0, "3.csv": 0.0, "5.csv": 100.0, "8.csv": 0.0, "0.csv": 0.0, "6.csv": 0.0, "2.csv": 0.0, "9.csv": 0.0, "7.csv": 0.0}, "Datapoints": 1}, "timestamp": 1552761901.040066}
{"node_id": 4, "type": "STAT", "payload": {"Window ID": 0, "Runtime": 174.13927091201185, "Process time": 7.833025973, "Accuracy": {"4.csv": 0.0, "1.csv": 0.0, "3.csv": 0.0, "5.csv": 4.932735426008969, "8.csv": 0.0, "0.csv": 0.0, "6.csv": 0.0, "2.csv": 0.0, "9.csv": 92.17046580773042, "7.csv": 0.0}, "Datapoints": 1}, "timestamp": 1552761901.1376128}
{"node_id": 2, "type": "PUSH", "payload": {"Network Cost": 129040}, "timestamp": 1552761901.139845}
{"node_id": 4, "type": "PUSH", "payload": {"Network Cost": 129040}, "timestamp": 1552761901.1552281}
{"node_id": 1, "type": "CONN", "payload": "Got gradients from child 3", "timestamp": 1552761901.941218}
{"node_id": 1, "type": "MERG", "payload": "Merged gradients at node 1", "timestamp": 1552761901.9462008}
{"node_id": 1, "type": "CONN", "payload": "Got gradients from child 2", "timestamp": 1552761902.6910813}
{"node_id": 1, "type": "CONN", "payload": "Got gradients from child 4", "timestamp": 1552761903.3974478}
{"node_id": 1, "type": "STAT", "payload": {"Merge ID": 0, "Child ID": 3, "Skip Test data": 1, "Post Merge Accuracy": {"4.csv": 0.0, "1.csv": 0.0, "3.csv": 0.0, "5.csv": 98.09417040358744, "8.csv": 0.0, "0.csv": 0.0, "6.csv": 1.5657620041753653, "2.csv": 0.0, "9.csv": 0.0, "7.csv": 0.0}}, "timestamp": 1552761907.549458}
{"node_id": 1, "type": "MERG", "payload": "Merged gradients at node 1", "timestamp": 1552761907.552927}
{"node_id": 1, "type": "STAT", "payload": {"Merge ID": 1, "Child ID": 2, "Skip Test data": 1, "Post Merge Accuracy": {"4.csv": 0.0, "1.csv": 0.0, "3.csv": 0.0, "5.csv": 100.0, "8.csv": 0.0, "0.csv": 0.0, "6.csv": 0.0, "2.csv": 0.0, "9.csv": 0.0, "7.csv": 0.0}}, "timestamp": 1552761913.5474577}
{"node_id": 1, "type": "MERG", "payload": "Merged gradients at node 1", "timestamp": 1552761913.6363702}
{"node_id": 1, "type": "STAT", "payload": {"Merge ID": 2, "Child ID": 4, "Skip Test data": 1, "Post Merge Accuracy": {"4.csv": 0.0, "1.csv": 0.0, "3.csv": 0.0, "5.csv": 100.0, "8.csv": 0.0, "0.csv": 0.0, "6.csv": 0.0, "2.csv": 0.0, "9.csv": 0.0, "7.csv": 0.0}}, "timestamp": 1552761918.548616}
{"node_id": 3, "type": "PROC", "payload": {"Window ID": 1, "Memory Usage": 0.16079790541328257}, "timestamp": 1552761931.851775}
{"node_id": 4, "type": "PROC", "payload": {"Window ID": 1, "Memory Usage": 0.1604335872226324}, "timestamp": 1552761933.344282}
{"node_id": 2, "type": "PROC", "payload": {"Window ID": 1, "Memory Usage": 0.16064003419733416}, "timestamp": 1552761936.9459462}
{"node_id": 3, "type": "STAT", "payload": {"Window ID": 1, "Runtime": 36.58945214099367, "Process time": 17.027284969, "Accuracy": {"4.csv": 87.06720977596741, "1.csv": 97.26872246696036, "3.csv": 69.009900990099, "5.csv": 0.7847533632286996, "8.csv": 0.0, "0.csv": 0.0, "6.csv": 0.0, "2.csv": 0.0, "9.csv": 0.0, "7.csv": 88.61867704280155}, "Datapoints": 348}, "timestamp": 1552761938.5366514}
{"node_id": 4, "type": "STAT", "payload": {"Window ID": 1, "Runtime": 36.215499232988805, "Process time": 16.614152238000003, "Accuracy": {"4.csv": 0.0, "1.csv": 0.0, "3.csv": 0.0, "5.csv": 85.20179372197309, "8.csv": 70.12320328542094, "0.csv": 0.0, "6.csv": 0.0, "2.csv": 90.50387596899225, "9.csv": 0.0, "7.csv": 52.52918287937744}, "Datapoints": 366}, "timestamp": 1552761939.6530597}
{"node_id": 2, "type": "STAT", "payload": {"Window ID": 1, "Runtime": 40.19961354701081, "Process time": 20.755310571000003, "Accuracy": {"4.csv": 0.0, "1.csv": 23.43612334801762, "3.csv": 73.46534653465346, "5.csv": 0.0, "8.csv": 0.0, "0.csv": 93.16326530612244, "6.csv": 93.73695198329854, "2.csv": 41.76356589147287, "9.csv": 76.21407333994054, "7.csv": 0.0}, "Datapoints": 478}, "timestamp": 1552761942.9414275}
{"node_id": 3, "type": "PROC", "payload": {"Window ID": 2, "Memory Usage": 0.16799926164846696}, "timestamp": 1552761972.8529508}
{"node_id": 4, "type": "PROC", "payload": {"Window ID": 2, "Memory Usage": 0.16787782225158357}, "timestamp": 1552761972.9590588}
{"node_id": 3, "type": "STAT", "payload": {"Window ID": 2, "Runtime": 40.10542213902227, "Process time": 20.342189950000005, "Accuracy": {"4.csv": 91.64969450101833, "1.csv": 98.32599118942731, "3.csv": 0.0, "5.csv": 15.695067264573993, "8.csv": 37.88501026694045, "0.csv": 89.89795918367346, "6.csv": 0.0, "2.csv": 0.0, "9.csv": 0.0, "7.csv": 92.80155642023347}, "Datapoints": 438}, "timestamp": 1552761978.6457837}
{"node_id": 4, "type": "STAT", "payload": {"Window ID": 2, "Runtime": 39.39531602000352, "Process time": 19.814937749, "Accuracy": {"4.csv": 0.40733197556008144, "1.csv": 0.7048458149779736, "3.csv": 0.09900990099009901, "5.csv": 92.152466367713, "8.csv": 69.60985626283367, "0.csv": 0.0, "6.csv": 0.7306889352818371, "2.csv": 90.69767441860465, "9.csv": 0.8919722497522299, "7.csv": 76.84824902723736}, "Datapoints": 434}, "timestamp": 1552761979.1340506}
{"node_id": 2, "type": "PROC", "payload": {"Window ID": 2, "Memory Usage": 0.17011230715423775}, "timestamp": 1552761985.6375785}
{"node_id": 2, "type": "STAT", "payload": {"Window ID": 2, "Runtime": 48.190150726004504, "Process time": 28.578541615000002, "Accuracy": {"4.csv": 1.120162932790224, "1.csv": 88.45814977973568, "3.csv": 88.61386138613861, "5.csv": 3.6995515695067267, "8.csv": 0.0, "0.csv": 96.42857142857143, "6.csv": 92.27557411273486, "2.csv": 0.29069767441860467, "9.csv": 94.84638255698712, "7.csv": 1.1673151750972763}, "Datapoints": 642}, "timestamp": 1552761991.1352727}
{"node_id": 4, "type": "PROC", "payload": {"Window ID": 3, "Memory Usage": 0.16923794349667742}, "timestamp": 1552762010.1508737}
{"node_id": 3, "type": "PROC", "payload": {"Window ID": 3, "Memory Usage": 0.16979656472234098}, "timestamp": 1552762010.4521205}
{"node_id": 4, "type": "STAT", "payload": {"Window ID": 3, "Runtime": 37.111611550004454, "Process time": 17.350062656, "Accuracy": {"4.csv": 0.8146639511201629, "1.csv": 34.27312775330397, "3.csv": 0.0, "5.csv": 90.80717488789237, "8.csv": 84.59958932238193, "0.csv": 0.0, "6.csv": 1.4613778705636742, "2.csv": 87.98449612403101, "9.csv": 51.536174430128845, "7.csv": 51.07003891050583}, "Datapoints": 472}, "timestamp": 1552762016.2484674}
{"node_id": 3, "type": "STAT", "payload": {"Window ID": 3, "Runtime": 37.80902569799218, "Process time": 18.04496135, "Accuracy": {"4.csv": 94.60285132382892, "1.csv": 95.77092511013215, "3.csv": 4.0594059405940595, "5.csv": 25.672645739910315, "8.csv": 80.59548254620124, "0.csv": 70.51020408163265, "6.csv": 0.0, "2.csv": 7.3643410852713185, "9.csv": 0.0, "7.csv": 92.60700389105058}, "Datapoints": 480}, "timestamp": 1552762016.4622977}
{"node_id": 1, "type": "CONN", "payload": "Got pull request from child 4", "timestamp": 1552762036.454247}
{"node_id": 1, "type": "CONN", "payload": "Got pull request from child 3", "timestamp": 1552762036.6866825}
{"node_id": 4, "type": "PULL", "payload": {"Network Cost": 129040}, "timestamp": 1552762036.7031097}
{"node_id": 3, "type": "PULL", "payload": {"Network Cost": 129040}, "timestamp": 1552762036.8921185}
{"node_id": 2, "type": "PROC", "payload": {"Window ID": 3, "Memory Usage": 0.1734883223875957}, "timestamp": 1552762037.5486155}
{"node_id": 2, "type": "STAT", "payload": {"Window ID": 3, "Runtime": 52.00303305700072, "Process time": 32.39587086900001, "Accuracy": {"4.csv": 59.775967413441954, "1.csv": 91.18942731277532, "3.csv": 92.27722772277228, "5.csv": 3.6995515695067267, "8.csv": 0.0, "0.csv": 96.53061224489797, "6.csv": 92.90187891440502, "2.csv": 25.581395348837212, "9.csv": 80.0792864222002, "7.csv": 46.88715953307393}, "Datapoints": 768}, "timestamp": 1552762043.1413844}
{"node_id": 2, "type": "PUSH", "payload": {"Network Cost": 129040}, "timestamp": 1552762043.2493427}
{"node_id": 1, "type": "CONN", "payload": "Got gradients from child 2", "timestamp": 1552762044.4500468}
{"node_id": 1, "type": "MERG", "payload": "Merged gradients at node 1", "timestamp": 1552762044.454633}
{"node_id": 4, "type": "PROC", "payload": {"Window ID": 4, "Memory Usage": 0.16999086775735436}, "timestamp": 1552762048.7359343}
{"node_id": 1, "type": "STAT", "payload": {"Merge ID": 3, "Child ID": 2, "Skip Test data": 1889, "Post Merge Accuracy": {"4.csv": 10.386965376782078, "1.csv": 0.0, "3.csv": 42.97029702970297, "5.csv": 71.63677130044843, "8.csv": 0.0, "0.csv": 62.55102040816326, "6.csv": 56.471816283924845, "2.csv": 0.0, "9.csv": 28.047571853320118, "7.csv": 0.0}}, "timestamp": 1552762051.058761}
{"node_id": 3, "type": "PROC", "payload": {"Window ID": 4, "Memory Usage": 0.1706709283799013}, "timestamp": 1552762052.8431876}
{"node_id": 4, "type": "STAT", "payload": {"Window ID": 4, "Runtime": 38.19206457299879, "Process time": 17.350459089000005, "Accuracy": {"4.csv": 0.0, "1.csv": 0.0, "3.csv": 0.0, "5.csv": 96.63677130044843, "8.csv": 35.93429158110883, "0.csv": 0.0, "6.csv": 0.0, "2.csv": 81.78294573643412, "9.csv": 0.0, "7.csv": 40.07782101167315}, "Datapoints": 444}, "timestamp": 1552762054.443927}
{"node_id": 4, "type": "PUSH", "payload": {"Network Cost": 129040}, "timestamp": 1552762054.5506516}
{"node_id": 1, "type": "CONN", "payload": "Got gradients from child 4", "timestamp": 1552762055.750868}
{"node_id": 1, "type": "MERG", "payload": "Merged gradients at node 1", "timestamp": 1552762055.7554722}
{"node_id": 3, "type": "STAT", "payload": {"Window ID": 4, "Runtime": 42.28310378198512, "Process time": 21.48976029, "Accuracy": {"4.csv": 91.85336048879837, "1.csv": 99.03083700440529, "3.csv": 1.3861386138613863, "5.csv": 0.0, "8.csv": 0.0, "0.csv": 71.42857142857143, "6.csv": 0.0, "2.csv": 1.6472868217054266, "9.csv": 0.0, "7.csv": 92.70428015564202}, "Datapoints": 453}, "timestamp": 1552762058.7484865}
{"node_id": 3, "type": "PUSH", "payload": {"Network Cost": 129040}, "timestamp": 1552762058.8376627}
{"node_id": 1, "type": "CONN", "payload": "Got gradients from child 3", "timestamp": 1552762060.8729403}
{"node_id": 1, "type": "STAT", "payload": {"Merge ID": 4, "Child ID": 4, "Skip Test data": 1717, "Post Merge Accuracy": {"4.csv": 0.30549898167006106, "1.csv": 2.8193832599118944, "3.csv": 8.91089108910891, "5.csv": 94.61883408071749, "8.csv": 7.084188911704311, "0.csv": 0.10204081632653061, "6.csv": 74.11273486430062, "2.csv": 34.689922480620154, "9.csv": 2.973240832507433, "7.csv": 0.09727626459143969}}, "timestamp": 1552762062.0495434}
{"node_id": 1, "type": "MERG", "payload": "Merged gradients at node 1", "timestamp": 1552762062.0548701}
{"node_id": 1, "type": "CONN", "payload": "Got pull request from child 2", "timestamp": 1552762064.9414098}
{"node_id": 2, "type": "PULL", "payload": {"Network Cost": 129040}, "timestamp": 1552762065.7303298}
{"node_id": 1, "type": "STAT", "payload": {"Merge ID": 5, "Child ID": 3, "Skip Test data": 1720, "Post Merge Accuracy": {"4.csv": 0.0, "1.csv": 94.5374449339207, "3.csv": 62.67326732673267, "5.csv": 56.390134529147986, "8.csv": 10.472279260780287, "0.csv": 74.79591836734694, "6.csv": 66.70146137787056, "2.csv": 25.775193798449614, "9.csv": 0.09910802775024777, "7.csv": 56.32295719844358}}, "timestamp": 1552762068.3554032}
{"node_id": 4, "type": "PROC", "payload": {"Window ID": 5, "Memory Usage": 0.16951725410950919}, "timestamp": 1552762086.7508254}
{"node_id": 2, "type": "PROC", "payload": {"Window ID": 4, "Memory Usage": 0.18484290599619166}, "timestamp": 1552762091.1587307}
{"node_id": 4, "type": "STAT", "payload": {"Window ID": 5, "Runtime": 36.89087774301879, "Process time": 17.163325189000005, "Accuracy": {"4.csv": 0.0, "1.csv": 0.0, "3.csv": 0.0, "5.csv": 85.20179372197309, "8.csv": 88.60369609856262, "0.csv": 43.87755102040816, "6.csv": 0.0, "2.csv": 88.46899224806202, "9.csv": 52.22993062438057, "7.csv": 7.684824902723736}, "Datapoints": 473}, "timestamp": 1552762092.6473448}
{"node_id": 2, "type": "STAT", "payload": {"Window ID": 4, "Runtime": 52.90144902601605, "Process time": 31.345125964000005, "Accuracy": {"4.csv": 0.40733197556008144, "1.csv": 90.30837004405286, "3.csv": 95.24752475247524, "5.csv": 8.632286995515695, "8.csv": 0.0, "0.csv": 93.77551020408164, "6.csv": 92.79749478079331, "2.csv": 16.76356589147287, "9.csv": 89.69276511397423, "7.csv": 44.64980544747082}, "Datapoints": 851}, "timestamp": 1552762097.4344535}
{"node_id": 3, "type": "PROC", "payload": {"Window ID": 5, "Memory Usage": 0.17014873897330277}, "timestamp": 1552762097.8368723}
{"node_id": 3, "type": "STAT", "payload": {"Window ID": 5, "Runtime": 43.00843166100094, "Process time": 23.444330034000004, "Accuracy": {"4.csv": 91.64969450101833, "1.csv": 97.79735682819384, "3.csv": 74.45544554455445, "5.csv": 0.0, "8.csv": 24.948665297741275, "0.csv": 72.34693877551021, "6.csv": 1.2526096033402923, "2.csv": 3.488372093023256, "9.csv": 0.0, "7.csv": 94.26070038910505}, "Datapoints": 531}, "timestamp": 1552762103.9475145}
{"node_id": 4, "type": "PROC", "payload": {"Window ID": 6, "Memory Usage": 0.1701001632145494}, "timestamp": 1552762125.7663574}
{"node_id": 4, "type": "STAT", "payload": {"Window ID": 6, "Runtime": 39.30642255899147, "Process time": 19.557428678999997, "Accuracy": {"4.csv": 0.0, "1.csv": 0.0, "3.csv": 0.0, "5.csv": 87.89237668161435, "8.csv": 96.81724845995893, "0.csv": 1.1224489795918366, "6.csv": 6.993736951983298, "2.csv": 82.75193798449612, "9.csv": 13.77601585728444, "7.csv": 51.36186770428015}, "Datapoints": 442}, "timestamp": 1552762132.034354}
{"node_id": 3, "type": "PROC", "payload": {"Window ID": 6, "Memory Usage": 0.1716910193137217}, "timestamp": 1552762136.1583393}
{"node_id": 3, "type": "STAT", "payload": {"Window ID": 6, "Runtime": 37.49687408099999, "Process time": 17.747390003000007, "Accuracy": {"4.csv": 92.05702647657841, "1.csv": 98.59030837004406, "3.csv": 23.16831683168317, "5.csv": 0.0, "8.csv": 4.004106776180698, "0.csv": 50.10204081632653, "6.csv": 13.987473903966595, "2.csv": 64.43798449612403, "9.csv": 38.35480673934589, "7.csv": 95.23346303501945}, "Datapoints": 516}, "timestamp": 1552762141.4477994}
{"node_id": 2, "type": "PROC", "payload": {"Window ID": 5, "Memory Usage": 0.18665235300975402}, "timestamp": 1552762141.6343815}
{"node_id": 2, "type": "STAT", "payload": {"Window ID": 5, "Runtime": 49.81986405100906, "Process time": 30.262924989000012, "Accuracy": {"4.csv": 43.78818737270876, "1.csv": 93.74449339207048, "3.csv": 90.89108910891089, "5.csv": 35.2017937219731, "8.csv": 15.708418891170432, "0.csv": 98.57142857142858, "6.csv": 91.02296450939458, "2.csv": 63.662790697674424, "9.csv": 89.197224975223, "7.csv": 74.5136186770428}, "Datapoints": 845}, "timestamp": 1552762147.3342948}
{"node_id": 1, "type": "CONN", "payload": "Got pull request from child 3", "timestamp": 1552762161.582936}
{"node_id": 3, "type": "PULL", "payload": {"Network Cost": 129040}, "timestamp": 1552762161.809065}
{"node_id": 4, "type": "PROC", "payload": {"Window ID": 7, "Memory Usage": 0.16956582986826255}, "timestamp": 1552762166.3486974}
{"node_id": 4, "type": "STAT", "payload": {"Window ID": 7, "Runtime": 40.807769100996666, "Process time": 21.135008841000015, "Accuracy": {"4.csv": 11.303462321792262, "1.csv": 30.66079295154185, "3.csv": 0.0, "5.csv": 92.37668161434978, "8.csv": 79.7741273100616, "0.csv": 38.163265306122454, "6.csv": 0.0, "2.csv": 91.27906976744185, "9.csv": 44.5986124876115, "7.csv": 63.715953307392994}, "Datapoints": 471}, "timestamp": 1552762172.934843}
{"node_id": 3, "type": "PROC", "payload": {"Window ID": 7, "Memory Usage": 0.1714481405199549}, "timestamp": 1552762176.539686}
{"node_id": 3, "type": "STAT", "payload": {"Window ID": 7, "Runtime": 41.29384370998014, "Process time": 20.056449146999995, "Accuracy": {"4.csv": 87.16904276985743, "1.csv": 97.3568281938326, "3.csv": 51.08910891089109, "5.csv": 0.0, "8.csv": 35.01026694045174, "0.csv": 86.93877551020408, "6.csv": 76.82672233820459, "2.csv": 46.31782945736434, "9.csv": 0.0, "7.csv": 92.80155642023347}, "Datapoints": 447}, "timestamp": 1552762182.7447975}
{"node_id": 3, "type": "PUSH", "payload": {"Network Cost": 129040}, "timestamp": 1552762182.763205}
{"node_id": 1, "type": "CONN", "payload": "Got gradients from child 3", "timestamp": 1552762183.980934}
{"node_id": 1, "type": "MERG", "payload": "Merged gradients at node 1", "timestamp": 1552762183.9850852}
{"node_id": 2, "type": "PROC", "payload": {"Window ID": 6, "Memory Usage": 0.1840535499164497}, "timestamp": 1552762187.8416295}
{"node_id": 1, "type": "STAT", "payload": {"Merge ID": 6, "Child ID": 3, "Skip Test data": 3214, "Post Merge Accuracy": {"4.csv": 24.54175152749491, "1.csv": 97.79735682819384, "3.csv": 71.58415841584159, "5.csv": 6.502242152466367, "8.csv": 24.743326488706366, "0.csv": 90.20408163265307, "6.csv": 72.44258872651356, "2.csv": 31.3953488372093, "9.csv": 0.0, "7.csv": 83.65758754863813}}, "timestamp": 1552762190.056395}
{"node_id": 1, "type": "CONN", "payload": "Got pull request from child 4", "timestamp": 1552762193.228927}
{"node_id": 4, "type": "PULL", "payload": {"Network Cost": 129040}, "timestamp": 1552762193.4357758}
{"node_id": 2, "type": "STAT", "payload": {"Window ID": 6, "Runtime": 46.59801144801895, "Process time": 26.839842256000026, "Accuracy": {"4.csv": 57.331975560081474, "1.csv": 87.84140969162996, "3.csv": 90.5940594059406, "5.csv": 37.219730941704036, "8.csv": 45.37987679671458, "0.csv": 95.91836734693877, "6.csv": 96.24217118997912, "2.csv": 62.7906976744186, "9.csv": 93.06243805748265, "7.csv": 68.67704280155642}, "Datapoints": 796}, "timestamp": 1552762193.9361172}
{"node_id": 2, "type": "PUSH", "payload": {"Network Cost": 129040}, "timestamp": 1552762193.9606512}
{"node_id": 1, "type": "CONN", "payload": "Got gradients from child 2", "timestamp": 1552762195.1953847}
{"node_id": 1, "type": "MERG", "payload": "Merged gradients at node 1", "timestamp": 1552762195.1995516}
{"node_id": 1, "type": "STAT", "payload": {"Merge ID": 7, "Child ID": 2, "Skip Test data": 4381, "Post Merge Accuracy": {"4.csv": 7.128309572301425, "1.csv": 97.3568281938326, "3.csv": 89.60396039603961, "5.csv": 8.856502242152468, "8.csv": 29.876796714579058, "0.csv": 96.93877551020408, "6.csv": 87.16075156576201, "2.csv": 36.82170542635659, "9.csv": 45.78790882061447, "7.csv": 84.24124513618678}}, "timestamp": 1552762201.2550468}
{"node_id": 4, "type": "PROC", "payload": {"Window ID": 8, "Memory Usage": 0.1701608829129911}, "timestamp": 1552762208.2507772}
{"node_id": 4, "type": "STAT", "payload": {"Window ID": 8, "Runtime": 41.21118754099007, "Process time": 20.355741066999997, "Accuracy": {"4.csv": 0.0, "1.csv": 64.22907488986785, "3.csv": 0.0, "5.csv": 82.17488789237667, "8.csv": 80.9034907597536, "0.csv": 70.20408163265306, "6.csv": 48.32985386221294, "2.csv": 92.73255813953489, "9.csv": 34.489593657086225, "7.csv": 71.10894941634241}, "Datapoints": 489}, "timestamp": 1552762214.2358167}
{"node_id": 4, "type": "PUSH", "payload": {"Network Cost": 129040}, "timestamp": 1552762214.2569642}
{"node_id": 1, "type": "CONN", "payload": "Got gradients from child 4", "timestamp": 1552762215.541193}
{"node_id": 1, "type": "MERG", "payload": "Merged gradients at node 1", "timestamp": 1552762215.545613}
{"node_id": 3, "type": "PROC", "payload": {"Window ID": 8, "Memory Usage": 0.17013659503361442}, "timestamp": 1552762223.737374}
{"node_id": 3, "type": "STAT", "payload": {"Window ID": 8, "Runtime": 45.45609869598411, "Process time": 25.751399871000018, "Accuracy": {"4.csv": 92.87169042769857, "1.csv": 95.77092511013215, "3.csv": 54.35643564356436, "5.csv": 60.42600896860987, "8.csv": 40.86242299794661, "0.csv": 84.38775510204081, "6.csv": 53.5490605427975, "2.csv": 61.627906976744185, "9.csv": 37.56194251734391, "7.csv": 90.56420233463035}, "Datapoints": 510}, "timestamp": 1552762229.442173}
{"node_id": 4, "type": "PROC", "payload": {"Window ID": 9, "Memory Usage": 0.17059806474177128}, "timestamp": 1552762247.2491658}
{"node_id": 4, "type": "STAT", "payload": {"Window ID": 9, "Runtime": 37.30049862299347, "Process time": 17.564220667, "Accuracy": {"4.csv": 30.04073319755601, "1.csv": 84.66960352422907, "3.csv": 12.475247524752476, "5.csv": 89.91031390134529, "8.csv": 85.62628336755647, "0.csv": 80.61224489795919, "6.csv": 77.97494780793319, "2.csv": 89.63178294573643, "9.csv": 47.571853320118926, "7.csv": 63.61867704280155}, "Datapoints": 510}, "timestamp": 1552762252.846727}
{"node_id": 3, "type": "PROC", "payload": {"Window ID": 9, "Memory Usage": 0.17142385264057824}, "timestamp": 1552762260.2467082}
{"node_id": 3, "type": "STAT", "payload": {"Window ID": 9, "Runtime": 36.89950450998731, "Process time": 17.27007956099999, "Accuracy": {"4.csv": 87.67820773930754, "1.csv": 98.59030837004406, "3.csv": 61.68316831683168, "5.csv": 34.08071748878923, "8.csv": 63.14168377823408, "0.csv": 81.42857142857143, "6.csv": 89.66597077244259, "2.csv": 56.104651162790695, "9.csv": 50.24777006937562, "7.csv": 92.99610894941634}, "Datapoints": 543}, "timestamp": 1552762266.345269}
{"node_id": 1, "type": "CONN", "payload": "Got pull request from child 3", "timestamp": 1552762286.5313296}
{"node_id": 3, "type": "PULL", "payload": {"Network Cost": 129040}, "timestamp": 1552762286.764891}
{"node_id": 4, "type": "PROC", "payload": {"Window ID": 10, "Memory Usage": 0.1710231026308631}, "timestamp": 1552762287.3364518}
{"node_id": 4, "type": "STAT", "payload": {"Window ID": 10, "Runtime": 39.995015786989825, "Process time": 20.416857147, "Accuracy": {"4.csv": 43.075356415478616, "1.csv": 86.34361233480176, "3.csv": 62.17821782178218, "5.csv": 85.42600896860986, "8.csv": 88.19301848049281, "0.csv": 84.18367346938776, "6.csv": 71.50313152400834, "2.csv": 87.3062015503876, "9.csv": 64.12289395441032, "7.csv": 72.08171206225681}, "Datapoints": 445}, "timestamp": 1552762292.844573}
{"node_id": 3, "type": "PROC", "payload": {"Window ID": 10, "Memory Usage": 0.1721160572028135}, "timestamp": 1552762300.4384367}
{"node_id": 3, "type": "STAT", "payload": {"Window ID": 10, "Runtime": 40.49535965800169, "Process time": 19.775914168000014, "Accuracy": {"4.csv": 90.83503054989816, "1.csv": 96.47577092511013, "3.csv": 72.67326732673267, "5.csv": 73.31838565022422, "8.csv": 52.15605749486652, "0.csv": 84.59183673469389, "6.csv": 72.1294363256785, "2.csv": 56.201550387596896, "9.csv": 29.633300297324084, "7.csv": 91.53696498054474}, "Datapoints": 442}, "timestamp": 1552762306.8432767}
{"node_id": 3, "type": "PUSH", "payload": {"Network Cost": 129040}, "timestamp": 1552762306.8586648}
{"node_id": 1, "type": "CONN", "payload": "Got gradients from child 3", "timestamp": 1552762308.1127849}
{"node_id": 4, "type": "PROC", "payload": {"Window ID": 11, "Memory Usage": 0.16979656472234098}, "timestamp": 1552762326.4390512}
{"node_id": 4, "type": "STAT", "payload": {"Window ID": 11, "Runtime": 39.18860532599501, "Process time": 19.55593405900001, "Accuracy": {"4.csv": 72.60692464358452, "1.csv": 87.5770925110132, "3.csv": 25.445544554455445, "5.csv": 87.33183856502242, "8.csv": 93.94250513347022, "0.csv": 81.0204081632653, "6.csv": 77.03549060542797, "2.csv": 86.82170542635659, "9.csv": 18.037661050545097, "7.csv": 49.31906614785993}, "Datapoints": 479}, "timestamp": 1552762332.0366552}
{"node_id": 3, "type": "PROC", "payload": {"Window ID": 11, "Memory Usage": 0.17008801927486109}, "timestamp": 1552762344.8385284}
{"node_id": 3, "type": "STAT", "payload": {"Window ID": 11, "Runtime": 42.61908012200729, "Process time": 22.870599295000005, "Accuracy": {"4.csv": 92.9735234215886, "1.csv": 98.32599118942731, "3.csv": 80.0990099009901, "5.csv": 40.91928251121077, "8.csv": 51.84804928131417, "0.csv": 87.24489795918367, "6.csv": 62.21294363256785, "2.csv": 59.399224806201545, "9.csv": 40.43607532210109, "7.csv": 92.70428015564202}, "Datapoints": 500}, "timestamp": 1552762350.7367687}
{"node_id": 1, "type": "CONN", "payload": "Got pull request from child 4", "timestamp": 1552762352.2110925}
{"node_id": 4, "type": "PULL", "payload": {"Network Cost": 129040}, "timestamp": 1552762352.421604}
{"node_id": 4, "type": "PROC", "payload": {"Window ID": 12, "Memory Usage": 0.17039161776706951}, "timestamp": 1552762364.1366646}
{"node_id": 4, "type": "STAT", "payload": {"Window ID": 12, "Runtime": 37.99970101600047, "Process time": 17.283541601999985, "Accuracy": {"4.csv": 42.76985743380855, "1.csv": 80.79295154185021, "3.csv": 50.5940594059406, "5.csv": 85.42600896860986, "8.csv": 87.782340862423, "0.csv": 81.22448979591836, "6.csv": 81.3152400835073, "2.csv": 81.2015503875969, "9.csv": 77.7998017839445, "7.csv": 62.45136186770428}, "Datapoints": 468}, "timestamp": 1552762370.039801}
{"node_id": 4, "type": "PUSH", "payload": {"Network Cost": 129040}, "timestamp": 1552762370.0558565}
{"node_id": 1, "type": "CONN", "payload": "Got gradients from child 4", "timestamp": 1552762371.2916875}
{"node_id": 3, "type": "PROC", "payload": {"Window ID": 12, "Memory Usage": 0.17136313294213656}, "timestamp": 1552762381.83904}
{"node_id": 3, "type": "STAT", "payload": {"Window ID": 12, "Runtime": 37.11137259300449, "Process time": 17.595880973999982, "Accuracy": {"4.csv": 93.89002036659878, "1.csv": 98.14977973568281, "3.csv": 76.63366336633663, "5.csv": 54.035874439461885, "8.csv": 43.3264887063655, "0.csv": 92.75510204081633, "6.csv": 84.55114822546973, "2.csv": 73.83720930232558, "9.csv": 29.534192269573833, "7.csv": 92.31517509727627}, "Datapoints": 510}, "timestamp": 1552762387.9345958}
{"node_id": 4, "type": "PROC", "payload": {"Window ID": 13, "Memory Usage": 0.1702216026114328}, "timestamp": 1552762400.3400476}
{"node_id": 4, "type": "STAT", "payload": {"Window ID": 13, "Runtime": 35.254411319008796, "Process time": 15.566052374999998, "Accuracy": {"4.csv": 68.73727087576374, "1.csv": 92.15859030837005, "3.csv": 51.48514851485149, "5.csv": 82.0627802690583, "8.csv": 88.29568788501027, "0.csv": 76.42857142857142, "6.csv": 72.44258872651356, "2.csv": 80.23255813953489, "9.csv": 64.61843409316155, "7.csv": 73.24902723735408}, "Datapoints": 471}, "timestamp": 1552762406.55212}
{"node_id": 1, "type": "CONN", "payload": "Got pull request from child 3", "timestamp": 1552762408.0700958}
{"node_id": 3, "type": "PULL", "payload": {"Network Cost": 129040}, "timestamp": 1552762408.280752}
{"node_id": 3, "type": "PROC", "payload": {"Window ID": 13, "Memory Usage": 0.17152100415808494}, "timestamp": 1552762420.545687}
{"node_id": 3, "type": "STAT", "payload": {"Window ID": 13, "Runtime": 38.514613631996326, "Process time": 17.874531458999968, "Accuracy": {"4.csv": 83.70672097759673, "1.csv": 96.38766519823788, "3.csv": 85.04950495049505, "5.csv": 50.56053811659192, "8.csv": 55.85215605749486, "0.csv": 84.28571428571429, "6.csv": 74.00835073068893, "2.csv": 59.59302325581395, "9.csv": 58.67195242814668, "7.csv": 93.57976653696498}, "Datapoints": 444}, "timestamp": 1552762426.53519}
{"node_id": 4, "type": "PROC", "payload": {"Window ID": 14, "Memory Usage": 0.1702580344304978}, "timestamp": 1552762438.3375826}
{"node_id": 4, "type": "STAT", "payload": {"Window ID": 14, "Runtime": 37.3835318510246, "Process time": 17.786012663000037, "Accuracy": {"4.csv": 71.89409368635438, "1.csv": 84.22907488986783, "3.csv": 58.51485148514851, "5.csv": 86.99551569506725, "8.csv": 86.24229979466119, "0.csv": 67.24489795918367, "6.csv": 75.67849686847599, "2.csv": 88.17829457364341, "9.csv": 62.537165510406346, "7.csv": 82.29571984435798}, "Datapoints": 420}, "timestamp": 1552762443.93841}
{"node_id": 3, "type": "PROC", "payload": {"Window ID": 14, "Memory Usage": 0.17027017837018615}, "timestamp": 1552762456.9412436}
{"node_id": 3, "type": "STAT", "payload": {"Window ID": 14, "Runtime": 36.197104071005015, "Process time": 16.58377466799999, "Accuracy": {"4.csv": 97.5560081466395, "1.csv": 97.97356828193833, "3.csv": 58.31683168316831, "5.csv": 66.81614349775785, "8.csv": 64.8870636550308, "0.csv": 77.44897959183673, "6.csv": 69.8329853862213, "2.csv": 46.12403100775194, "9.csv": 32.804757185332015, "7.csv": 92.12062256809338}, "Datapoints": 462}, "timestamp": 1552762462.7355072}
{"node_id": 3, "type": "PUSH", "payload": {"Network Cost": 129040}, "timestamp": 1552762462.7561865}
{"node_id": 1, "type": "CONN", "payload": "Got gradients from child 3", "timestamp": 1552762463.950205}
{"node_id": 4, "type": "PROC", "payload": {"Window ID": 15, "Memory Usage": 0.1692986631951191}, "timestamp": 1552762474.23693}
{"node_id": 4, "type": "STAT", "payload": {"Window ID": 15, "Runtime": 36.403011212998535, "Process time": 16.759308806999968, "Accuracy": {"4.csv": 67.20977596741345, "1.csv": 84.14096916299559, "3.csv": 52.37623762376238, "5.csv": 87.4439461883408, "8.csv": 90.24640657084188, "0.csv": 83.77551020408164, "6.csv": 73.48643006263048, "2.csv": 87.3062015503876, "9.csv": 81.56590683845391, "7.csv": 72.568093385214}, "Datapoints": 448}, "timestamp": 1552762480.3440957}
{"node_id": 3, "type": "PROC", "payload": {"Window ID": 15, "Memory Usage": 0.17059806474177128}, "timestamp": 1552762497.438979}
{"node_id": 1, "type": "CONN", "payload": "Got pull request from child 4", "timestamp": 1552762500.4846032}
{"node_id": 4, "type": "PULL", "payload": {"Network Cost": 129040}, "timestamp": 1552762500.6954117}
{"node_id": 3, "type": "STAT", "payload": {"Window ID": 15, "Runtime": 39.39381501098978, "Process time": 19.768988868000008, "Accuracy": {"4.csv": 93.48268839103869, "1.csv": 96.82819383259911, "3.csv": 69.9009900990099, "5.csv": 60.0896860986547, "8.csv": 70.02053388090349, "0.csv": 95.3061224489796, "6.csv": 69.93736951983298, "2.csv": 68.5077519379845, "9.csv": 71.55599603567889, "7.csv": 85.7976653696498}, "Datapoints": 448}, "timestamp": 1552762503.3493798}
{"node_id": 4, "type": "PROC", "payload": {"Window ID": 16, "Memory Usage": 0.16977227684296428}, "timestamp": 1552762512.3476572}
{"node_id": 4, "type": "STAT", "payload": {"Window ID": 16, "Runtime": 38.09870540598058, "Process time": 17.318154651000043, "Accuracy": {"4.csv": 64.96945010183299, "1.csv": 74.00881057268722, "3.csv": 24.95049504950495, "5.csv": 84.75336322869956, "8.csv": 84.39425051334702, "0.csv": 80.10204081632652, "6.csv": 77.97494780793319, "2.csv": 71.99612403100775, "9.csv": 70.26759167492567, "7.csv": 67.41245136186771}, "Datapoints": 436}, "timestamp": 1552762518.4456031}
{"node_id": 4, "type": "PUSH", "payload": {"Network Cost": 129040}, "timestamp": 1552762518.4605446}
{"node_id": 1, "type": "CONN", "payload": "Got gradients from child 4", "timestamp": 1552762519.672994}
{"node_id": 3, "type": "PROC", "payload": {"Window ID": 16, "Memory Usage": 0.17044019352582288}, "timestamp": 1552762532.2385468}
{"node_id": 3, "type": "STAT", "payload": {"Window ID": 16, "Runtime": 34.391594869986875, "Process time": 14.753288144999999, "Accuracy": {"4.csv": 95.9266802443992, "1.csv": 97.18061674008811, "3.csv": 68.51485148514853, "5.csv": 62.89237668161435, "8.csv": 51.437371663244356, "0.csv": 93.36734693877551, "6.csv": 74.21711899791231, "2.csv": 62.2093023255814, "9.csv": 60.35678889990089, "7.csv": 90.07782101167315}, "Datapoints": 471}, "timestamp": 1552762537.7442462}
{"node_id": 4, "type": "PROC", "payload": {"Window ID": 17, "Memory Usage": 0.1696144056270159}, "timestamp": 1552762551.136356}
{"node_id": 4, "type": "STAT", "payload": {"Window ID": 17, "Runtime": 37.45853951800382, "Process time": 17.76855385899995, "Accuracy": {"4.csv": 67.92260692464357, "1.csv": 71.18942731277534, "3.csv": 44.15841584158416, "5.csv": 89.01345291479821, "8.csv": 83.16221765913757, "0.csv": 89.38775510204081, "6.csv": 74.53027139874739, "2.csv": 89.92248062015504, "9.csv": 65.60951437066403, "7.csv": 67.80155642023347}, "Datapoints": 470}, "timestamp": 1552762557.1370044}
{"node_id": 1, "type": "CONN", "payload": "Got pull request from child 3", "timestamp": 1552762557.9038007}
{"node_id": 3, "type": "PULL", "payload": {"Network Cost": 129040}, "timestamp": 1552762558.1116662}
{"node_id": 3, "type": "PROC", "payload": {"Window ID": 17, "Memory Usage": 0.17078022383709635}, "timestamp": 1552762573.3465805}
{"node_id": 3, "type": "STAT", "payload": {"Window ID": 17, "Runtime": 41.395901466021314, "Process time": 20.620629169999972, "Accuracy": {"4.csv": 91.0386965376782, "1.csv": 94.62555066079295, "3.csv": 80.5940594059406, "5.csv": 50.0, "8.csv": 36.75564681724846, "0.csv": 91.12244897959184, "6.csv": 79.12317327766179, "2.csv": 78.19767441860465, "9.csv": 26.7591674925669, "7.csv": 92.12062256809338}, "Datapoints": 412}, "timestamp": 1552762579.1434479}
{"node_id": 4, "type": "PROC", "payload": {"Window ID": 18, "Memory Usage": 0.17024589049080946}, "timestamp": 1552762586.6427581}
{"node_id": 4, "type": "STAT", "payload": {"Window ID": 18, "Runtime": 35.40333919599652, "Process time": 15.705346130999999, "Accuracy": {"4.csv": 70.77393075356414, "1.csv": 73.92070484581498, "3.csv": 56.732673267326724, "5.csv": 89.34977578475336, "8.csv": 84.90759753593429, "0.csv": 83.6734693877551, "6.csv": 75.5741127348643, "2.csv": 89.82558139534885, "9.csv": 78.49355797819624, "7.csv": 74.5136186770428}, "Datapoints": 449}, "timestamp": 1552762592.5438187}
{"node_id": 3, "type": "PROC", "payload": {"Window ID": 18, "Memory Usage": 0.16972370108421095}, "timestamp": 1552762614.245586}
{"node_id": 3, "type": "STAT", "payload": {"Window ID": 18, "Runtime": 41.598043571983, "Process time": 22.066036342000018, "Accuracy": {"4.csv": 92.15885947046843, "1.csv": 98.6784140969163, "3.csv": 81.68316831683168, "5.csv": 54.48430493273543, "8.csv": 38.398357289527716, "0.csv": 92.14285714285714, "6.csv": 85.69937369519833, "2.csv": 57.84883720930233, "9.csv": 55.599603567889, "7.csv": 89.29961089494164}, "Datapoints": 495}, "timestamp": 1552762620.7443843}
{"node_id": 3, "type": "PUSH", "payload": {"Network Cost": 129040}, "timestamp": 1552762620.764335}
{"node_id": 1, "type": "CONN", "payload": "Got gradients from child 3", "timestamp": 1552762621.9743555}
{"node_id": 4, "type": "PROC", "payload": {"Window ID": 19, "Memory Usage": 0.169869428360471}, "timestamp": 1552762623.443081}
{"node_id": 4, "type": "STAT", "payload": {"Window ID": 19, "Runtime": 36.094185641006334, "Process time": 16.513948930000026, "Accuracy": {"4.csv": 67.10794297352342, "1.csv": 80.70484581497797, "3.csv": 65.54455445544555, "5.csv": 79.26008968609865, "8.csv": 89.01437371663245, "0.csv": 80.51020408163265, "6.csv": 76.7223382045929, "2.csv": 90.69767441860465, "9.csv": 76.31318136769079, "7.csv": 79.47470817120622}, "Datapoints": 423}, "timestamp": 1552762628.6409009}
{"node_id": 1, "type": "CONN", "payload": "Got pull request from child 4", "timestamp": 1552762648.8796642}
{"node_id": 4, "type": "PULL", "payload": {"Network Cost": 129040}, "timestamp": 1552762649.1002228}
{"node_id": 3, "type": "PROC", "payload": {"Window ID": 19, "Memory Usage": 0.17129026930400654}, "timestamp": 1552762655.1434958}
{"node_id": 4, "type": "PROC", "payload": {"Window ID": 20, "Memory Usage": 0.16933509501418412}, "timestamp": 1552762659.7516658}
{"node_id": 3, "type": "STAT", "payload": {"Window ID": 19, "Runtime": 39.856806950003374, "Process time": 20.17189838600001, "Accuracy": {"4.csv": 95.62118126272912, "1.csv": 95.33039647577093, "3.csv": 63.06930693069307, "5.csv": 75.22421524663677, "8.csv": 51.95071868583162, "0.csv": 77.9591836734694, "6.csv": 85.90814196242171, "2.csv": 63.17829457364341, "9.csv": 69.37561942517344, "7.csv": 87.64591439688716}, "Datapoints": 512}, "timestamp": 1552762661.8363886}
{"node_id": 4, "type": "STAT", "payload": {"Window ID": 20, "Runtime": 37.81114184498438, "Process time": 17.040209678999986, "Accuracy": {"4.csv": 54.68431771894093, "1.csv": 84.31718061674009, "3.csv": 49.00990099009901, "5.csv": 87.66816143497758, "8.csv": 80.59548254620124, "0.csv": 65.81632653061224, "6.csv": 75.46972860125261, "2.csv": 89.72868217054264, "9.csv": 53.12190287413281, "7.csv": 81.51750972762646}, "Datapoints": 432}, "timestamp": 1552762666.545552}
{"node_id": 4, "type": "PUSH", "payload": {"Network Cost": 129040}, "timestamp": 1552762666.646895}
{"node_id": 1, "type": "CONN", "payload": "Got gradients from child 4", "timestamp": 1552762667.8774173}
{"node_id": 1, "type": "CONN", "payload": "Got pull request from child 3", "timestamp": 1552762682.0027866}
{"node_id": 3, "type": "PULL", "payload": {"Network Cost": 129040}, "timestamp": 1552762682.2137313}
{"node_id": 3, "type": "PROC", "payload": {"Window ID": 20, "Memory Usage": 0.1716910193137217}, "timestamp": 1552762693.1406338}
{"node_id": 4, "type": "PROC", "payload": {"Window ID": 21, "Memory Usage": 0.16954154198888588}, "timestamp": 1552762695.9406924}
{"node_id": 3, "type": "STAT", "payload": {"Window ID": 20, "Runtime": 37.00368613601313, "Process time": 16.328476640999952, "Accuracy": {"4.csv": 90.83503054989816, "1.csv": 97.18061674008811, "3.csv": 74.25742574257426, "5.csv": 51.12107623318386, "8.csv": 49.58932238193018, "0.csv": 73.16326530612245, "6.csv": 75.46972860125261, "2.csv": 59.399224806201545, "9.csv": 18.830525272547078, "7.csv": 94.3579766536965}, "Datapoints": 477}, "timestamp": 1552762698.843687}
{"node_id": 4, "type": "STAT", "payload": {"Window ID": 21, "Runtime": 33.861092452018056, "Process time": 14.47923898700003, "Accuracy": {"4.csv": 54.378818737270876, "1.csv": 69.2511013215859, "3.csv": 43.960396039603964, "5.csv": 94.05829596412556, "8.csv": 78.02874743326488, "0.csv": 80.81632653061224, "6.csv": 81.3152400835073, "2.csv": 83.23643410852713, "9.csv": 77.30426164519326, "7.csv": 66.82879377431907}, "Datapoints": 469}, "timestamp": 1552762701.7447271}
{"node_id": 3, "type": "PROC", "payload": {"Window ID": 21, "Memory Usage": 0.17096238293242141}, "timestamp": 1552762731.4468837}
{"node_id": 4, "type": "PROC", "payload": {"Window ID": 22, "Memory Usage": 0.1703187541289395}, "timestamp": 1552762732.0363975}
{"node_id": 3, "type": "STAT", "payload": {"Window ID": 21, "Runtime": 38.901485334994504, "Process time": 19.29139182, "Accuracy": {"4.csv": 88.18737270875764, "1.csv": 94.7136563876652, "3.csv": 80.19801980198021, "5.csv": 58.52017937219731, "8.csv": 57.08418891170432, "0.csv": 93.06122448979592, "6.csv": 71.92066805845512, "2.csv": 69.57364341085271, "9.csv": 41.32804757185332, "7.csv": 91.14785992217898}, "Datapoints": 443}, "timestamp": 1552762737.7484431}
{"node_id": 4, "type": "STAT", "payload": {"Window ID": 22, "Runtime": 36.786937527998816, "Process time": 17.19842884100001, "Accuracy": {"4.csv": 55.29531568228106, "1.csv": 84.49339207048459, "3.csv": 55.44554455445545, "5.csv": 85.76233183856502, "8.csv": 86.24229979466119, "0.csv": 85.61224489795919, "6.csv": 68.99791231732777, "2.csv": 93.7015503875969, "9.csv": 75.22299306243806, "7.csv": 73.34630350194551}, "Datapoints": 405}, "timestamp": 1552762738.535099}
{"node_id": 3, "type": "PROC", "payload": {"Window ID": 22, "Memory Usage": 0.17029446624956282}, "timestamp": 1552762770.0380266}
{"node_id": 4, "type": "PROC", "payload": {"Window ID": 23, "Memory Usage": 0.16908007228072902}, "timestamp": 1552762770.5485182}
{"node_id": 3, "type": "STAT", "payload": {"Window ID": 22, "Runtime": 38.19527845500852, "Process time": 18.599725438000007, "Accuracy": {"4.csv": 88.28920570264765, "1.csv": 96.38766519823788, "3.csv": 79.00990099009901, "5.csv": 58.18385650224215, "8.csv": 59.034907597535934, "0.csv": 90.0, "6.csv": 73.06889352818372, "2.csv": 75.5813953488372, "9.csv": 42.02180376610505, "7.csv": 90.07782101167315}, "Datapoints": 465}, "timestamp": 1552762775.9466245}
{"node_id": 3, "type": "PUSH", "payload": {"Network Cost": 129040}, "timestamp": 1552762776.0390353}
{"node_id": 4, "type": "STAT", "payload": {"Window ID": 23, "Runtime": 37.902975954988506, "Process time": 18.23199448700001, "Accuracy": {"4.csv": 77.80040733197556, "1.csv": 73.92070484581498, "3.csv": 46.831683168316836, "5.csv": 91.14349775784754, "8.csv": 81.82751540041068, "0.csv": 88.77551020408163, "6.csv": 69.51983298538622, "2.csv": 89.05038759689923, "9.csv": 59.9603567888999, "7.csv": 68.09338521400778}, "Datapoints": 440}, "timestamp": 1552762776.441188}
{"node_id": 1, "type": "CONN", "payload": "Got gradients from child 3", "timestamp": 1552762777.2425807}
{"node_id": 1, "type": "CONN", "payload": "Got pull request from child 4", "timestamp": 1552762796.5706875}
{"node_id": 4, "type": "PULL", "payload": {"Network Cost": 129040}, "timestamp": 1552762796.7778707}
{"node_id": 4, "type": "PROC", "payload": {"Window ID": 24, "Memory Usage": 0.16974798896358761}, "timestamp": 1552762809.7390234}
{"node_id": 3, "type": "PROC", "payload": {"Window ID": 23, "Memory Usage": 0.17073164807834298}, "timestamp": 1552762810.0438623}
{"node_id": 4, "type": "STAT", "payload": {"Window ID": 24, "Runtime": 38.90261875698343, "Process time": 18.254712393000034, "Accuracy": {"4.csv": 56.41547861507128, "1.csv": 79.20704845814977, "3.csv": 43.46534653465346, "5.csv": 84.19282511210763, "8.csv": 86.24229979466119, "0.csv": 65.71428571428571, "6.csv": 80.48016701461378, "2.csv": 80.42635658914729, "9.csv": 71.95242814667988, "7.csv": 76.65369649805449}, "Datapoints": 453}, "timestamp": 1552762815.3468087}
{"node_id": 4, "type": "PUSH", "payload": {"Network Cost": 129040}, "timestamp": 1552762815.4369013}
{"node_id": 3, "type": "STAT", "payload": {"Window ID": 23, "Runtime": 38.288420279015554, "Process time": 18.519747912000014, "Accuracy": {"4.csv": 95.01018329938901, "1.csv": 96.82819383259911, "3.csv": 81.48514851485147, "5.csv": 61.54708520179371, "8.csv": 66.11909650924025, "0.csv": 86.93877551020408, "6.csv": 84.34237995824635, "2.csv": 66.56976744186046, "9.csv": 49.554013875123886, "7.csv": 88.03501945525292}, "Datapoints": 473}, "timestamp": 1552762815.5363948}
{"node_id": 1, "type": "CONN", "payload": "Got gradients from child 4", "timestamp": 1552762816.6410067}
{"node_id": 1, "type": "CONN", "payload": "Got pull request from child 3", "timestamp": 1552762835.6706927}
{"node_id": 3, "type": "PULL", "payload": {"Network Cost": 129040}, "timestamp": 1552762835.8906946}
{"node_id": 3, "type": "PROC", "payload": {"Window ID": 24, "Memory Usage": 0.1708652314149147}, "timestamp": 1552762848.4451065}
{"node_id": 4, "type": "PROC", "payload": {"Window ID": 25, "Memory Usage": 0.1700637313954844}, "timestamp": 1552762851.5445526}
{"node_id": 3, "type": "STAT", "payload": {"Window ID": 24, "Runtime": 38.80661052899086, "Process time": 18.151212550000025, "Accuracy": {"4.csv": 91.85336048879837, "1.csv": 96.82819383259911, "3.csv": 67.32673267326733, "5.csv": 60.65022421524664, "8.csv": 57.70020533880903, "0.csv": 87.75510204081633, "6.csv": 73.69519832985387, "2.csv": 52.51937984496124, "9.csv": 45.78790882061447, "7.csv": 93.3852140077821}, "Datapoints": 457}, "timestamp": 1552762854.3464282}
{"node_id": 4, "type": "STAT", "payload": {"Window ID": 25, "Runtime": 41.398251856997376, "Process time": 21.886229587999992, "Accuracy": {"4.csv": 50.0, "1.csv": 84.66960352422907, "3.csv": 35.742574257425744, "5.csv": 85.20179372197309, "8.csv": 80.9034907597536, "0.csv": 84.48979591836735, "6.csv": 75.67849686847599, "2.csv": 91.08527131782945, "9.csv": 75.12388503468782, "7.csv": 77.72373540856032}, "Datapoints": 482}, "timestamp": 1552762858.0454555}
{"node_id": 3, "type": "PROC", "payload": {"Window ID": 25, "Memory Usage": 0.17050091322426456}, "timestamp": 1552762886.8488274}
{"node_id": 4, "type": "PROC", "payload": {"Window ID": 26, "Memory Usage": 0.17054948898301792}, "timestamp": 1552762890.9437094}
{"node_id": 3, "type": "STAT", "payload": {"Window ID": 25, "Runtime": 38.81338861500262, "Process time": 19.17633873899996, "Accuracy": {"4.csv": 91.24236252545825, "1.csv": 98.14977973568281, "3.csv": 78.11881188118812, "5.csv": 59.64125560538116, "8.csv": 42.09445585215606, "0.csv": 74.89795918367346, "6.csv": 73.79958246346555, "2.csv": 72.18992248062015, "9.csv": 52.92368681863231, "7.csv": 91.24513618677042}, "Datapoints": 465}, "timestamp": 1552762893.1628568}
{"node_id": 4, "type": "STAT", "payload": {"Window ID": 26, "Runtime": 38.70405955199385, "Process time": 18.982747464, "Accuracy": {"4.csv": 67.5152749490835, "1.csv": 87.13656387665199, "3.csv": 47.02970297029702, "5.csv": 86.21076233183857, "8.csv": 76.8993839835729, "0.csv": 76.12244897959184, "6.csv": 63.04801670146137, "2.csv": 95.54263565891473, "9.csv": 68.08721506442022, "7.csv": 78.79377431906615}, "Datapoints": 496}, "timestamp": 1552762896.8344693}
{"node_id": 1, "type": "CONN", "payload": "Got pull request from child 4", "timestamp": 1552762916.970227}
{"node_id": 4, "type": "PULL", "payload": {"Network Cost": 129040}, "timestamp": 1552762917.1780658}
{"node_id": 3, "type": "PROC", "payload": {"Window ID": 26, "Memory Usage": 0.17068307231958962}, "timestamp": 1552762924.5475748}
{"node_id": 3, "type": "STAT", "payload": {"Window ID": 26, "Runtime": 37.090873817011015, "Process time": 17.562023270999987, "Accuracy": {"4.csv": 95.11201629327903, "1.csv": 98.50220264317181, "3.csv": 68.9108910891089, "5.csv": 57.51121076233184, "8.csv": 55.64681724845995, "0.csv": 85.40816326530613, "6.csv": 79.0187891440501, "2.csv": 58.52713178294574, "9.csv": 58.47373637264618, "7.csv": 87.54863813229572}, "Datapoints": 464}, "timestamp": 1552762930.3352454}
{"node_id": 3, "type": "PUSH", "payload": {"Network Cost": 129040}, "timestamp": 1552762930.3555136}
{"node_id": 1, "type": "CONN", "payload": "Got gradients from child 3", "timestamp": 1552762931.6613555}
{"node_id": 4, "type": "PROC", "payload": {"Window ID": 27, "Memory Usage": 0.1709259511133564}, "timestamp": 1552762931.7354486}
{"node_id": 4, "type": "STAT", "payload": {"Window ID": 27, "Runtime": 41.104517778003355, "Process time": 20.482064176999984, "Accuracy": {"4.csv": 66.08961303462321, "1.csv": 75.94713656387665, "3.csv": 49.10891089108911, "5.csv": 83.5201793721973, "8.csv": 83.5728952772074, "0.csv": 85.61224489795919, "6.csv": 77.66179540709813, "2.csv": 87.79069767441861, "9.csv": 46.4816650148662, "7.csv": 76.07003891050583}, "Datapoints": 463}, "timestamp": 1552762937.9421668}
{"node_id": 4, "type": "PUSH", "payload": {"Network Cost": 129040}, "timestamp": 1552762937.9559534}
{"node_id": 1, "type": "CONN", "payload": "Got gradients from child 4", "timestamp": 1552762939.1678946}
{"node_id": 3, "type": "PROC", "payload": {"Window ID": 27, "Memory Usage": 0.17065878444021296}, "timestamp": 1552762965.3454833}
{"node_id": 3, "type": "STAT", "payload": {"Window ID": 27, "Runtime": 39.476579077978386, "Process time": 20.068652800000052, "Accuracy": {"4.csv": 96.33401221995926, "1.csv": 97.70925110132158, "3.csv": 74.85148514851485, "5.csv": 67.9372197309417, "8.csv": 51.64271047227926, "0.csv": 92.55102040816327, "6.csv": 79.54070981210856, "2.csv": 80.13565891472868, "9.csv": 51.932606541129836, "7.csv": 90.95330739299611}, "Datapoints": 460}, "timestamp": 1552762971.2342021}
{"node_id": 4, "type": "PROC", "payload": {"Window ID": 28, "Memory Usage": 0.1702580344304978}, "timestamp": 1552762971.7398534}
{"node_id": 4, "type": "STAT", "payload": {"Window ID": 28, "Runtime": 38.57661638301215, "Process time": 19.020973362000007, "Accuracy": {"4.csv": 40.224032586558046, "1.csv": 91.80616740088105, "3.csv": 47.02970297029702, "5.csv": 86.7713004484305, "8.csv": 83.88090349075975, "0.csv": 81.93877551020408, "6.csv": 77.76617954070981, "2.csv": 88.17829457364341, "9.csv": 82.45787908820614, "7.csv": 62.840466926070036}, "Datapoints": 506}, "timestamp": 1552762977.7492995}
{"node_id": 1, "type": "CONN", "payload": "Got pull request from child 3", "timestamp": 1552762991.4246464}
{"node_id": 3, "type": "PULL", "payload": {"Network Cost": 129040}, "timestamp": 1552762991.630183}
{"node_id": 3, "type": "PROC", "payload": {"Window ID": 28, "Memory Usage": 0.1706102086814596}, "timestamp": 1552763003.445221}
{"node_id": 3, "type": "STAT", "payload": {"Window ID": 28, "Runtime": 38.31405580198043, "Process time": 17.50816720199998, "Accuracy": {"4.csv": 63.34012219959266, "1.csv": 98.41409691629957, "3.csv": 70.39603960396039, "5.csv": 64.79820627802691, "8.csv": 41.9917864476386, "0.csv": 79.6938775510204, "6.csv": 82.77661795407099, "2.csv": 58.81782945736435, "9.csv": 80.97125867195243, "7.csv": 84.14396887159533}, "Datapoints": 474}, "timestamp": 1552763009.5510168}
{"node_id": 4, "type": "PROC", "payload": {"Window ID": 29, "Memory Usage": 0.1710595344499281}, "timestamp": 1552763010.2476974}
{"node_id": 4, "type": "STAT", "payload": {"Window ID": 29, "Runtime": 38.00507331098197, "Process time": 18.33943975300008, "Accuracy": {"4.csv": 77.29124236252545, "1.csv": 89.95594713656388, "3.csv": 65.34653465346535, "5.csv": 88.78923766816143, "8.csv": 88.19301848049281, "0.csv": 73.67346938775509, "6.csv": 64.09185803757829, "2.csv": 84.59302325581395, "9.csv": 68.18632309217047, "7.csv": 61.08949416342413}, "Datapoints": 462}, "timestamp": 1552763015.7574134}
{"node_id": 3, "type": "PROC", "payload": {"Window ID": 29, "Memory Usage": 0.1708895192942914}, "timestamp": 1552763041.3453035}
{"node_id": 3, "type": "STAT", "payload": {"Window ID": 29, "Runtime": 37.87826939398656, "Process time": 18.25258810899993, "Accuracy": {"4.csv": 89.30753564154786, "1.csv": 97.79735682819384, "3.csv": 53.069306930693074, "5.csv": 38.90134529147982, "8.csv": 40.143737166324435, "0.csv": 94.38775510204081, "6.csv": 87.05636743215031, "2.csv": 67.73255813953489, "9.csv": 56.590683845391474, "7.csv": 93.96887159533074}, "Datapoints": 458}, "timestamp": 1552763047.4359329}
{"node_id": 4, "type": "PROC", "payload": {"Window ID": 30, "Memory Usage": 0.17019731473205613}, "timestamp": 1552763049.1400437}
{"node_id": 4, "type": "STAT", "payload": {"Window ID": 30, "Runtime": 39.0745718239923, "Process time": 19.35120882299998, "Accuracy": {"4.csv": 71.18126272912424, "1.csv": 84.31718061674009, "3.csv": 65.64356435643565, "5.csv": 75.0, "8.csv": 82.95687885010267, "0.csv": 96.73469387755102, "6.csv": 77.55741127348644, "2.csv": 88.2751937984496, "9.csv": 78.69177403369673, "7.csv": 60.60311284046692}, "Datapoints": 456}, "timestamp": 1552763054.8346741}
{"node_id": 1, "type": "CONN", "payload": "Got pull request from child 4", "timestamp": 1552763074.9711916}
{"node_id": 4, "type": "PULL", "payload": {"Network Cost": 129040}, "timestamp": 1552763075.177419}
{"node_id": 3, "type": "PROC", "payload": {"Window ID": 30, "Memory Usage": 0.17062235262114794}, "timestamp": 1552763080.6496556}
{"node_id": 3, "type": "STAT", "payload": {"Window ID": 30, "Runtime": 39.302595529996324, "Process time": 19.674124656999993, "Accuracy": {"4.csv": 90.32586558044807, "1.csv": 96.29955947136564, "3.csv": 62.37623762376238, "5.csv": 62.10762331838565, "8.csv": 72.58726899383984, "0.csv": 91.63265306122449, "6.csv": 72.44258872651356, "2.csv": 70.05813953488372, "9.csv": 74.52923686818632, "7.csv": 89.59143968871595}, "Datapoints": 453}, "timestamp": 1552763086.7424977}
{"node_id": 3, "type": "PUSH", "payload": {"Network Cost": 129040}, "timestamp": 1552763086.759013}
{"node_id": 4, "type": "PROC", "payload": {"Window ID": 31, "Memory Usage": 0.17008801927486109}, "timestamp": 1552763087.7486951}
{"node_id": 1, "type": "CONN", "payload": "Got gradients from child 3", "timestamp": 1552763087.9538376}
{"node_id": 4, "type": "STAT", "payload": {"Window ID": 31, "Runtime": 38.91175523202401, "Process time": 18.374034336000022, "Accuracy": {"4.csv": 49.89816700610998, "1.csv": 83.78854625550662, "3.csv": 52.37623762376238, "5.csv": 80.60538116591928, "8.csv": 76.48870636550308, "0.csv": 85.10204081632654, "6.csv": 80.1670146137787, "2.csv": 86.24031007751938, "9.csv": 75.32210109018831, "7.csv": 61.284046692607006}, "Datapoints": 466}, "timestamp": 1552763093.749269}
{"node_id": 4, "type": "PUSH", "payload": {"Network Cost": 129040}, "timestamp": 1552763093.8511527}
{"node_id": 1, "type": "CONN", "payload": "Got gradients from child 4", "timestamp": 1552763095.0719278}
{"node_id": 3, "type": "PROC", "payload": {"Window ID": 31, "Memory Usage": 0.1704766253448879}, "timestamp": 1552763121.4444547}
{"node_id": 4, "type": "PROC", "payload": {"Window ID": 32, "Memory Usage": 0.17034304200831618}, "timestamp": 1552763125.6426644}
{"node_id": 3, "type": "STAT", "payload": {"Window ID": 31, "Runtime": 39.993310471996665, "Process time": 20.279825030999973, "Accuracy": {"4.csv": 93.58452138492872, "1.csv": 98.6784140969163, "3.csv": 61.98019801980198, "5.csv": 63.11659192825112, "8.csv": 67.96714579055441, "0.csv": 95.71428571428572, "6.csv": 82.5678496868476, "2.csv": 68.4108527131783, "9.csv": 66.10505450941527, "7.csv": 90.85603112840467}, "Datapoints": 486}, "timestamp": 1552763127.9521272}
{"node_id": 4, "type": "STAT", "payload": {"Window ID": 32, "Runtime": 36.46222996999859, "Process time": 16.766684112000007, "Accuracy": {"4.csv": 66.08961303462321, "1.csv": 77.26872246696036, "3.csv": 43.86138613861386, "5.csv": 86.88340807174887, "8.csv": 76.59137577002053, "0.csv": 84.48979591836735, "6.csv": 76.7223382045929, "2.csv": 93.12015503875969, "9.csv": 44.697720515361745, "7.csv": 74.0272373540856}, "Datapoints": 482}, "timestamp": 1552763131.5397453}
{"node_id": 1, "type": "CONN", "payload": "Got pull request from child 3", "timestamp": 1552763148.1035945}
{"node_id": 3, "type": "PULL", "payload": {"Network Cost": 129040}, "timestamp": 1552763148.3094006}
{"node_id": 3, "type": "PROC", "payload": {"Window ID": 32, "Memory Usage": 0.17108382232930477}, "timestamp": 1552763159.2391655}
{"node_id": 4, "type": "PROC", "payload": {"Window ID": 33, "Memory Usage": 0.17059806474177128}, "timestamp": 1552763161.841675}
{"node_id": 3, "type": "STAT", "payload": {"Window ID": 32, "Runtime": 37.08726170897717, "Process time": 16.516236176999996, "Accuracy": {"4.csv": 95.31568228105907, "1.csv": 95.68281938325991, "3.csv": 57.821782178217816, "5.csv": 50.11210762331838, "8.csv": 24.84599589322382, "0.csv": 83.06122448979592, "6.csv": 61.899791231732785, "2.csv": 45.348837209302324, "9.csv": 27.849355797819626, "7.csv": 92.60700389105058}, "Datapoints": 477}, "timestamp": 1552763165.0422707}
{"node_id": 4, "type": "STAT", "payload": {"Window ID": 33, "Runtime": 36.18931818299461, "Process time": 16.62597625400008, "Accuracy": {"4.csv": 75.050916496945, "1.csv": 81.3215859030837, "3.csv": 60.59405940594059, "5.csv": 82.28699551569507, "8.csv": 90.96509240246407, "0.csv": 81.63265306122449, "6.csv": 74.00835073068893, "2.csv": 85.36821705426357, "9.csv": 59.46481665014866, "7.csv": 52.14007782101168}, "Datapoints": 435}, "timestamp": 1552763167.7364001}
{"node_id": 3, "type": "PROC", "payload": {"Window ID": 33, "Memory Usage": 0.17098667081179808}, "timestamp": 1552763195.0550697}
{"node_id": 3, "type": "STAT", "payload": {"Window ID": 33, "Runtime": 36.30066787698888, "Process time": 16.650844527000004, "Accuracy": {"4.csv": 91.14052953156822, "1.csv": 97.53303964757708, "3.csv": 66.73267326732673, "5.csv": 60.98654708520179, "8.csv": 44.866529774127315, "0.csv": 95.40816326530613, "6.csv": 83.7160751565762, "2.csv": 70.15503875968993, "9.csv": 52.428146679881074, "7.csv": 92.80155642023347}, "Datapoints": 444}, "timestamp": 1552763201.3457131}
{"node_id": 4, "type": "PROC", "payload": {"Window ID": 34, "Memory Usage": 0.16976013290327596}, "timestamp": 1552763202.043792}
{"node_id": 4, "type": "STAT", "payload": {"Window ID": 34, "Runtime": 40.199199718015734, "Process time": 20.383763251999994, "Accuracy": {"4.csv": 75.56008146639512, "1.csv": 84.58149779735683, "3.csv": 49.7029702970297, "5.csv": 91.25560538116592, "8.csv": 87.26899383983573, "0.csv": 84.38775510204081, "6.csv": 81.41962421711901, "2.csv": 88.17829457364341, "9.csv": 65.01486620416253, "7.csv": 77.04280155642024}, "Datapoints": 435}, "timestamp": 1552763207.9391334}
{"node_id": 1, "type": "CONN", "payload": "Got pull request from child 4", "timestamp": 1552763228.199887}
{"node_id": 4, "type": "PULL", "payload": {"Network Cost": 129040}, "timestamp": 1552763228.409221}
{"node_id": 3, "type": "PROC", "payload": {"Window ID": 34, "Memory Usage": 0.17027017837018615}, "timestamp": 1552763230.9526293}